[18:50:23] [Server thread/INFO]: Starting minecraft server version 1.15.2
[18:50:23] [Server thread/INFO]: Loading properties
[18:50:24] [Server thread/INFO]: This server is running Paper version git-Paper-98 (MC: 1.15.2) (Implementing API version 1.15.2-R0.1-SNAPSHOT)
[18:50:24] [Server thread/INFO]: Debug logging is disabled
[18:50:24] [Server thread/INFO]: Server Ping Player Sample Count: 12
[18:50:24] [Server thread/INFO]: Using 4 threads for Netty based IO
[18:50:25] [Server thread/INFO]: Default game type: SURVIVAL
[18:50:25] [Server thread/INFO]: Generating keypair
[18:50:25] [Server thread/INFO]: Starting Minecraft server on *:25565
[18:50:25] [Server thread/INFO]: Using default channel type
[18:50:32] [Server thread/INFO]: Preparing level "world"
[18:50:32] [Server thread/INFO]: Found new data pack file/bukkit, loading it automatically
[18:50:32] [Server thread/INFO]: Found new data pack vanilla, loading it automatically
[18:50:32] [Server thread/INFO]: Reloading ResourceManager: Default, bukkit
[18:50:39] [Server thread/INFO]: Loaded 6 recipes
[18:50:40] [Server thread/INFO]: -------- World Settings For [world] --------
[18:50:40] [Server thread/INFO]: View Distance: 6
[18:50:40] [Server thread/INFO]: Zombie Aggressive Towards Villager: true
[18:50:40] [Server thread/INFO]: Item Merge Radius: 2.5
[18:50:40] [Server thread/INFO]: Item Despawn Rate: 6000
[18:50:40] [Server thread/INFO]: Nerfing mobs spawned from spawners: false
[18:50:40] [Server thread/INFO]: Arrow Despawn Rate: 1200 Trident Respawn Rate:1200
[18:50:40] [Server thread/INFO]: Allow Zombie Pigmen to spawn from portal blocks: true
[18:50:40] [Server thread/INFO]: Experience Merge Radius: 3.0
[18:50:40] [Server thread/INFO]: Mob Spawn Range: 8
[18:50:40] [Server thread/INFO]: Hopper Transfer: 8 Hopper Check: 1 Hopper Amount: 1
[18:50:40] [Server thread/INFO]: Entity Tracking Range: Pl 48 / An 48 / Mo 48 / Mi 32 / Other 64
[18:50:40] [Server thread/INFO]: Custom Map Seeds:  Village: 10387312 Desert: 14357617 Igloo: 14357618 Jungle: 14357619 Swamp: 14357620 Monument: 10387313 Ocean: 14357621 Shipwreck: 165745295 Slime: 987234911
[18:50:40] [Server thread/INFO]: Cactus Growth Modifier: 100%
[18:50:40] [Server thread/INFO]: Cane Growth Modifier: 100%
[18:50:40] [Server thread/INFO]: Melon Growth Modifier: 100%
[18:50:40] [Server thread/INFO]: Mushroom Growth Modifier: 100%
[18:50:40] [Server thread/INFO]: Pumpkin Growth Modifier: 100%
[18:50:40] [Server thread/INFO]: Sapling Growth Modifier: 100%
[18:50:40] [Server thread/INFO]: Beetroot Growth Modifier: 100%
[18:50:40] [Server thread/INFO]: Carrot Growth Modifier: 100%
[18:50:40] [Server thread/INFO]: Potato Growth Modifier: 100%
[18:50:40] [Server thread/INFO]: Wheat Growth Modifier: 100%
[18:50:40] [Server thread/INFO]: NetherWart Growth Modifier: 100%
[18:50:40] [Server thread/INFO]: Vine Growth Modifier: 100%
[18:50:40] [Server thread/INFO]: Cocoa Growth Modifier: 100%
[18:50:40] [Server thread/INFO]: Bamboo Growth Modifier: 100%
[18:50:40] [Server thread/INFO]: SweetBerry Growth Modifier: 100%
[18:50:40] [Server thread/INFO]: Kelp Growth Modifier: 100%
[18:50:40] [Server thread/INFO]: Entity Activation Range: An 32 / Mo 32 / Ra 48 / Mi 16 / Tiv true
[18:50:40] [Server thread/INFO]: Tile Max Tick Time: 50ms Entity max Tick Time: 50ms
[18:50:40] [Server thread/INFO]: Max TNT Explosions: 100
[18:50:40] [Server thread/WARN]: Unable to find spawn biome
[18:50:46] [Server thread/INFO]: -------- World Settings For [world_nether] --------
[18:50:46] [Server thread/INFO]: View Distance: 6
[18:50:46] [Server thread/INFO]: Zombie Aggressive Towards Villager: true
[18:50:46] [Server thread/INFO]: Item Merge Radius: 2.5
[18:50:46] [Server thread/INFO]: Item Despawn Rate: 6000
[18:50:46] [Server thread/INFO]: Nerfing mobs spawned from spawners: false
[18:50:46] [Server thread/INFO]: Arrow Despawn Rate: 1200 Trident Respawn Rate:1200
[18:50:46] [Server thread/INFO]: Allow Zombie Pigmen to spawn from portal blocks: true
[18:50:46] [Server thread/INFO]: Experience Merge Radius: 3.0
[18:50:46] [Server thread/INFO]: Mob Spawn Range: 8
[18:50:46] [Server thread/INFO]: Hopper Transfer: 8 Hopper Check: 1 Hopper Amount: 1
[18:50:46] [Server thread/INFO]: Entity Tracking Range: Pl 48 / An 48 / Mo 48 / Mi 32 / Other 64
[18:50:46] [Server thread/INFO]: Custom Map Seeds:  Village: 10387312 Desert: 14357617 Igloo: 14357618 Jungle: 14357619 Swamp: 14357620 Monument: 10387313 Ocean: 14357621 Shipwreck: 165745295 Slime: 987234911
[18:50:46] [Server thread/INFO]: Cactus Growth Modifier: 100%
[18:50:46] [Server thread/INFO]: Cane Growth Modifier: 100%
[18:50:46] [Server thread/INFO]: Melon Growth Modifier: 100%
[18:50:46] [Server thread/INFO]: Mushroom Growth Modifier: 100%
[18:50:46] [Server thread/INFO]: Pumpkin Growth Modifier: 100%
[18:50:46] [Server thread/INFO]: Sapling Growth Modifier: 100%
[18:50:46] [Server thread/INFO]: Beetroot Growth Modifier: 100%
[18:50:46] [Server thread/INFO]: Carrot Growth Modifier: 100%
[18:50:46] [Server thread/INFO]: Potato Growth Modifier: 100%
[18:50:46] [Server thread/INFO]: Wheat Growth Modifier: 100%
[18:50:46] [Server thread/INFO]: NetherWart Growth Modifier: 100%
[18:50:46] [Server thread/INFO]: Vine Growth Modifier: 100%
[18:50:46] [Server thread/INFO]: Cocoa Growth Modifier: 100%
[18:50:46] [Server thread/INFO]: Bamboo Growth Modifier: 100%
[18:50:46] [Server thread/INFO]: SweetBerry Growth Modifier: 100%
[18:50:46] [Server thread/INFO]: Kelp Growth Modifier: 100%
[18:50:46] [Server thread/INFO]: Entity Activation Range: An 32 / Mo 32 / Ra 48 / Mi 16 / Tiv true
[18:50:46] [Server thread/INFO]: Tile Max Tick Time: 50ms Entity max Tick Time: 50ms
[18:50:46] [Server thread/INFO]: Max TNT Explosions: 100
[18:50:46] [Server thread/INFO]: -------- World Settings For [world_the_end] --------
[18:50:46] [Server thread/INFO]: View Distance: 6
[18:50:46] [Server thread/INFO]: Zombie Aggressive Towards Villager: true
[18:50:46] [Server thread/INFO]: Item Merge Radius: 2.5
[18:50:46] [Server thread/INFO]: Item Despawn Rate: 6000
[18:50:46] [Server thread/INFO]: Nerfing mobs spawned from spawners: false
[18:50:46] [Server thread/INFO]: Arrow Despawn Rate: 1200 Trident Respawn Rate:1200
[18:50:46] [Server thread/INFO]: Allow Zombie Pigmen to spawn from portal blocks: true
[18:50:46] [Server thread/INFO]: Experience Merge Radius: 3.0
[18:50:46] [Server thread/INFO]: Mob Spawn Range: 8
[18:50:46] [Server thread/INFO]: Hopper Transfer: 8 Hopper Check: 1 Hopper Amount: 1
[18:50:46] [Server thread/INFO]: Entity Tracking Range: Pl 48 / An 48 / Mo 48 / Mi 32 / Other 64
[18:50:46] [Server thread/INFO]: Custom Map Seeds:  Village: 10387312 Desert: 14357617 Igloo: 14357618 Jungle: 14357619 Swamp: 14357620 Monument: 10387313 Ocean: 14357621 Shipwreck: 165745295 Slime: 987234911
[18:50:46] [Server thread/INFO]: Cactus Growth Modifier: 100%
[18:50:46] [Server thread/INFO]: Cane Growth Modifier: 100%
[18:50:46] [Server thread/INFO]: Melon Growth Modifier: 100%
[18:50:46] [Server thread/INFO]: Mushroom Growth Modifier: 100%
[18:50:46] [Server thread/INFO]: Pumpkin Growth Modifier: 100%
[18:50:46] [Server thread/INFO]: Sapling Growth Modifier: 100%
[18:50:46] [Server thread/INFO]: Beetroot Growth Modifier: 100%
[18:50:46] [Server thread/INFO]: Carrot Growth Modifier: 100%
[18:50:46] [Server thread/INFO]: Potato Growth Modifier: 100%
[18:50:46] [Server thread/INFO]: Wheat Growth Modifier: 100%
[18:50:46] [Server thread/INFO]: NetherWart Growth Modifier: 100%
[18:50:46] [Server thread/INFO]: Vine Growth Modifier: 100%
[18:50:46] [Server thread/INFO]: Cocoa Growth Modifier: 100%
[18:50:46] [Server thread/INFO]: Bamboo Growth Modifier: 100%
[18:50:46] [Server thread/INFO]: SweetBerry Growth Modifier: 100%
[18:50:46] [Server thread/INFO]: Kelp Growth Modifier: 100%
[18:50:46] [Server thread/INFO]: Entity Activation Range: An 32 / Mo 32 / Ra 48 / Mi 16 / Tiv true
[18:50:46] [Server thread/INFO]: Tile Max Tick Time: 50ms Entity max Tick Time: 50ms
[18:50:46] [Server thread/INFO]: Max TNT Explosions: 100
[18:50:46] [Server thread/INFO]: Preparing start region for dimension 'world'/minecraft:overworld
[18:50:46] [Server-Worker-2/INFO]: Preparing spawn area: 1%
[18:50:47] [Server-Worker-2/INFO]: Preparing spawn area: 1%
[18:50:47] [Server-Worker-1/INFO]: Preparing spawn area: 1%
[18:50:48] [Server-Worker-2/INFO]: Preparing spawn area: 1%
[18:50:48] [Server-Worker-1/INFO]: Preparing spawn area: 1%
[18:50:49] [Server-Worker-1/INFO]: Preparing spawn area: 1%
[18:50:49] [Server-Worker-1/INFO]: Preparing spawn area: 1%
[18:50:50] [Server-Worker-1/INFO]: Preparing spawn area: 11%
[18:50:50] [Server-Worker-1/INFO]: Preparing spawn area: 11%
[18:50:51] [Server-Worker-1/INFO]: Preparing spawn area: 11%
[18:50:51] [Server-Worker-1/INFO]: Preparing spawn area: 28%
[18:50:52] [Server-Worker-1/INFO]: Preparing spawn area: 28%
[18:50:52] [Server-Worker-2/INFO]: Preparing spawn area: 28%
[18:50:53] [Server-Worker-2/INFO]: Preparing spawn area: 47%
[18:50:53] [Server-Worker-2/INFO]: Preparing spawn area: 47%
[18:50:54] [Server-Worker-2/INFO]: Preparing spawn area: 47%
[18:50:54] [Server-Worker-2/INFO]: Preparing spawn area: 47%
[18:50:55] [Server-Worker-2/INFO]: Preparing spawn area: 71%
[18:50:57] [Server-Worker-2/INFO]: Preparing spawn area: 71%
[18:50:57] [Server-Worker-2/INFO]: Preparing spawn area: 71%
[18:50:57] [Server-Worker-2/INFO]: Preparing spawn area: 71%
[18:50:57] [Server-Worker-1/INFO]: Preparing spawn area: 75%
[18:50:57] [Server-Worker-2/INFO]: Preparing spawn area: 100%
[18:50:59] [Server-Worker-1/INFO]: Preparing spawn area: 100%
[18:50:59] [Server-Worker-1/INFO]: Preparing spawn area: 100%
[18:50:59] [Server-Worker-1/INFO]: Preparing spawn area: 100%
[18:50:59] [Server-Worker-2/INFO]: Preparing spawn area: 100%
[18:51:00] [Server-Worker-1/INFO]: Preparing spawn area: 100%
[18:51:00] [Server-Worker-1/INFO]: Preparing spawn area: 100%
[18:51:01] [Server-Worker-2/INFO]: Preparing spawn area: 100%
[18:51:01] [Server-Worker-1/INFO]: Preparing spawn area: 100%
[18:51:02] [Server-Worker-2/INFO]: Preparing spawn area: 100%
[18:51:02] [Server-Worker-1/INFO]: Preparing spawn area: 100%
[18:51:03] [Server-Worker-2/INFO]: Preparing spawn area: 100%
[18:51:03] [Server thread/INFO]: Loaded 169 spawn chunks for world world
[18:51:03] [Server thread/INFO]: Time elapsed: 16925 ms
[18:51:03] [Server thread/INFO]: Preparing start region for dimension 'world_nether'/minecraft:the_nether
[18:51:03] [Server-Worker-1/INFO]: Preparing spawn area: 0%
[18:51:04] [Server-Worker-1/INFO]: Preparing spawn area: 0%
[18:51:04] [Server-Worker-1/INFO]: Preparing spawn area: 0%
[18:51:05] [Server-Worker-2/INFO]: Preparing spawn area: 0%
[18:51:05] [Server-Worker-2/INFO]: Preparing spawn area: 0%
[18:51:06] [Server-Worker-2/INFO]: Preparing spawn area: 0%
[18:51:06] [Server-Worker-2/INFO]: Preparing spawn area: 0%
[18:51:06] [Server-Worker-2/INFO]: Preparing spawn area: 0%
[18:51:07] [Server-Worker-2/INFO]: Preparing spawn area: 0%
[18:51:08] [Server-Worker-2/INFO]: Preparing spawn area: 0%
[18:51:08] [Server-Worker-2/INFO]: Preparing spawn area: 28%
[18:51:09] [Server-Worker-2/INFO]: Preparing spawn area: 28%
[18:51:09] [Server-Worker-2/INFO]: Preparing spawn area: 28%
[18:51:10] [Server-Worker-1/INFO]: Preparing spawn area: 28%
[18:51:10] [Server-Worker-2/INFO]: Preparing spawn area: 42%
[18:51:11] [Server-Worker-2/INFO]: Preparing spawn area: 75%
[18:51:11] [Server-Worker-2/INFO]: Preparing spawn area: 100%
[18:51:11] [Server-Worker-1/INFO]: Preparing spawn area: 100%
[18:51:12] [Server-Worker-2/INFO]: Preparing spawn area: 100%
[18:51:13] [Server-Worker-2/INFO]: Preparing spawn area: 100%
[18:51:13] [Server-Worker-1/INFO]: Preparing spawn area: 100%
[18:51:14] [Server-Worker-1/INFO]: Preparing spawn area: 100%
[18:51:14] [Server-Worker-2/INFO]: Preparing spawn area: 100%
[18:51:14] [Server thread/INFO]: Loaded 169 spawn chunks for world world_nether
[18:51:14] [Server thread/INFO]: Time elapsed: 11067 ms
[18:51:14] [Server thread/INFO]: Preparing start region for dimension 'world_the_end'/minecraft:the_end
[18:51:14] [Server-Worker-2/INFO]: Preparing spawn area: 0%
[18:51:15] [Server-Worker-1/INFO]: Preparing spawn area: 0%
[18:51:15] [Server-Worker-1/INFO]: Preparing spawn area: 0%
[18:51:16] [Server-Worker-1/INFO]: Preparing spawn area: 2%
[18:51:16] [Server-Worker-1/INFO]: Preparing spawn area: 78%
[18:51:17] [Server-Worker-2/INFO]: Preparing spawn area: 100%
[18:51:17] [Server thread/INFO]: Loaded 169 spawn chunks for world world_the_end
[18:51:17] [Server thread/INFO]: Time elapsed: 2938 ms
[18:51:17] [Server thread/INFO]: Done (44.953s)! For help, type "help"
[18:51:17] [Server thread/INFO]: Timings Reset
[18:51:31] [Server thread/INFO]: --------- Help: Index ---------------------------
[18:51:31] [Server thread/INFO]: Use /help [n] to get page n of help.
[18:51:31] [Server thread/INFO]: Aliases: Lists command aliases
[18:51:31] [Server thread/INFO]: Bukkit: All commands for Bukkit
[18:51:31] [Server thread/INFO]: Minecraft: All commands for Minecraft
[18:51:31] [Server thread/INFO]: /advancement: A Mojang provided command.
[18:51:31] [Server thread/INFO]: /ban: A Mojang provided command.
[18:51:31] [Server thread/INFO]: /ban-ip: A Mojang provided command.
[18:51:31] [Server thread/INFO]: /banlist: A Mojang provided command.
[18:51:31] [Server thread/INFO]: /bossbar: A Mojang provided command.
[18:51:31] [Server thread/INFO]: /clear: A Mojang provided command.
[18:51:31] [Server thread/INFO]: /clone: A Mojang provided command.
[18:51:31] [Server thread/INFO]: /data: A Mojang provided command.
[18:51:31] [Server thread/INFO]: /datapack: A Mojang provided command.
[18:51:31] [Server thread/INFO]: /debug: A Mojang provided command.
[18:51:31] [Server thread/INFO]: /defaultgamemode: A Mojang provided command.
[18:51:31] [Server thread/INFO]: /deop: A Mojang provided command.
[18:51:31] [Server thread/INFO]: /difficulty: A Mojang provided command.
[18:51:31] [Server thread/INFO]: /effect: A Mojang provided command.
[18:51:31] [Server thread/INFO]: /enchant: A Mojang provided command.
[18:51:31] [Server thread/INFO]: /execute: A Mojang provided command.
[18:51:31] [Server thread/INFO]: /experience: A Mojang provided command.
[18:51:31] [Server thread/INFO]: /fill: A Mojang provided command.
[18:51:31] [Server thread/INFO]: /forceload: A Mojang provided command.
[18:51:31] [Server thread/INFO]: /function: A Mojang provided command.
[18:51:31] [Server thread/INFO]: /gamemode: A Mojang provided command.
[18:51:31] [Server thread/INFO]: /gamerule: A Mojang provided command.
[18:51:31] [Server thread/INFO]: /give: A Mojang provided command.
[18:51:31] [Server thread/INFO]: /help: Shows the help menu
[18:51:31] [Server thread/INFO]: /kick: A Mojang provided command.
[18:51:31] [Server thread/INFO]: /kill: A Mojang provided command.
[18:51:31] [Server thread/INFO]: /list: A Mojang provided command.
[18:51:31] [Server thread/INFO]: /locate: A Mojang provided command.
[18:51:31] [Server thread/INFO]: /loot: A Mojang provided command.
[18:51:31] [Server thread/INFO]: /me: A Mojang provided command.
[18:51:31] [Server thread/INFO]: /minecraft:help: A Mojang provided command.
[18:51:31] [Server thread/INFO]: /minecraft:reload: A Mojang provided command.
[18:51:31] [Server thread/INFO]: /msg: A Mojang provided command.
[18:51:31] [Server thread/INFO]: /op: A Mojang provided command.
[18:51:31] [Server thread/INFO]: /paper: Paper related commands
[18:51:31] [Server thread/INFO]: /pardon: A Mojang provided command.
[18:51:31] [Server thread/INFO]: /pardon-ip: A Mojang provided command.
[18:51:31] [Server thread/INFO]: /particle: A Mojang provided command.
[18:51:31] [Server thread/INFO]: /playsound: A Mojang provided command.
[18:51:31] [Server thread/INFO]: /plugins: Gets a list of plugins running on the server
[18:51:31] [Server thread/INFO]: /publish: A Mojang provided command.
[18:51:31] [Server thread/INFO]: /recipe: A Mojang provided command.
[18:51:31] [Server thread/INFO]: /reload: Reloads the server configuration and plugins
[18:51:31] [Server thread/INFO]: /replaceitem: A Mojang provided command.
[18:51:31] [Server thread/INFO]: /restart: Restarts the server
[18:51:31] [Server thread/INFO]: /save-all: A Mojang provided command.
[18:51:31] [Server thread/INFO]: /save-off: A Mojang provided command.
[18:51:31] [Server thread/INFO]: /save-on: A Mojang provided command.
[18:51:31] [Server thread/INFO]: /say: A Mojang provided command.
[18:51:31] [Server thread/INFO]: /schedule: A Mojang provided command.
[18:51:31] [Server thread/INFO]: /scoreboard: A Mojang provided command.
[18:51:31] [Server thread/INFO]: /seed: A Mojang provided command.
[18:51:31] [Server thread/INFO]: /setblock: A Mojang provided command.
[18:51:31] [Server thread/INFO]: /setidletimeout: A Mojang provided command.
[18:51:31] [Server thread/INFO]: /setworldspawn: A Mojang provided command.
[18:51:31] [Server thread/INFO]: /spawnpoint: A Mojang provided command.
[18:51:31] [Server thread/INFO]: /spectate: A Mojang provided command.
[18:51:31] [Server thread/INFO]: /spigot: Spigot related commands
[18:51:31] [Server thread/INFO]: /spreadplayers: A Mojang provided command.
[18:51:31] [Server thread/INFO]: /stop: A Mojang provided command.
[18:51:31] [Server thread/INFO]: /stopsound: A Mojang provided command.
[18:51:31] [Server thread/INFO]: /summon: A Mojang provided command.
[18:51:31] [Server thread/INFO]: /tag: A Mojang provided command.
[18:51:31] [Server thread/INFO]: /team: A Mojang provided command.
[18:51:31] [Server thread/INFO]: /teammsg: A Mojang provided command.
[18:51:31] [Server thread/INFO]: /teleport: A Mojang provided command.
[18:51:31] [Server thread/INFO]: /tell: A Mojang provided command.
[18:51:31] [Server thread/INFO]: /tellraw: A Mojang provided command.
[18:51:31] [Server thread/INFO]: /time: A Mojang provided command.
[18:51:31] [Server thread/INFO]: /timings: Manages Spigot Timings data to see performance of the server.
[18:51:31] [Server thread/INFO]: /title: A Mojang provided command.
[18:51:31] [Server thread/INFO]: /tm: A Mojang provided command.
[18:51:31] [Server thread/INFO]: /tp: A Mojang provided command.
[18:51:31] [Server thread/INFO]: /tps: Gets the current ticks per second for the server
[18:51:31] [Server thread/INFO]: /trigger: A Mojang provided command.
[18:51:31] [Server thread/INFO]: /version: Gets the version of this server including any plugins in use
[18:51:31] [Server thread/INFO]: /w: A Mojang provided command.
[18:51:31] [Server thread/INFO]: /weather: A Mojang provided command.
[18:51:31] [Server thread/INFO]: /whitelist: A Mojang provided command.
[18:51:31] [Server thread/INFO]: /worldborder: A Mojang provided command.
[18:51:31] [Server thread/INFO]: /xp: A Mojang provided command.
[18:52:34] [Server thread/INFO]: [Server] ok
[18:52:42] [Server thread/INFO]: Unknown command. Type "/help" for help.
[18:53:12] [Server thread/INFO]: [Server]  qs
[18:53:18] [Server thread/INFO]: Stopping the server
[18:53:18] [Server thread/INFO]: Stopping server
[18:53:18] [Server thread/INFO]: Saving players
[18:53:18] [Server thread/INFO]: Saving worlds
[18:53:18] [Server thread/INFO]: Saving chunks for level 'world'/minecraft:overworld
[18:53:20] [Server thread/INFO]: ThreadedAnvilChunkStorage (world): All chunks are saved
[18:53:20] [Server thread/INFO]: Saving chunks for level 'world_nether'/minecraft:the_nether
[18:53:21] [Server thread/INFO]: ThreadedAnvilChunkStorage (DIM-1): All chunks are saved
[18:53:21] [Server thread/INFO]: Saving chunks for level 'world_the_end'/minecraft:the_end
[18:53:21] [Server thread/INFO]: ThreadedAnvilChunkStorage (DIM1): All chunks are saved
[18:53:21] [Server thread/INFO]: ThreadedAnvilChunkStorage (world): All chunks are saved
[18:53:21] [Server thread/INFO]: ThreadedAnvilChunkStorage (DIM-1): All chunks are saved
[18:53:22] [Server thread/INFO]: ThreadedAnvilChunkStorage (DIM1): All chunks are saved
