[16:35:50] [Server thread/INFO]: Starting minecraft server version 1.15.2
[16:35:50] [Server thread/INFO]: Loading properties
[16:35:51] [Server thread/INFO]: This server is running Paper version git-Paper-98 (MC: 1.15.2) (Implementing API version 1.15.2-R0.1-SNAPSHOT)
[16:35:52] [Server thread/INFO]: Debug logging is disabled
[16:35:52] [Server thread/INFO]: Server Ping Player Sample Count: 12
[16:35:52] [Server thread/INFO]: Using 4 threads for Netty based IO
[16:35:52] [Server thread/INFO]: Default game type: SURVIVAL
[16:35:52] [Server thread/INFO]: Generating keypair
[16:35:53] [Server thread/INFO]: Starting Minecraft server on *:25565
[16:35:53] [Server thread/INFO]: Using default channel type
[16:35:59] [Server thread/WARN]: Initializing Legacy Material Support. Unless you have legacy plugins and/or data this is a bug!
[16:36:09] [Server thread/WARN]: Legacy plugin SpigotPing v2.5 does not specify an api-version.
[16:36:09] [Server thread/INFO]: [SpigotPing] Loading SpigotPing v2.5
[16:36:10] [Server thread/INFO]: Server permissions file permissions.yml is empty, ignoring it
[16:36:10] [Server thread/WARN]: **** SERVER IS RUNNING IN OFFLINE/INSECURE MODE!
[16:36:10] [Server thread/WARN]: The server will make no attempt to authenticate usernames. Beware.
[16:36:10] [Server thread/WARN]: While this makes the game possible to play without internet access, it also opens up the ability for hackers to connect with any username they choose.
[16:36:10] [Server thread/WARN]: To change this, set "online-mode" to "true" in the server.properties file.
[16:36:10] [Server thread/INFO]: Preparing level "3-player Survival"
[16:36:10] [Server thread/INFO]: Reloading ResourceManager: Default, bukkit
[16:36:12] [Server thread/INFO]: Loaded 6 recipes
[16:36:13] [Server thread/INFO]: -------- World Settings For [3-player Survival] --------
[16:36:13] [Server thread/INFO]: Nerfing mobs spawned from spawners: false
[16:36:13] [Server thread/INFO]: View Distance: 6
[16:36:13] [Server thread/INFO]: Item Despawn Rate: 6000
[16:36:13] [Server thread/INFO]: Item Merge Radius: 2.5
[16:36:13] [Server thread/INFO]: Arrow Despawn Rate: 1200 Trident Respawn Rate:1200
[16:36:13] [Server thread/INFO]: Allow Zombie Pigmen to spawn from portal blocks: true
[16:36:13] [Server thread/INFO]: Zombie Aggressive Towards Villager: true
[16:36:13] [Server thread/INFO]: Cactus Growth Modifier: 100%
[16:36:13] [Server thread/INFO]: Cane Growth Modifier: 100%
[16:36:13] [Server thread/INFO]: Melon Growth Modifier: 100%
[16:36:13] [Server thread/INFO]: Mushroom Growth Modifier: 100%
[16:36:13] [Server thread/INFO]: Pumpkin Growth Modifier: 100%
[16:36:13] [Server thread/INFO]: Sapling Growth Modifier: 100%
[16:36:13] [Server thread/INFO]: Beetroot Growth Modifier: 100%
[16:36:13] [Server thread/INFO]: Carrot Growth Modifier: 100%
[16:36:13] [Server thread/INFO]: Potato Growth Modifier: 100%
[16:36:13] [Server thread/INFO]: Wheat Growth Modifier: 100%
[16:36:13] [Server thread/INFO]: NetherWart Growth Modifier: 100%
[16:36:13] [Server thread/INFO]: Vine Growth Modifier: 100%
[16:36:13] [Server thread/INFO]: Cocoa Growth Modifier: 100%
[16:36:13] [Server thread/INFO]: Bamboo Growth Modifier: 100%
[16:36:13] [Server thread/INFO]: SweetBerry Growth Modifier: 100%
[16:36:13] [Server thread/INFO]: Kelp Growth Modifier: 100%
[16:36:13] [Server thread/INFO]: Hopper Transfer: 8 Hopper Check: 1 Hopper Amount: 1
[16:36:13] [Server thread/INFO]: Entity Activation Range: An 32 / Mo 32 / Ra 48 / Mi 16 / Tiv true
[16:36:13] [Server thread/INFO]: Entity Tracking Range: Pl 48 / An 48 / Mo 48 / Mi 32 / Other 64
[16:36:13] [Server thread/INFO]: Experience Merge Radius: 3.0
[16:36:13] [Server thread/INFO]: Custom Map Seeds:  Village: 10387312 Desert: 14357617 Igloo: 14357618 Jungle: 14357619 Swamp: 14357620 Monument: 10387313 Ocean: 14357621 Shipwreck: 165745295 Slime: 987234911
[16:36:13] [Server thread/INFO]: Mob Spawn Range: 8
[16:36:13] [Server thread/INFO]: Tile Max Tick Time: 50ms Entity max Tick Time: 50ms
[16:36:13] [Server thread/INFO]: Max TNT Explosions: 100
[16:36:13] [Server thread/INFO]: -------- World Settings For [3-player Survival_nether] --------
[16:36:13] [Server thread/INFO]: Nerfing mobs spawned from spawners: false
[16:36:13] [Server thread/INFO]: View Distance: 6
[16:36:13] [Server thread/INFO]: Item Despawn Rate: 6000
[16:36:13] [Server thread/INFO]: Item Merge Radius: 2.5
[16:36:13] [Server thread/INFO]: Arrow Despawn Rate: 1200 Trident Respawn Rate:1200
[16:36:13] [Server thread/INFO]: Allow Zombie Pigmen to spawn from portal blocks: true
[16:36:13] [Server thread/INFO]: Zombie Aggressive Towards Villager: true
[16:36:13] [Server thread/INFO]: Cactus Growth Modifier: 100%
[16:36:13] [Server thread/INFO]: Cane Growth Modifier: 100%
[16:36:13] [Server thread/INFO]: Melon Growth Modifier: 100%
[16:36:13] [Server thread/INFO]: Mushroom Growth Modifier: 100%
[16:36:13] [Server thread/INFO]: Pumpkin Growth Modifier: 100%
[16:36:13] [Server thread/INFO]: Sapling Growth Modifier: 100%
[16:36:13] [Server thread/INFO]: Beetroot Growth Modifier: 100%
[16:36:13] [Server thread/INFO]: Carrot Growth Modifier: 100%
[16:36:13] [Server thread/INFO]: Potato Growth Modifier: 100%
[16:36:13] [Server thread/INFO]: Wheat Growth Modifier: 100%
[16:36:13] [Server thread/INFO]: NetherWart Growth Modifier: 100%
[16:36:13] [Server thread/INFO]: Vine Growth Modifier: 100%
[16:36:13] [Server thread/INFO]: Cocoa Growth Modifier: 100%
[16:36:13] [Server thread/INFO]: Bamboo Growth Modifier: 100%
[16:36:13] [Server thread/INFO]: SweetBerry Growth Modifier: 100%
[16:36:13] [Server thread/INFO]: Kelp Growth Modifier: 100%
[16:36:13] [Server thread/INFO]: Hopper Transfer: 8 Hopper Check: 1 Hopper Amount: 1
[16:36:13] [Server thread/INFO]: Entity Activation Range: An 32 / Mo 32 / Ra 48 / Mi 16 / Tiv true
[16:36:13] [Server thread/INFO]: Entity Tracking Range: Pl 48 / An 48 / Mo 48 / Mi 32 / Other 64
[16:36:13] [Server thread/INFO]: Experience Merge Radius: 3.0
[16:36:13] [Server thread/INFO]: Custom Map Seeds:  Village: 10387312 Desert: 14357617 Igloo: 14357618 Jungle: 14357619 Swamp: 14357620 Monument: 10387313 Ocean: 14357621 Shipwreck: 165745295 Slime: 987234911
[16:36:13] [Server thread/INFO]: Mob Spawn Range: 8
[16:36:13] [Server thread/INFO]: Tile Max Tick Time: 50ms Entity max Tick Time: 50ms
[16:36:13] [Server thread/INFO]: Max TNT Explosions: 100
[16:36:14] [Server thread/INFO]: -------- World Settings For [3-player Survival_the_end] --------
[16:36:14] [Server thread/INFO]: Nerfing mobs spawned from spawners: false
[16:36:14] [Server thread/INFO]: View Distance: 6
[16:36:14] [Server thread/INFO]: Item Despawn Rate: 6000
[16:36:14] [Server thread/INFO]: Item Merge Radius: 2.5
[16:36:14] [Server thread/INFO]: Arrow Despawn Rate: 1200 Trident Respawn Rate:1200
[16:36:14] [Server thread/INFO]: Allow Zombie Pigmen to spawn from portal blocks: true
[16:36:14] [Server thread/INFO]: Zombie Aggressive Towards Villager: true
[16:36:14] [Server thread/INFO]: Cactus Growth Modifier: 100%
[16:36:14] [Server thread/INFO]: Cane Growth Modifier: 100%
[16:36:14] [Server thread/INFO]: Melon Growth Modifier: 100%
[16:36:14] [Server thread/INFO]: Mushroom Growth Modifier: 100%
[16:36:14] [Server thread/INFO]: Pumpkin Growth Modifier: 100%
[16:36:14] [Server thread/INFO]: Sapling Growth Modifier: 100%
[16:36:14] [Server thread/INFO]: Beetroot Growth Modifier: 100%
[16:36:14] [Server thread/INFO]: Carrot Growth Modifier: 100%
[16:36:14] [Server thread/INFO]: Potato Growth Modifier: 100%
[16:36:14] [Server thread/INFO]: Wheat Growth Modifier: 100%
[16:36:14] [Server thread/INFO]: NetherWart Growth Modifier: 100%
[16:36:14] [Server thread/INFO]: Vine Growth Modifier: 100%
[16:36:14] [Server thread/INFO]: Cocoa Growth Modifier: 100%
[16:36:14] [Server thread/INFO]: Bamboo Growth Modifier: 100%
[16:36:14] [Server thread/INFO]: SweetBerry Growth Modifier: 100%
[16:36:14] [Server thread/INFO]: Kelp Growth Modifier: 100%
[16:36:14] [Server thread/INFO]: Hopper Transfer: 8 Hopper Check: 1 Hopper Amount: 1
[16:36:14] [Server thread/INFO]: Entity Activation Range: An 32 / Mo 32 / Ra 48 / Mi 16 / Tiv true
[16:36:14] [Server thread/INFO]: Entity Tracking Range: Pl 48 / An 48 / Mo 48 / Mi 32 / Other 64
[16:36:14] [Server thread/INFO]: Experience Merge Radius: 3.0
[16:36:14] [Server thread/INFO]: Custom Map Seeds:  Village: 10387312 Desert: 14357617 Igloo: 14357618 Jungle: 14357619 Swamp: 14357620 Monument: 10387313 Ocean: 14357621 Shipwreck: 165745295 Slime: 987234911
[16:36:14] [Server thread/INFO]: Mob Spawn Range: 8
[16:36:14] [Server thread/INFO]: Tile Max Tick Time: 50ms Entity max Tick Time: 50ms
[16:36:14] [Server thread/INFO]: Max TNT Explosions: 100
[16:36:14] [Server thread/INFO]: Preparing start region for dimension '3-player Survival'/minecraft:overworld
[16:36:16] [Server thread/INFO]: Preparing spawn area: 0%
[16:36:16] [Server thread/INFO]: Preparing spawn area: 0%
[16:36:16] [Server thread/INFO]: Preparing spawn area: 0%
[16:36:16] [Server thread/INFO]: Preparing spawn area: 0%
[16:36:16] [Server thread/INFO]: Preparing spawn area: 0%
[16:36:16] [Server thread/INFO]: Preparing spawn area: 1%
[16:36:17] [Server thread/INFO]: Preparing spawn area: 5%
[16:36:17] [Server thread/INFO]: Preparing spawn area: 49%
[16:36:18] [Server thread/INFO]: Preparing spawn area: 94%
[16:36:18] [Server thread/INFO]: Preparing spawn area: 100%
[16:36:19] [Server thread/INFO]: Loaded 169 spawn chunks for world 3-player Survival
[16:36:19] [Server thread/INFO]: Time elapsed: 5001 ms
[16:36:19] [Server thread/INFO]: Preparing start region for dimension '3-player Survival_nether'/minecraft:the_nether
[16:36:19] [Server thread/INFO]: Preparing spawn area: 0%
[16:36:19] [Server thread/INFO]: Preparing spawn area: 10%
[16:36:20] [Server thread/INFO]: Preparing spawn area: 72%
[16:36:20] [Server-Worker-1/INFO]: Preparing spawn area: 100%
[16:36:21] [Server-Worker-2/INFO]: Preparing spawn area: 100%
[16:36:21] [Server-Worker-2/INFO]: Preparing spawn area: 100%
[16:36:22] [Server-Worker-1/INFO]: Preparing spawn area: 100%
[16:36:22] [Server-Worker-2/INFO]: Preparing spawn area: 100%
[16:36:23] [Server-Worker-1/INFO]: Preparing spawn area: 100%
[16:36:23] [Server thread/INFO]: Loaded 169 spawn chunks for world 3-player Survival_nether
[16:36:23] [Server thread/INFO]: Time elapsed: 4169 ms
[16:36:23] [Server thread/INFO]: Preparing start region for dimension '3-player Survival_the_end'/minecraft:the_end
[16:36:23] [Server thread/INFO]: Preparing spawn area: 0%
[16:36:23] [Server-Worker-1/INFO]: Preparing spawn area: 100%
[16:36:24] [Server-Worker-2/INFO]: Preparing spawn area: 100%
[16:36:24] [Server thread/INFO]: Loaded 169 spawn chunks for world 3-player Survival_the_end
[16:36:24] [Server thread/INFO]: Time elapsed: 1410 ms
[16:36:24] [Server thread/INFO]: [SpigotPing] Enabling SpigotPing v2.5*
[16:36:24] [Server thread/INFO]: [SpigotPing] TabList is enabled, task added with a delay of 3 second/s.
[16:36:24] [Server thread/INFO]: Done (14.817s)! For help, type "help"
[16:36:25] [Server thread/INFO]: Timings Reset
[16:42:55] [User Authenticator #1/INFO]: UUID of player Stehsaer is 4ee78221-99b3-33bb-8da3-72c49ff039eb
[16:42:56] [Server thread/INFO]: Stehsaer[/192.168.100.27:55302] logged in with entity id 202 at ([3-player Survival]-106.15597533401173, 63.0, -631.0818382835769)
[16:43:03] [Server thread/WARN]: Can't keep up! Is the server overloaded? Running 5003ms or 100 ticks behind
[16:45:00] [Server thread/INFO]: Stehsaer issued server command: /scoreboard objectives setdisplay sidebar
[16:45:00] [Server thread/INFO]: [Stehsaer: Cleared any objectives in display slot sidebar]
[17:00:21] [Server thread/INFO]: Stehsaer lost connection: Disconnected
[17:00:21] [Server thread/INFO]: Stehsaer left the game
[17:01:24] [User Authenticator #2/INFO]: UUID of player Stehsaer is 4ee78221-99b3-33bb-8da3-72c49ff039eb
[17:01:24] [Server thread/INFO]: Stehsaer[/192.168.100.27:55424] logged in with entity id 2949 at ([3-player Survival]-1369.393484396845, 70.0, -827.0486024064413)
[17:04:33] [Server thread/WARN]: Stehsaer moved wrongly!
[17:21:50] [Server thread/INFO]: Stehsaer lost connection: Disconnected
[17:21:50] [Server thread/INFO]: Stehsaer left the game
[17:25:07] [User Authenticator #3/INFO]: UUID of player Stehsaer is 4ee78221-99b3-33bb-8da3-72c49ff039eb
[17:25:07] [Server thread/INFO]: Stehsaer[/192.168.100.27:55671] logged in with entity id 6864 at ([3-player Survival]-2448.2819641628384, 71.0, -731.8699314112646)
[17:25:25] [Server thread/INFO]: Stehsaer issued server command: /kill
[17:25:25] [Server thread/INFO]: Stehsaer fell out of the world
[17:25:25] [Server thread/INFO]: [Stehsaer: Killed Stehsaer]
[17:27:19] [Server thread/INFO]: Stehsaer issued server command: /tp KerbinKitty Stehsaer
[17:29:26] [Server thread/INFO]: Stehsaer lost connection: Disconnected
[17:29:26] [Server thread/INFO]: Stehsaer left the game
[17:54:43] [User Authenticator #4/INFO]: UUID of player Stehsaer is 4ee78221-99b3-33bb-8da3-72c49ff039eb
[17:54:43] [Server thread/INFO]: Stehsaer[/192.168.100.27:55843] logged in with entity id 7434 at ([3-player Survival]-104.51394047240998, 63.0, -629.6214865896707)
[18:06:33] [Server thread/INFO]: Stehsaer lost connection: Disconnected
[18:06:33] [Server thread/INFO]: Stehsaer left the game
[18:08:04] [User Authenticator #5/INFO]: UUID of player Stehsaer is 4ee78221-99b3-33bb-8da3-72c49ff039eb
[18:08:04] [Server thread/INFO]: Stehsaer[/192.168.100.27:55889] logged in with entity id 8358 at ([3-player Survival]-106.69999998807907, 50.0, -638.6241282764502)
[18:09:19] [Server thread/INFO]: Stehsaer lost connection: Disconnected
[18:09:19] [Server thread/INFO]: Stehsaer left the game
[18:09:52] [User Authenticator #6/INFO]: UUID of player Stehsaer is 4ee78221-99b3-33bb-8da3-72c49ff039eb
[18:09:53] [Server thread/INFO]: Stehsaer[/192.168.100.27:55907] logged in with entity id 8456 at ([3-player Survival]-100.49028941996512, 52.5, -633.0884596002235)
[18:10:28] [Server thread/INFO]: Stehsaer lost connection: Disconnected
[18:10:28] [Server thread/INFO]: Stehsaer left the game
[18:10:30] [User Authenticator #6/INFO]: UUID of player Stehsaer is 4ee78221-99b3-33bb-8da3-72c49ff039eb
[18:10:30] [Server thread/INFO]: Stehsaer[/192.168.100.27:55912] logged in with entity id 8487 at ([3-player Survival]-100.31884339635833, 50.0, -628.9647605133423)
[18:12:35] [Server thread/INFO]: Stehsaer lost connection: Disconnected
[18:12:35] [Server thread/INFO]: Stehsaer left the game
[18:13:01] [User Authenticator #7/INFO]: UUID of player Stehsaer is 4ee78221-99b3-33bb-8da3-72c49ff039eb
[18:13:01] [Server thread/INFO]: Stehsaer[/192.168.100.27:55930] logged in with entity id 8603 at ([3-player Survival]-108.20954425613655, 51.0, -633.4340477918264)
[18:18:53] [Server thread/INFO]: Stehsaer lost connection: Disconnected
[18:18:53] [Server thread/INFO]: Stehsaer left the game
[18:19:00] [Server thread/INFO]: Saving the game (this may take a moment!)
[18:19:00] [Server thread/INFO]: Saved the game
[18:19:05] [Server thread/INFO]: Stopping the server
[18:19:05] [Server thread/INFO]: Stopping server
[18:19:05] [Server thread/INFO]: [SpigotPing] Disabling SpigotPing v2.5
[18:19:05] [Server thread/INFO]: [SpigotPing] Cancelling tasks...
[18:19:05] [Server thread/INFO]: Saving players
[18:19:05] [Server thread/INFO]: Saving worlds
[18:19:05] [Server thread/INFO]: Saving chunks for level '3-player Survival'/minecraft:overworld
[18:19:05] [Server thread/INFO]: ThreadedAnvilChunkStorage (3-player Survival): All chunks are saved
[18:19:05] [Server thread/INFO]: Saving chunks for level '3-player Survival_nether'/minecraft:the_nether
[18:19:05] [Server thread/INFO]: ThreadedAnvilChunkStorage (DIM-1): All chunks are saved
[18:19:05] [Server thread/INFO]: Saving chunks for level '3-player Survival_the_end'/minecraft:the_end
[18:19:05] [Server thread/INFO]: ThreadedAnvilChunkStorage (DIM1): All chunks are saved
[18:19:05] [Server thread/INFO]: ThreadedAnvilChunkStorage (3-player Survival): All chunks are saved
[18:19:07] [Server thread/INFO]: ThreadedAnvilChunkStorage (DIM-1): All chunks are saved
[18:19:07] [Server thread/INFO]: ThreadedAnvilChunkStorage (DIM1): All chunks are saved
