[14:37:59] [Server thread/INFO]: Starting minecraft server version 1.15.2
[14:37:59] [Server thread/INFO]: Loading properties
[14:37:59] [Server thread/INFO]: This server is running Paper version git-Paper-98 (MC: 1.15.2) (Implementing API version 1.15.2-R0.1-SNAPSHOT)
[14:38:01] [Server thread/INFO]: Debug logging is disabled
[14:38:01] [Server thread/INFO]: Server Ping Player Sample Count: 12
[14:38:01] [Server thread/INFO]: Using 4 threads for Netty based IO
[14:38:02] [Server thread/INFO]: Default game type: SURVIVAL
[14:38:02] [Server thread/INFO]: Generating keypair
[14:38:02] [Server thread/INFO]: Starting Minecraft server on *:25565
[14:38:02] [Server thread/INFO]: Using default channel type
[14:38:15] [Server thread/WARN]: Initializing Legacy Material Support. Unless you have legacy plugins and/or data this is a bug!
[14:38:19] [Server thread/WARN]: Legacy plugin SpigotPing v2.5 does not specify an api-version.
[14:38:19] [Server thread/INFO]: [SpigotPing] Loading SpigotPing v2.5
[14:38:19] [Server thread/INFO]: Server permissions file permissions.yml is empty, ignoring it
[14:38:19] [Server thread/WARN]: **** SERVER IS RUNNING IN OFFLINE/INSECURE MODE!
[14:38:19] [Server thread/WARN]: The server will make no attempt to authenticate usernames. Beware.
[14:38:19] [Server thread/WARN]: While this makes the game possible to play without internet access, it also opens up the ability for hackers to connect with any username they choose.
[14:38:19] [Server thread/WARN]: To change this, set "online-mode" to "true" in the server.properties file.
[14:38:19] [Server thread/INFO]: Preparing level "3-player Survival"
[14:38:19] [Server thread/INFO]: Reloading ResourceManager: Default, bukkit
[14:38:20] [Server thread/INFO]: Loaded 6 recipes
[14:38:21] [Server thread/INFO]: -------- World Settings For [3-player Survival] --------
[14:38:21] [Server thread/INFO]: Entity Activation Range: An 32 / Mo 32 / Ra 48 / Mi 16 / Tiv true
[14:38:21] [Server thread/INFO]: Experience Merge Radius: 3.0
[14:38:21] [Server thread/INFO]: Entity Tracking Range: Pl 48 / An 48 / Mo 48 / Mi 32 / Other 64
[14:38:21] [Server thread/INFO]: Cactus Growth Modifier: 100%
[14:38:21] [Server thread/INFO]: Cane Growth Modifier: 100%
[14:38:21] [Server thread/INFO]: Melon Growth Modifier: 100%
[14:38:21] [Server thread/INFO]: Mushroom Growth Modifier: 100%
[14:38:21] [Server thread/INFO]: Pumpkin Growth Modifier: 100%
[14:38:21] [Server thread/INFO]: Sapling Growth Modifier: 100%
[14:38:21] [Server thread/INFO]: Beetroot Growth Modifier: 100%
[14:38:21] [Server thread/INFO]: Carrot Growth Modifier: 100%
[14:38:21] [Server thread/INFO]: Potato Growth Modifier: 100%
[14:38:21] [Server thread/INFO]: Wheat Growth Modifier: 100%
[14:38:21] [Server thread/INFO]: NetherWart Growth Modifier: 100%
[14:38:21] [Server thread/INFO]: Vine Growth Modifier: 100%
[14:38:21] [Server thread/INFO]: Cocoa Growth Modifier: 100%
[14:38:21] [Server thread/INFO]: Bamboo Growth Modifier: 100%
[14:38:21] [Server thread/INFO]: SweetBerry Growth Modifier: 100%
[14:38:21] [Server thread/INFO]: Kelp Growth Modifier: 100%
[14:38:21] [Server thread/INFO]: Hopper Transfer: 8 Hopper Check: 1 Hopper Amount: 1
[14:38:21] [Server thread/INFO]: Mob Spawn Range: 8
[14:38:21] [Server thread/INFO]: Custom Map Seeds:  Village: 10387312 Desert: 14357617 Igloo: 14357618 Jungle: 14357619 Swamp: 14357620 Monument: 10387313 Ocean: 14357621 Shipwreck: 165745295 Slime: 987234911
[14:38:21] [Server thread/INFO]: Max TNT Explosions: 100
[14:38:21] [Server thread/INFO]: Tile Max Tick Time: 50ms Entity max Tick Time: 50ms
[14:38:21] [Server thread/INFO]: View Distance: 10
[14:38:21] [Server thread/INFO]: Zombie Aggressive Towards Villager: true
[14:38:21] [Server thread/INFO]: Nerfing mobs spawned from spawners: false
[14:38:21] [Server thread/INFO]: Arrow Despawn Rate: 1200 Trident Respawn Rate:1200
[14:38:21] [Server thread/INFO]: Allow Zombie Pigmen to spawn from portal blocks: true
[14:38:21] [Server thread/INFO]: Item Merge Radius: 2.5
[14:38:21] [Server thread/INFO]: Item Despawn Rate: 6000
[14:38:21] [Server thread/INFO]: -------- World Settings For [3-player Survival_nether] --------
[14:38:21] [Server thread/INFO]: Entity Activation Range: An 32 / Mo 32 / Ra 48 / Mi 16 / Tiv true
[14:38:21] [Server thread/INFO]: Experience Merge Radius: 3.0
[14:38:21] [Server thread/INFO]: Entity Tracking Range: Pl 48 / An 48 / Mo 48 / Mi 32 / Other 64
[14:38:21] [Server thread/INFO]: Cactus Growth Modifier: 100%
[14:38:21] [Server thread/INFO]: Cane Growth Modifier: 100%
[14:38:21] [Server thread/INFO]: Melon Growth Modifier: 100%
[14:38:21] [Server thread/INFO]: Mushroom Growth Modifier: 100%
[14:38:21] [Server thread/INFO]: Pumpkin Growth Modifier: 100%
[14:38:21] [Server thread/INFO]: Sapling Growth Modifier: 100%
[14:38:21] [Server thread/INFO]: Beetroot Growth Modifier: 100%
[14:38:21] [Server thread/INFO]: Carrot Growth Modifier: 100%
[14:38:21] [Server thread/INFO]: Potato Growth Modifier: 100%
[14:38:21] [Server thread/INFO]: Wheat Growth Modifier: 100%
[14:38:21] [Server thread/INFO]: NetherWart Growth Modifier: 100%
[14:38:21] [Server thread/INFO]: Vine Growth Modifier: 100%
[14:38:21] [Server thread/INFO]: Cocoa Growth Modifier: 100%
[14:38:21] [Server thread/INFO]: Bamboo Growth Modifier: 100%
[14:38:21] [Server thread/INFO]: SweetBerry Growth Modifier: 100%
[14:38:21] [Server thread/INFO]: Kelp Growth Modifier: 100%
[14:38:21] [Server thread/INFO]: Hopper Transfer: 8 Hopper Check: 1 Hopper Amount: 1
[14:38:21] [Server thread/INFO]: Mob Spawn Range: 8
[14:38:21] [Server thread/INFO]: Custom Map Seeds:  Village: 10387312 Desert: 14357617 Igloo: 14357618 Jungle: 14357619 Swamp: 14357620 Monument: 10387313 Ocean: 14357621 Shipwreck: 165745295 Slime: 987234911
[14:38:21] [Server thread/INFO]: Max TNT Explosions: 100
[14:38:21] [Server thread/INFO]: Tile Max Tick Time: 50ms Entity max Tick Time: 50ms
[14:38:21] [Server thread/INFO]: View Distance: 10
[14:38:21] [Server thread/INFO]: Zombie Aggressive Towards Villager: true
[14:38:21] [Server thread/INFO]: Nerfing mobs spawned from spawners: false
[14:38:21] [Server thread/INFO]: Arrow Despawn Rate: 1200 Trident Respawn Rate:1200
[14:38:21] [Server thread/INFO]: Allow Zombie Pigmen to spawn from portal blocks: true
[14:38:21] [Server thread/INFO]: Item Merge Radius: 2.5
[14:38:21] [Server thread/INFO]: Item Despawn Rate: 6000
[14:38:22] [Server thread/INFO]: -------- World Settings For [3-player Survival_the_end] --------
[14:38:22] [Server thread/INFO]: Entity Activation Range: An 32 / Mo 32 / Ra 48 / Mi 16 / Tiv true
[14:38:22] [Server thread/INFO]: Experience Merge Radius: 3.0
[14:38:22] [Server thread/INFO]: Entity Tracking Range: Pl 48 / An 48 / Mo 48 / Mi 32 / Other 64
[14:38:22] [Server thread/INFO]: Cactus Growth Modifier: 100%
[14:38:22] [Server thread/INFO]: Cane Growth Modifier: 100%
[14:38:22] [Server thread/INFO]: Melon Growth Modifier: 100%
[14:38:22] [Server thread/INFO]: Mushroom Growth Modifier: 100%
[14:38:22] [Server thread/INFO]: Pumpkin Growth Modifier: 100%
[14:38:22] [Server thread/INFO]: Sapling Growth Modifier: 100%
[14:38:22] [Server thread/INFO]: Beetroot Growth Modifier: 100%
[14:38:22] [Server thread/INFO]: Carrot Growth Modifier: 100%
[14:38:22] [Server thread/INFO]: Potato Growth Modifier: 100%
[14:38:22] [Server thread/INFO]: Wheat Growth Modifier: 100%
[14:38:22] [Server thread/INFO]: NetherWart Growth Modifier: 100%
[14:38:22] [Server thread/INFO]: Vine Growth Modifier: 100%
[14:38:22] [Server thread/INFO]: Cocoa Growth Modifier: 100%
[14:38:22] [Server thread/INFO]: Bamboo Growth Modifier: 100%
[14:38:22] [Server thread/INFO]: SweetBerry Growth Modifier: 100%
[14:38:22] [Server thread/INFO]: Kelp Growth Modifier: 100%
[14:38:22] [Server thread/INFO]: Hopper Transfer: 8 Hopper Check: 1 Hopper Amount: 1
[14:38:22] [Server thread/INFO]: Mob Spawn Range: 8
[14:38:22] [Server thread/INFO]: Custom Map Seeds:  Village: 10387312 Desert: 14357617 Igloo: 14357618 Jungle: 14357619 Swamp: 14357620 Monument: 10387313 Ocean: 14357621 Shipwreck: 165745295 Slime: 987234911
[14:38:22] [Server thread/INFO]: Max TNT Explosions: 100
[14:38:22] [Server thread/INFO]: Tile Max Tick Time: 50ms Entity max Tick Time: 50ms
[14:38:22] [Server thread/INFO]: View Distance: 10
[14:38:22] [Server thread/INFO]: Zombie Aggressive Towards Villager: true
[14:38:22] [Server thread/INFO]: Nerfing mobs spawned from spawners: false
[14:38:22] [Server thread/INFO]: Arrow Despawn Rate: 1200 Trident Respawn Rate:1200
[14:38:22] [Server thread/INFO]: Allow Zombie Pigmen to spawn from portal blocks: true
[14:38:22] [Server thread/INFO]: Item Merge Radius: 2.5
[14:38:22] [Server thread/INFO]: Item Despawn Rate: 6000
[14:38:22] [Server thread/INFO]: Preparing start region for dimension '3-player Survival'/minecraft:overworld
[14:38:23] [Server thread/INFO]: Preparing spawn area: 0%
[14:38:23] [Server thread/INFO]: Preparing spawn area: 0%
[14:38:23] [Server thread/INFO]: Preparing spawn area: 0%
[14:38:23] [Server thread/INFO]: Preparing spawn area: 65%
[14:38:24] [Server thread/INFO]: Preparing spawn area: 65%
[14:38:24] [Server thread/INFO]: Preparing spawn area: 100%
[14:38:25] [Server thread/INFO]: Loaded 169 spawn chunks for world 3-player Survival
[14:38:25] [Server thread/INFO]: Time elapsed: 2829 ms
[14:38:25] [Server thread/INFO]: Preparing start region for dimension '3-player Survival_nether'/minecraft:the_nether
[14:38:25] [Server thread/INFO]: Preparing spawn area: 0%
[14:38:25] [Server thread/INFO]: Preparing spawn area: 92%
[14:38:26] [Server-Worker-1/INFO]: Preparing spawn area: 100%
[14:38:26] [Server-Worker-1/INFO]: Preparing spawn area: 100%
[14:38:27] [Server-Worker-2/INFO]: Preparing spawn area: 100%
[14:38:27] [Server thread/INFO]: Preparing spawn area: 100%
[14:38:28] [Server-Worker-1/INFO]: Preparing spawn area: 100%
[14:38:28] [Server-Worker-1/INFO]: Preparing spawn area: 100%
[14:38:28] [Server thread/INFO]: Loaded 169 spawn chunks for world 3-player Survival_nether
[14:38:28] [Server thread/INFO]: Time elapsed: 3790 ms
[14:38:28] [Server thread/INFO]: Preparing start region for dimension '3-player Survival_the_end'/minecraft:the_end
[14:38:29] [Server thread/INFO]: Preparing spawn area: 0%
[14:38:29] [Server-Worker-2/INFO]: Preparing spawn area: 100%
[14:38:29] [Server-Worker-2/INFO]: Preparing spawn area: 100%
[14:38:30] [Server-Worker-1/INFO]: Preparing spawn area: 100%
[14:38:30] [Server thread/INFO]: Loaded 169 spawn chunks for world 3-player Survival_the_end
[14:38:30] [Server thread/INFO]: Time elapsed: 1585 ms
[14:38:30] [Server thread/INFO]: [SpigotPing] Enabling SpigotPing v2.5*
[14:38:30] [Server thread/INFO]: [SpigotPing] TabList is enabled, task added with a delay of 5 second/s.
[14:38:30] [Server thread/INFO]: Done (11.413s)! For help, type "help"
[14:38:30] [Server thread/INFO]: Timings Reset
[14:41:22] [User Authenticator #1/INFO]: UUID of player Stehsaer is 4ee78221-99b3-33bb-8da3-72c49ff039eb
[14:41:24] [Server thread/INFO]: Stehsaer[/192.168.100.27:49580] logged in with entity id 162 at ([3-player Survival]-112.41313850801222, 63.0, -629.3320935478794)
[14:41:54] [Server thread/INFO]: Stopping server
[14:41:54] [Server thread/INFO]: [SpigotPing] Disabling SpigotPing v2.5
[14:41:54] [Server thread/INFO]: [SpigotPing] Cancelling tasks...
[14:41:54] [Server thread/INFO]: Saving players
[14:41:55] [Server thread/INFO]: Stehsaer lost connection: Server closed
[14:41:55] [Server thread/INFO]: Stehsaer left the game
[14:41:55] [Server thread/INFO]: Saving worlds
[14:41:55] [Server thread/INFO]: Saving chunks for level '3-player Survival'/minecraft:overworld
[14:41:57] [Server thread/INFO]: ThreadedAnvilChunkStorage (3-player Survival): All chunks are saved
[14:41:57] [Server thread/INFO]: Saving chunks for level '3-player Survival_nether'/minecraft:the_nether
[14:41:57] [Server thread/INFO]: ThreadedAnvilChunkStorage (DIM-1): All chunks are saved
[14:41:57] [Server thread/INFO]: Saving chunks for level '3-player Survival_the_end'/minecraft:the_end
[14:41:57] [Server thread/INFO]: ThreadedAnvilChunkStorage (DIM1): All chunks are saved
[14:41:57] [Server thread/INFO]: ThreadedAnvilChunkStorage (3-player Survival): All chunks are saved
[14:41:58] [Server thread/INFO]: ThreadedAnvilChunkStorage (DIM-1): All chunks are saved
[14:41:58] [Server thread/INFO]: ThreadedAnvilChunkStorage (DIM1): All chunks are saved
