[12:14:18] [Server thread/INFO]: Loading properties
[12:14:19] [Server thread/INFO]: This server is running Paper version git-Paper-98 (MC: 1.15.2) (Implementing API version 1.15.2-R0.1-SNAPSHOT)
[12:14:21] [Server thread/INFO]: Debug logging is disabled
[12:14:21] [Server thread/INFO]: Server Ping Player Sample Count: 12
[12:14:21] [Server thread/INFO]: Using 4 threads for Netty based IO
[12:14:21] [Server thread/INFO]: Default game type: SURVIVAL
[12:14:21] [Server thread/INFO]: Generating keypair
[12:14:22] [Server thread/INFO]: Starting Minecraft server on *:25565
[12:14:22] [Server thread/INFO]: Using default channel type
[12:14:28] [Server thread/WARN]: Initializing Legacy Material Support. Unless you have legacy plugins and/or data this is a bug!
[12:14:36] [Server thread/WARN]: Legacy plugin SpigotPing v2.5 does not specify an api-version.
[12:14:36] [Server thread/INFO]: [SpigotPing] Loading SpigotPing v2.5
[12:14:36] [Server thread/INFO]: Server permissions file permissions.yml is empty, ignoring it
[12:14:36] [Server thread/WARN]: **** SERVER IS RUNNING IN OFFLINE/INSECURE MODE!
[12:14:36] [Server thread/WARN]: The server will make no attempt to authenticate usernames. Beware.
[12:14:36] [Server thread/WARN]: While this makes the game possible to play without internet access, it also opens up the ability for hackers to connect with any username they choose.
[12:14:36] [Server thread/WARN]: To change this, set "online-mode" to "true" in the server.properties file.
[12:14:36] [Server thread/INFO]: Preparing level "3-player Survival"
[12:14:37] [Server thread/INFO]: Reloading ResourceManager: Default, bukkit
[12:14:39] [Server thread/INFO]: Loaded 6 recipes
[12:14:40] [Server thread/INFO]: -------- World Settings For [3-player Survival] --------
[12:14:40] [Server thread/INFO]: View Distance: 6
[12:14:40] [Server thread/INFO]: Cactus Growth Modifier: 100%
[12:14:40] [Server thread/INFO]: Cane Growth Modifier: 100%
[12:14:40] [Server thread/INFO]: Melon Growth Modifier: 100%
[12:14:40] [Server thread/INFO]: Mushroom Growth Modifier: 100%
[12:14:40] [Server thread/INFO]: Pumpkin Growth Modifier: 100%
[12:14:40] [Server thread/INFO]: Sapling Growth Modifier: 100%
[12:14:40] [Server thread/INFO]: Beetroot Growth Modifier: 100%
[12:14:40] [Server thread/INFO]: Carrot Growth Modifier: 100%
[12:14:40] [Server thread/INFO]: Potato Growth Modifier: 100%
[12:14:40] [Server thread/INFO]: Wheat Growth Modifier: 100%
[12:14:40] [Server thread/INFO]: NetherWart Growth Modifier: 100%
[12:14:40] [Server thread/INFO]: Vine Growth Modifier: 100%
[12:14:40] [Server thread/INFO]: Cocoa Growth Modifier: 100%
[12:14:40] [Server thread/INFO]: Bamboo Growth Modifier: 100%
[12:14:40] [Server thread/INFO]: SweetBerry Growth Modifier: 100%
[12:14:40] [Server thread/INFO]: Kelp Growth Modifier: 100%
[12:14:40] [Server thread/INFO]: Mob Spawn Range: 8
[12:14:40] [Server thread/INFO]: Experience Merge Radius: 3.0
[12:14:40] [Server thread/INFO]: Zombie Aggressive Towards Villager: true
[12:14:40] [Server thread/INFO]: Entity Tracking Range: Pl 48 / An 48 / Mo 48 / Mi 32 / Other 64
[12:14:40] [Server thread/INFO]: Custom Map Seeds:  Village: 10387312 Desert: 14357617 Igloo: 14357618 Jungle: 14357619 Swamp: 14357620 Monument: 10387313 Ocean: 14357621 Shipwreck: 165745295 Slime: 987234911
[12:14:40] [Server thread/INFO]: Entity Activation Range: An 32 / Mo 32 / Ra 48 / Mi 16 / Tiv true
[12:14:40] [Server thread/INFO]: Allow Zombie Pigmen to spawn from portal blocks: true
[12:14:40] [Server thread/INFO]: Arrow Despawn Rate: 1200 Trident Respawn Rate:1200
[12:14:40] [Server thread/INFO]: Item Despawn Rate: 6000
[12:14:40] [Server thread/INFO]: Item Merge Radius: 2.5
[12:14:40] [Server thread/INFO]: Nerfing mobs spawned from spawners: false
[12:14:40] [Server thread/INFO]: Max TNT Explosions: 100
[12:14:40] [Server thread/INFO]: Tile Max Tick Time: 50ms Entity max Tick Time: 50ms
[12:14:40] [Server thread/INFO]: Hopper Transfer: 8 Hopper Check: 1 Hopper Amount: 1
[12:14:40] [Server thread/INFO]: -------- World Settings For [3-player Survival_nether] --------
[12:14:40] [Server thread/INFO]: View Distance: 6
[12:14:40] [Server thread/INFO]: Cactus Growth Modifier: 100%
[12:14:40] [Server thread/INFO]: Cane Growth Modifier: 100%
[12:14:40] [Server thread/INFO]: Melon Growth Modifier: 100%
[12:14:40] [Server thread/INFO]: Mushroom Growth Modifier: 100%
[12:14:40] [Server thread/INFO]: Pumpkin Growth Modifier: 100%
[12:14:40] [Server thread/INFO]: Sapling Growth Modifier: 100%
[12:14:40] [Server thread/INFO]: Beetroot Growth Modifier: 100%
[12:14:40] [Server thread/INFO]: Carrot Growth Modifier: 100%
[12:14:40] [Server thread/INFO]: Potato Growth Modifier: 100%
[12:14:40] [Server thread/INFO]: Wheat Growth Modifier: 100%
[12:14:40] [Server thread/INFO]: NetherWart Growth Modifier: 100%
[12:14:40] [Server thread/INFO]: Vine Growth Modifier: 100%
[12:14:40] [Server thread/INFO]: Cocoa Growth Modifier: 100%
[12:14:40] [Server thread/INFO]: Bamboo Growth Modifier: 100%
[12:14:40] [Server thread/INFO]: SweetBerry Growth Modifier: 100%
[12:14:40] [Server thread/INFO]: Kelp Growth Modifier: 100%
[12:14:40] [Server thread/INFO]: Mob Spawn Range: 8
[12:14:40] [Server thread/INFO]: Experience Merge Radius: 3.0
[12:14:40] [Server thread/INFO]: Zombie Aggressive Towards Villager: true
[12:14:40] [Server thread/INFO]: Entity Tracking Range: Pl 48 / An 48 / Mo 48 / Mi 32 / Other 64
[12:14:40] [Server thread/INFO]: Custom Map Seeds:  Village: 10387312 Desert: 14357617 Igloo: 14357618 Jungle: 14357619 Swamp: 14357620 Monument: 10387313 Ocean: 14357621 Shipwreck: 165745295 Slime: 987234911
[12:14:40] [Server thread/INFO]: Entity Activation Range: An 32 / Mo 32 / Ra 48 / Mi 16 / Tiv true
[12:14:40] [Server thread/INFO]: Allow Zombie Pigmen to spawn from portal blocks: true
[12:14:40] [Server thread/INFO]: Arrow Despawn Rate: 1200 Trident Respawn Rate:1200
[12:14:40] [Server thread/INFO]: Item Despawn Rate: 6000
[12:14:40] [Server thread/INFO]: Item Merge Radius: 2.5
[12:14:40] [Server thread/INFO]: Nerfing mobs spawned from spawners: false
[12:14:40] [Server thread/INFO]: Max TNT Explosions: 100
[12:14:40] [Server thread/INFO]: Tile Max Tick Time: 50ms Entity max Tick Time: 50ms
[12:14:40] [Server thread/INFO]: Hopper Transfer: 8 Hopper Check: 1 Hopper Amount: 1
[12:14:40] [Server thread/INFO]: -------- World Settings For [3-player Survival_the_end] --------
[12:14:40] [Server thread/INFO]: View Distance: 6
[12:14:40] [Server thread/INFO]: Cactus Growth Modifier: 100%
[12:14:40] [Server thread/INFO]: Cane Growth Modifier: 100%
[12:14:40] [Server thread/INFO]: Melon Growth Modifier: 100%
[12:14:40] [Server thread/INFO]: Mushroom Growth Modifier: 100%
[12:14:40] [Server thread/INFO]: Pumpkin Growth Modifier: 100%
[12:14:40] [Server thread/INFO]: Sapling Growth Modifier: 100%
[12:14:40] [Server thread/INFO]: Beetroot Growth Modifier: 100%
[12:14:40] [Server thread/INFO]: Carrot Growth Modifier: 100%
[12:14:40] [Server thread/INFO]: Potato Growth Modifier: 100%
[12:14:40] [Server thread/INFO]: Wheat Growth Modifier: 100%
[12:14:40] [Server thread/INFO]: NetherWart Growth Modifier: 100%
[12:14:40] [Server thread/INFO]: Vine Growth Modifier: 100%
[12:14:40] [Server thread/INFO]: Cocoa Growth Modifier: 100%
[12:14:40] [Server thread/INFO]: Bamboo Growth Modifier: 100%
[12:14:40] [Server thread/INFO]: SweetBerry Growth Modifier: 100%
[12:14:40] [Server thread/INFO]: Kelp Growth Modifier: 100%
[12:14:40] [Server thread/INFO]: Mob Spawn Range: 8
[12:14:40] [Server thread/INFO]: Experience Merge Radius: 3.0
[12:14:40] [Server thread/INFO]: Zombie Aggressive Towards Villager: true
[12:14:40] [Server thread/INFO]: Entity Tracking Range: Pl 48 / An 48 / Mo 48 / Mi 32 / Other 64
[12:14:40] [Server thread/INFO]: Custom Map Seeds:  Village: 10387312 Desert: 14357617 Igloo: 14357618 Jungle: 14357619 Swamp: 14357620 Monument: 10387313 Ocean: 14357621 Shipwreck: 165745295 Slime: 987234911
[12:14:40] [Server thread/INFO]: Entity Activation Range: An 32 / Mo 32 / Ra 48 / Mi 16 / Tiv true
[12:14:40] [Server thread/INFO]: Allow Zombie Pigmen to spawn from portal blocks: true
[12:14:40] [Server thread/INFO]: Arrow Despawn Rate: 1200 Trident Respawn Rate:1200
[12:14:40] [Server thread/INFO]: Item Despawn Rate: 6000
[12:14:40] [Server thread/INFO]: Item Merge Radius: 2.5
[12:14:40] [Server thread/INFO]: Nerfing mobs spawned from spawners: false
[12:14:40] [Server thread/INFO]: Max TNT Explosions: 100
[12:14:40] [Server thread/INFO]: Tile Max Tick Time: 50ms Entity max Tick Time: 50ms
[12:14:40] [Server thread/INFO]: Hopper Transfer: 8 Hopper Check: 1 Hopper Amount: 1
[12:14:40] [Server thread/INFO]: Preparing start region for dimension '3-player Survival'/minecraft:overworld
[12:14:41] [Server thread/INFO]: Preparing spawn area: 0%
[12:14:41] [Server thread/INFO]: Preparing spawn area: 0%
[12:14:41] [Server thread/INFO]: Preparing spawn area: 0%
[12:14:42] [Server thread/INFO]: Preparing spawn area: 1%
[12:14:42] [Server thread/INFO]: Preparing spawn area: 50%
[12:14:43] [Server thread/INFO]: Preparing spawn area: 100%
[12:14:43] [Server thread/INFO]: Loaded 169 spawn chunks for world 3-player Survival
[12:14:43] [Server thread/INFO]: Time elapsed: 2986 ms
[12:14:43] [Server thread/INFO]: Preparing start region for dimension '3-player Survival_nether'/minecraft:the_nether
[12:14:43] [Server thread/INFO]: Preparing spawn area: 0%
[12:14:44] [Server thread/INFO]: Preparing spawn area: 25%
[12:14:44] [Server thread/INFO]: Preparing spawn area: 99%
[12:14:45] [Server thread/INFO]: Preparing spawn area: 100%
[12:14:45] [Server-Worker-1/INFO]: Preparing spawn area: 100%
[12:14:46] [Server-Worker-1/INFO]: Preparing spawn area: 100%
[12:14:46] [Server-Worker-2/INFO]: Preparing spawn area: 100%
[12:14:47] [Server-Worker-2/INFO]: Preparing spawn area: 100%
[12:14:47] [Server-Worker-2/INFO]: Preparing spawn area: 100%
[12:14:48] [Server thread/INFO]: Loaded 169 spawn chunks for world 3-player Survival_nether
[12:14:48] [Server thread/INFO]: Time elapsed: 4264 ms
[12:14:48] [Server thread/INFO]: Preparing start region for dimension '3-player Survival_the_end'/minecraft:the_end
[12:14:48] [Server thread/INFO]: Preparing spawn area: 0%
[12:14:48] [Server-Worker-1/INFO]: Preparing spawn area: 100%
[12:14:49] [Server-Worker-2/INFO]: Preparing spawn area: 100%
[12:14:49] [Server thread/INFO]: Loaded 169 spawn chunks for world 3-player Survival_the_end
[12:14:49] [Server thread/INFO]: Time elapsed: 1232 ms
[12:14:49] [Server thread/INFO]: [SpigotPing] Enabling SpigotPing v2.5*
[12:14:49] [Server thread/INFO]: [SpigotPing] TabList is enabled, task added with a delay of 3 second/s.
[12:14:49] [Server thread/INFO]: Done (12.781s)! For help, type "help"
[12:14:49] [Server thread/INFO]: Timings Reset
[12:29:53] [User Authenticator #1/INFO]: UUID of player Stehsaer is 4ee78221-99b3-33bb-8da3-72c49ff039eb
[12:29:54] [Server thread/INFO]: Stehsaer[/192.168.100.27:53623] logged in with entity id 210 at ([3-player Survival]-124.48848839054999, 70.0, -701.7180334723844)
[12:30:11] [Server thread/WARN]: Can't keep up! Is the server overloaded? Running 5210ms or 104 ticks behind
[12:42:52] [Server thread/INFO]: Stehsaer issued server command: /difficulty normal
[12:42:52] [Server thread/INFO]: [Stehsaer: The difficulty has been set to Normal]
[12:57:30] [Server thread/INFO]: Stehsaer issued server command: /difficulty easy
[12:57:30] [Server thread/INFO]: [Stehsaer: The difficulty has been set to Easy]
[13:02:11] [Server thread/INFO]: Stehsaer lost connection: Disconnected
[13:02:11] [Server thread/INFO]: Stehsaer left the game
[13:02:58] [User Authenticator #2/INFO]: UUID of player Stehsaer is 4ee78221-99b3-33bb-8da3-72c49ff039eb
[13:02:59] [Server thread/INFO]: Stehsaer[/192.168.100.27:53716] logged in with entity id 3204 at ([3-player Survival]-125.91977984159757, 95.0, -708.7452959240297)
[13:09:43] [Server thread/INFO]: Stehsaer issued server command: /difficulty normal
[13:09:43] [Server thread/INFO]: [Stehsaer: The difficulty has been set to Normal]
[13:12:46] [Server thread/INFO]: Stehsaer lost connection: Disconnected
[13:12:46] [Server thread/INFO]: Stehsaer left the game
[13:15:23] [User Authenticator #3/INFO]: UUID of player Stehsaer is 4ee78221-99b3-33bb-8da3-72c49ff039eb
[13:15:24] [Server thread/INFO]: Stehsaer[/192.168.100.27:53733] logged in with entity id 4065 at ([3-player Survival]-128.3301171064145, 71.0, -709.6999999880791)
[13:23:09] [Server thread/INFO]: Stehsaer lost connection: Disconnected
[13:23:09] [Server thread/INFO]: Stehsaer left the game
[14:17:12] [Server thread/INFO]: Stopping the server
[14:17:13] [Server thread/INFO]: Stopping server
[14:17:13] [Server thread/INFO]: [SpigotPing] Disabling SpigotPing v2.5
[14:17:13] [Server thread/INFO]: [SpigotPing] Cancelling tasks...
[14:17:13] [Server thread/INFO]: Saving players
[14:17:13] [Server thread/INFO]: Saving worlds
[14:17:13] [Server thread/INFO]: Saving chunks for level '3-player Survival'/minecraft:overworld
[14:17:13] [Server thread/INFO]: ThreadedAnvilChunkStorage (3-player Survival): All chunks are saved
[14:17:13] [Server thread/INFO]: Saving chunks for level '3-player Survival_nether'/minecraft:the_nether
[14:17:13] [Server thread/INFO]: ThreadedAnvilChunkStorage (DIM-1): All chunks are saved
[14:17:13] [Server thread/INFO]: Saving chunks for level '3-player Survival_the_end'/minecraft:the_end
[14:17:13] [Server thread/INFO]: ThreadedAnvilChunkStorage (DIM1): All chunks are saved
[14:17:13] [Server thread/INFO]: ThreadedAnvilChunkStorage (3-player Survival): All chunks are saved
[14:17:13] [Server thread/INFO]: ThreadedAnvilChunkStorage (DIM-1): All chunks are saved
[14:17:13] [Server thread/INFO]: ThreadedAnvilChunkStorage (DIM1): All chunks are saved
