[20:04:48] [Server thread/INFO]: Starting minecraft server version 1.15.2
[20:04:48] [Server thread/INFO]: Loading properties
[20:04:49] [Server thread/INFO]: This server is running Paper version git-Paper-98 (MC: 1.15.2) (Implementing API version 1.15.2-R0.1-SNAPSHOT)
[20:04:49] [Server thread/INFO]: Debug logging is disabled
[20:04:49] [Server thread/INFO]: Server Ping Player Sample Count: 12
[20:04:49] [Server thread/INFO]: Using 4 threads for Netty based IO
[20:04:50] [Server thread/INFO]: Default game type: SURVIVAL
[20:04:50] [Server thread/INFO]: Generating keypair
[20:04:50] [Server thread/INFO]: Starting Minecraft server on *:25565
[20:04:50] [Server thread/INFO]: Using default channel type
[20:04:56] [Server thread/WARN]: Initializing Legacy Material Support. Unless you have legacy plugins and/or data this is a bug!
[20:05:05] [Server thread/WARN]: Legacy plugin SpigotPing v2.5 does not specify an api-version.
[20:05:05] [Server thread/INFO]: [SpigotPing] Loading SpigotPing v2.5
[20:05:05] [Server thread/INFO]: Server permissions file permissions.yml is empty, ignoring it
[20:05:05] [Server thread/WARN]: **** SERVER IS RUNNING IN OFFLINE/INSECURE MODE!
[20:05:05] [Server thread/WARN]: The server will make no attempt to authenticate usernames. Beware.
[20:05:05] [Server thread/WARN]: While this makes the game possible to play without internet access, it also opens up the ability for hackers to connect with any username they choose.
[20:05:05] [Server thread/WARN]: To change this, set "online-mode" to "true" in the server.properties file.
[20:05:05] [Server thread/INFO]: Preparing level "3-player Survival"
[20:05:06] [Server thread/INFO]: Reloading ResourceManager: Default, bukkit
[20:05:10] [Server thread/INFO]: Loaded 6 recipes
[20:05:11] [Server thread/INFO]: -------- World Settings For [3-player Survival] --------
[20:05:11] [Server thread/INFO]: View Distance: 6
[20:05:11] [Server thread/INFO]: Hopper Transfer: 8 Hopper Check: 1 Hopper Amount: 1
[20:05:11] [Server thread/INFO]: Cactus Growth Modifier: 100%
[20:05:11] [Server thread/INFO]: Cane Growth Modifier: 100%
[20:05:11] [Server thread/INFO]: Melon Growth Modifier: 100%
[20:05:11] [Server thread/INFO]: Mushroom Growth Modifier: 100%
[20:05:11] [Server thread/INFO]: Pumpkin Growth Modifier: 100%
[20:05:11] [Server thread/INFO]: Sapling Growth Modifier: 100%
[20:05:11] [Server thread/INFO]: Beetroot Growth Modifier: 100%
[20:05:11] [Server thread/INFO]: Carrot Growth Modifier: 100%
[20:05:11] [Server thread/INFO]: Potato Growth Modifier: 100%
[20:05:11] [Server thread/INFO]: Wheat Growth Modifier: 100%
[20:05:11] [Server thread/INFO]: NetherWart Growth Modifier: 100%
[20:05:11] [Server thread/INFO]: Vine Growth Modifier: 100%
[20:05:11] [Server thread/INFO]: Cocoa Growth Modifier: 100%
[20:05:11] [Server thread/INFO]: Bamboo Growth Modifier: 100%
[20:05:11] [Server thread/INFO]: SweetBerry Growth Modifier: 100%
[20:05:11] [Server thread/INFO]: Kelp Growth Modifier: 100%
[20:05:11] [Server thread/INFO]: Entity Activation Range: An 32 / Mo 32 / Ra 48 / Mi 16 / Tiv true
[20:05:11] [Server thread/INFO]: Entity Tracking Range: Pl 48 / An 48 / Mo 48 / Mi 32 / Other 64
[20:05:11] [Server thread/INFO]: Experience Merge Radius: 3.0
[20:05:11] [Server thread/INFO]: Mob Spawn Range: 8
[20:05:11] [Server thread/INFO]: Custom Map Seeds:  Village: 10387312 Desert: 14357617 Igloo: 14357618 Jungle: 14357619 Swamp: 14357620 Monument: 10387313 Ocean: 14357621 Shipwreck: 165745295 Slime: 987234911
[20:05:11] [Server thread/INFO]: Max TNT Explosions: 100
[20:05:11] [Server thread/INFO]: Tile Max Tick Time: 50ms Entity max Tick Time: 50ms
[20:05:11] [Server thread/INFO]: Item Merge Radius: 2.5
[20:05:11] [Server thread/INFO]: Item Despawn Rate: 6000
[20:05:11] [Server thread/INFO]: Allow Zombie Pigmen to spawn from portal blocks: true
[20:05:11] [Server thread/INFO]: Zombie Aggressive Towards Villager: true
[20:05:11] [Server thread/INFO]: Arrow Despawn Rate: 1200 Trident Respawn Rate:1200
[20:05:11] [Server thread/INFO]: Nerfing mobs spawned from spawners: false
[20:05:11] [Server thread/INFO]: -------- World Settings For [3-player Survival_nether] --------
[20:05:11] [Server thread/INFO]: View Distance: 6
[20:05:11] [Server thread/INFO]: Hopper Transfer: 8 Hopper Check: 1 Hopper Amount: 1
[20:05:11] [Server thread/INFO]: Cactus Growth Modifier: 100%
[20:05:11] [Server thread/INFO]: Cane Growth Modifier: 100%
[20:05:11] [Server thread/INFO]: Melon Growth Modifier: 100%
[20:05:11] [Server thread/INFO]: Mushroom Growth Modifier: 100%
[20:05:11] [Server thread/INFO]: Pumpkin Growth Modifier: 100%
[20:05:11] [Server thread/INFO]: Sapling Growth Modifier: 100%
[20:05:11] [Server thread/INFO]: Beetroot Growth Modifier: 100%
[20:05:11] [Server thread/INFO]: Carrot Growth Modifier: 100%
[20:05:11] [Server thread/INFO]: Potato Growth Modifier: 100%
[20:05:11] [Server thread/INFO]: Wheat Growth Modifier: 100%
[20:05:11] [Server thread/INFO]: NetherWart Growth Modifier: 100%
[20:05:11] [Server thread/INFO]: Vine Growth Modifier: 100%
[20:05:11] [Server thread/INFO]: Cocoa Growth Modifier: 100%
[20:05:11] [Server thread/INFO]: Bamboo Growth Modifier: 100%
[20:05:11] [Server thread/INFO]: SweetBerry Growth Modifier: 100%
[20:05:11] [Server thread/INFO]: Kelp Growth Modifier: 100%
[20:05:11] [Server thread/INFO]: Entity Activation Range: An 32 / Mo 32 / Ra 48 / Mi 16 / Tiv true
[20:05:11] [Server thread/INFO]: Entity Tracking Range: Pl 48 / An 48 / Mo 48 / Mi 32 / Other 64
[20:05:11] [Server thread/INFO]: Experience Merge Radius: 3.0
[20:05:11] [Server thread/INFO]: Mob Spawn Range: 8
[20:05:11] [Server thread/INFO]: Custom Map Seeds:  Village: 10387312 Desert: 14357617 Igloo: 14357618 Jungle: 14357619 Swamp: 14357620 Monument: 10387313 Ocean: 14357621 Shipwreck: 165745295 Slime: 987234911
[20:05:11] [Server thread/INFO]: Max TNT Explosions: 100
[20:05:11] [Server thread/INFO]: Tile Max Tick Time: 50ms Entity max Tick Time: 50ms
[20:05:11] [Server thread/INFO]: Item Merge Radius: 2.5
[20:05:11] [Server thread/INFO]: Item Despawn Rate: 6000
[20:05:11] [Server thread/INFO]: Allow Zombie Pigmen to spawn from portal blocks: true
[20:05:11] [Server thread/INFO]: Zombie Aggressive Towards Villager: true
[20:05:11] [Server thread/INFO]: Arrow Despawn Rate: 1200 Trident Respawn Rate:1200
[20:05:11] [Server thread/INFO]: Nerfing mobs spawned from spawners: false
[20:05:11] [Server thread/INFO]: -------- World Settings For [3-player Survival_the_end] --------
[20:05:11] [Server thread/INFO]: View Distance: 6
[20:05:11] [Server thread/INFO]: Hopper Transfer: 8 Hopper Check: 1 Hopper Amount: 1
[20:05:11] [Server thread/INFO]: Cactus Growth Modifier: 100%
[20:05:11] [Server thread/INFO]: Cane Growth Modifier: 100%
[20:05:11] [Server thread/INFO]: Melon Growth Modifier: 100%
[20:05:11] [Server thread/INFO]: Mushroom Growth Modifier: 100%
[20:05:11] [Server thread/INFO]: Pumpkin Growth Modifier: 100%
[20:05:11] [Server thread/INFO]: Sapling Growth Modifier: 100%
[20:05:11] [Server thread/INFO]: Beetroot Growth Modifier: 100%
[20:05:11] [Server thread/INFO]: Carrot Growth Modifier: 100%
[20:05:11] [Server thread/INFO]: Potato Growth Modifier: 100%
[20:05:11] [Server thread/INFO]: Wheat Growth Modifier: 100%
[20:05:11] [Server thread/INFO]: NetherWart Growth Modifier: 100%
[20:05:11] [Server thread/INFO]: Vine Growth Modifier: 100%
[20:05:11] [Server thread/INFO]: Cocoa Growth Modifier: 100%
[20:05:11] [Server thread/INFO]: Bamboo Growth Modifier: 100%
[20:05:11] [Server thread/INFO]: SweetBerry Growth Modifier: 100%
[20:05:11] [Server thread/INFO]: Kelp Growth Modifier: 100%
[20:05:11] [Server thread/INFO]: Entity Activation Range: An 32 / Mo 32 / Ra 48 / Mi 16 / Tiv true
[20:05:11] [Server thread/INFO]: Entity Tracking Range: Pl 48 / An 48 / Mo 48 / Mi 32 / Other 64
[20:05:11] [Server thread/INFO]: Experience Merge Radius: 3.0
[20:05:11] [Server thread/INFO]: Mob Spawn Range: 8
[20:05:11] [Server thread/INFO]: Custom Map Seeds:  Village: 10387312 Desert: 14357617 Igloo: 14357618 Jungle: 14357619 Swamp: 14357620 Monument: 10387313 Ocean: 14357621 Shipwreck: 165745295 Slime: 987234911
[20:05:11] [Server thread/INFO]: Max TNT Explosions: 100
[20:05:11] [Server thread/INFO]: Tile Max Tick Time: 50ms Entity max Tick Time: 50ms
[20:05:11] [Server thread/INFO]: Item Merge Radius: 2.5
[20:05:11] [Server thread/INFO]: Item Despawn Rate: 6000
[20:05:11] [Server thread/INFO]: Allow Zombie Pigmen to spawn from portal blocks: true
[20:05:11] [Server thread/INFO]: Zombie Aggressive Towards Villager: true
[20:05:11] [Server thread/INFO]: Arrow Despawn Rate: 1200 Trident Respawn Rate:1200
[20:05:11] [Server thread/INFO]: Nerfing mobs spawned from spawners: false
[20:05:12] [Server thread/INFO]: Preparing start region for dimension '3-player Survival'/minecraft:overworld
[20:05:13] [Server thread/INFO]: Preparing spawn area: 0%
[20:05:13] [Server thread/INFO]: Preparing spawn area: 0%
[20:05:13] [Server thread/INFO]: Preparing spawn area: 0%
[20:05:13] [Server thread/INFO]: Preparing spawn area: 0%
[20:05:14] [Server thread/INFO]: Preparing spawn area: 0%
[20:05:14] [Server thread/INFO]: Preparing spawn area: 0%
[20:05:15] [Server thread/INFO]: Preparing spawn area: 1%
[20:05:15] [Server thread/INFO]: Preparing spawn area: 5%
[20:05:16] [Server thread/INFO]: Preparing spawn area: 37%
[20:05:16] [Server thread/INFO]: Preparing spawn area: 72%
[20:05:17] [Server thread/INFO]: Preparing spawn area: 93%
[20:05:17] [Server-Worker-1/INFO]: Preparing spawn area: 100%
[20:05:17] [Server thread/INFO]: Loaded 169 spawn chunks for world 3-player Survival
[20:05:17] [Server thread/INFO]: Time elapsed: 5781 ms
[20:05:17] [Server thread/INFO]: Preparing start region for dimension '3-player Survival_nether'/minecraft:the_nether
[20:05:17] [Server thread/INFO]: Preparing spawn area: 0%
[20:05:18] [Server thread/INFO]: Preparing spawn area: 12%
[20:05:18] [Server-Worker-2/INFO]: Preparing spawn area: 100%
[20:05:19] [Server thread/INFO]: Preparing spawn area: 100%
[20:05:19] [Server-Worker-1/INFO]: Preparing spawn area: 100%
[20:05:20] [Server thread/INFO]: Preparing spawn area: 100%
[20:05:20] [Server-Worker-2/INFO]: Preparing spawn area: 100%
[20:05:21] [Server-Worker-1/INFO]: Preparing spawn area: 100%
[20:05:21] [Server-Worker-1/INFO]: Preparing spawn area: 100%
[20:05:22] [Server-Worker-1/INFO]: Preparing spawn area: 100%
[20:05:22] [Server thread/INFO]: Loaded 169 spawn chunks for world 3-player Survival_nether
[20:05:22] [Server thread/INFO]: Time elapsed: 4579 ms
[20:05:22] [Server thread/INFO]: Preparing start region for dimension '3-player Survival_the_end'/minecraft:the_end
[20:05:22] [Server thread/INFO]: Preparing spawn area: 0%
[20:05:22] [Server-Worker-1/INFO]: Preparing spawn area: 100%
[20:05:23] [Server-Worker-2/INFO]: Preparing spawn area: 100%
[20:05:23] [Server thread/INFO]: Loaded 169 spawn chunks for world 3-player Survival_the_end
[20:05:23] [Server thread/INFO]: Time elapsed: 1497 ms
[20:05:23] [Server thread/INFO]: [SpigotPing] Enabling SpigotPing v2.5*
[20:05:23] [Server thread/INFO]: [SpigotPing] TabList is enabled, task added with a delay of 3 second/s.
[20:05:24] [Server thread/INFO]: Done (18.488s)! For help, type "help"
[20:05:24] [Server thread/INFO]: Timings Reset
[20:36:03] [User Authenticator #1/INFO]: UUID of player WANGYU20200214 is 4b5eda16-1e2a-35e4-8310-43dedfa9874c
[20:36:04] [Server thread/INFO]: WANGYU20200214[/127.0.0.1:57266] logged in with entity id 216 at ([3-player Survival]-125.94999998807909, 63.0, -635.7344651954614)
[20:36:56] [Server thread/INFO]: [Server] wait a minute, I need to prepare
[20:37:52] [User Authenticator #2/INFO]: UUID of player Stehsaer is 4ee78221-99b3-33bb-8da3-72c49ff039eb
[20:37:53] [Server thread/INFO]: Stehsaer[/192.168.100.27:57290] logged in with entity id 334 at ([3-player Survival]-106.18377121800636, 50.0, -631.8658808037625)
[20:38:04] [Server thread/WARN]: Can't keep up! Is the server overloaded? Running 5013ms or 100 ticks behind
[20:38:26] [Async Chat Thread - #0/INFO]: <Stehsaer> 我们去一下劫掠ta
[20:38:36] [Async Chat Thread - #0/INFO]: <Stehsaer> 我已经有隐身药水了
[20:38:41] [Async Chat Thread - #0/INFO]: <WANGYU20200214> wait
[20:39:38] [Server thread/INFO]: WANGYU20200214 lost connection: Disconnected
[20:39:38] [Server thread/INFO]: WANGYU20200214 left the game
[20:39:50] [Server thread/INFO]: Stehsaer lost connection: Disconnected
[20:39:50] [Server thread/INFO]: Stehsaer left the game
[20:48:11] [User Authenticator #3/INFO]: UUID of player PdAlphabet is f9f73a24-4e1a-36fa-ac74-a2f80f2cb457
[20:48:11] [Server thread/INFO]: PdAlphabet[/127.0.0.1:57463] logged in with entity id 458 at ([3-player Survival]-114.3261364831271, 63.0, -634.0655999511195)
[20:48:15] [User Authenticator #3/INFO]: UUID of player Stehsaer is 4ee78221-99b3-33bb-8da3-72c49ff039eb
[20:48:16] [Server thread/INFO]: Stehsaer[/192.168.100.27:57470] logged in with entity id 471 at ([3-player Survival]-105.40235854411944, 50.875, -627.5410298671168)
[20:49:11] [Server thread/INFO]: Stehsaer lost connection: Kicked by an operator
[20:49:11] [Server thread/INFO]: Stehsaer left the game
[20:49:11] [Server thread/INFO]: Kicked Stehsaer: Kicked by an operator
[20:49:11] [Server thread/WARN]: handleDisconnection() called twice
[20:50:01] [Async Chat Thread - #1/INFO]: <PdAlphabet> Anybody?
[20:50:11] [Server thread/INFO]: PdAlphabet lost connection: Disconnected
[20:50:11] [Server thread/INFO]: PdAlphabet left the game
[20:57:17] [User Authenticator #4/INFO]: UUID of player PdAlphabet is f9f73a24-4e1a-36fa-ac74-a2f80f2cb457
[20:57:17] [Server thread/INFO]: com.mojang.authlib.GameProfile@468f5eed[id=f9f73a24-4e1a-36fa-ac74-a2f80f2cb457,name=PdAlphabet,properties={},legacy=false] (/127.0.0.1:57528) lost connection: Disconnected
[20:57:47] [User Authenticator #4/INFO]: UUID of player PdAlphabet is f9f73a24-4e1a-36fa-ac74-a2f80f2cb457
[20:57:47] [Server thread/INFO]: PdAlphabet[/127.0.0.1:57532] logged in with entity id 610 at ([3-player Survival]-113.30159696678214, 63.0, -635.4368703216419)
[21:00:04] [User Authenticator #5/INFO]: UUID of player Stehsaer is 4ee78221-99b3-33bb-8da3-72c49ff039eb
[21:00:04] [Server thread/INFO]: Stehsaer[/192.168.100.27:57547] logged in with entity id 828 at ([3-player Survival]-114.1362292063983, 63.0, -630.8397496749969)
[21:00:48] [Async Chat Thread - #2/INFO]: <PdAlphabet> I can't change my skin.
[21:00:57] [Async Chat Thread - #2/INFO]: <Stehsaer> anyway
[21:01:38] [Async Chat Thread - #2/INFO]: <Stehsaer> go to 劫掠ta
[21:10:51] [Server thread/INFO]: PdAlphabet lost connection: Disconnected
[21:10:51] [Server thread/INFO]: PdAlphabet left the game
[21:11:07] [Server thread/WARN]: Can't keep up! Is the server overloaded? Running 5534ms or 110 ticks behind
[21:12:09] [User Authenticator #6/INFO]: UUID of player PdAlphabet is f9f73a24-4e1a-36fa-ac74-a2f80f2cb457
[21:12:10] [Server thread/INFO]: PdAlphabet[/127.0.0.1:57619] logged in with entity id 2965 at ([3-player Survival]-101.08437554585083, 63.0, -636.0856421066321)
[21:12:19] [Server thread/WARN]: PdAlphabet moved too quickly! -1.6152876797529956,0.0,10.63100994824947
[21:16:18] [Server thread/INFO]: PdAlphabet lost connection: Disconnected
[21:16:18] [Server thread/INFO]: PdAlphabet left the game
[21:26:39] [Server thread/INFO]: Stehsaer lost connection: Disconnected
[21:26:39] [Server thread/INFO]: Stehsaer left the game
[21:26:52] [Server thread/INFO]: Saving the game (this may take a moment!)
[21:26:52] [Server thread/INFO]: Saved the game
[21:26:54] [Server thread/INFO]: Stopping the server
[21:26:54] [Server thread/INFO]: Stopping server
[21:26:54] [Server thread/INFO]: [SpigotPing] Disabling SpigotPing v2.5
[21:26:54] [Server thread/INFO]: [SpigotPing] Cancelling tasks...
[21:26:54] [Server thread/INFO]: Saving players
[21:26:54] [Server thread/INFO]: Saving worlds
[21:26:54] [Server thread/INFO]: Saving chunks for level '3-player Survival'/minecraft:overworld
[21:26:54] [Server thread/INFO]: ThreadedAnvilChunkStorage (3-player Survival): All chunks are saved
[21:26:54] [Server thread/INFO]: Saving chunks for level '3-player Survival_nether'/minecraft:the_nether
[21:26:54] [Server thread/INFO]: ThreadedAnvilChunkStorage (DIM-1): All chunks are saved
[21:26:54] [Server thread/INFO]: Saving chunks for level '3-player Survival_the_end'/minecraft:the_end
[21:26:54] [Server thread/INFO]: ThreadedAnvilChunkStorage (DIM1): All chunks are saved
[21:26:54] [Server thread/INFO]: ThreadedAnvilChunkStorage (3-player Survival): All chunks are saved
[21:26:55] [Server thread/INFO]: ThreadedAnvilChunkStorage (DIM-1): All chunks are saved
[21:26:56] [Server thread/INFO]: ThreadedAnvilChunkStorage (DIM1): All chunks are saved
