[12:23:08] [Server thread/INFO]: Loading properties
[12:23:09] [Server thread/INFO]: This server is running Paper version git-Paper-98 (MC: 1.15.2) (Implementing API version 1.15.2-R0.1-SNAPSHOT)
[12:23:10] [Server thread/INFO]: Debug logging is disabled
[12:23:10] [Server thread/INFO]: Server Ping Player Sample Count: 12
[12:23:10] [Server thread/INFO]: Using 4 threads for Netty based IO
[12:23:11] [Server thread/INFO]: Default game type: SURVIVAL
[12:23:11] [Server thread/INFO]: Generating keypair
[12:23:11] [Server thread/INFO]: Starting Minecraft server on *:25565
[12:23:11] [Server thread/INFO]: Using default channel type
[12:23:17] [Server thread/WARN]: Initializing Legacy Material Support. Unless you have legacy plugins and/or data this is a bug!
[12:23:21] [Server thread/WARN]: Legacy plugin SpigotPing v2.5 does not specify an api-version.
[12:23:21] [Server thread/INFO]: [SpigotPing] Loading SpigotPing v2.5
[12:23:21] [Server thread/INFO]: Server permissions file permissions.yml is empty, ignoring it
[12:23:21] [Server thread/WARN]: **** SERVER IS RUNNING IN OFFLINE/INSECURE MODE!
[12:23:21] [Server thread/WARN]: The server will make no attempt to authenticate usernames. Beware.
[12:23:21] [Server thread/WARN]: While this makes the game possible to play without internet access, it also opens up the ability for hackers to connect with any username they choose.
[12:23:21] [Server thread/WARN]: To change this, set "online-mode" to "true" in the server.properties file.
[12:23:21] [Server thread/INFO]: Preparing level "3-player Survival"
[12:23:21] [Server thread/INFO]: Reloading ResourceManager: Default, bukkit
[12:23:23] [Server thread/INFO]: Loaded 6 recipes
[12:23:23] [Server thread/INFO]: -------- World Settings For [3-player Survival] --------
[12:23:23] [Server thread/INFO]: Nerfing mobs spawned from spawners: false
[12:23:23] [Server thread/INFO]: Item Despawn Rate: 6000
[12:23:23] [Server thread/INFO]: Item Merge Radius: 2.5
[12:23:23] [Server thread/INFO]: View Distance: 6
[12:23:23] [Server thread/INFO]: Arrow Despawn Rate: 1200 Trident Respawn Rate:1200
[12:23:23] [Server thread/INFO]: Allow Zombie Pigmen to spawn from portal blocks: true
[12:23:23] [Server thread/INFO]: Zombie Aggressive Towards Villager: true
[12:23:23] [Server thread/INFO]: Hopper Transfer: 8 Hopper Check: 1 Hopper Amount: 1
[12:23:23] [Server thread/INFO]: Entity Tracking Range: Pl 48 / An 48 / Mo 48 / Mi 32 / Other 64
[12:23:23] [Server thread/INFO]: Mob Spawn Range: 8
[12:23:23] [Server thread/INFO]: Experience Merge Radius: 3.0
[12:23:23] [Server thread/INFO]: Entity Activation Range: An 32 / Mo 32 / Ra 48 / Mi 16 / Tiv true
[12:23:23] [Server thread/INFO]: Cactus Growth Modifier: 100%
[12:23:23] [Server thread/INFO]: Cane Growth Modifier: 100%
[12:23:23] [Server thread/INFO]: Melon Growth Modifier: 100%
[12:23:23] [Server thread/INFO]: Mushroom Growth Modifier: 100%
[12:23:23] [Server thread/INFO]: Pumpkin Growth Modifier: 100%
[12:23:23] [Server thread/INFO]: Sapling Growth Modifier: 100%
[12:23:23] [Server thread/INFO]: Beetroot Growth Modifier: 100%
[12:23:23] [Server thread/INFO]: Carrot Growth Modifier: 100%
[12:23:23] [Server thread/INFO]: Potato Growth Modifier: 100%
[12:23:23] [Server thread/INFO]: Wheat Growth Modifier: 100%
[12:23:23] [Server thread/INFO]: NetherWart Growth Modifier: 100%
[12:23:23] [Server thread/INFO]: Vine Growth Modifier: 100%
[12:23:23] [Server thread/INFO]: Cocoa Growth Modifier: 100%
[12:23:23] [Server thread/INFO]: Bamboo Growth Modifier: 100%
[12:23:23] [Server thread/INFO]: SweetBerry Growth Modifier: 100%
[12:23:23] [Server thread/INFO]: Kelp Growth Modifier: 100%
[12:23:23] [Server thread/INFO]: Max TNT Explosions: 100
[12:23:23] [Server thread/INFO]: Tile Max Tick Time: 50ms Entity max Tick Time: 50ms
[12:23:23] [Server thread/INFO]: Custom Map Seeds:  Village: 10387312 Desert: 14357617 Igloo: 14357618 Jungle: 14357619 Swamp: 14357620 Monument: 10387313 Ocean: 14357621 Shipwreck: 165745295 Slime: 987234911
[12:23:24] [Server thread/INFO]: -------- World Settings For [3-player Survival_nether] --------
[12:23:24] [Server thread/INFO]: Nerfing mobs spawned from spawners: false
[12:23:24] [Server thread/INFO]: Item Despawn Rate: 6000
[12:23:24] [Server thread/INFO]: Item Merge Radius: 2.5
[12:23:24] [Server thread/INFO]: View Distance: 6
[12:23:24] [Server thread/INFO]: Arrow Despawn Rate: 1200 Trident Respawn Rate:1200
[12:23:24] [Server thread/INFO]: Allow Zombie Pigmen to spawn from portal blocks: true
[12:23:24] [Server thread/INFO]: Zombie Aggressive Towards Villager: true
[12:23:24] [Server thread/INFO]: Hopper Transfer: 8 Hopper Check: 1 Hopper Amount: 1
[12:23:24] [Server thread/INFO]: Entity Tracking Range: Pl 48 / An 48 / Mo 48 / Mi 32 / Other 64
[12:23:24] [Server thread/INFO]: Mob Spawn Range: 8
[12:23:24] [Server thread/INFO]: Experience Merge Radius: 3.0
[12:23:24] [Server thread/INFO]: Entity Activation Range: An 32 / Mo 32 / Ra 48 / Mi 16 / Tiv true
[12:23:24] [Server thread/INFO]: Cactus Growth Modifier: 100%
[12:23:24] [Server thread/INFO]: Cane Growth Modifier: 100%
[12:23:24] [Server thread/INFO]: Melon Growth Modifier: 100%
[12:23:24] [Server thread/INFO]: Mushroom Growth Modifier: 100%
[12:23:24] [Server thread/INFO]: Pumpkin Growth Modifier: 100%
[12:23:24] [Server thread/INFO]: Sapling Growth Modifier: 100%
[12:23:24] [Server thread/INFO]: Beetroot Growth Modifier: 100%
[12:23:24] [Server thread/INFO]: Carrot Growth Modifier: 100%
[12:23:24] [Server thread/INFO]: Potato Growth Modifier: 100%
[12:23:24] [Server thread/INFO]: Wheat Growth Modifier: 100%
[12:23:24] [Server thread/INFO]: NetherWart Growth Modifier: 100%
[12:23:24] [Server thread/INFO]: Vine Growth Modifier: 100%
[12:23:24] [Server thread/INFO]: Cocoa Growth Modifier: 100%
[12:23:24] [Server thread/INFO]: Bamboo Growth Modifier: 100%
[12:23:24] [Server thread/INFO]: SweetBerry Growth Modifier: 100%
[12:23:24] [Server thread/INFO]: Kelp Growth Modifier: 100%
[12:23:24] [Server thread/INFO]: Max TNT Explosions: 100
[12:23:24] [Server thread/INFO]: Tile Max Tick Time: 50ms Entity max Tick Time: 50ms
[12:23:24] [Server thread/INFO]: Custom Map Seeds:  Village: 10387312 Desert: 14357617 Igloo: 14357618 Jungle: 14357619 Swamp: 14357620 Monument: 10387313 Ocean: 14357621 Shipwreck: 165745295 Slime: 987234911
[12:23:24] [Server thread/INFO]: -------- World Settings For [3-player Survival_the_end] --------
[12:23:24] [Server thread/INFO]: Nerfing mobs spawned from spawners: false
[12:23:24] [Server thread/INFO]: Item Despawn Rate: 6000
[12:23:24] [Server thread/INFO]: Item Merge Radius: 2.5
[12:23:24] [Server thread/INFO]: View Distance: 6
[12:23:24] [Server thread/INFO]: Arrow Despawn Rate: 1200 Trident Respawn Rate:1200
[12:23:24] [Server thread/INFO]: Allow Zombie Pigmen to spawn from portal blocks: true
[12:23:24] [Server thread/INFO]: Zombie Aggressive Towards Villager: true
[12:23:24] [Server thread/INFO]: Hopper Transfer: 8 Hopper Check: 1 Hopper Amount: 1
[12:23:24] [Server thread/INFO]: Entity Tracking Range: Pl 48 / An 48 / Mo 48 / Mi 32 / Other 64
[12:23:24] [Server thread/INFO]: Mob Spawn Range: 8
[12:23:24] [Server thread/INFO]: Experience Merge Radius: 3.0
[12:23:24] [Server thread/INFO]: Entity Activation Range: An 32 / Mo 32 / Ra 48 / Mi 16 / Tiv true
[12:23:24] [Server thread/INFO]: Cactus Growth Modifier: 100%
[12:23:24] [Server thread/INFO]: Cane Growth Modifier: 100%
[12:23:24] [Server thread/INFO]: Melon Growth Modifier: 100%
[12:23:24] [Server thread/INFO]: Mushroom Growth Modifier: 100%
[12:23:24] [Server thread/INFO]: Pumpkin Growth Modifier: 100%
[12:23:24] [Server thread/INFO]: Sapling Growth Modifier: 100%
[12:23:24] [Server thread/INFO]: Beetroot Growth Modifier: 100%
[12:23:24] [Server thread/INFO]: Carrot Growth Modifier: 100%
[12:23:24] [Server thread/INFO]: Potato Growth Modifier: 100%
[12:23:24] [Server thread/INFO]: Wheat Growth Modifier: 100%
[12:23:24] [Server thread/INFO]: NetherWart Growth Modifier: 100%
[12:23:24] [Server thread/INFO]: Vine Growth Modifier: 100%
[12:23:24] [Server thread/INFO]: Cocoa Growth Modifier: 100%
[12:23:24] [Server thread/INFO]: Bamboo Growth Modifier: 100%
[12:23:24] [Server thread/INFO]: SweetBerry Growth Modifier: 100%
[12:23:24] [Server thread/INFO]: Kelp Growth Modifier: 100%
[12:23:24] [Server thread/INFO]: Max TNT Explosions: 100
[12:23:24] [Server thread/INFO]: Tile Max Tick Time: 50ms Entity max Tick Time: 50ms
[12:23:24] [Server thread/INFO]: Custom Map Seeds:  Village: 10387312 Desert: 14357617 Igloo: 14357618 Jungle: 14357619 Swamp: 14357620 Monument: 10387313 Ocean: 14357621 Shipwreck: 165745295 Slime: 987234911
[12:23:24] [Server thread/INFO]: Preparing start region for dimension '3-player Survival'/minecraft:overworld
[12:23:25] [Server thread/INFO]: Preparing spawn area: 0%
[12:23:25] [Server thread/INFO]: Preparing spawn area: 0%
[12:23:25] [Server thread/INFO]: Preparing spawn area: 0%
[12:23:25] [Server thread/INFO]: Preparing spawn area: 2%
[12:23:26] [Server thread/INFO]: Preparing spawn area: 41%
[12:23:26] [Server thread/INFO]: Preparing spawn area: 98%
[12:23:27] [Server thread/INFO]: Loaded 169 spawn chunks for world 3-player Survival
[12:23:27] [Server thread/INFO]: Time elapsed: 2949 ms
[12:23:27] [Server thread/INFO]: Preparing start region for dimension '3-player Survival_nether'/minecraft:the_nether
[12:23:27] [Server thread/INFO]: Preparing spawn area: 0%
[12:23:27] [Server thread/INFO]: Preparing spawn area: 40%
[12:23:28] [Server-Worker-1/INFO]: Preparing spawn area: 100%
[12:23:28] [Server-Worker-2/INFO]: Preparing spawn area: 100%
[12:23:29] [Server-Worker-2/INFO]: Preparing spawn area: 100%
[12:23:29] [Server-Worker-2/INFO]: Preparing spawn area: 100%
[12:23:30] [Server-Worker-1/INFO]: Preparing spawn area: 100%
[12:23:30] [Server thread/INFO]: Loaded 169 spawn chunks for world 3-player Survival_nether
[12:23:30] [Server thread/INFO]: Time elapsed: 3266 ms
[12:23:30] [Server thread/INFO]: Preparing start region for dimension '3-player Survival_the_end'/minecraft:the_end
[12:23:30] [Server thread/INFO]: Preparing spawn area: 0%
[12:23:30] [Server-Worker-1/INFO]: Preparing spawn area: 100%
[12:23:31] [Server-Worker-2/INFO]: Preparing spawn area: 100%
[12:23:31] [Server thread/INFO]: Loaded 169 spawn chunks for world 3-player Survival_the_end
[12:23:31] [Server thread/INFO]: Time elapsed: 1067 ms
[12:23:31] [Server thread/INFO]: [SpigotPing] Enabling SpigotPing v2.5*
[12:23:31] [Server thread/INFO]: [SpigotPing] TabList is enabled, task added with a delay of 3 second/s.
[12:23:31] [Server thread/INFO]: Done (10.267s)! For help, type "help"
[12:23:31] [Server thread/INFO]: Timings Reset
[12:31:37] [User Authenticator #1/INFO]: UUID of player Stehsaer is 4ee78221-99b3-33bb-8da3-72c49ff039eb
[12:31:39] [Server thread/INFO]: Stehsaer[/192.168.100.27:49379] logged in with entity id 139 at ([3-player Survival]-102.96500029124587, 63.5625, -628.6886363722823)
[12:31:49] [Server thread/WARN]: Can't keep up! Is the server overloaded? Running 5115ms or 102 ticks behind
[12:32:31] [Server thread/WARN]: Can't keep up! Is the server overloaded? Running 11666ms or 233 ticks behind
[12:35:14] [User Authenticator #2/INFO]: UUID of player cwXiaoYu is baf8c5c5-45db-3353-b7b9-1fab32f4b0da
[12:35:15] [Server thread/INFO]: cwXiaoYu[/127.0.0.1:49385] logged in with entity id 579 at ([3-player Survival]70.43950165631728, 12.0, -703.3331796769287)
[12:36:13] [Async Chat Thread - #0/INFO]: <Stehsaer> ni xian xia kuang
[12:36:27] [Async Chat Thread - #0/INFO]: <cwXiaoYu> kan wo xue liang
[12:36:33] [Async Chat Thread - #0/INFO]: <Stehsaer> oh blyat
[12:38:14] [Server thread/INFO]: Stehsaer issued server command: /difficulty normal
[12:38:14] [Server thread/INFO]: [Stehsaer: The difficulty has been set to Normal]
[12:39:52] [Async Chat Thread - #1/INFO]: <cwXiaoYu> 挖到一个新的矿脉，被女巫毒了
[12:40:02] [Async Chat Thread - #1/INFO]: <Stehsaer> !!!
[12:40:12] [Async Chat Thread - #1/INFO]: <Stehsaer> zou ba qu xia kuang
[12:40:17] [Server thread/INFO]: Stehsaer issued server command: /difficulty easy
[12:40:17] [Server thread/INFO]: [Stehsaer: The difficulty has been set to Easy]
[12:40:24] [Async Chat Thread - #1/INFO]: <cwXiaoYu> shi yun gao
[12:40:33] [Async Chat Thread - #1/INFO]: <Stehsaer> youde ,shiyn 1
[12:40:46] [Async Chat Thread - #1/INFO]: <cwXiaoYu> wa zhuan sshi
[12:40:52] [Async Chat Thread - #1/INFO]: <Stehsaer> ok\
[12:41:09] [Async Chat Thread - #1/INFO]: <cwXiaoYu> ping
[12:41:12] [Server thread/INFO]: cwXiaoYu issued server command: /ping
[12:41:12] [Server thread/INFO]: [SpigotPing] Can not play a sound. The specified sound-type is not available in your server version, please ensure to read carefully the config file.
[12:41:19] [Async Chat Thread - #1/INFO]: <Stehsaer> !!!
[12:41:41] [Server thread/INFO]: Stehsaer lost connection: Disconnected
[12:41:41] [Server thread/INFO]: Stehsaer left the game
[12:41:47] [Async Chat Thread - #1/INFO]: <cwXiaoYu> wtf?
[12:43:30] [User Authenticator #3/INFO]: UUID of player Stehsaer is 4ee78221-99b3-33bb-8da3-72c49ff039eb
[12:43:31] [Server thread/INFO]: Stehsaer[/192.168.100.27:49437] logged in with entity id 1627 at ([3-player Survival]-37.73417230716922, 13.0, -680.3589315144601)
[12:43:36] [Async Chat Thread - #2/INFO]: <Stehsaer> where are you
[12:43:38] [Async Chat Thread - #2/INFO]: <Stehsaer> i'm back
[12:43:43] [Async Chat Thread - #2/INFO]: <cwXiaoYu> wait
[12:44:36] [Async Chat Thread - #2/INFO]: <Stehsaer> 7!
[12:44:40] [Async Chat Thread - #2/INFO]: <cwXiaoYu> wow
[12:44:48] [Async Chat Thread - #2/INFO]: <Stehsaer> 7个钻石，4个钻石矿
[12:45:02] [Async Chat Thread - #2/INFO]: <cwXiaoYu> that good
[12:45:29] [Async Chat Thread - #2/INFO]: <Stehsaer> fuck
[12:46:41] [Server thread/INFO]: Stehsaer tried to swim in lava
[12:46:48] [Async Chat Thread - #3/INFO]: <Stehsaer> blyat
[12:46:53] [Server thread/INFO]: cwXiaoYu was shot by Skeleton
[12:47:02] [Server thread/INFO]: Stehsaer issued server command: /tp Stehsaer cwXiaoYu
[12:47:02] [Server thread/INFO]: [Stehsaer: Teleported Stehsaer to cwXiaoYu]
[12:47:13] [Async Chat Thread - #3/INFO]: <cwXiaoYu> my ping is high
[12:47:26] [Async Chat Thread - #3/INFO]: <cwXiaoYu> so i died
[12:48:15] [Async Chat Thread - #3/INFO]: <Stehsaer> ?
[12:48:42] [Async Chat Thread - #3/INFO]: <cwXiaoYu> suddenly a little white just staned in front of my face
[12:50:28] [Async Chat Thread - #4/INFO]: <Stehsaer> wehre are you
[12:51:54] [Async Chat Thread - #5/INFO]: <Stehsaer> use shiyun
[12:52:09] [Async Chat Thread - #5/INFO]: <cwXiaoYu> red stone is enough
[12:52:28] [Async Chat Thread - #5/INFO]: <Stehsaer> nothing
[12:52:41] [Async Chat Thread - #5/INFO]: <cwXiaoYu> have a try
[12:52:53] [Async Chat Thread - #5/INFO]: <cwXiaoYu> this is in the y 11
[12:53:01] [Async Chat Thread - #5/INFO]: <Stehsaer> wehre are you
[12:53:34] [Async Chat Thread - #5/INFO]: <cwXiaoYu> go
[12:53:44] [Async Chat Thread - #5/INFO]: <cwXiaoYu> leave here
[12:54:46] [Server thread/INFO]: Stehsaer tried to swim in lava
[12:54:54] [Server thread/INFO]: Stehsaer issued server command: /tp Stehsaer cwXiaoYu
[12:54:54] [Server thread/INFO]: [Stehsaer: Teleported Stehsaer to cwXiaoYu]
[12:54:57] [Async Chat Thread - #6/INFO]: <cwXiaoYu> hh
[12:54:59] [Server thread/INFO]: cwXiaoYu was blown up by Creeper
[12:55:02] [Server thread/INFO]: Stehsaer tried to swim in lava
[12:55:06] [Async Chat Thread - #6/INFO]: <cwXiaoYu> wtf?
[12:55:09] [Async Chat Thread - #6/INFO]: <Stehsaer> ??????
[12:55:16] [Async Chat Thread - #6/INFO]: <cwXiaoYu> i have no seen it
[12:55:22] [Async Chat Thread - #6/INFO]: <Stehsaer> 大难不死，必有补刀
[12:55:31] [Async Chat Thread - #6/INFO]: <Stehsaer> :(
[12:55:40] [Async Chat Thread - #6/INFO]: <cwXiaoYu> to be continued
[12:55:56] [Async Chat Thread - #6/INFO]: <cwXiaoYu> 标准结局
[12:56:05] [Async Chat Thread - #6/INFO]: <Stehsaer> to be continued
[13:01:34] [Async Chat Thread - #7/INFO]: <cwXiaoYu> hey
[13:01:37] [Async Chat Thread - #7/INFO]: <Stehsaer> ?
[13:01:41] [Async Chat Thread - #7/INFO]: <cwXiaoYu> where are u
[13:01:42] [Async Chat Thread - #7/INFO]: <Stehsaer> I am enchanting
[13:01:44] [Async Chat Thread - #7/INFO]: <Stehsaer> at home
[13:01:59] [Async Chat Thread - #7/INFO]: <cwXiaoYu> come to me
[13:02:08] [Async Chat Thread - #7/INFO]: <Stehsaer> ok
[13:02:08] [Async Chat Thread - #7/INFO]: <cwXiaoYu> zhuan shi
[13:02:16] [Async Chat Thread - #7/INFO]: <cwXiaoYu> one
[13:02:24] [Async Chat Thread - #7/INFO]: <Stehsaer> i'm coming
[13:02:27] [Async Chat Thread - #7/INFO]: <cwXiaoYu> just tp
[13:02:41] [Server thread/INFO]: Stehsaer issued server command: /tp Stehsaer cwXiaoYu
[13:02:41] [Server thread/INFO]: [Stehsaer: Teleported Stehsaer to cwXiaoYu]
[13:03:13] [Async Chat Thread - #7/INFO]: <cwXiaoYu> do u have huo ba
[13:03:23] [Async Chat Thread - #7/INFO]: <Stehsaer> yes
[13:05:00] [Async Chat Thread - #8/INFO]: <cwXiaoYu> i back
[13:05:11] [Async Chat Thread - #8/INFO]: <cwXiaoYu> back home in tp
[13:05:18] [Server thread/INFO]: Stehsaer issued server command: /tp Stehsaer cw
[13:05:23] [Server thread/INFO]: Stehsaer issued server command: /tp Stehsaer cwXiaoYu
[13:05:23] [Server thread/INFO]: [Stehsaer: Teleported Stehsaer to cwXiaoYu]
[13:05:23] [Server thread/WARN]: Stehsaer moved too quickly! -27.82613896276915,-10.0,-62.4949353019075
[13:06:12] [Async Chat Thread - #9/INFO]: <cwXiaoYu> i have lunch
[13:06:14] [Async Chat Thread - #9/INFO]: <cwXiaoYu> see u
[13:06:19] [Async Chat Thread - #9/INFO]: <Stehsaer> cu
[13:06:33] [Server thread/INFO]: cwXiaoYu lost connection: Disconnected
[13:06:33] [Server thread/INFO]: cwXiaoYu left the game
[13:07:38] [Server thread/INFO]: Stehsaer issued server command: /difficulty normal
[13:07:38] [Server thread/INFO]: [Stehsaer: The difficulty has been set to Normal]
[13:18:31] [Server thread/INFO]: Stehsaer issued server command: /difficulty easy
[13:18:31] [Server thread/INFO]: [Stehsaer: The difficulty has been set to Easy]
[13:18:54] [Server thread/INFO]: Stehsaer issued server command: /difficulty normal
[13:18:54] [Server thread/INFO]: [Stehsaer: The difficulty has been set to Normal]
[13:22:04] [Server thread/INFO]: Stehsaer lost connection: Disconnected
[13:22:04] [Server thread/INFO]: Stehsaer left the game
[13:22:06] [User Authenticator #4/INFO]: UUID of player Stehsaer is 4ee78221-99b3-33bb-8da3-72c49ff039eb
[13:22:07] [Server thread/INFO]: Stehsaer[/192.168.100.27:49526] logged in with entity id 6287 at ([3-player Survival]-127.98771527792488, 70.0, -708.5810788795401)
[13:22:53] [Server thread/INFO]: Stehsaer lost connection: Disconnected
[13:22:53] [Server thread/INFO]: Stehsaer left the game
[13:48:02] [Server thread/INFO]: There are 0 of a max 3 players online: 
[13:48:11] [User Authenticator #5/INFO]: UUID of player Stehsaer is 4ee78221-99b3-33bb-8da3-72c49ff039eb
[13:48:11] [Server thread/INFO]: Stehsaer[/192.168.100.27:49568] logged in with entity id 6355 at ([3-player Survival]-127.96403343015726, 70.0, -708.5610988959226)
[13:48:15] [Server thread/INFO]: Stehsaer lost connection: Disconnected
[13:48:15] [Server thread/INFO]: Stehsaer left the game
[13:48:22] [User Authenticator #5/INFO]: UUID of player Stehsaer is 4ee78221-99b3-33bb-8da3-72c49ff039eb
[13:48:22] [Server thread/INFO]: Stehsaer[/192.168.100.27:49570] logged in with entity id 6370 at ([3-player Survival]-127.96403343015726, 70.0, -708.5610988959226)
[14:23:32] [Server thread/INFO]: Stehsaer issued server command: /difficulty easy
[14:23:32] [Server thread/INFO]: [Stehsaer: The difficulty has been set to Easy]
[14:31:08] [Server thread/INFO]: Stehsaer issued server command: /kill
[14:31:08] [Server thread/INFO]: Stehsaer fell out of the world
[14:31:08] [Server thread/INFO]: [Stehsaer: Killed Stehsaer]
[14:32:25] [Async Chat Thread - #10/INFO]: <Stehsaer> I'll keep going
[14:32:35] [Async Chat Thread - #10/INFO]: <Stehsaer> do you want to see it
[14:35:39] [Server thread/INFO]: Stehsaer issued server command: /difficulty normal
[14:35:39] [Server thread/INFO]: [Stehsaer: The difficulty has been set to Normal]
[14:50:40] [Server thread/INFO]: Stehsaer issued server command: /difficulty normal
[15:01:08] [Server thread/INFO]: Stehsaer lost connection: Disconnected
[15:01:08] [Server thread/INFO]: Stehsaer left the game
[15:02:25] [User Authenticator #6/INFO]: UUID of player Stehsaer is 4ee78221-99b3-33bb-8da3-72c49ff039eb
[15:02:26] [Server thread/INFO]: Stehsaer[/192.168.100.27:50082] logged in with entity id 12999 at ([3-player Survival]-128.54928317386288, 70.0, -709.5358466231944)
[15:14:58] [Server thread/INFO]: Stehsaer lost connection: Disconnected
[15:14:58] [Server thread/INFO]: Stehsaer left the game
[15:20:27] [Server thread/WARN]: Can't keep up! Is the server overloaded? Running 5041ms or 100 ticks behind
[15:21:54] [User Authenticator #7/INFO]: UUID of player Stehsaer is 4ee78221-99b3-33bb-8da3-72c49ff039eb
[15:21:56] [Server thread/INFO]: Stehsaer[/192.168.100.27:50275] logged in with entity id 13978 at ([3-player Survival]-113.23647491162566, 62.9375, -637.0038191075726)
[15:43:07] [User Authenticator #8/INFO]: UUID of player cwXiaoYu is baf8c5c5-45db-3353-b7b9-1fab32f4b0da
[15:43:07] [Server thread/INFO]: cwXiaoYu[/127.0.0.1:50379] logged in with entity id 15752 at ([3-player Survival]-77.49239432647988, 27.0, -695.6970325178739)
[15:45:08] [Server thread/WARN]: Can't keep up! Is the server overloaded? Running 5199ms or 103 ticks behind
[15:46:54] [Async Chat Thread - #11/INFO]: <Stehsaer> qu shua guai
[15:47:07] [Server thread/INFO]: Stehsaer issued server command: /difficulty normal
[15:48:03] [Async Chat Thread - #12/INFO]: <Stehsaer> ni ren ne
[15:48:40] [Async Chat Thread - #12/INFO]: <Stehsaer> 我都上钻石剑了
[15:48:48] [Async Chat Thread - #12/INFO]: <Stehsaer> 还附魔了一些挺好地属性
[15:49:02] [Async Chat Thread - #12/INFO]: <cwXiaoYu> 打龙！
[15:49:09] [Async Chat Thread - #12/INFO]: <Stehsaer> 早着呢
[15:49:17] [Async Chat Thread - #12/INFO]: <cwXiaoYu> 找小黑玩
[15:49:25] [Async Chat Thread - #12/INFO]: <Stehsaer> 我们估计要中考之后才有能力去打龙
[15:49:30] [Async Chat Thread - #12/INFO]: <cwXiaoYu> it 's ok
[15:49:51] [Async Chat Thread - #12/INFO]: <cwXiaoYu> e
[15:50:02] [Async Chat Thread - #12/INFO]: <Stehsaer> 其实我们可以把刷怪塔建在海上
[15:50:07] [Async Chat Thread - #12/INFO]: <Stehsaer> 效率会高很多
[15:50:20] [Async Chat Thread - #12/INFO]: <cwXiaoYu> creeper
[15:51:55] [Server thread/INFO]: cwXiaoYu was shot by Skeleton
[15:52:05] [Server thread/INFO]: cwXiaoYu issued server command: /ping
[15:52:05] [Server thread/INFO]: [SpigotPing] Can not play a sound. The specified sound-type is not available in your server version, please ensure to read carefully the config file.
[15:52:15] [Async Chat Thread - #13/INFO]: <cwXiaoYu> my ping is high
[15:52:20] [Async Chat Thread - #13/INFO]: <Stehsaer> 三下搞定僵尸
[15:52:20] [Async Chat Thread - #13/INFO]: <cwXiaoYu> fuck
[15:52:25] [Async Chat Thread - #13/INFO]: <cwXiaoYu> twice
[15:54:20] [Server thread/INFO]: Stehsaer lost connection: Disconnected
[15:54:20] [Server thread/INFO]: Stehsaer left the game
[15:55:02] [User Authenticator #9/INFO]: UUID of player Stehsaer is 4ee78221-99b3-33bb-8da3-72c49ff039eb
[15:55:02] [Server thread/INFO]: Stehsaer[/192.168.100.27:50436] logged in with entity id 17096 at ([3-player Survival]-128.62151577330258, 72.0, -706.5299117851275)
[15:57:15] [Server thread/INFO]: Stehsaer lost connection: Disconnected
[15:57:15] [Server thread/INFO]: Stehsaer left the game
[15:58:17] [User Authenticator #10/INFO]: UUID of player Stehsaer is 4ee78221-99b3-33bb-8da3-72c49ff039eb
[15:58:17] [Server thread/INFO]: Stehsaer[/192.168.100.27:50447] logged in with entity id 17478 at ([3-player Survival]-117.92064568266306, 62.9375, -652.8147859540261)
[16:01:01] [Async Chat Thread - #14/INFO]: <Stehsaer> 为什么附魔这么差
[16:01:10] [Async Chat Thread - #14/INFO]: <Stehsaer> 怀疑人生
[16:01:24] [Async Chat Thread - #14/INFO]: <cwXiaoYu> make some book
[16:01:26] [Async Chat Thread - #14/INFO]: <Stehsaer> 我是非洲人吗
[16:03:03] [Async Chat Thread - #15/INFO]: <Stehsaer> ???!
[16:03:09] [Async Chat Thread - #15/INFO]: <Stehsaer> 没用地
[16:03:16] [Async Chat Thread - #15/INFO]: <Stehsaer> 最多15个
[16:03:27] [Async Chat Thread - #15/INFO]: <Stehsaer> 当然，这样挺漂亮
[16:03:39] [Async Chat Thread - #15/INFO]: <cwXiaoYu> 我们这只能搞得9个
[16:03:46] [Async Chat Thread - #15/INFO]: <Stehsaer> why
[16:03:56] [Async Chat Thread - #15/INFO]: <Stehsaer> 这样是对的
[16:04:07] [Async Chat Thread - #15/INFO]: <Stehsaer> 我们有30级
[16:04:36] [Async Chat Thread - #15/INFO]: <cwXiaoYu> 效率4.。。
[16:04:42] [Async Chat Thread - #15/INFO]: <Stehsaer> 对啊，垃圾
[16:05:25] [Async Chat Thread - #15/INFO]: <Stehsaer> 我们这里可以建什么
[16:06:00] [Server thread/INFO]: cwXiaoYu has made the advancement [A Seedy Place]
[16:11:09] [Server thread/INFO]: cwXiaoYu has made the advancement [The Parrots and the Bats]
[16:11:13] [Async Chat Thread - #16/INFO]: <Stehsaer> ???
[16:13:19] [Async Chat Thread - #17/INFO]: <Stehsaer> 你知道pewdiepie吗
[16:13:40] [Async Chat Thread - #17/INFO]: <cwXiaoYu> fuck
[16:13:48] [Async Chat Thread - #17/INFO]: <cwXiaoYu> the cow is mad
[16:13:54] [Async Chat Thread - #17/INFO]: <Stehsaer> too many
[16:15:26] [Server thread/INFO]: Stehsaer issued server command: /title @a actionbar [{"text":"Cyka Blyat","color":"orange"}]
[16:15:26] [Server thread/INFO]: [Stehsaer: Showing new actionbar title for 2 players]
[16:15:34] [Server thread/INFO]: Stehsaer issued server command: /title @a actionbar [{"text":"Cyka Blyat","color":"orange"}]
[16:15:34] [Server thread/INFO]: [Stehsaer: Showing new actionbar title for 2 players]
[16:15:40] [Server thread/INFO]: Stehsaer issued server command: /title @a actionbar [{"text":"Cyka Blyat","color":"orange"}]
[16:15:40] [Server thread/INFO]: [Stehsaer: Showing new actionbar title for 2 players]
[16:15:54] [Server thread/INFO]: Stehsaer issued server command: /title @a subtitle [{"text":"Cyka Blyat","color":"orange"}]
[16:15:54] [Server thread/INFO]: [Stehsaer: Showing new subtitle for 2 players]
[16:16:00] [Server thread/INFO]: Stehsaer issued server command: /title @a subtitle [{"text":"Cyka Blyat","color":"orange"}]
[16:16:00] [Server thread/INFO]: [Stehsaer: Showing new subtitle for 2 players]
[16:16:07] [Async Chat Thread - #18/INFO]: <cwXiaoYu> i quit
[16:16:10] [Server thread/INFO]: Stehsaer issued server command: /title @a title [{"text":"Cyka Blyat","color":"orange"}]
[16:16:10] [Server thread/INFO]: [Stehsaer: Showing new title for 2 players]
[16:16:11] [Server thread/INFO]: cwXiaoYu lost connection: Disconnected
[16:16:11] [Server thread/INFO]: cwXiaoYu left the game
[16:16:17] [Server thread/INFO]: Stehsaer lost connection: Disconnected
[16:16:17] [Server thread/INFO]: Stehsaer left the game
[16:44:50] [Server thread/INFO]: Saving the game (this may take a moment!)
[16:44:51] [Server thread/INFO]: Saved the game
[17:26:31] [User Authenticator #11/INFO]: UUID of player Stehsaer is 4ee78221-99b3-33bb-8da3-72c49ff039eb
[17:26:32] [Server thread/INFO]: Stehsaer[/192.168.100.27:51460] logged in with entity id 19702 at ([3-player Survival]-100.11691242499911, 63.0, -633.0576012726629)
[17:26:57] [Server thread/INFO]: Stehsaer lost connection: Disconnected
[17:26:57] [Server thread/INFO]: Stehsaer left the game
[17:27:07] [User Authenticator #11/INFO]: UUID of player Stehsaer is 4ee78221-99b3-33bb-8da3-72c49ff039eb
[17:27:07] [Server thread/INFO]: Stehsaer[/192.168.100.27:51467] logged in with entity id 19748 at ([3-player Survival]-123.42502781774003, 69.0, -666.7406115092448)
[17:41:29] [Server thread/INFO]: Stehsaer issued server command: /pingreload
[17:41:29] [Server thread/INFO]: [SpigotPing] Reloading the plugin...
[17:41:29] [Server thread/INFO]: [SpigotPing] TabList is enabled, task added with a delay of 3 second/s.
[17:41:29] [Server thread/INFO]: [SpigotPing] Plugin reloaded.
[17:41:34] [Server thread/INFO]: Stehsaer issued server command: /help
[17:42:05] [Server thread/INFO]: Stehsaer lost connection: Disconnected
[17:42:05] [Server thread/INFO]: Stehsaer left the game
[18:17:50] [Server thread/INFO]: Stopping server
[18:17:51] [Server thread/INFO]: [SpigotPing] Disabling SpigotPing v2.5
[18:17:51] [Server thread/INFO]: [SpigotPing] Cancelling tasks...
[18:17:52] [Server thread/INFO]: Saving players
[18:17:52] [Server thread/INFO]: Saving worlds
[18:17:52] [Server thread/INFO]: Saving chunks for level '3-player Survival'/minecraft:overworld
[18:17:53] [Server thread/INFO]: ThreadedAnvilChunkStorage (3-player Survival): All chunks are saved
[18:17:53] [Server thread/INFO]: Saving chunks for level '3-player Survival_nether'/minecraft:the_nether
[18:17:53] [Server thread/INFO]: ThreadedAnvilChunkStorage (DIM-1): All chunks are saved
[18:17:53] [Server thread/INFO]: Saving chunks for level '3-player Survival_the_end'/minecraft:the_end
[18:17:53] [Server thread/INFO]: ThreadedAnvilChunkStorage (DIM1): All chunks are saved
[18:17:53] [Server thread/INFO]: ThreadedAnvilChunkStorage (3-player Survival): All chunks are saved
[18:17:54] [Server thread/INFO]: ThreadedAnvilChunkStorage (DIM-1): All chunks are saved
[18:17:54] [Server thread/INFO]: ThreadedAnvilChunkStorage (DIM1): All chunks are saved
[NOTICE]: ABNORMAL ABORT.