[19:54:02] [Server thread/INFO]: Loading properties
[19:54:02] [Server thread/INFO]: This server is running Paper version git-Paper-98 (MC: 1.15.2) (Implementing API version 1.15.2-R0.1-SNAPSHOT)
[19:54:03] [Server thread/INFO]: Debug logging is disabled
[19:54:03] [Server thread/INFO]: Server Ping Player Sample Count: 12
[19:54:03] [Server thread/INFO]: Using 4 threads for Netty based IO
[19:54:03] [Server thread/INFO]: Default game type: SURVIVAL
[19:54:03] [Server thread/INFO]: Generating keypair
[19:54:03] [Server thread/INFO]: Starting Minecraft server on *:25565
[19:54:04] [Server thread/INFO]: Using default channel type
[19:54:11] [Server thread/WARN]: Initializing Legacy Material Support. Unless you have legacy plugins and/or data this is a bug!
[19:54:16] [Server thread/WARN]: Legacy plugin SpigotPing v2.5 does not specify an api-version.
[19:54:16] [Server thread/INFO]: [SpigotPing] Loading SpigotPing v2.5
[19:54:16] [Server thread/INFO]: Server permissions file permissions.yml is empty, ignoring it
[19:54:16] [Server thread/WARN]: **** SERVER IS RUNNING IN OFFLINE/INSECURE MODE!
[19:54:16] [Server thread/WARN]: The server will make no attempt to authenticate usernames. Beware.
[19:54:16] [Server thread/WARN]: While this makes the game possible to play without internet access, it also opens up the ability for hackers to connect with any username they choose.
[19:54:16] [Server thread/WARN]: To change this, set "online-mode" to "true" in the server.properties file.
[19:54:16] [Server thread/INFO]: Preparing level "3-player Survival"
[19:54:16] [Server thread/INFO]: Reloading ResourceManager: Default, bukkit
[19:54:17] [Server thread/INFO]: Loaded 6 recipes
[19:54:18] [Server thread/INFO]: -------- World Settings For [3-player Survival] --------
[19:54:18] [Server thread/INFO]: View Distance: 6
[19:54:18] [Server thread/INFO]: Item Despawn Rate: 6000
[19:54:18] [Server thread/INFO]: Item Merge Radius: 2.5
[19:54:18] [Server thread/INFO]: Arrow Despawn Rate: 1200 Trident Respawn Rate:1200
[19:54:18] [Server thread/INFO]: Allow Zombie Pigmen to spawn from portal blocks: true
[19:54:18] [Server thread/INFO]: Zombie Aggressive Towards Villager: true
[19:54:18] [Server thread/INFO]: Nerfing mobs spawned from spawners: false
[19:54:18] [Server thread/INFO]: Mob Spawn Range: 8
[19:54:18] [Server thread/INFO]: Experience Merge Radius: 3.0
[19:54:18] [Server thread/INFO]: Cactus Growth Modifier: 100%
[19:54:18] [Server thread/INFO]: Cane Growth Modifier: 100%
[19:54:18] [Server thread/INFO]: Melon Growth Modifier: 100%
[19:54:18] [Server thread/INFO]: Mushroom Growth Modifier: 100%
[19:54:18] [Server thread/INFO]: Pumpkin Growth Modifier: 100%
[19:54:18] [Server thread/INFO]: Sapling Growth Modifier: 100%
[19:54:18] [Server thread/INFO]: Beetroot Growth Modifier: 100%
[19:54:18] [Server thread/INFO]: Carrot Growth Modifier: 100%
[19:54:18] [Server thread/INFO]: Potato Growth Modifier: 100%
[19:54:18] [Server thread/INFO]: Wheat Growth Modifier: 100%
[19:54:18] [Server thread/INFO]: NetherWart Growth Modifier: 100%
[19:54:18] [Server thread/INFO]: Vine Growth Modifier: 100%
[19:54:18] [Server thread/INFO]: Cocoa Growth Modifier: 100%
[19:54:18] [Server thread/INFO]: Bamboo Growth Modifier: 100%
[19:54:18] [Server thread/INFO]: SweetBerry Growth Modifier: 100%
[19:54:18] [Server thread/INFO]: Kelp Growth Modifier: 100%
[19:54:18] [Server thread/INFO]: Entity Tracking Range: Pl 48 / An 48 / Mo 48 / Mi 32 / Other 64
[19:54:18] [Server thread/INFO]: Tile Max Tick Time: 50ms Entity max Tick Time: 50ms
[19:54:18] [Server thread/INFO]: Hopper Transfer: 8 Hopper Check: 1 Hopper Amount: 1
[19:54:18] [Server thread/INFO]: Max TNT Explosions: 100
[19:54:18] [Server thread/INFO]: Custom Map Seeds:  Village: 10387312 Desert: 14357617 Igloo: 14357618 Jungle: 14357619 Swamp: 14357620 Monument: 10387313 Ocean: 14357621 Shipwreck: 165745295 Slime: 987234911
[19:54:18] [Server thread/INFO]: Entity Activation Range: An 32 / Mo 32 / Ra 48 / Mi 16 / Tiv true
[19:54:18] [Server thread/INFO]: -------- World Settings For [3-player Survival_nether] --------
[19:54:18] [Server thread/INFO]: View Distance: 6
[19:54:18] [Server thread/INFO]: Item Despawn Rate: 6000
[19:54:18] [Server thread/INFO]: Item Merge Radius: 2.5
[19:54:18] [Server thread/INFO]: Arrow Despawn Rate: 1200 Trident Respawn Rate:1200
[19:54:18] [Server thread/INFO]: Allow Zombie Pigmen to spawn from portal blocks: true
[19:54:18] [Server thread/INFO]: Zombie Aggressive Towards Villager: true
[19:54:18] [Server thread/INFO]: Nerfing mobs spawned from spawners: false
[19:54:18] [Server thread/INFO]: Mob Spawn Range: 8
[19:54:18] [Server thread/INFO]: Experience Merge Radius: 3.0
[19:54:18] [Server thread/INFO]: Cactus Growth Modifier: 100%
[19:54:18] [Server thread/INFO]: Cane Growth Modifier: 100%
[19:54:18] [Server thread/INFO]: Melon Growth Modifier: 100%
[19:54:18] [Server thread/INFO]: Mushroom Growth Modifier: 100%
[19:54:18] [Server thread/INFO]: Pumpkin Growth Modifier: 100%
[19:54:18] [Server thread/INFO]: Sapling Growth Modifier: 100%
[19:54:18] [Server thread/INFO]: Beetroot Growth Modifier: 100%
[19:54:18] [Server thread/INFO]: Carrot Growth Modifier: 100%
[19:54:18] [Server thread/INFO]: Potato Growth Modifier: 100%
[19:54:18] [Server thread/INFO]: Wheat Growth Modifier: 100%
[19:54:18] [Server thread/INFO]: NetherWart Growth Modifier: 100%
[19:54:18] [Server thread/INFO]: Vine Growth Modifier: 100%
[19:54:18] [Server thread/INFO]: Cocoa Growth Modifier: 100%
[19:54:18] [Server thread/INFO]: Bamboo Growth Modifier: 100%
[19:54:18] [Server thread/INFO]: SweetBerry Growth Modifier: 100%
[19:54:18] [Server thread/INFO]: Kelp Growth Modifier: 100%
[19:54:18] [Server thread/INFO]: Entity Tracking Range: Pl 48 / An 48 / Mo 48 / Mi 32 / Other 64
[19:54:18] [Server thread/INFO]: Tile Max Tick Time: 50ms Entity max Tick Time: 50ms
[19:54:18] [Server thread/INFO]: Hopper Transfer: 8 Hopper Check: 1 Hopper Amount: 1
[19:54:18] [Server thread/INFO]: Max TNT Explosions: 100
[19:54:18] [Server thread/INFO]: Custom Map Seeds:  Village: 10387312 Desert: 14357617 Igloo: 14357618 Jungle: 14357619 Swamp: 14357620 Monument: 10387313 Ocean: 14357621 Shipwreck: 165745295 Slime: 987234911
[19:54:18] [Server thread/INFO]: Entity Activation Range: An 32 / Mo 32 / Ra 48 / Mi 16 / Tiv true
[19:54:19] [Server thread/INFO]: -------- World Settings For [3-player Survival_the_end] --------
[19:54:19] [Server thread/INFO]: View Distance: 6
[19:54:19] [Server thread/INFO]: Item Despawn Rate: 6000
[19:54:19] [Server thread/INFO]: Item Merge Radius: 2.5
[19:54:19] [Server thread/INFO]: Arrow Despawn Rate: 1200 Trident Respawn Rate:1200
[19:54:19] [Server thread/INFO]: Allow Zombie Pigmen to spawn from portal blocks: true
[19:54:19] [Server thread/INFO]: Zombie Aggressive Towards Villager: true
[19:54:19] [Server thread/INFO]: Nerfing mobs spawned from spawners: false
[19:54:19] [Server thread/INFO]: Mob Spawn Range: 8
[19:54:19] [Server thread/INFO]: Experience Merge Radius: 3.0
[19:54:19] [Server thread/INFO]: Cactus Growth Modifier: 100%
[19:54:19] [Server thread/INFO]: Cane Growth Modifier: 100%
[19:54:19] [Server thread/INFO]: Melon Growth Modifier: 100%
[19:54:19] [Server thread/INFO]: Mushroom Growth Modifier: 100%
[19:54:19] [Server thread/INFO]: Pumpkin Growth Modifier: 100%
[19:54:19] [Server thread/INFO]: Sapling Growth Modifier: 100%
[19:54:19] [Server thread/INFO]: Beetroot Growth Modifier: 100%
[19:54:19] [Server thread/INFO]: Carrot Growth Modifier: 100%
[19:54:19] [Server thread/INFO]: Potato Growth Modifier: 100%
[19:54:19] [Server thread/INFO]: Wheat Growth Modifier: 100%
[19:54:19] [Server thread/INFO]: NetherWart Growth Modifier: 100%
[19:54:19] [Server thread/INFO]: Vine Growth Modifier: 100%
[19:54:19] [Server thread/INFO]: Cocoa Growth Modifier: 100%
[19:54:19] [Server thread/INFO]: Bamboo Growth Modifier: 100%
[19:54:19] [Server thread/INFO]: SweetBerry Growth Modifier: 100%
[19:54:19] [Server thread/INFO]: Kelp Growth Modifier: 100%
[19:54:19] [Server thread/INFO]: Entity Tracking Range: Pl 48 / An 48 / Mo 48 / Mi 32 / Other 64
[19:54:19] [Server thread/INFO]: Tile Max Tick Time: 50ms Entity max Tick Time: 50ms
[19:54:19] [Server thread/INFO]: Hopper Transfer: 8 Hopper Check: 1 Hopper Amount: 1
[19:54:19] [Server thread/INFO]: Max TNT Explosions: 100
[19:54:19] [Server thread/INFO]: Custom Map Seeds:  Village: 10387312 Desert: 14357617 Igloo: 14357618 Jungle: 14357619 Swamp: 14357620 Monument: 10387313 Ocean: 14357621 Shipwreck: 165745295 Slime: 987234911
[19:54:19] [Server thread/INFO]: Entity Activation Range: An 32 / Mo 32 / Ra 48 / Mi 16 / Tiv true
[19:54:19] [Server thread/INFO]: Preparing start region for dimension '3-player Survival'/minecraft:overworld
[19:54:19] [Server thread/INFO]: Preparing spawn area: 0%
[19:54:19] [Server thread/INFO]: Preparing spawn area: 0%
[19:54:20] [Server thread/INFO]: Preparing spawn area: 0%
[19:54:20] [Server-Worker-1/INFO]: Preparing spawn area: 0%
[19:54:21] [Server thread/INFO]: Preparing spawn area: 0%
[19:54:21] [Server thread/INFO]: Preparing spawn area: 100%
[19:54:22] [Server thread/INFO]: Preparing spawn area: 100%
[19:54:22] [Server thread/INFO]: Loaded 169 spawn chunks for world 3-player Survival
[19:54:22] [Server thread/INFO]: Time elapsed: 3080 ms
[19:54:22] [Server thread/INFO]: Preparing start region for dimension '3-player Survival_nether'/minecraft:the_nether
[19:54:22] [Server thread/INFO]: Preparing spawn area: 0%
[19:54:22] [Server thread/INFO]: Preparing spawn area: 36%
[19:54:23] [Server thread/INFO]: Preparing spawn area: 100%
[19:54:23] [Server-Worker-1/INFO]: Preparing spawn area: 100%
[19:54:24] [Server-Worker-1/INFO]: Preparing spawn area: 100%
[19:54:24] [Server-Worker-1/INFO]: Preparing spawn area: 100%
[19:54:25] [Server-Worker-1/INFO]: Preparing spawn area: 100%
[19:54:25] [Server thread/INFO]: Loaded 169 spawn chunks for world 3-player Survival_nether
[19:54:25] [Server thread/INFO]: Time elapsed: 3204 ms
[19:54:25] [Server thread/INFO]: Preparing start region for dimension '3-player Survival_the_end'/minecraft:the_end
[19:54:25] [Server thread/INFO]: Preparing spawn area: 0%
[19:54:25] [Server-Worker-1/INFO]: Preparing spawn area: 100%
[19:54:26] [Server-Worker-1/INFO]: Preparing spawn area: 100%
[19:54:26] [Server thread/INFO]: Loaded 169 spawn chunks for world 3-player Survival_the_end
[19:54:26] [Server thread/INFO]: Time elapsed: 1101 ms
[19:54:26] [Server thread/INFO]: [SpigotPing] Enabling SpigotPing v2.5*
[19:54:26] [Server thread/INFO]: [SpigotPing] TabList is enabled, task added with a delay of 3 second/s.
[19:54:26] [Server thread/INFO]: Done (10.035s)! For help, type "help"
[19:54:26] [Server thread/INFO]: Timings Reset
[19:56:44] [User Authenticator #1/INFO]: UUID of player cwXiaoYu is baf8c5c5-45db-3353-b7b9-1fab32f4b0da
[19:56:45] [Server thread/INFO]: cwXiaoYu[/127.0.0.1:56762] logged in with entity id 204 at ([3-player Survival]-98.3102784606279, 63.0, -633.9056957217966)
[19:57:15] [Server thread/INFO]: cwXiaoYu lost connection: Disconnected
[19:57:15] [Server thread/INFO]: cwXiaoYu left the game
[19:57:23] [User Authenticator #1/INFO]: UUID of player cwXiaoYu is baf8c5c5-45db-3353-b7b9-1fab32f4b0da
[19:57:24] [Server thread/INFO]: cwXiaoYu[/127.0.0.1:56765] logged in with entity id 259 at ([3-player Survival]-98.3102784606279, 63.0, -633.9056957217966)
[19:59:15] [Server thread/INFO]: [Server] what're you doing, are you looking for di lao
[19:59:30] [Server thread/INFO]: [Server] or are you wa kuang ing
[19:59:36] [Server thread/INFO]: TPS from last 1m, 5m, 15m: *20.0, *20.0, *20.0
[19:59:40] [Server thread/INFO]: There are 1 of a max 3 players online: cwXiaoYu
[20:04:50] [Server thread/INFO]: [Server] ?
[20:04:57] [Async Chat Thread - #0/INFO]: <cwXiaoYu> wa kuang
[20:04:57] [Server thread/INFO]: There are 1 of a max 3 players online: cwXiaoYu
[20:05:14] [Server thread/INFO]: [Server] don't wa diamond
[20:05:29] [Server thread/INFO]: [Server] i have shi yun in my bag but i'm not in the fu wu qi
[20:08:43] [Server thread/INFO]: Unknown command
[20:08:43] [Server thread/INFO]: /execute<--[HERE]
[20:09:14] [Server thread/INFO]: Expected whitespace to end one argument, but found trailing data
[20:09:14] [Server thread/INFO]: ... minecraft:falling_block run title @a title [{"text<--[HERE]
[20:09:32] [Server thread/INFO]: Expected whitespace to end one argument, but found trailing data
[20:09:32] [Server thread/INFO]: ... minecraft:falling_block run title @a title [{"text":"Welcome to Minecraft"}]<--[HERE]
[20:09:43] [Server thread/INFO]: Expected whitespace to end one argument, but found trailing data
[20:09:43] [Server thread/INFO]: ... minecraft:player run title @a title [{"text":"Welcome to Minecraft"}]<--[HERE]
[20:09:57] [Server thread/INFO]: Showing new title for cwXiaoYu
[20:10:26] [Async Chat Thread - #1/INFO]: <cwXiaoYu> 淦你这个要吓死我吗？
[20:10:33] [Server thread/INFO]: Showing new title for cwXiaoYu
[20:13:30] [Server thread/INFO]: Showing new title for cwXiaoYu
[20:14:20] [Server thread/INFO]: cwXiaoYu was shot by Skeleton
[20:14:30] [Async Chat Thread - #2/INFO]: <cwXiaoYu> cyka
[20:14:39] [Server thread/INFO]: [Server] Really?
[20:15:05] [Async Chat Thread - #2/INFO]: <cwXiaoYu> 你别发字了好吗，我在和小白对线
[20:15:11] [Server thread/INFO]: [Server] ok
[20:15:53] [Server thread/INFO]: [Server] 学到了，这就去跟村民对线！
[20:16:34] [Server thread/INFO]: [Server] 村民：哼~哈~哈~~~
[20:17:03] [Async Chat Thread - #3/INFO]: <cwXiaoYu> do u know villager news
[20:17:29] [Server thread/INFO]: [Server] yes
[20:17:36] [Server thread/INFO]: [Server] i watch it
[20:17:55] [Server thread/INFO]: [Server] du du de du du de~ Villager News~
[20:18:06] [Async Chat Thread - #4/INFO]: <cwXiaoYu> i quit
[20:18:07] [Server thread/INFO]: cwXiaoYu lost connection: Disconnected
[20:18:07] [Server thread/INFO]: cwXiaoYu left the game
[20:18:11] [Server thread/INFO]: Saving the game (this may take a moment!)
[20:18:12] [Server thread/INFO]: Saved the game
[20:18:23] [Server thread/INFO]: Stopping the server
[20:18:23] [Server thread/INFO]: Stopping server
[20:18:23] [Server thread/INFO]: [SpigotPing] Disabling SpigotPing v2.5
[20:18:23] [Server thread/INFO]: [SpigotPing] Cancelling tasks...
[20:18:23] [Server thread/INFO]: Saving players
[20:18:23] [Server thread/INFO]: Saving worlds
[20:18:23] [Server thread/INFO]: Saving chunks for level '3-player Survival'/minecraft:overworld
[20:18:23] [Server thread/INFO]: ThreadedAnvilChunkStorage (3-player Survival): All chunks are saved
[20:18:23] [Server thread/INFO]: Saving chunks for level '3-player Survival_nether'/minecraft:the_nether
[20:18:23] [Server thread/INFO]: ThreadedAnvilChunkStorage (DIM-1): All chunks are saved
[20:18:23] [Server thread/INFO]: Saving chunks for level '3-player Survival_the_end'/minecraft:the_end
[20:18:23] [Server thread/INFO]: ThreadedAnvilChunkStorage (DIM1): All chunks are saved
[20:18:23] [Server thread/INFO]: ThreadedAnvilChunkStorage (3-player Survival): All chunks are saved
[20:18:24] [Server thread/INFO]: ThreadedAnvilChunkStorage (DIM-1): All chunks are saved
[20:18:24] [Server thread/INFO]: ThreadedAnvilChunkStorage (DIM1): All chunks are saved
