[21:27:10] [Server thread/INFO]: Starting minecraft server version 1.15.2
[21:27:10] [Server thread/INFO]: Loading properties
[21:27:11] [Server thread/INFO]: This server is running Paper version git-Paper-98 (MC: 1.15.2) (Implementing API version 1.15.2-R0.1-SNAPSHOT)
[21:27:13] [Server thread/INFO]: Debug logging is disabled
[21:27:13] [Server thread/INFO]: Server Ping Player Sample Count: 12
[21:27:13] [Server thread/INFO]: Using 4 threads for Netty based IO
[21:27:14] [Server thread/INFO]: Default game type: SURVIVAL
[21:27:14] [Server thread/INFO]: Generating keypair
[21:27:14] [Server thread/INFO]: Starting Minecraft server on *:25565
[21:27:14] [Server thread/INFO]: Using default channel type
[21:27:23] [Server thread/WARN]: Initializing Legacy Material Support. Unless you have legacy plugins and/or data this is a bug!
[21:27:30] [Server thread/WARN]: Legacy plugin SpigotPing v2.5 does not specify an api-version.
[21:27:30] [Server thread/INFO]: [SpigotPing] Loading SpigotPing v2.5
[21:27:30] [Server thread/INFO]: Server permissions file permissions.yml is empty, ignoring it
[21:27:30] [Server thread/WARN]: **** SERVER IS RUNNING IN OFFLINE/INSECURE MODE!
[21:27:30] [Server thread/WARN]: The server will make no attempt to authenticate usernames. Beware.
[21:27:30] [Server thread/WARN]: While this makes the game possible to play without internet access, it also opens up the ability for hackers to connect with any username they choose.
[21:27:30] [Server thread/WARN]: To change this, set "online-mode" to "true" in the server.properties file.
[21:27:30] [Server thread/INFO]: Preparing level "3-player Survival"
[21:27:30] [Server thread/INFO]: Reloading ResourceManager: Default, bukkit
[21:27:31] [Server thread/INFO]: Loaded 6 recipes
[21:27:32] [Server thread/INFO]: -------- World Settings For [3-player Survival] --------
[21:27:32] [Server thread/INFO]: Experience Merge Radius: 3.0
[21:27:32] [Server thread/INFO]: Mob Spawn Range: 8
[21:27:32] [Server thread/INFO]: Hopper Transfer: 8 Hopper Check: 1 Hopper Amount: 1
[21:27:32] [Server thread/INFO]: Entity Tracking Range: Pl 48 / An 48 / Mo 48 / Mi 32 / Other 64
[21:27:32] [Server thread/INFO]: Cactus Growth Modifier: 100%
[21:27:32] [Server thread/INFO]: Cane Growth Modifier: 100%
[21:27:32] [Server thread/INFO]: Melon Growth Modifier: 100%
[21:27:32] [Server thread/INFO]: Mushroom Growth Modifier: 100%
[21:27:32] [Server thread/INFO]: Pumpkin Growth Modifier: 100%
[21:27:32] [Server thread/INFO]: Sapling Growth Modifier: 100%
[21:27:32] [Server thread/INFO]: Beetroot Growth Modifier: 100%
[21:27:32] [Server thread/INFO]: Carrot Growth Modifier: 100%
[21:27:32] [Server thread/INFO]: Potato Growth Modifier: 100%
[21:27:32] [Server thread/INFO]: Wheat Growth Modifier: 100%
[21:27:32] [Server thread/INFO]: NetherWart Growth Modifier: 100%
[21:27:32] [Server thread/INFO]: Vine Growth Modifier: 100%
[21:27:32] [Server thread/INFO]: Cocoa Growth Modifier: 100%
[21:27:32] [Server thread/INFO]: Bamboo Growth Modifier: 100%
[21:27:32] [Server thread/INFO]: SweetBerry Growth Modifier: 100%
[21:27:32] [Server thread/INFO]: Kelp Growth Modifier: 100%
[21:27:32] [Server thread/INFO]: Custom Map Seeds:  Village: 10387312 Desert: 14357617 Igloo: 14357618 Jungle: 14357619 Swamp: 14357620 Monument: 10387313 Ocean: 14357621 Shipwreck: 165745295 Slime: 987234911
[21:27:32] [Server thread/INFO]: Entity Activation Range: An 32 / Mo 32 / Ra 48 / Mi 16 / Tiv true
[21:27:32] [Server thread/INFO]: Tile Max Tick Time: 50ms Entity max Tick Time: 50ms
[21:27:32] [Server thread/INFO]: Max TNT Explosions: 100
[21:27:32] [Server thread/INFO]: Arrow Despawn Rate: 1200 Trident Respawn Rate:1200
[21:27:32] [Server thread/INFO]: View Distance: 6
[21:27:32] [Server thread/INFO]: Item Merge Radius: 2.5
[21:27:32] [Server thread/INFO]: Item Despawn Rate: 6000
[21:27:32] [Server thread/INFO]: Allow Zombie Pigmen to spawn from portal blocks: true
[21:27:32] [Server thread/INFO]: Nerfing mobs spawned from spawners: false
[21:27:32] [Server thread/INFO]: Zombie Aggressive Towards Villager: true
[21:27:32] [Server thread/INFO]: -------- World Settings For [3-player Survival_nether] --------
[21:27:32] [Server thread/INFO]: Experience Merge Radius: 3.0
[21:27:32] [Server thread/INFO]: Mob Spawn Range: 8
[21:27:32] [Server thread/INFO]: Hopper Transfer: 8 Hopper Check: 1 Hopper Amount: 1
[21:27:32] [Server thread/INFO]: Entity Tracking Range: Pl 48 / An 48 / Mo 48 / Mi 32 / Other 64
[21:27:32] [Server thread/INFO]: Cactus Growth Modifier: 100%
[21:27:32] [Server thread/INFO]: Cane Growth Modifier: 100%
[21:27:32] [Server thread/INFO]: Melon Growth Modifier: 100%
[21:27:32] [Server thread/INFO]: Mushroom Growth Modifier: 100%
[21:27:32] [Server thread/INFO]: Pumpkin Growth Modifier: 100%
[21:27:32] [Server thread/INFO]: Sapling Growth Modifier: 100%
[21:27:32] [Server thread/INFO]: Beetroot Growth Modifier: 100%
[21:27:32] [Server thread/INFO]: Carrot Growth Modifier: 100%
[21:27:32] [Server thread/INFO]: Potato Growth Modifier: 100%
[21:27:32] [Server thread/INFO]: Wheat Growth Modifier: 100%
[21:27:32] [Server thread/INFO]: NetherWart Growth Modifier: 100%
[21:27:32] [Server thread/INFO]: Vine Growth Modifier: 100%
[21:27:32] [Server thread/INFO]: Cocoa Growth Modifier: 100%
[21:27:32] [Server thread/INFO]: Bamboo Growth Modifier: 100%
[21:27:32] [Server thread/INFO]: SweetBerry Growth Modifier: 100%
[21:27:32] [Server thread/INFO]: Kelp Growth Modifier: 100%
[21:27:32] [Server thread/INFO]: Custom Map Seeds:  Village: 10387312 Desert: 14357617 Igloo: 14357618 Jungle: 14357619 Swamp: 14357620 Monument: 10387313 Ocean: 14357621 Shipwreck: 165745295 Slime: 987234911
[21:27:32] [Server thread/INFO]: Entity Activation Range: An 32 / Mo 32 / Ra 48 / Mi 16 / Tiv true
[21:27:32] [Server thread/INFO]: Tile Max Tick Time: 50ms Entity max Tick Time: 50ms
[21:27:32] [Server thread/INFO]: Max TNT Explosions: 100
[21:27:32] [Server thread/INFO]: Arrow Despawn Rate: 1200 Trident Respawn Rate:1200
[21:27:32] [Server thread/INFO]: View Distance: 6
[21:27:32] [Server thread/INFO]: Item Merge Radius: 2.5
[21:27:32] [Server thread/INFO]: Item Despawn Rate: 6000
[21:27:32] [Server thread/INFO]: Allow Zombie Pigmen to spawn from portal blocks: true
[21:27:32] [Server thread/INFO]: Nerfing mobs spawned from spawners: false
[21:27:32] [Server thread/INFO]: Zombie Aggressive Towards Villager: true
[21:27:32] [Server thread/INFO]: -------- World Settings For [3-player Survival_the_end] --------
[21:27:32] [Server thread/INFO]: Experience Merge Radius: 3.0
[21:27:32] [Server thread/INFO]: Mob Spawn Range: 8
[21:27:32] [Server thread/INFO]: Hopper Transfer: 8 Hopper Check: 1 Hopper Amount: 1
[21:27:32] [Server thread/INFO]: Entity Tracking Range: Pl 48 / An 48 / Mo 48 / Mi 32 / Other 64
[21:27:32] [Server thread/INFO]: Cactus Growth Modifier: 100%
[21:27:32] [Server thread/INFO]: Cane Growth Modifier: 100%
[21:27:32] [Server thread/INFO]: Melon Growth Modifier: 100%
[21:27:32] [Server thread/INFO]: Mushroom Growth Modifier: 100%
[21:27:32] [Server thread/INFO]: Pumpkin Growth Modifier: 100%
[21:27:32] [Server thread/INFO]: Sapling Growth Modifier: 100%
[21:27:32] [Server thread/INFO]: Beetroot Growth Modifier: 100%
[21:27:32] [Server thread/INFO]: Carrot Growth Modifier: 100%
[21:27:32] [Server thread/INFO]: Potato Growth Modifier: 100%
[21:27:32] [Server thread/INFO]: Wheat Growth Modifier: 100%
[21:27:32] [Server thread/INFO]: NetherWart Growth Modifier: 100%
[21:27:32] [Server thread/INFO]: Vine Growth Modifier: 100%
[21:27:32] [Server thread/INFO]: Cocoa Growth Modifier: 100%
[21:27:32] [Server thread/INFO]: Bamboo Growth Modifier: 100%
[21:27:32] [Server thread/INFO]: SweetBerry Growth Modifier: 100%
[21:27:32] [Server thread/INFO]: Kelp Growth Modifier: 100%
[21:27:32] [Server thread/INFO]: Custom Map Seeds:  Village: 10387312 Desert: 14357617 Igloo: 14357618 Jungle: 14357619 Swamp: 14357620 Monument: 10387313 Ocean: 14357621 Shipwreck: 165745295 Slime: 987234911
[21:27:32] [Server thread/INFO]: Entity Activation Range: An 32 / Mo 32 / Ra 48 / Mi 16 / Tiv true
[21:27:32] [Server thread/INFO]: Tile Max Tick Time: 50ms Entity max Tick Time: 50ms
[21:27:32] [Server thread/INFO]: Max TNT Explosions: 100
[21:27:32] [Server thread/INFO]: Arrow Despawn Rate: 1200 Trident Respawn Rate:1200
[21:27:32] [Server thread/INFO]: View Distance: 6
[21:27:32] [Server thread/INFO]: Item Merge Radius: 2.5
[21:27:32] [Server thread/INFO]: Item Despawn Rate: 6000
[21:27:32] [Server thread/INFO]: Allow Zombie Pigmen to spawn from portal blocks: true
[21:27:32] [Server thread/INFO]: Nerfing mobs spawned from spawners: false
[21:27:32] [Server thread/INFO]: Zombie Aggressive Towards Villager: true
[21:27:32] [Server thread/INFO]: Preparing start region for dimension '3-player Survival'/minecraft:overworld
[21:27:34] [Server thread/INFO]: Preparing spawn area: 0%
[21:27:34] [Server thread/INFO]: Preparing spawn area: 0%
[21:27:34] [Server thread/INFO]: Preparing spawn area: 0%
[21:27:34] [Server thread/INFO]: Preparing spawn area: 0%
[21:27:35] [Server thread/INFO]: Preparing spawn area: 1%
[21:27:35] [Server thread/INFO]: Preparing spawn area: 10%
[21:27:35] [Server thread/INFO]: Preparing spawn area: 49%
[21:27:36] [Server thread/INFO]: Preparing spawn area: 100%
[21:27:36] [Server thread/INFO]: Loaded 169 spawn chunks for world 3-player Survival
[21:27:36] [Server thread/INFO]: Time elapsed: 3970 ms
[21:27:36] [Server thread/INFO]: Preparing start region for dimension '3-player Survival_nether'/minecraft:the_nether
[21:27:37] [Server thread/INFO]: Preparing spawn area: 0%
[21:27:37] [Server thread/INFO]: Preparing spawn area: 37%
[21:27:37] [Server-Worker-1/INFO]: Preparing spawn area: 100%
[21:27:38] [Server-Worker-2/INFO]: Preparing spawn area: 100%
[21:27:38] [Server-Worker-2/INFO]: Preparing spawn area: 100%
[21:27:39] [Server-Worker-1/INFO]: Preparing spawn area: 100%
[21:27:39] [Server-Worker-2/INFO]: Preparing spawn area: 100%
[21:27:40] [Server-Worker-2/INFO]: Preparing spawn area: 100%
[21:27:40] [Server thread/INFO]: Loaded 169 spawn chunks for world 3-player Survival_nether
[21:27:40] [Server thread/INFO]: Time elapsed: 4005 ms
[21:27:40] [Server thread/INFO]: Preparing start region for dimension '3-player Survival_the_end'/minecraft:the_end
[21:27:41] [Server thread/INFO]: Preparing spawn area: 0%
[21:27:41] [Server thread/INFO]: Preparing spawn area: 100%
[21:27:41] [Server-Worker-2/INFO]: Preparing spawn area: 100%
[21:27:42] [Server thread/INFO]: Loaded 169 spawn chunks for world 3-player Survival_the_end
[21:27:42] [Server thread/INFO]: Time elapsed: 1273 ms
[21:27:42] [Server thread/INFO]: [SpigotPing] Enabling SpigotPing v2.5*
[21:27:42] [Server thread/INFO]: [SpigotPing] TabList is enabled, task added with a delay of 3 second/s.
[21:27:42] [Server thread/INFO]: Done (12.067s)! For help, type "help"
[21:27:42] [Server thread/INFO]: Timings Reset
[21:57:54] [Server thread/INFO]: Stopping the server
[21:57:54] [Server thread/INFO]: Stopping server
[21:57:54] [Server thread/INFO]: [SpigotPing] Disabling SpigotPing v2.5
[21:57:54] [Server thread/INFO]: [SpigotPing] Cancelling tasks...
[21:57:54] [Server thread/INFO]: Saving players
[21:57:54] [Server thread/INFO]: Saving worlds
[21:57:54] [Server thread/INFO]: Saving chunks for level '3-player Survival'/minecraft:overworld
[21:57:54] [Server thread/INFO]: ThreadedAnvilChunkStorage (3-player Survival): All chunks are saved
[21:57:54] [Server thread/INFO]: Saving chunks for level '3-player Survival_nether'/minecraft:the_nether
[21:57:54] [Server thread/INFO]: ThreadedAnvilChunkStorage (DIM-1): All chunks are saved
[21:57:54] [Server thread/INFO]: Saving chunks for level '3-player Survival_the_end'/minecraft:the_end
[21:57:54] [Server thread/INFO]: ThreadedAnvilChunkStorage (DIM1): All chunks are saved
[21:57:54] [Server thread/INFO]: ThreadedAnvilChunkStorage (3-player Survival): All chunks are saved
[21:57:55] [Server thread/INFO]: ThreadedAnvilChunkStorage (DIM-1): All chunks are saved
[21:57:55] [Server thread/INFO]: ThreadedAnvilChunkStorage (DIM1): All chunks are saved
