[16:59:29] [Server thread/INFO]: Loading properties
[16:59:30] [Server thread/INFO]: This server is running Paper version git-Paper-98 (MC: 1.15.2) (Implementing API version 1.15.2-R0.1-SNAPSHOT)
[16:59:30] [Server thread/INFO]: Debug logging is disabled
[16:59:31] [Server thread/INFO]: Server Ping Player Sample Count: 12
[16:59:31] [Server thread/INFO]: Using 4 threads for Netty based IO
[16:59:31] [Server thread/INFO]: Default game type: SURVIVAL
[16:59:31] [Server thread/INFO]: Generating keypair
[16:59:32] [Server thread/INFO]: Starting Minecraft server on *:25565
[16:59:32] [Server thread/INFO]: Using default channel type
[16:59:40] [Server thread/WARN]: Initializing Legacy Material Support. Unless you have legacy plugins and/or data this is a bug!
[16:59:46] [Server thread/WARN]: Legacy plugin SpigotPing v2.5 does not specify an api-version.
[16:59:46] [Server thread/INFO]: [SpigotPing] Loading SpigotPing v2.5
[16:59:46] [Server thread/INFO]: Server permissions file permissions.yml is empty, ignoring it
[16:59:46] [Server thread/WARN]: **** SERVER IS RUNNING IN OFFLINE/INSECURE MODE!
[16:59:46] [Server thread/WARN]: The server will make no attempt to authenticate usernames. Beware.
[16:59:46] [Server thread/WARN]: While this makes the game possible to play without internet access, it also opens up the ability for hackers to connect with any username they choose.
[16:59:46] [Server thread/WARN]: To change this, set "online-mode" to "true" in the server.properties file.
[16:59:46] [Server thread/INFO]: Preparing level "3-player Survival"
[16:59:46] [Server thread/INFO]: Reloading ResourceManager: Default, bukkit
[16:59:48] [Server thread/INFO]: Loaded 6 recipes
[16:59:48] [Server thread/INFO]: -------- World Settings For [3-player Survival] --------
[16:59:48] [Server thread/INFO]: Zombie Aggressive Towards Villager: true
[16:59:48] [Server thread/INFO]: View Distance: 6
[16:59:48] [Server thread/INFO]: Nerfing mobs spawned from spawners: false
[16:59:48] [Server thread/INFO]: Item Merge Radius: 2.5
[16:59:48] [Server thread/INFO]: Item Despawn Rate: 6000
[16:59:48] [Server thread/INFO]: Arrow Despawn Rate: 1200 Trident Respawn Rate:1200
[16:59:48] [Server thread/INFO]: Allow Zombie Pigmen to spawn from portal blocks: true
[16:59:48] [Server thread/INFO]: Custom Map Seeds:  Village: 10387312 Desert: 14357617 Igloo: 14357618 Jungle: 14357619 Swamp: 14357620 Monument: 10387313 Ocean: 14357621 Shipwreck: 165745295 Slime: 987234911
[16:59:48] [Server thread/INFO]: Hopper Transfer: 8 Hopper Check: 1 Hopper Amount: 1
[16:59:48] [Server thread/INFO]: Mob Spawn Range: 8
[16:59:48] [Server thread/INFO]: Cactus Growth Modifier: 100%
[16:59:48] [Server thread/INFO]: Cane Growth Modifier: 100%
[16:59:48] [Server thread/INFO]: Melon Growth Modifier: 100%
[16:59:48] [Server thread/INFO]: Mushroom Growth Modifier: 100%
[16:59:48] [Server thread/INFO]: Pumpkin Growth Modifier: 100%
[16:59:48] [Server thread/INFO]: Sapling Growth Modifier: 100%
[16:59:48] [Server thread/INFO]: Beetroot Growth Modifier: 100%
[16:59:48] [Server thread/INFO]: Carrot Growth Modifier: 100%
[16:59:48] [Server thread/INFO]: Potato Growth Modifier: 100%
[16:59:48] [Server thread/INFO]: Wheat Growth Modifier: 100%
[16:59:48] [Server thread/INFO]: NetherWart Growth Modifier: 100%
[16:59:48] [Server thread/INFO]: Vine Growth Modifier: 100%
[16:59:48] [Server thread/INFO]: Cocoa Growth Modifier: 100%
[16:59:48] [Server thread/INFO]: Bamboo Growth Modifier: 100%
[16:59:48] [Server thread/INFO]: SweetBerry Growth Modifier: 100%
[16:59:48] [Server thread/INFO]: Kelp Growth Modifier: 100%
[16:59:48] [Server thread/INFO]: Experience Merge Radius: 3.0
[16:59:48] [Server thread/INFO]: Entity Activation Range: An 32 / Mo 32 / Ra 48 / Mi 16 / Tiv true
[16:59:48] [Server thread/INFO]: Entity Tracking Range: Pl 48 / An 48 / Mo 48 / Mi 32 / Other 64
[16:59:48] [Server thread/INFO]: Max TNT Explosions: 100
[16:59:48] [Server thread/INFO]: Tile Max Tick Time: 50ms Entity max Tick Time: 50ms
[16:59:48] [Server thread/INFO]: -------- World Settings For [3-player Survival_nether] --------
[16:59:48] [Server thread/INFO]: Zombie Aggressive Towards Villager: true
[16:59:48] [Server thread/INFO]: View Distance: 6
[16:59:48] [Server thread/INFO]: Nerfing mobs spawned from spawners: false
[16:59:48] [Server thread/INFO]: Item Merge Radius: 2.5
[16:59:48] [Server thread/INFO]: Item Despawn Rate: 6000
[16:59:48] [Server thread/INFO]: Arrow Despawn Rate: 1200 Trident Respawn Rate:1200
[16:59:48] [Server thread/INFO]: Allow Zombie Pigmen to spawn from portal blocks: true
[16:59:48] [Server thread/INFO]: Custom Map Seeds:  Village: 10387312 Desert: 14357617 Igloo: 14357618 Jungle: 14357619 Swamp: 14357620 Monument: 10387313 Ocean: 14357621 Shipwreck: 165745295 Slime: 987234911
[16:59:48] [Server thread/INFO]: Hopper Transfer: 8 Hopper Check: 1 Hopper Amount: 1
[16:59:48] [Server thread/INFO]: Mob Spawn Range: 8
[16:59:48] [Server thread/INFO]: Cactus Growth Modifier: 100%
[16:59:48] [Server thread/INFO]: Cane Growth Modifier: 100%
[16:59:48] [Server thread/INFO]: Melon Growth Modifier: 100%
[16:59:48] [Server thread/INFO]: Mushroom Growth Modifier: 100%
[16:59:48] [Server thread/INFO]: Pumpkin Growth Modifier: 100%
[16:59:48] [Server thread/INFO]: Sapling Growth Modifier: 100%
[16:59:48] [Server thread/INFO]: Beetroot Growth Modifier: 100%
[16:59:48] [Server thread/INFO]: Carrot Growth Modifier: 100%
[16:59:48] [Server thread/INFO]: Potato Growth Modifier: 100%
[16:59:48] [Server thread/INFO]: Wheat Growth Modifier: 100%
[16:59:48] [Server thread/INFO]: NetherWart Growth Modifier: 100%
[16:59:48] [Server thread/INFO]: Vine Growth Modifier: 100%
[16:59:48] [Server thread/INFO]: Cocoa Growth Modifier: 100%
[16:59:48] [Server thread/INFO]: Bamboo Growth Modifier: 100%
[16:59:48] [Server thread/INFO]: SweetBerry Growth Modifier: 100%
[16:59:49] [Server thread/INFO]: Kelp Growth Modifier: 100%
[16:59:49] [Server thread/INFO]: Experience Merge Radius: 3.0
[16:59:49] [Server thread/INFO]: Entity Activation Range: An 32 / Mo 32 / Ra 48 / Mi 16 / Tiv true
[16:59:49] [Server thread/INFO]: Entity Tracking Range: Pl 48 / An 48 / Mo 48 / Mi 32 / Other 64
[16:59:49] [Server thread/INFO]: Max TNT Explosions: 100
[16:59:49] [Server thread/INFO]: Tile Max Tick Time: 50ms Entity max Tick Time: 50ms
[16:59:49] [Server thread/INFO]: -------- World Settings For [3-player Survival_the_end] --------
[16:59:49] [Server thread/INFO]: Zombie Aggressive Towards Villager: true
[16:59:49] [Server thread/INFO]: View Distance: 6
[16:59:49] [Server thread/INFO]: Nerfing mobs spawned from spawners: false
[16:59:49] [Server thread/INFO]: Item Merge Radius: 2.5
[16:59:49] [Server thread/INFO]: Item Despawn Rate: 6000
[16:59:49] [Server thread/INFO]: Arrow Despawn Rate: 1200 Trident Respawn Rate:1200
[16:59:49] [Server thread/INFO]: Allow Zombie Pigmen to spawn from portal blocks: true
[16:59:49] [Server thread/INFO]: Custom Map Seeds:  Village: 10387312 Desert: 14357617 Igloo: 14357618 Jungle: 14357619 Swamp: 14357620 Monument: 10387313 Ocean: 14357621 Shipwreck: 165745295 Slime: 987234911
[16:59:49] [Server thread/INFO]: Hopper Transfer: 8 Hopper Check: 1 Hopper Amount: 1
[16:59:49] [Server thread/INFO]: Mob Spawn Range: 8
[16:59:49] [Server thread/INFO]: Cactus Growth Modifier: 100%
[16:59:49] [Server thread/INFO]: Cane Growth Modifier: 100%
[16:59:49] [Server thread/INFO]: Melon Growth Modifier: 100%
[16:59:49] [Server thread/INFO]: Mushroom Growth Modifier: 100%
[16:59:49] [Server thread/INFO]: Pumpkin Growth Modifier: 100%
[16:59:49] [Server thread/INFO]: Sapling Growth Modifier: 100%
[16:59:49] [Server thread/INFO]: Beetroot Growth Modifier: 100%
[16:59:49] [Server thread/INFO]: Carrot Growth Modifier: 100%
[16:59:49] [Server thread/INFO]: Potato Growth Modifier: 100%
[16:59:49] [Server thread/INFO]: Wheat Growth Modifier: 100%
[16:59:49] [Server thread/INFO]: NetherWart Growth Modifier: 100%
[16:59:49] [Server thread/INFO]: Vine Growth Modifier: 100%
[16:59:49] [Server thread/INFO]: Cocoa Growth Modifier: 100%
[16:59:49] [Server thread/INFO]: Bamboo Growth Modifier: 100%
[16:59:49] [Server thread/INFO]: SweetBerry Growth Modifier: 100%
[16:59:49] [Server thread/INFO]: Kelp Growth Modifier: 100%
[16:59:49] [Server thread/INFO]: Experience Merge Radius: 3.0
[16:59:49] [Server thread/INFO]: Entity Activation Range: An 32 / Mo 32 / Ra 48 / Mi 16 / Tiv true
[16:59:49] [Server thread/INFO]: Entity Tracking Range: Pl 48 / An 48 / Mo 48 / Mi 32 / Other 64
[16:59:49] [Server thread/INFO]: Max TNT Explosions: 100
[16:59:49] [Server thread/INFO]: Tile Max Tick Time: 50ms Entity max Tick Time: 50ms
[16:59:49] [Server thread/INFO]: Preparing start region for dimension '3-player Survival'/minecraft:overworld
[16:59:50] [Server thread/INFO]: Preparing spawn area: 0%
[16:59:50] [Server thread/INFO]: Preparing spawn area: 0%
[16:59:50] [Server thread/INFO]: Preparing spawn area: 0%
[16:59:50] [Server thread/INFO]: Preparing spawn area: 0%
[16:59:51] [Server thread/INFO]: Preparing spawn area: 1%
[16:59:51] [Server thread/INFO]: Preparing spawn area: 9%
[16:59:52] [Server thread/INFO]: Preparing spawn area: 52%
[16:59:52] [Server thread/INFO]: Preparing spawn area: 100%
[16:59:53] [Server thread/INFO]: Loaded 169 spawn chunks for world 3-player Survival
[16:59:53] [Server thread/INFO]: Time elapsed: 4007 ms
[16:59:53] [Server thread/INFO]: Preparing start region for dimension '3-player Survival_nether'/minecraft:the_nether
[16:59:53] [Server thread/INFO]: Preparing spawn area: 0%
[16:59:53] [Server thread/INFO]: Preparing spawn area: 32%
[16:59:54] [Server-Worker-2/INFO]: Preparing spawn area: 100%
[16:59:54] [Server thread/INFO]: Preparing spawn area: 100%
[16:59:55] [Server-Worker-1/INFO]: Preparing spawn area: 100%
[16:59:55] [Server thread/INFO]: Preparing spawn area: 100%
[16:59:56] [Server thread/INFO]: Preparing spawn area: 100%
[16:59:56] [Server-Worker-2/INFO]: Preparing spawn area: 100%
[16:59:56] [Server thread/INFO]: Loaded 169 spawn chunks for world 3-player Survival_nether
[16:59:56] [Server thread/INFO]: Time elapsed: 3769 ms
[16:59:56] [Server thread/INFO]: Preparing start region for dimension '3-player Survival_the_end'/minecraft:the_end
[16:59:57] [Server thread/INFO]: Preparing spawn area: 0%
[16:59:57] [Server-Worker-1/INFO]: Preparing spawn area: 100%
[16:59:57] [Server-Worker-2/INFO]: Preparing spawn area: 100%
[16:59:58] [Server thread/INFO]: Loaded 169 spawn chunks for world 3-player Survival_the_end
[16:59:58] [Server thread/INFO]: Time elapsed: 1325 ms
[16:59:58] [Server thread/INFO]: [SpigotPing] Enabling SpigotPing v2.5*
[16:59:58] [Server thread/INFO]: [SpigotPing] TabList is enabled, task added with a delay of 3 second/s.
[16:59:58] [Server thread/INFO]: Done (11.874s)! For help, type "help"
[16:59:58] [Server thread/INFO]: Timings Reset
[17:00:48] [User Authenticator #1/INFO]: UUID of player cwXiaoYu is baf8c5c5-45db-3353-b7b9-1fab32f4b0da
[17:00:48] [Server thread/INFO]: cwXiaoYu[/127.0.0.1:51088] logged in with entity id 206 at ([3-player Survival]-106.5, 63.0, -637.5)
[17:01:23] [Server thread/WARN]: Can't keep up! Is the server overloaded? Running 5019ms or 100 ticks behind
[17:02:36] [Server thread/INFO]: cwXiaoYu lost connection: Disconnected
[17:02:36] [Server thread/INFO]: cwXiaoYu left the game
[17:03:53] [User Authenticator #2/INFO]: UUID of player cwXiaoYu is baf8c5c5-45db-3353-b7b9-1fab32f4b0da
[17:03:53] [Server thread/INFO]: cwXiaoYu[/127.0.0.1:51150] logged in with entity id 357 at ([3-player Survival]-106.30000001192093, 58.0, -625.4487438832916)
[17:05:35] [Server thread/INFO]: cwXiaoYu lost connection: Disconnected
[17:05:35] [Server thread/INFO]: cwXiaoYu left the game
[17:06:12] [User Authenticator #3/INFO]: UUID of player cwXiaoYu is baf8c5c5-45db-3353-b7b9-1fab32f4b0da
[17:06:12] [Server thread/INFO]: cwXiaoYu has made the advancement [Stone Age]
[17:06:12] [Server thread/INFO]: cwXiaoYu has made the advancement [Isn't It Iron Pick]
[17:06:12] [Server thread/INFO]: cwXiaoYu has made the advancement [Acquire Hardware]
[17:06:12] [Server thread/INFO]: cwXiaoYu[/127.0.0.1:51185] logged in with entity id 516 at ([3-player Survival]-104.85045986049951, 50.0, -629.3561878534275)
[17:06:21] [User Authenticator #3/INFO]: UUID of player Stehsaer is 4ee78221-99b3-33bb-8da3-72c49ff039eb
[17:06:22] [Server thread/INFO]: Stehsaer[/192.168.100.27:51198] logged in with entity id 532 at ([3-player Survival]-109.9726478452005, 63.0, -630.7267899363572)
[17:06:31] [Server thread/INFO]: Stehsaer lost connection: Disconnected
[17:06:31] [Server thread/INFO]: Stehsaer left the game
[17:06:32] [User Authenticator #3/INFO]: UUID of player Stehsaer is 4ee78221-99b3-33bb-8da3-72c49ff039eb
[17:06:33] [Server thread/INFO]: Stehsaer[/192.168.100.27:51202] logged in with entity id 544 at ([3-player Survival]-109.9726478452005, 63.0, -630.7267899363572)
[17:06:49] [Server thread/INFO]: cwXiaoYu has made the advancement [Not Today, Thank You]
[17:06:56] [Server thread/WARN]: Can't keep up! Is the server overloaded? Running 5023ms or 100 ticks behind
[17:07:03] [Server thread/INFO]: cwXiaoYu has made the advancement [Monster Hunter]
[17:08:58] [Server thread/INFO]: cwXiaoYu was shot by Skeleton
[17:09:58] [Server thread/INFO]: cwXiaoYu was slain by Zombie
[17:10:30] [Server thread/INFO]: cwXiaoYu has made the advancement [Sweet Dreams]
[17:14:41] [Server thread/INFO]: cwXiaoYu fell from a high place
[17:16:34] [Server thread/INFO]: Stehsaer lost connection: Disconnected
[17:16:34] [Server thread/INFO]: Stehsaer left the game
[17:17:03] [Server thread/INFO]: cwXiaoYu has made the advancement [Take Aim]
[17:18:03] [User Authenticator #4/INFO]: UUID of player Stehsaer is 4ee78221-99b3-33bb-8da3-72c49ff039eb
[17:18:03] [Server thread/INFO]: Stehsaer[/192.168.100.27:51281] logged in with entity id 2290 at ([3-player Survival_nether]-16.925488232395903, 52.0, -92.94217865160294)
[17:18:52] [Server thread/INFO]: cwXiaoYu lost connection: Disconnected
[17:18:52] [Server thread/INFO]: cwXiaoYu left the game
[17:30:10] [Server thread/INFO]: Stehsaer lost connection: Disconnected
[17:30:11] [Server thread/INFO]: Stehsaer left the game
[17:30:30] [User Authenticator #5/INFO]: UUID of player Stehsaer is 4ee78221-99b3-33bb-8da3-72c49ff039eb
[17:30:30] [Server thread/INFO]: Stehsaer[/192.168.100.27:51376] logged in with entity id 5913 at ([3-player Survival]-1810.9849247400384, 63.0, -388.93908820070004)
[17:30:33] [Server thread/INFO]: Stehsaer issued server command: /seed
[17:30:45] [Server thread/INFO]: Stehsaer lost connection: Disconnected
[17:30:45] [Server thread/INFO]: Stehsaer left the game
[17:31:23] [User Authenticator #5/INFO]: UUID of player Stehsaer is 4ee78221-99b3-33bb-8da3-72c49ff039eb
[17:31:23] [Server thread/INFO]: Stehsaer[/192.168.100.27:51395] logged in with entity id 6116 at ([3-player Survival]-1810.9849247400384, 63.0, -388.93908820070004)
[17:36:16] [Async Chat Thread - #0/INFO]: <Stehsaer> -270 83 -33
[17:36:47] [Server thread/INFO]: Stehsaer issued server command: /kill
[17:36:47] [Server thread/INFO]: Stehsaer fell out of the world
[17:36:47] [Server thread/INFO]: [Stehsaer: Killed Stehsaer]
[17:50:06] [Server thread/INFO]: Stehsaer lost connection: Disconnected
[17:50:06] [Server thread/INFO]: Stehsaer left the game
[17:50:13] [Server thread/INFO]: Saving the game (this may take a moment!)
[17:50:13] [Server thread/INFO]: Saved the game
[17:50:17] [Server thread/INFO]: Stopping the server
[17:50:17] [Server thread/INFO]: Stopping server
[17:50:17] [Server thread/INFO]: [SpigotPing] Disabling SpigotPing v2.5
[17:50:17] [Server thread/INFO]: [SpigotPing] Cancelling tasks...
[17:50:17] [Server thread/INFO]: Saving players
[17:50:17] [Server thread/INFO]: Saving worlds
[17:50:17] [Server thread/INFO]: Saving chunks for level '3-player Survival'/minecraft:overworld
[17:50:17] [Server thread/INFO]: ThreadedAnvilChunkStorage (3-player Survival): All chunks are saved
[17:50:17] [Server thread/INFO]: Saving chunks for level '3-player Survival_nether'/minecraft:the_nether
[17:50:17] [Server thread/INFO]: ThreadedAnvilChunkStorage (DIM-1): All chunks are saved
[17:50:17] [Server thread/INFO]: Saving chunks for level '3-player Survival_the_end'/minecraft:the_end
[17:50:17] [Server thread/INFO]: ThreadedAnvilChunkStorage (DIM1): All chunks are saved
[17:50:17] [Server thread/INFO]: ThreadedAnvilChunkStorage (3-player Survival): All chunks are saved
[17:50:19] [Server thread/INFO]: ThreadedAnvilChunkStorage (DIM-1): All chunks are saved
[17:50:20] [Server thread/INFO]: ThreadedAnvilChunkStorage (DIM1): All chunks are saved
