[12:43:50] [Server thread/INFO]: Loading properties
[12:43:51] [Server thread/INFO]: This server is running Paper version git-Paper-98 (MC: 1.15.2) (Implementing API version 1.15.2-R0.1-SNAPSHOT)
[12:43:52] [Server thread/INFO]: Debug logging is disabled
[12:43:52] [Server thread/INFO]: Server Ping Player Sample Count: 12
[12:43:52] [Server thread/INFO]: Using 4 threads for Netty based IO
[12:43:52] [Server thread/INFO]: Default game type: SURVIVAL
[12:43:52] [Server thread/INFO]: Generating keypair
[12:43:53] [Server thread/INFO]: Starting Minecraft server on *:25565
[12:43:53] [Server thread/INFO]: Using default channel type
[12:43:55] [Server thread/WARN]: Initializing Legacy Material Support. Unless you have legacy plugins and/or data this is a bug!
[12:44:01] [Server thread/WARN]: Legacy plugin SpigotPing v2.5 does not specify an api-version.
[12:44:01] [Server thread/INFO]: [SpigotPing] Loading SpigotPing v2.5
[12:44:01] [Server thread/INFO]: Server permissions file permissions.yml is empty, ignoring it
[12:44:01] [Server thread/WARN]: **** SERVER IS RUNNING IN OFFLINE/INSECURE MODE!
[12:44:01] [Server thread/WARN]: The server will make no attempt to authenticate usernames. Beware.
[12:44:01] [Server thread/WARN]: While this makes the game possible to play without internet access, it also opens up the ability for hackers to connect with any username they choose.
[12:44:01] [Server thread/WARN]: To change this, set "online-mode" to "true" in the server.properties file.
[12:44:01] [Server thread/INFO]: Preparing level "3-player Survival"
[12:44:02] [Server thread/INFO]: Reloading ResourceManager: Default, bukkit
[12:44:03] [Server thread/INFO]: Loaded 6 recipes
[12:44:04] [Server thread/INFO]: -------- World Settings For [3-player Survival] --------
[12:44:04] [Server thread/INFO]: View Distance: 6
[12:44:04] [Server thread/INFO]: Item Merge Radius: 2.5
[12:44:04] [Server thread/INFO]: Item Despawn Rate: 6000
[12:44:04] [Server thread/INFO]: Nerfing mobs spawned from spawners: false
[12:44:04] [Server thread/INFO]: Arrow Despawn Rate: 1200 Trident Respawn Rate:1200
[12:44:04] [Server thread/INFO]: Allow Zombie Pigmen to spawn from portal blocks: true
[12:44:04] [Server thread/INFO]: Cactus Growth Modifier: 100%
[12:44:04] [Server thread/INFO]: Cane Growth Modifier: 100%
[12:44:04] [Server thread/INFO]: Melon Growth Modifier: 100%
[12:44:04] [Server thread/INFO]: Mushroom Growth Modifier: 100%
[12:44:04] [Server thread/INFO]: Pumpkin Growth Modifier: 100%
[12:44:04] [Server thread/INFO]: Sapling Growth Modifier: 100%
[12:44:04] [Server thread/INFO]: Beetroot Growth Modifier: 100%
[12:44:04] [Server thread/INFO]: Carrot Growth Modifier: 100%
[12:44:04] [Server thread/INFO]: Potato Growth Modifier: 100%
[12:44:04] [Server thread/INFO]: Wheat Growth Modifier: 100%
[12:44:04] [Server thread/INFO]: NetherWart Growth Modifier: 100%
[12:44:04] [Server thread/INFO]: Vine Growth Modifier: 100%
[12:44:04] [Server thread/INFO]: Cocoa Growth Modifier: 100%
[12:44:04] [Server thread/INFO]: Bamboo Growth Modifier: 100%
[12:44:04] [Server thread/INFO]: SweetBerry Growth Modifier: 100%
[12:44:04] [Server thread/INFO]: Kelp Growth Modifier: 100%
[12:44:04] [Server thread/INFO]: Mob Spawn Range: 8
[12:44:04] [Server thread/INFO]: Entity Activation Range: An 32 / Mo 32 / Ra 48 / Mi 16 / Tiv true
[12:44:04] [Server thread/INFO]: Hopper Transfer: 8 Hopper Check: 1 Hopper Amount: 1
[12:44:04] [Server thread/INFO]: Entity Tracking Range: Pl 48 / An 48 / Mo 48 / Mi 32 / Other 64
[12:44:04] [Server thread/INFO]: Custom Map Seeds:  Village: 10387312 Desert: 14357617 Igloo: 14357618 Jungle: 14357619 Swamp: 14357620 Monument: 10387313 Ocean: 14357621 Shipwreck: 165745295 Slime: 987234911
[12:44:04] [Server thread/INFO]: Experience Merge Radius: 3.0
[12:44:04] [Server thread/INFO]: Max TNT Explosions: 100
[12:44:04] [Server thread/INFO]: Tile Max Tick Time: 50ms Entity max Tick Time: 50ms
[12:44:04] [Server thread/INFO]: Zombie Aggressive Towards Villager: true
[12:44:04] [Server thread/INFO]: -------- World Settings For [3-player Survival_nether] --------
[12:44:04] [Server thread/INFO]: View Distance: 6
[12:44:04] [Server thread/INFO]: Item Merge Radius: 2.5
[12:44:04] [Server thread/INFO]: Item Despawn Rate: 6000
[12:44:04] [Server thread/INFO]: Nerfing mobs spawned from spawners: false
[12:44:04] [Server thread/INFO]: Arrow Despawn Rate: 1200 Trident Respawn Rate:1200
[12:44:04] [Server thread/INFO]: Allow Zombie Pigmen to spawn from portal blocks: true
[12:44:04] [Server thread/INFO]: Cactus Growth Modifier: 100%
[12:44:04] [Server thread/INFO]: Cane Growth Modifier: 100%
[12:44:04] [Server thread/INFO]: Melon Growth Modifier: 100%
[12:44:04] [Server thread/INFO]: Mushroom Growth Modifier: 100%
[12:44:04] [Server thread/INFO]: Pumpkin Growth Modifier: 100%
[12:44:04] [Server thread/INFO]: Sapling Growth Modifier: 100%
[12:44:04] [Server thread/INFO]: Beetroot Growth Modifier: 100%
[12:44:04] [Server thread/INFO]: Carrot Growth Modifier: 100%
[12:44:04] [Server thread/INFO]: Potato Growth Modifier: 100%
[12:44:04] [Server thread/INFO]: Wheat Growth Modifier: 100%
[12:44:04] [Server thread/INFO]: NetherWart Growth Modifier: 100%
[12:44:04] [Server thread/INFO]: Vine Growth Modifier: 100%
[12:44:04] [Server thread/INFO]: Cocoa Growth Modifier: 100%
[12:44:04] [Server thread/INFO]: Bamboo Growth Modifier: 100%
[12:44:04] [Server thread/INFO]: SweetBerry Growth Modifier: 100%
[12:44:04] [Server thread/INFO]: Kelp Growth Modifier: 100%
[12:44:04] [Server thread/INFO]: Mob Spawn Range: 8
[12:44:04] [Server thread/INFO]: Entity Activation Range: An 32 / Mo 32 / Ra 48 / Mi 16 / Tiv true
[12:44:04] [Server thread/INFO]: Hopper Transfer: 8 Hopper Check: 1 Hopper Amount: 1
[12:44:04] [Server thread/INFO]: Entity Tracking Range: Pl 48 / An 48 / Mo 48 / Mi 32 / Other 64
[12:44:04] [Server thread/INFO]: Custom Map Seeds:  Village: 10387312 Desert: 14357617 Igloo: 14357618 Jungle: 14357619 Swamp: 14357620 Monument: 10387313 Ocean: 14357621 Shipwreck: 165745295 Slime: 987234911
[12:44:04] [Server thread/INFO]: Experience Merge Radius: 3.0
[12:44:04] [Server thread/INFO]: Max TNT Explosions: 100
[12:44:04] [Server thread/INFO]: Tile Max Tick Time: 50ms Entity max Tick Time: 50ms
[12:44:04] [Server thread/INFO]: Zombie Aggressive Towards Villager: true
[12:44:05] [Server thread/INFO]: -------- World Settings For [3-player Survival_the_end] --------
[12:44:05] [Server thread/INFO]: View Distance: 6
[12:44:05] [Server thread/INFO]: Item Merge Radius: 2.5
[12:44:05] [Server thread/INFO]: Item Despawn Rate: 6000
[12:44:05] [Server thread/INFO]: Nerfing mobs spawned from spawners: false
[12:44:05] [Server thread/INFO]: Arrow Despawn Rate: 1200 Trident Respawn Rate:1200
[12:44:05] [Server thread/INFO]: Allow Zombie Pigmen to spawn from portal blocks: true
[12:44:05] [Server thread/INFO]: Cactus Growth Modifier: 100%
[12:44:05] [Server thread/INFO]: Cane Growth Modifier: 100%
[12:44:05] [Server thread/INFO]: Melon Growth Modifier: 100%
[12:44:05] [Server thread/INFO]: Mushroom Growth Modifier: 100%
[12:44:05] [Server thread/INFO]: Pumpkin Growth Modifier: 100%
[12:44:05] [Server thread/INFO]: Sapling Growth Modifier: 100%
[12:44:05] [Server thread/INFO]: Beetroot Growth Modifier: 100%
[12:44:05] [Server thread/INFO]: Carrot Growth Modifier: 100%
[12:44:05] [Server thread/INFO]: Potato Growth Modifier: 100%
[12:44:05] [Server thread/INFO]: Wheat Growth Modifier: 100%
[12:44:05] [Server thread/INFO]: NetherWart Growth Modifier: 100%
[12:44:05] [Server thread/INFO]: Vine Growth Modifier: 100%
[12:44:05] [Server thread/INFO]: Cocoa Growth Modifier: 100%
[12:44:05] [Server thread/INFO]: Bamboo Growth Modifier: 100%
[12:44:05] [Server thread/INFO]: SweetBerry Growth Modifier: 100%
[12:44:05] [Server thread/INFO]: Kelp Growth Modifier: 100%
[12:44:05] [Server thread/INFO]: Mob Spawn Range: 8
[12:44:05] [Server thread/INFO]: Entity Activation Range: An 32 / Mo 32 / Ra 48 / Mi 16 / Tiv true
[12:44:05] [Server thread/INFO]: Hopper Transfer: 8 Hopper Check: 1 Hopper Amount: 1
[12:44:05] [Server thread/INFO]: Entity Tracking Range: Pl 48 / An 48 / Mo 48 / Mi 32 / Other 64
[12:44:05] [Server thread/INFO]: Custom Map Seeds:  Village: 10387312 Desert: 14357617 Igloo: 14357618 Jungle: 14357619 Swamp: 14357620 Monument: 10387313 Ocean: 14357621 Shipwreck: 165745295 Slime: 987234911
[12:44:05] [Server thread/INFO]: Experience Merge Radius: 3.0
[12:44:05] [Server thread/INFO]: Max TNT Explosions: 100
[12:44:05] [Server thread/INFO]: Tile Max Tick Time: 50ms Entity max Tick Time: 50ms
[12:44:05] [Server thread/INFO]: Zombie Aggressive Towards Villager: true
[12:44:05] [Server thread/INFO]: Preparing start region for dimension '3-player Survival'/minecraft:overworld
[12:44:06] [Server thread/INFO]: Preparing spawn area: 0%
[12:44:06] [Server thread/INFO]: Preparing spawn area: 0%
[12:44:06] [Server thread/INFO]: Preparing spawn area: 0%
[12:44:06] [Server thread/INFO]: Preparing spawn area: 0%
[12:44:07] [Server thread/INFO]: Preparing spawn area: 0%
[12:44:08] [Server thread/INFO]: Preparing spawn area: 1%
[12:44:08] [Server thread/INFO]: Preparing spawn area: 1%
[12:44:08] [Server thread/INFO]: Preparing spawn area: 2%
[12:44:09] [Server thread/INFO]: Preparing spawn area: 47%
[12:44:09] [Server thread/INFO]: Preparing spawn area: 72%
[12:44:10] [Server thread/INFO]: Preparing spawn area: 98%
[12:44:10] [Server thread/INFO]: Preparing spawn area: 100%
[12:44:11] [Server thread/INFO]: Preparing spawn area: 100%
[12:44:11] [Server-Worker-1/INFO]: Preparing spawn area: 100%
[12:44:11] [Server thread/INFO]: Loaded 169 spawn chunks for world 3-player Survival
[12:44:12] [Server thread/INFO]: Time elapsed: 6892 ms
[12:44:12] [Server thread/INFO]: Preparing start region for dimension '3-player Survival_nether'/minecraft:the_nether
[12:44:12] [Server thread/INFO]: Preparing spawn area: 0%
[12:44:12] [Server thread/INFO]: Preparing spawn area: 8%
[12:44:13] [Server thread/INFO]: Preparing spawn area: 58%
[12:44:13] [Server thread/INFO]: Preparing spawn area: 100%
[12:44:14] [Server-Worker-2/INFO]: Preparing spawn area: 100%
[12:44:14] [Server-Worker-1/INFO]: Preparing spawn area: 100%
[12:44:15] [Server-Worker-1/INFO]: Preparing spawn area: 100%
[12:44:15] [Server-Worker-1/INFO]: Preparing spawn area: 100%
[12:44:16] [Server thread/INFO]: Preparing spawn area: 100%
[12:44:16] [Server-Worker-1/INFO]: Preparing spawn area: 100%
[12:44:17] [Server thread/INFO]: Preparing spawn area: 100%
[12:44:17] [Server-Worker-1/INFO]: Preparing spawn area: 100%
[12:44:18] [Server-Worker-2/INFO]: Preparing spawn area: 100%
[12:44:18] [Server-Worker-1/INFO]: Preparing spawn area: 100%
[12:44:18] [Server thread/INFO]: Loaded 169 spawn chunks for world 3-player Survival_nether
[12:44:18] [Server thread/INFO]: Time elapsed: 6909 ms
[12:44:18] [Server thread/INFO]: Preparing start region for dimension '3-player Survival_the_end'/minecraft:the_end
[12:44:19] [Server thread/INFO]: Preparing spawn area: 0%
[12:44:19] [Server thread/INFO]: Preparing spawn area: 7%
[12:44:19] [Server thread/INFO]: Preparing spawn area: 92%
[12:44:20] [Server-Worker-2/INFO]: Preparing spawn area: 100%
[12:44:20] [Server-Worker-1/INFO]: Preparing spawn area: 100%
[12:44:21] [Server-Worker-1/INFO]: Preparing spawn area: 100%
[12:44:21] [Server thread/INFO]: Loaded 169 spawn chunks for world 3-player Survival_the_end
[12:44:21] [Server thread/INFO]: Time elapsed: 2566 ms
[12:44:21] [Server thread/INFO]: [SpigotPing] Enabling SpigotPing v2.5*
[12:44:21] [Server thread/INFO]: [SpigotPing] TabList is enabled, task added with a delay of 3 second/s.
[12:44:21] [Server thread/INFO]: Done (19.894s)! For help, type "help"
[12:44:21] [Server thread/INFO]: Timings Reset
[12:46:52] [User Authenticator #1/INFO]: UUID of player Stehsaer is 4ee78221-99b3-33bb-8da3-72c49ff039eb
[12:46:53] [Server thread/INFO]: Stehsaer[/192.168.100.27:57886] logged in with entity id 210 at ([3-player Survival]-128.383755039582, 71.0, -707.5876001713923)
[12:48:27] [Server thread/INFO]: Stehsaer lost connection: Disconnected
[12:48:27] [Server thread/INFO]: Stehsaer left the game
[12:51:43] [User Authenticator #2/INFO]: UUID of player Stehsaer is 4ee78221-99b3-33bb-8da3-72c49ff039eb
[12:51:44] [Server thread/INFO]: Stehsaer[/192.168.100.27:57921] logged in with entity id 344 at ([3-player Survival]-127.55420357217952, 71.5, -707.2543475539368)
[12:55:46] [Server thread/INFO]: Stehsaer lost connection: Disconnected
[12:55:46] [Server thread/INFO]: Stehsaer left the game
[12:57:15] [User Authenticator #3/INFO]: UUID of player Stehsaer is 4ee78221-99b3-33bb-8da3-72c49ff039eb
[12:57:15] [Server thread/INFO]: Stehsaer[/192.168.100.27:57967] logged in with entity id 758 at ([3-player Survival]-112.89315838411338, 62.9375, -647.0304712241126)
[13:09:22] [Server thread/INFO]: Stehsaer lost connection: Disconnected
[13:09:22] [Server thread/INFO]: Stehsaer left the game
[14:29:22] [Server thread/INFO]: TPS from last 1m, 5m, 15m: *20.0, *20.0, 20.0
[15:32:19] [User Authenticator #4/INFO]: UUID of player Stehsaer is 4ee78221-99b3-33bb-8da3-72c49ff039eb
[15:32:20] [Server thread/INFO]: Stehsaer[/192.168.100.27:59357] logged in with entity id 1807 at ([3-player Survival]-99.01468819673502, 63.0, -633.6709036563716)
[15:58:23] [Server thread/INFO]: Stehsaer lost connection: Disconnected
[15:58:23] [Server thread/INFO]: Stehsaer left the game
[17:54:01] [Server thread/INFO]: Stopping server
[17:54:01] [Server thread/INFO]: [SpigotPing] Disabling SpigotPing v2.5
[17:54:01] [Server thread/INFO]: [SpigotPing] Cancelling tasks...
[17:54:01] [Server thread/INFO]: Saving players
[17:54:01] [Server thread/INFO]: Saving worlds
[17:54:01] [Server thread/INFO]: Saving chunks for level '3-player Survival'/minecraft:overworld
[17:54:01] [Server thread/INFO]: ThreadedAnvilChunkStorage (3-player Survival): All chunks are saved
[17:54:01] [Server thread/INFO]: Saving chunks for level '3-player Survival_nether'/minecraft:the_nether
[17:54:01] [Server thread/INFO]: ThreadedAnvilChunkStorage (DIM-1): All chunks are saved
[17:54:01] [Server thread/INFO]: Saving chunks for level '3-player Survival_the_end'/minecraft:the_end
[17:54:01] [Server thread/INFO]: ThreadedAnvilChunkStorage (DIM1): All chunks are saved
