[19:06:07] [Server thread/INFO]: Starting minecraft server version 1.15.2
[19:06:07] [Server thread/INFO]: Loading properties
[19:06:08] [Server thread/INFO]: This server is running Paper version git-Paper-98 (MC: 1.15.2) (Implementing API version 1.15.2-R0.1-SNAPSHOT)
[19:06:08] [Server thread/INFO]: Debug logging is disabled
[19:06:08] [Server thread/INFO]: Server Ping Player Sample Count: 12
[19:06:08] [Server thread/INFO]: Using 4 threads for Netty based IO
[19:06:09] [Server thread/INFO]: Default game type: SURVIVAL
[19:06:09] [Server thread/INFO]: Generating keypair
[19:06:09] [Server thread/INFO]: Starting Minecraft server on *:25565
[19:06:09] [Server thread/INFO]: Using default channel type
[19:06:18] [Server thread/WARN]: Initializing Legacy Material Support. Unless you have legacy plugins and/or data this is a bug!
[19:06:26] [Server thread/WARN]: Legacy plugin SpigotPing v2.5 does not specify an api-version.
[19:06:26] [Server thread/INFO]: [SpigotPing] Loading SpigotPing v2.5
[19:06:26] [Server thread/INFO]: Server permissions file permissions.yml is empty, ignoring it
[19:06:26] [Server thread/WARN]: **** SERVER IS RUNNING IN OFFLINE/INSECURE MODE!
[19:06:26] [Server thread/WARN]: The server will make no attempt to authenticate usernames. Beware.
[19:06:26] [Server thread/WARN]: While this makes the game possible to play without internet access, it also opens up the ability for hackers to connect with any username they choose.
[19:06:26] [Server thread/WARN]: To change this, set "online-mode" to "true" in the server.properties file.
[19:06:26] [Server thread/INFO]: Preparing level "world"
[19:06:27] [Server thread/INFO]: Reloading ResourceManager: Default, bukkit
[19:06:33] [Server thread/INFO]: Loaded 6 recipes
[19:06:34] [Server thread/INFO]: -------- World Settings For [world] --------
[19:06:34] [Server thread/INFO]: View Distance: 6
[19:06:34] [Server thread/INFO]: Item Merge Radius: 2.5
[19:06:34] [Server thread/INFO]: Item Despawn Rate: 6000
[19:06:34] [Server thread/INFO]: Arrow Despawn Rate: 1200 Trident Respawn Rate:1200
[19:06:34] [Server thread/INFO]: Zombie Aggressive Towards Villager: true
[19:06:34] [Server thread/INFO]: Allow Zombie Pigmen to spawn from portal blocks: true
[19:06:34] [Server thread/INFO]: Nerfing mobs spawned from spawners: false
[19:06:34] [Server thread/INFO]: Entity Tracking Range: Pl 48 / An 48 / Mo 48 / Mi 32 / Other 64
[19:06:34] [Server thread/INFO]: Custom Map Seeds:  Village: 10387312 Desert: 14357617 Igloo: 14357618 Jungle: 14357619 Swamp: 14357620 Monument: 10387313 Ocean: 14357621 Shipwreck: 165745295 Slime: 987234911
[19:06:34] [Server thread/INFO]: Experience Merge Radius: 3.0
[19:06:34] [Server thread/INFO]: Mob Spawn Range: 8
[19:06:34] [Server thread/INFO]: Hopper Transfer: 8 Hopper Check: 1 Hopper Amount: 1
[19:06:34] [Server thread/INFO]: Cactus Growth Modifier: 100%
[19:06:34] [Server thread/INFO]: Cane Growth Modifier: 100%
[19:06:34] [Server thread/INFO]: Melon Growth Modifier: 100%
[19:06:34] [Server thread/INFO]: Mushroom Growth Modifier: 100%
[19:06:34] [Server thread/INFO]: Pumpkin Growth Modifier: 100%
[19:06:34] [Server thread/INFO]: Sapling Growth Modifier: 100%
[19:06:34] [Server thread/INFO]: Beetroot Growth Modifier: 100%
[19:06:34] [Server thread/INFO]: Carrot Growth Modifier: 100%
[19:06:34] [Server thread/INFO]: Potato Growth Modifier: 100%
[19:06:34] [Server thread/INFO]: Wheat Growth Modifier: 100%
[19:06:34] [Server thread/INFO]: NetherWart Growth Modifier: 100%
[19:06:34] [Server thread/INFO]: Vine Growth Modifier: 100%
[19:06:34] [Server thread/INFO]: Cocoa Growth Modifier: 100%
[19:06:34] [Server thread/INFO]: Bamboo Growth Modifier: 100%
[19:06:34] [Server thread/INFO]: SweetBerry Growth Modifier: 100%
[19:06:34] [Server thread/INFO]: Kelp Growth Modifier: 100%
[19:06:34] [Server thread/INFO]: Entity Activation Range: An 32 / Mo 32 / Ra 48 / Mi 16 / Tiv true
[19:06:34] [Server thread/INFO]: Max TNT Explosions: 100
[19:06:34] [Server thread/INFO]: Tile Max Tick Time: 50ms Entity max Tick Time: 50ms
[19:06:34] [Server thread/INFO]: -------- World Settings For [world_nether] --------
[19:06:34] [Server thread/INFO]: View Distance: 6
[19:06:34] [Server thread/INFO]: Item Merge Radius: 2.5
[19:06:34] [Server thread/INFO]: Item Despawn Rate: 6000
[19:06:34] [Server thread/INFO]: Arrow Despawn Rate: 1200 Trident Respawn Rate:1200
[19:06:34] [Server thread/INFO]: Zombie Aggressive Towards Villager: true
[19:06:34] [Server thread/INFO]: Allow Zombie Pigmen to spawn from portal blocks: true
[19:06:34] [Server thread/INFO]: Nerfing mobs spawned from spawners: false
[19:06:34] [Server thread/INFO]: Entity Tracking Range: Pl 48 / An 48 / Mo 48 / Mi 32 / Other 64
[19:06:34] [Server thread/INFO]: Custom Map Seeds:  Village: 10387312 Desert: 14357617 Igloo: 14357618 Jungle: 14357619 Swamp: 14357620 Monument: 10387313 Ocean: 14357621 Shipwreck: 165745295 Slime: 987234911
[19:06:34] [Server thread/INFO]: Experience Merge Radius: 3.0
[19:06:34] [Server thread/INFO]: Mob Spawn Range: 8
[19:06:34] [Server thread/INFO]: Hopper Transfer: 8 Hopper Check: 1 Hopper Amount: 1
[19:06:34] [Server thread/INFO]: Cactus Growth Modifier: 100%
[19:06:34] [Server thread/INFO]: Cane Growth Modifier: 100%
[19:06:34] [Server thread/INFO]: Melon Growth Modifier: 100%
[19:06:34] [Server thread/INFO]: Mushroom Growth Modifier: 100%
[19:06:34] [Server thread/INFO]: Pumpkin Growth Modifier: 100%
[19:06:34] [Server thread/INFO]: Sapling Growth Modifier: 100%
[19:06:34] [Server thread/INFO]: Beetroot Growth Modifier: 100%
[19:06:34] [Server thread/INFO]: Carrot Growth Modifier: 100%
[19:06:34] [Server thread/INFO]: Potato Growth Modifier: 100%
[19:06:34] [Server thread/INFO]: Wheat Growth Modifier: 100%
[19:06:34] [Server thread/INFO]: NetherWart Growth Modifier: 100%
[19:06:34] [Server thread/INFO]: Vine Growth Modifier: 100%
[19:06:34] [Server thread/INFO]: Cocoa Growth Modifier: 100%
[19:06:34] [Server thread/INFO]: Bamboo Growth Modifier: 100%
[19:06:34] [Server thread/INFO]: SweetBerry Growth Modifier: 100%
[19:06:34] [Server thread/INFO]: Kelp Growth Modifier: 100%
[19:06:34] [Server thread/INFO]: Entity Activation Range: An 32 / Mo 32 / Ra 48 / Mi 16 / Tiv true
[19:06:34] [Server thread/INFO]: Max TNT Explosions: 100
[19:06:34] [Server thread/INFO]: Tile Max Tick Time: 50ms Entity max Tick Time: 50ms
[19:06:34] [Server thread/INFO]: -------- World Settings For [world_the_end] --------
[19:06:34] [Server thread/INFO]: View Distance: 6
[19:06:34] [Server thread/INFO]: Item Merge Radius: 2.5
[19:06:34] [Server thread/INFO]: Item Despawn Rate: 6000
[19:06:34] [Server thread/INFO]: Arrow Despawn Rate: 1200 Trident Respawn Rate:1200
[19:06:34] [Server thread/INFO]: Zombie Aggressive Towards Villager: true
[19:06:34] [Server thread/INFO]: Allow Zombie Pigmen to spawn from portal blocks: true
[19:06:34] [Server thread/INFO]: Nerfing mobs spawned from spawners: false
[19:06:34] [Server thread/INFO]: Entity Tracking Range: Pl 48 / An 48 / Mo 48 / Mi 32 / Other 64
[19:06:34] [Server thread/INFO]: Custom Map Seeds:  Village: 10387312 Desert: 14357617 Igloo: 14357618 Jungle: 14357619 Swamp: 14357620 Monument: 10387313 Ocean: 14357621 Shipwreck: 165745295 Slime: 987234911
[19:06:34] [Server thread/INFO]: Experience Merge Radius: 3.0
[19:06:34] [Server thread/INFO]: Mob Spawn Range: 8
[19:06:34] [Server thread/INFO]: Hopper Transfer: 8 Hopper Check: 1 Hopper Amount: 1
[19:06:34] [Server thread/INFO]: Cactus Growth Modifier: 100%
[19:06:34] [Server thread/INFO]: Cane Growth Modifier: 100%
[19:06:34] [Server thread/INFO]: Melon Growth Modifier: 100%
[19:06:34] [Server thread/INFO]: Mushroom Growth Modifier: 100%
[19:06:34] [Server thread/INFO]: Pumpkin Growth Modifier: 100%
[19:06:34] [Server thread/INFO]: Sapling Growth Modifier: 100%
[19:06:34] [Server thread/INFO]: Beetroot Growth Modifier: 100%
[19:06:34] [Server thread/INFO]: Carrot Growth Modifier: 100%
[19:06:34] [Server thread/INFO]: Potato Growth Modifier: 100%
[19:06:34] [Server thread/INFO]: Wheat Growth Modifier: 100%
[19:06:34] [Server thread/INFO]: NetherWart Growth Modifier: 100%
[19:06:34] [Server thread/INFO]: Vine Growth Modifier: 100%
[19:06:34] [Server thread/INFO]: Cocoa Growth Modifier: 100%
[19:06:34] [Server thread/INFO]: Bamboo Growth Modifier: 100%
[19:06:34] [Server thread/INFO]: SweetBerry Growth Modifier: 100%
[19:06:34] [Server thread/INFO]: Kelp Growth Modifier: 100%
[19:06:34] [Server thread/INFO]: Entity Activation Range: An 32 / Mo 32 / Ra 48 / Mi 16 / Tiv true
[19:06:34] [Server thread/INFO]: Max TNT Explosions: 100
[19:06:34] [Server thread/INFO]: Tile Max Tick Time: 50ms Entity max Tick Time: 50ms
[19:06:34] [Server thread/INFO]: Preparing start region for dimension 'world'/minecraft:overworld
[19:06:36] [Server thread/INFO]: Preparing spawn area: 0%
[19:06:36] [Server thread/INFO]: Preparing spawn area: 0%
[19:06:36] [Server thread/INFO]: Preparing spawn area: 0%
[19:06:36] [Server thread/INFO]: Preparing spawn area: 0%
[19:06:36] [Server thread/INFO]: Preparing spawn area: 0%
[19:06:37] [Server thread/INFO]: Preparing spawn area: 1%
[19:06:37] [Server thread/INFO]: Preparing spawn area: 23%
[19:06:38] [Server thread/INFO]: Preparing spawn area: 55%
[19:06:38] [Server thread/INFO]: Preparing spawn area: 95%
[19:06:39] [Server thread/INFO]: Preparing spawn area: 100%
[19:06:39] [Server thread/INFO]: Preparing spawn area: 100%
[19:06:42] [Server-Worker-2/INFO]: Preparing spawn area: 100%
[19:06:42] [Server-Worker-1/INFO]: Preparing spawn area: 100%
[19:06:42] [Server-Worker-1/INFO]: Preparing spawn area: 100%
[19:06:42] [Server-Worker-1/INFO]: Preparing spawn area: 100%
[19:06:42] [Server-Worker-2/INFO]: Preparing spawn area: 100%
[19:06:42] [Server-Worker-1/INFO]: Preparing spawn area: 100%
[19:06:43] [Server-Worker-2/INFO]: Preparing spawn area: 100%
[19:06:43] [Server-Worker-2/INFO]: Preparing spawn area: 100%
[19:06:44] [Server-Worker-2/INFO]: Preparing spawn area: 100%
[19:06:44] [Server-Worker-2/INFO]: Preparing spawn area: 100%
[19:06:45] [Server-Worker-1/INFO]: Preparing spawn area: 100%
[19:06:45] [Server thread/INFO]: Preparing spawn area: 100%
[19:06:46] [Server-Worker-2/INFO]: Preparing spawn area: 100%
[19:06:46] [Server-Worker-1/INFO]: Preparing spawn area: 100%
[19:06:47] [Server thread/INFO]: Preparing spawn area: 100%
[19:06:47] [Server-Worker-2/INFO]: Preparing spawn area: 100%
[19:06:48] [Server-Worker-2/INFO]: Preparing spawn area: 100%
[19:06:48] [Server-Worker-1/INFO]: Preparing spawn area: 100%
[19:06:48] [Server thread/INFO]: Loaded 169 spawn chunks for world world
[19:06:48] [Server thread/INFO]: Time elapsed: 14108 ms
[19:06:48] [Server thread/INFO]: Preparing start region for dimension 'world_nether'/minecraft:the_nether
[19:06:48] [Server thread/INFO]: Preparing spawn area: 0%
[19:06:49] [Server thread/INFO]: Preparing spawn area: 32%
[19:06:49] [Server thread/INFO]: Preparing spawn area: 97%
[19:06:50] [Server-Worker-2/INFO]: Preparing spawn area: 100%
[19:06:50] [Server-Worker-1/INFO]: Preparing spawn area: 100%
[19:06:51] [Server-Worker-1/INFO]: Preparing spawn area: 100%
[19:06:51] [Server-Worker-1/INFO]: Preparing spawn area: 100%
[19:06:52] [Server-Worker-2/INFO]: Preparing spawn area: 100%
[19:06:52] [Server thread/INFO]: Loaded 169 spawn chunks for world world_nether
[19:06:52] [Server thread/INFO]: Time elapsed: 3754 ms
[19:06:52] [Server thread/INFO]: Preparing start region for dimension 'world_the_end'/minecraft:the_end
[19:06:52] [Server thread/INFO]: Preparing spawn area: 0%
[19:06:53] [Server thread/INFO]: Preparing spawn area: 0%
[19:06:53] [Server-Worker-2/INFO]: Preparing spawn area: 100%
[19:06:54] [Server-Worker-1/INFO]: Preparing spawn area: 100%
[19:06:54] [Server thread/INFO]: Loaded 169 spawn chunks for world world_the_end
[19:06:54] [Server thread/INFO]: Time elapsed: 1935 ms
[19:06:54] [Server thread/INFO]: [SpigotPing] Enabling SpigotPing v2.5*
[19:06:54] [Server thread/INFO]: [SpigotPing] TabList is enabled, task added with a delay of 5 second/s.
[19:06:54] [Server thread/INFO]: Done (27.993s)! For help, type "help"
[19:06:54] [Server thread/INFO]: Timings Reset
[19:13:09] [Server thread/INFO]: Unknown command. Type "/help" for help.
[19:13:13] [Server thread/INFO]: A player is required to run this command here
[19:13:24] [Server thread/INFO]: Incorrect argument for command
[19:13:24] [Server thread/INFO]: /gamerule keepinventory true<--[HERE]
[19:13:32] [Server thread/INFO]: --------- Help: /gamerule -----------------------
[19:13:32] [Server thread/INFO]: Description: A Mojang provided command.
[19:13:32] [Server thread/INFO]: Usage: gamerule
[19:13:46] [Server thread/INFO]: Incorrect argument for command
[19:13:46] [Server thread/INFO]: /gamerule KeepInventory true<--[HERE]
[19:20:00] [User Authenticator #1/INFO]: UUID of player Stehsaer is 4ee78221-99b3-33bb-8da3-72c49ff039eb
[19:20:01] [Server thread/INFO]: Stehsaer[/192.168.100.27:53989] logged in with entity id 89 at ([world]31.5, 67.0, 29.5)
[19:20:05] [Server thread/INFO]: Stehsaer lost connection: Disconnected
[19:20:05] [Server thread/INFO]: Stehsaer left the game
[19:20:06] [User Authenticator #1/INFO]: UUID of player Stehsaer is 4ee78221-99b3-33bb-8da3-72c49ff039eb
[19:20:07] [Server thread/INFO]: Stehsaer[/192.168.100.27:53990] logged in with entity id 202 at ([world]31.5, 67.0, 29.5)
[19:20:16] [Server thread/WARN]: Can't keep up! Is the server overloaded? Running 5875ms or 117 ticks behind
[19:20:32] [Server thread/INFO]: Stehsaer lost connection: Disconnected
[19:20:32] [Server thread/INFO]: Stehsaer left the game
[19:20:36] [User Authenticator #1/INFO]: UUID of player Stehsaer is 4ee78221-99b3-33bb-8da3-72c49ff039eb
[19:20:37] [Server thread/INFO]: Stehsaer[/192.168.100.27:53995] logged in with entity id 208 at ([world]31.5, 67.0, 29.5)
[19:20:49] [Server thread/INFO]: Made Stehsaer a server operator
[19:20:58] [Server thread/INFO]: Unknown command. Type "/help" for help.
[19:21:07] [Server thread/INFO]: Stehsaer was slain by Spider
[19:21:30] [Server thread/INFO]: Stehsaer issued server command: /gamemode creative
[19:21:30] [Server thread/INFO]: [Stehsaer: Set own game mode to Creative Mode]
[19:22:13] [Server thread/INFO]: Stehsaer lost connection: Disconnected
[19:22:13] [Server thread/INFO]: Stehsaer left the game
[19:22:20] [User Authenticator #2/INFO]: UUID of player Stehsaer is 4ee78221-99b3-33bb-8da3-72c49ff039eb
[19:22:20] [Server thread/INFO]: Stehsaer[/192.168.100.27:54019] logged in with entity id 403 at ([world]62.03302723916321, 70.0, 26.67826032003783)
[19:23:37] [Server thread/INFO]: Stehsaer lost connection: Disconnected
[19:23:37] [Server thread/INFO]: Stehsaer left the game
[19:23:42] [Server thread/INFO]: Stopping the server
[19:23:42] [Server thread/INFO]: Stopping server
[19:23:42] [Server thread/INFO]: [SpigotPing] Disabling SpigotPing v2.5
[19:23:42] [Server thread/INFO]: [SpigotPing] Cancelling tasks...
[19:23:42] [Server thread/INFO]: Saving players
[19:23:42] [Server thread/INFO]: Saving worlds
[19:23:42] [Server thread/INFO]: Saving chunks for level 'world'/minecraft:overworld
[19:23:43] [Server thread/INFO]: ThreadedAnvilChunkStorage (world): All chunks are saved
[19:23:43] [Server thread/INFO]: Saving chunks for level 'world_nether'/minecraft:the_nether
[19:23:43] [Server thread/INFO]: ThreadedAnvilChunkStorage (DIM-1): All chunks are saved
[19:23:43] [Server thread/INFO]: Saving chunks for level 'world_the_end'/minecraft:the_end
[19:23:43] [Server thread/INFO]: ThreadedAnvilChunkStorage (DIM1): All chunks are saved
[19:23:43] [Server thread/INFO]: ThreadedAnvilChunkStorage (world): All chunks are saved
[19:23:44] [Server thread/INFO]: ThreadedAnvilChunkStorage (DIM-1): All chunks are saved
[19:23:45] [Server thread/INFO]: ThreadedAnvilChunkStorage (DIM1): All chunks are saved
