[08:32:43] [Server thread/INFO]: Loading properties
[08:32:43] [Server thread/INFO]: This server is running Paper version git-Paper-98 (MC: 1.15.2) (Implementing API version 1.15.2-R0.1-SNAPSHOT)
[08:32:44] [Server thread/INFO]: Debug logging is disabled
[08:32:44] [Server thread/INFO]: Server Ping Player Sample Count: 12
[08:32:44] [Server thread/INFO]: Using 4 threads for Netty based IO
[08:32:44] [Server thread/INFO]: Default game type: SURVIVAL
[08:32:44] [Server thread/INFO]: Generating keypair
[08:32:45] [Server thread/INFO]: Starting Minecraft server on *:25565
[08:32:45] [Server thread/INFO]: Using default channel type
[08:32:50] [Server thread/WARN]: Initializing Legacy Material Support. Unless you have legacy plugins and/or data this is a bug!
[08:32:59] [Server thread/WARN]: Legacy plugin SpigotPing v2.5 does not specify an api-version.
[08:32:59] [Server thread/INFO]: [SpigotPing] Loading SpigotPing v2.5
[08:32:59] [Server thread/INFO]: Server permissions file permissions.yml is empty, ignoring it
[08:32:59] [Server thread/WARN]: **** SERVER IS RUNNING IN OFFLINE/INSECURE MODE!
[08:32:59] [Server thread/WARN]: The server will make no attempt to authenticate usernames. Beware.
[08:32:59] [Server thread/WARN]: While this makes the game possible to play without internet access, it also opens up the ability for hackers to connect with any username they choose.
[08:32:59] [Server thread/WARN]: To change this, set "online-mode" to "true" in the server.properties file.
[08:32:59] [Server thread/INFO]: Preparing level "3-player Survival"
[08:33:00] [Server thread/INFO]: Reloading ResourceManager: Default, bukkit
[08:33:06] [Server thread/INFO]: Loaded 6 recipes
[08:33:06] [Server thread/INFO]: -------- World Settings For [3-player Survival] --------
[08:33:06] [Server thread/INFO]: View Distance: 6
[08:33:06] [Server thread/INFO]: Zombie Aggressive Towards Villager: true
[08:33:06] [Server thread/INFO]: Allow Zombie Pigmen to spawn from portal blocks: true
[08:33:06] [Server thread/INFO]: Item Merge Radius: 2.5
[08:33:06] [Server thread/INFO]: Item Despawn Rate: 6000
[08:33:06] [Server thread/INFO]: Arrow Despawn Rate: 1200 Trident Respawn Rate:1200
[08:33:06] [Server thread/INFO]: Nerfing mobs spawned from spawners: false
[08:33:06] [Server thread/INFO]: Experience Merge Radius: 3.0
[08:33:06] [Server thread/INFO]: Cactus Growth Modifier: 100%
[08:33:06] [Server thread/INFO]: Cane Growth Modifier: 100%
[08:33:06] [Server thread/INFO]: Melon Growth Modifier: 100%
[08:33:06] [Server thread/INFO]: Mushroom Growth Modifier: 100%
[08:33:06] [Server thread/INFO]: Pumpkin Growth Modifier: 100%
[08:33:06] [Server thread/INFO]: Sapling Growth Modifier: 100%
[08:33:06] [Server thread/INFO]: Beetroot Growth Modifier: 100%
[08:33:06] [Server thread/INFO]: Carrot Growth Modifier: 100%
[08:33:06] [Server thread/INFO]: Potato Growth Modifier: 100%
[08:33:06] [Server thread/INFO]: Wheat Growth Modifier: 100%
[08:33:06] [Server thread/INFO]: NetherWart Growth Modifier: 100%
[08:33:06] [Server thread/INFO]: Vine Growth Modifier: 100%
[08:33:06] [Server thread/INFO]: Cocoa Growth Modifier: 100%
[08:33:06] [Server thread/INFO]: Bamboo Growth Modifier: 100%
[08:33:06] [Server thread/INFO]: SweetBerry Growth Modifier: 100%
[08:33:06] [Server thread/INFO]: Kelp Growth Modifier: 100%
[08:33:06] [Server thread/INFO]: Mob Spawn Range: 8
[08:33:06] [Server thread/INFO]: Tile Max Tick Time: 50ms Entity max Tick Time: 50ms
[08:33:06] [Server thread/INFO]: Custom Map Seeds:  Village: 10387312 Desert: 14357617 Igloo: 14357618 Jungle: 14357619 Swamp: 14357620 Monument: 10387313 Ocean: 14357621 Shipwreck: 165745295 Slime: 987234911
[08:33:06] [Server thread/INFO]: Entity Activation Range: An 32 / Mo 32 / Ra 48 / Mi 16 / Tiv true
[08:33:06] [Server thread/INFO]: Entity Tracking Range: Pl 48 / An 48 / Mo 48 / Mi 32 / Other 64
[08:33:06] [Server thread/INFO]: Hopper Transfer: 8 Hopper Check: 1 Hopper Amount: 1
[08:33:06] [Server thread/INFO]: Max TNT Explosions: 100
[08:33:07] [Server thread/INFO]: -------- World Settings For [3-player Survival_nether] --------
[08:33:07] [Server thread/INFO]: View Distance: 6
[08:33:07] [Server thread/INFO]: Zombie Aggressive Towards Villager: true
[08:33:07] [Server thread/INFO]: Allow Zombie Pigmen to spawn from portal blocks: true
[08:33:07] [Server thread/INFO]: Item Merge Radius: 2.5
[08:33:07] [Server thread/INFO]: Item Despawn Rate: 6000
[08:33:07] [Server thread/INFO]: Arrow Despawn Rate: 1200 Trident Respawn Rate:1200
[08:33:07] [Server thread/INFO]: Nerfing mobs spawned from spawners: false
[08:33:07] [Server thread/INFO]: Experience Merge Radius: 3.0
[08:33:07] [Server thread/INFO]: Cactus Growth Modifier: 100%
[08:33:07] [Server thread/INFO]: Cane Growth Modifier: 100%
[08:33:07] [Server thread/INFO]: Melon Growth Modifier: 100%
[08:33:07] [Server thread/INFO]: Mushroom Growth Modifier: 100%
[08:33:07] [Server thread/INFO]: Pumpkin Growth Modifier: 100%
[08:33:07] [Server thread/INFO]: Sapling Growth Modifier: 100%
[08:33:07] [Server thread/INFO]: Beetroot Growth Modifier: 100%
[08:33:07] [Server thread/INFO]: Carrot Growth Modifier: 100%
[08:33:07] [Server thread/INFO]: Potato Growth Modifier: 100%
[08:33:07] [Server thread/INFO]: Wheat Growth Modifier: 100%
[08:33:07] [Server thread/INFO]: NetherWart Growth Modifier: 100%
[08:33:07] [Server thread/INFO]: Vine Growth Modifier: 100%
[08:33:07] [Server thread/INFO]: Cocoa Growth Modifier: 100%
[08:33:07] [Server thread/INFO]: Bamboo Growth Modifier: 100%
[08:33:07] [Server thread/INFO]: SweetBerry Growth Modifier: 100%
[08:33:07] [Server thread/INFO]: Kelp Growth Modifier: 100%
[08:33:07] [Server thread/INFO]: Mob Spawn Range: 8
[08:33:07] [Server thread/INFO]: Tile Max Tick Time: 50ms Entity max Tick Time: 50ms
[08:33:07] [Server thread/INFO]: Custom Map Seeds:  Village: 10387312 Desert: 14357617 Igloo: 14357618 Jungle: 14357619 Swamp: 14357620 Monument: 10387313 Ocean: 14357621 Shipwreck: 165745295 Slime: 987234911
[08:33:07] [Server thread/INFO]: Entity Activation Range: An 32 / Mo 32 / Ra 48 / Mi 16 / Tiv true
[08:33:07] [Server thread/INFO]: Entity Tracking Range: Pl 48 / An 48 / Mo 48 / Mi 32 / Other 64
[08:33:07] [Server thread/INFO]: Hopper Transfer: 8 Hopper Check: 1 Hopper Amount: 1
[08:33:07] [Server thread/INFO]: Max TNT Explosions: 100
[08:33:07] [Server thread/INFO]: -------- World Settings For [3-player Survival_the_end] --------
[08:33:07] [Server thread/INFO]: View Distance: 6
[08:33:07] [Server thread/INFO]: Zombie Aggressive Towards Villager: true
[08:33:07] [Server thread/INFO]: Allow Zombie Pigmen to spawn from portal blocks: true
[08:33:07] [Server thread/INFO]: Item Merge Radius: 2.5
[08:33:07] [Server thread/INFO]: Item Despawn Rate: 6000
[08:33:07] [Server thread/INFO]: Arrow Despawn Rate: 1200 Trident Respawn Rate:1200
[08:33:07] [Server thread/INFO]: Nerfing mobs spawned from spawners: false
[08:33:07] [Server thread/INFO]: Experience Merge Radius: 3.0
[08:33:07] [Server thread/INFO]: Cactus Growth Modifier: 100%
[08:33:07] [Server thread/INFO]: Cane Growth Modifier: 100%
[08:33:07] [Server thread/INFO]: Melon Growth Modifier: 100%
[08:33:07] [Server thread/INFO]: Mushroom Growth Modifier: 100%
[08:33:07] [Server thread/INFO]: Pumpkin Growth Modifier: 100%
[08:33:07] [Server thread/INFO]: Sapling Growth Modifier: 100%
[08:33:07] [Server thread/INFO]: Beetroot Growth Modifier: 100%
[08:33:07] [Server thread/INFO]: Carrot Growth Modifier: 100%
[08:33:07] [Server thread/INFO]: Potato Growth Modifier: 100%
[08:33:07] [Server thread/INFO]: Wheat Growth Modifier: 100%
[08:33:07] [Server thread/INFO]: NetherWart Growth Modifier: 100%
[08:33:07] [Server thread/INFO]: Vine Growth Modifier: 100%
[08:33:07] [Server thread/INFO]: Cocoa Growth Modifier: 100%
[08:33:07] [Server thread/INFO]: Bamboo Growth Modifier: 100%
[08:33:07] [Server thread/INFO]: SweetBerry Growth Modifier: 100%
[08:33:07] [Server thread/INFO]: Kelp Growth Modifier: 100%
[08:33:07] [Server thread/INFO]: Mob Spawn Range: 8
[08:33:07] [Server thread/INFO]: Tile Max Tick Time: 50ms Entity max Tick Time: 50ms
[08:33:07] [Server thread/INFO]: Custom Map Seeds:  Village: 10387312 Desert: 14357617 Igloo: 14357618 Jungle: 14357619 Swamp: 14357620 Monument: 10387313 Ocean: 14357621 Shipwreck: 165745295 Slime: 987234911
[08:33:07] [Server thread/INFO]: Entity Activation Range: An 32 / Mo 32 / Ra 48 / Mi 16 / Tiv true
[08:33:07] [Server thread/INFO]: Entity Tracking Range: Pl 48 / An 48 / Mo 48 / Mi 32 / Other 64
[08:33:07] [Server thread/INFO]: Hopper Transfer: 8 Hopper Check: 1 Hopper Amount: 1
[08:33:07] [Server thread/INFO]: Max TNT Explosions: 100
[08:33:07] [Server thread/INFO]: Preparing start region for dimension '3-player Survival'/minecraft:overworld
[08:33:09] [Server thread/INFO]: Preparing spawn area: 0%
[08:33:09] [Server thread/INFO]: Preparing spawn area: 0%
[08:33:09] [Server thread/INFO]: Preparing spawn area: 0%
[08:33:09] [Server thread/INFO]: Preparing spawn area: 0%
[08:33:09] [Server-Worker-2/INFO]: Preparing spawn area: 0%
[08:33:10] [Server thread/INFO]: Preparing spawn area: 1%
[08:33:10] [Server thread/INFO]: Preparing spawn area: 13%
[08:33:11] [Server thread/INFO]: Preparing spawn area: 44%
[08:33:11] [Server thread/INFO]: Preparing spawn area: 85%
[08:33:12] [Server thread/INFO]: Preparing spawn area: 100%
[08:33:12] [Server thread/INFO]: Loaded 169 spawn chunks for world 3-player Survival
[08:33:12] [Server thread/INFO]: Time elapsed: 4858 ms
[08:33:12] [Server thread/INFO]: Preparing start region for dimension '3-player Survival_nether'/minecraft:the_nether
[08:33:12] [Server thread/INFO]: Preparing spawn area: 0%
[08:33:12] [Server thread/INFO]: Preparing spawn area: 27%
[08:33:13] [Server thread/INFO]: Preparing spawn area: 100%
[08:33:13] [Server-Worker-1/INFO]: Preparing spawn area: 100%
[08:33:14] [Server-Worker-2/INFO]: Preparing spawn area: 100%
[08:33:14] [Server-Worker-2/INFO]: Preparing spawn area: 100%
[08:33:15] [Server-Worker-1/INFO]: Preparing spawn area: 100%
[08:33:15] [Server-Worker-1/INFO]: Preparing spawn area: 100%
[08:33:16] [Server-Worker-1/INFO]: Preparing spawn area: 100%
[08:33:16] [Server-Worker-1/INFO]: Preparing spawn area: 100%
[08:33:17] [Server thread/INFO]: Loaded 169 spawn chunks for world 3-player Survival_nether
[08:33:17] [Server thread/INFO]: Time elapsed: 4802 ms
[08:33:17] [Server thread/INFO]: Preparing start region for dimension '3-player Survival_the_end'/minecraft:the_end
[08:33:17] [Server thread/INFO]: Preparing spawn area: 0%
[08:33:17] [Server-Worker-1/INFO]: Preparing spawn area: 100%
[08:33:18] [Server-Worker-2/INFO]: Preparing spawn area: 100%
[08:33:18] [Server-Worker-2/INFO]: Preparing spawn area: 100%
[08:33:19] [Server thread/INFO]: Preparing spawn area: 100%
[08:33:19] [Server thread/INFO]: Loaded 169 spawn chunks for world 3-player Survival_the_end
[08:33:19] [Server thread/INFO]: Time elapsed: 2072 ms
[08:33:19] [Server thread/INFO]: [SpigotPing] Enabling SpigotPing v2.5*
[08:33:19] [Server thread/INFO]: [SpigotPing] TabList is enabled, task added with a delay of 3 second/s.
[08:33:19] [Server thread/INFO]: Done (20.012s)! For help, type "help"
[08:33:19] [Server thread/INFO]: Timings Reset
[08:42:54] [Server thread/INFO]: Stopping the server
[08:42:54] [Server thread/INFO]: Stopping server
[08:42:54] [Server thread/INFO]: [SpigotPing] Disabling SpigotPing v2.5
[08:42:54] [Server thread/INFO]: [SpigotPing] Cancelling tasks...
[08:42:54] [Server thread/INFO]: Saving players
[08:42:54] [Server thread/INFO]: Saving worlds
[08:42:54] [Server thread/INFO]: Saving chunks for level '3-player Survival'/minecraft:overworld
[08:42:54] [Server thread/INFO]: ThreadedAnvilChunkStorage (3-player Survival): All chunks are saved
[08:42:54] [Server thread/INFO]: Saving chunks for level '3-player Survival_nether'/minecraft:the_nether
[08:42:54] [Server thread/INFO]: ThreadedAnvilChunkStorage (DIM-1): All chunks are saved
[08:42:54] [Server thread/INFO]: Saving chunks for level '3-player Survival_the_end'/minecraft:the_end
[08:42:54] [Server thread/INFO]: ThreadedAnvilChunkStorage (DIM1): All chunks are saved
[08:42:54] [Server thread/INFO]: ThreadedAnvilChunkStorage (3-player Survival): All chunks are saved
[08:42:54] [Server thread/INFO]: ThreadedAnvilChunkStorage (DIM-1): All chunks are saved
[08:42:55] [Server thread/INFO]: ThreadedAnvilChunkStorage (DIM1): All chunks are saved
