[11:53:40] [Server thread/INFO]: Starting minecraft server version 1.15.2
[11:53:40] [Server thread/INFO]: Loading properties
[11:53:41] [Server thread/INFO]: This server is running Paper version git-Paper-98 (MC: 1.15.2) (Implementing API version 1.15.2-R0.1-SNAPSHOT)
[11:53:43] [Server thread/INFO]: Debug logging is disabled
[11:53:43] [Server thread/INFO]: Server Ping Player Sample Count: 12
[11:53:43] [Server thread/INFO]: Using 4 threads for Netty based IO
[11:53:44] [Server thread/INFO]: Default game type: SURVIVAL
[11:53:44] [Server thread/INFO]: Generating keypair
[11:53:44] [Server thread/INFO]: Starting Minecraft server on *:25565
[11:53:44] [Server thread/INFO]: Using default channel type
[11:53:50] [Server thread/WARN]: Initializing Legacy Material Support. Unless you have legacy plugins and/or data this is a bug!
[11:53:57] [Server thread/WARN]: Legacy plugin SpigotPing v2.5 does not specify an api-version.
[11:53:57] [Server thread/INFO]: [SpigotPing] Loading SpigotPing v2.5
[11:53:57] [Server thread/INFO]: Server permissions file permissions.yml is empty, ignoring it
[11:53:57] [Server thread/WARN]: **** SERVER IS RUNNING IN OFFLINE/INSECURE MODE!
[11:53:57] [Server thread/WARN]: The server will make no attempt to authenticate usernames. Beware.
[11:53:57] [Server thread/WARN]: While this makes the game possible to play without internet access, it also opens up the ability for hackers to connect with any username they choose.
[11:53:57] [Server thread/WARN]: To change this, set "online-mode" to "true" in the server.properties file.
[11:53:57] [Server thread/INFO]: Preparing level "3-player Survival"
[11:53:57] [Server thread/INFO]: Reloading ResourceManager: Default, bukkit
[11:53:58] [Server thread/INFO]: Loaded 6 recipes
[11:53:59] [Server thread/INFO]: -------- World Settings For [3-player Survival] --------
[11:53:59] [Server thread/INFO]: View Distance: 6
[11:53:59] [Server thread/INFO]: Nerfing mobs spawned from spawners: false
[11:53:59] [Server thread/INFO]: Arrow Despawn Rate: 1200 Trident Respawn Rate:1200
[11:53:59] [Server thread/INFO]: Allow Zombie Pigmen to spawn from portal blocks: true
[11:53:59] [Server thread/INFO]: Item Despawn Rate: 6000
[11:53:59] [Server thread/INFO]: Item Merge Radius: 2.5
[11:53:59] [Server thread/INFO]: Zombie Aggressive Towards Villager: true
[11:53:59] [Server thread/INFO]: Entity Activation Range: An 32 / Mo 32 / Ra 48 / Mi 16 / Tiv true
[11:53:59] [Server thread/INFO]: Custom Map Seeds:  Village: 10387312 Desert: 14357617 Igloo: 14357618 Jungle: 14357619 Swamp: 14357620 Monument: 10387313 Ocean: 14357621 Shipwreck: 165745295 Slime: 987234911
[11:53:59] [Server thread/INFO]: Cactus Growth Modifier: 100%
[11:53:59] [Server thread/INFO]: Cane Growth Modifier: 100%
[11:53:59] [Server thread/INFO]: Melon Growth Modifier: 100%
[11:53:59] [Server thread/INFO]: Mushroom Growth Modifier: 100%
[11:53:59] [Server thread/INFO]: Pumpkin Growth Modifier: 100%
[11:53:59] [Server thread/INFO]: Sapling Growth Modifier: 100%
[11:53:59] [Server thread/INFO]: Beetroot Growth Modifier: 100%
[11:53:59] [Server thread/INFO]: Carrot Growth Modifier: 100%
[11:53:59] [Server thread/INFO]: Potato Growth Modifier: 100%
[11:53:59] [Server thread/INFO]: Wheat Growth Modifier: 100%
[11:53:59] [Server thread/INFO]: NetherWart Growth Modifier: 100%
[11:53:59] [Server thread/INFO]: Vine Growth Modifier: 100%
[11:53:59] [Server thread/INFO]: Cocoa Growth Modifier: 100%
[11:53:59] [Server thread/INFO]: Bamboo Growth Modifier: 100%
[11:53:59] [Server thread/INFO]: SweetBerry Growth Modifier: 100%
[11:53:59] [Server thread/INFO]: Kelp Growth Modifier: 100%
[11:53:59] [Server thread/INFO]: Experience Merge Radius: 3.0
[11:53:59] [Server thread/INFO]: Entity Tracking Range: Pl 48 / An 48 / Mo 48 / Mi 32 / Other 64
[11:53:59] [Server thread/INFO]: Hopper Transfer: 8 Hopper Check: 1 Hopper Amount: 1
[11:53:59] [Server thread/INFO]: Mob Spawn Range: 8
[11:53:59] [Server thread/INFO]: Max TNT Explosions: 100
[11:53:59] [Server thread/INFO]: Tile Max Tick Time: 50ms Entity max Tick Time: 50ms
[11:53:59] [Server thread/INFO]: -------- World Settings For [3-player Survival_nether] --------
[11:53:59] [Server thread/INFO]: View Distance: 6
[11:53:59] [Server thread/INFO]: Nerfing mobs spawned from spawners: false
[11:53:59] [Server thread/INFO]: Arrow Despawn Rate: 1200 Trident Respawn Rate:1200
[11:53:59] [Server thread/INFO]: Allow Zombie Pigmen to spawn from portal blocks: true
[11:53:59] [Server thread/INFO]: Item Despawn Rate: 6000
[11:53:59] [Server thread/INFO]: Item Merge Radius: 2.5
[11:53:59] [Server thread/INFO]: Zombie Aggressive Towards Villager: true
[11:53:59] [Server thread/INFO]: Entity Activation Range: An 32 / Mo 32 / Ra 48 / Mi 16 / Tiv true
[11:53:59] [Server thread/INFO]: Custom Map Seeds:  Village: 10387312 Desert: 14357617 Igloo: 14357618 Jungle: 14357619 Swamp: 14357620 Monument: 10387313 Ocean: 14357621 Shipwreck: 165745295 Slime: 987234911
[11:53:59] [Server thread/INFO]: Cactus Growth Modifier: 100%
[11:53:59] [Server thread/INFO]: Cane Growth Modifier: 100%
[11:53:59] [Server thread/INFO]: Melon Growth Modifier: 100%
[11:53:59] [Server thread/INFO]: Mushroom Growth Modifier: 100%
[11:53:59] [Server thread/INFO]: Pumpkin Growth Modifier: 100%
[11:53:59] [Server thread/INFO]: Sapling Growth Modifier: 100%
[11:53:59] [Server thread/INFO]: Beetroot Growth Modifier: 100%
[11:53:59] [Server thread/INFO]: Carrot Growth Modifier: 100%
[11:53:59] [Server thread/INFO]: Potato Growth Modifier: 100%
[11:53:59] [Server thread/INFO]: Wheat Growth Modifier: 100%
[11:53:59] [Server thread/INFO]: NetherWart Growth Modifier: 100%
[11:53:59] [Server thread/INFO]: Vine Growth Modifier: 100%
[11:53:59] [Server thread/INFO]: Cocoa Growth Modifier: 100%
[11:53:59] [Server thread/INFO]: Bamboo Growth Modifier: 100%
[11:53:59] [Server thread/INFO]: SweetBerry Growth Modifier: 100%
[11:53:59] [Server thread/INFO]: Kelp Growth Modifier: 100%
[11:53:59] [Server thread/INFO]: Experience Merge Radius: 3.0
[11:53:59] [Server thread/INFO]: Entity Tracking Range: Pl 48 / An 48 / Mo 48 / Mi 32 / Other 64
[11:53:59] [Server thread/INFO]: Hopper Transfer: 8 Hopper Check: 1 Hopper Amount: 1
[11:53:59] [Server thread/INFO]: Mob Spawn Range: 8
[11:53:59] [Server thread/INFO]: Max TNT Explosions: 100
[11:53:59] [Server thread/INFO]: Tile Max Tick Time: 50ms Entity max Tick Time: 50ms
[11:53:59] [Server thread/INFO]: -------- World Settings For [3-player Survival_the_end] --------
[11:53:59] [Server thread/INFO]: View Distance: 6
[11:53:59] [Server thread/INFO]: Nerfing mobs spawned from spawners: false
[11:53:59] [Server thread/INFO]: Arrow Despawn Rate: 1200 Trident Respawn Rate:1200
[11:53:59] [Server thread/INFO]: Allow Zombie Pigmen to spawn from portal blocks: true
[11:53:59] [Server thread/INFO]: Item Despawn Rate: 6000
[11:53:59] [Server thread/INFO]: Item Merge Radius: 2.5
[11:53:59] [Server thread/INFO]: Zombie Aggressive Towards Villager: true
[11:53:59] [Server thread/INFO]: Entity Activation Range: An 32 / Mo 32 / Ra 48 / Mi 16 / Tiv true
[11:53:59] [Server thread/INFO]: Custom Map Seeds:  Village: 10387312 Desert: 14357617 Igloo: 14357618 Jungle: 14357619 Swamp: 14357620 Monument: 10387313 Ocean: 14357621 Shipwreck: 165745295 Slime: 987234911
[11:53:59] [Server thread/INFO]: Cactus Growth Modifier: 100%
[11:53:59] [Server thread/INFO]: Cane Growth Modifier: 100%
[11:53:59] [Server thread/INFO]: Melon Growth Modifier: 100%
[11:53:59] [Server thread/INFO]: Mushroom Growth Modifier: 100%
[11:53:59] [Server thread/INFO]: Pumpkin Growth Modifier: 100%
[11:53:59] [Server thread/INFO]: Sapling Growth Modifier: 100%
[11:53:59] [Server thread/INFO]: Beetroot Growth Modifier: 100%
[11:53:59] [Server thread/INFO]: Carrot Growth Modifier: 100%
[11:53:59] [Server thread/INFO]: Potato Growth Modifier: 100%
[11:53:59] [Server thread/INFO]: Wheat Growth Modifier: 100%
[11:53:59] [Server thread/INFO]: NetherWart Growth Modifier: 100%
[11:53:59] [Server thread/INFO]: Vine Growth Modifier: 100%
[11:53:59] [Server thread/INFO]: Cocoa Growth Modifier: 100%
[11:53:59] [Server thread/INFO]: Bamboo Growth Modifier: 100%
[11:53:59] [Server thread/INFO]: SweetBerry Growth Modifier: 100%
[11:53:59] [Server thread/INFO]: Kelp Growth Modifier: 100%
[11:53:59] [Server thread/INFO]: Experience Merge Radius: 3.0
[11:53:59] [Server thread/INFO]: Entity Tracking Range: Pl 48 / An 48 / Mo 48 / Mi 32 / Other 64
[11:53:59] [Server thread/INFO]: Hopper Transfer: 8 Hopper Check: 1 Hopper Amount: 1
[11:53:59] [Server thread/INFO]: Mob Spawn Range: 8
[11:53:59] [Server thread/INFO]: Max TNT Explosions: 100
[11:53:59] [Server thread/INFO]: Tile Max Tick Time: 50ms Entity max Tick Time: 50ms
[11:54:00] [Server thread/INFO]: Preparing start region for dimension '3-player Survival'/minecraft:overworld
[11:54:01] [Server thread/INFO]: Preparing spawn area: 0%
[11:54:01] [Server thread/INFO]: Preparing spawn area: 0%
[11:54:01] [Server thread/INFO]: Preparing spawn area: 0%
[11:54:01] [Server thread/INFO]: Preparing spawn area: 0%
[11:54:02] [Server thread/INFO]: Preparing spawn area: 1%
[11:54:02] [Server thread/INFO]: Preparing spawn area: 10%
[11:54:03] [Server thread/INFO]: Preparing spawn area: 23%
[11:54:03] [Server thread/INFO]: Preparing spawn area: 62%
[11:54:04] [Server thread/INFO]: Preparing spawn area: 89%
[11:54:04] [Server thread/INFO]: Preparing spawn area: 100%
[11:54:05] [Server thread/INFO]: Preparing spawn area: 100%
[11:54:05] [Server thread/INFO]: Preparing spawn area: 100%
[11:54:06] [Server thread/INFO]: Loaded 169 spawn chunks for world 3-player Survival
[11:54:06] [Server thread/INFO]: Time elapsed: 5904 ms
[11:54:06] [Server thread/INFO]: Preparing start region for dimension '3-player Survival_nether'/minecraft:the_nether
[11:54:06] [Server thread/INFO]: Preparing spawn area: 0%
[11:54:06] [Server thread/INFO]: Preparing spawn area: 3%
[11:54:07] [Server thread/INFO]: Preparing spawn area: 37%
[11:54:07] [Server thread/INFO]: Preparing spawn area: 70%
[11:54:08] [Server-Worker-1/INFO]: Preparing spawn area: 100%
[11:54:08] [Server thread/INFO]: Preparing spawn area: 100%
[11:54:09] [Server thread/INFO]: Preparing spawn area: 100%
[11:54:09] [Server-Worker-1/INFO]: Preparing spawn area: 100%
[11:54:10] [Server-Worker-1/INFO]: Preparing spawn area: 100%
[11:54:10] [Server thread/INFO]: Preparing spawn area: 100%
[11:54:11] [Server-Worker-2/INFO]: Preparing spawn area: 100%
[11:54:11] [Server thread/INFO]: Loaded 169 spawn chunks for world 3-player Survival_nether
[11:54:11] [Server thread/INFO]: Time elapsed: 5068 ms
[11:54:11] [Server thread/INFO]: Preparing start region for dimension '3-player Survival_the_end'/minecraft:the_end
[11:54:11] [Server thread/INFO]: Preparing spawn area: 0%
[11:54:11] [Server-Worker-1/INFO]: Preparing spawn area: 100%
[11:54:12] [Server thread/INFO]: Preparing spawn area: 100%
[11:54:12] [Server-Worker-2/INFO]: Preparing spawn area: 100%
[11:54:13] [Server thread/INFO]: Loaded 169 spawn chunks for world 3-player Survival_the_end
[11:54:13] [Server thread/INFO]: Time elapsed: 1957 ms
[11:54:13] [Server thread/INFO]: [SpigotPing] Enabling SpigotPing v2.5*
[11:54:13] [Server thread/INFO]: [SpigotPing] TabList is enabled, task added with a delay of 5 second/s.
[11:54:13] [Server thread/INFO]: Done (15.968s)! For help, type "help"
[11:54:13] [Server thread/INFO]: Timings Reset
[11:54:18] [User Authenticator #1/INFO]: UUID of player Stehsaer is 4ee78221-99b3-33bb-8da3-72c49ff039eb
[11:54:19] [Server thread/INFO]: Stehsaer[/192.168.100.27:60043] logged in with entity id 169 at ([3-player Survival]-106.90304480517761, 63.0, -630.8981201690036)
[11:54:30] [Server thread/INFO]: Stehsaer issued server command: /pingreload
[11:54:30] [Server thread/INFO]: [SpigotPing] Reloading the plugin...
[11:54:30] [Server thread/INFO]: [SpigotPing] TabList is enabled, task added with a delay of 5 second/s.
[11:54:30] [Server thread/INFO]: [SpigotPing] Plugin reloaded.
[11:54:45] [User Authenticator #1/INFO]: UUID of player WANGYU20200214 is 4b5eda16-1e2a-35e4-8310-43dedfa9874c
[11:54:46] [Server thread/INFO]: WANGYU20200214[/127.0.0.1:60046] logged in with entity id 176 at ([3-player Survival]-107.88033242116046, 63.5625, -630.1731369812011)
[11:55:15] [Server thread/INFO]: Stehsaer issued server command: /ping
[11:55:15] [Server thread/INFO]: [SpigotPing] Can not play a sound. The specified sound-type is not available in your server version, please ensure to read carefully the config file.
[12:07:21] [Server thread/INFO]: WANGYU20200214 has made the advancement [The Parrots and the Bats]
[12:07:42] [Server thread/INFO]: Stehsaer issued server command: /scoreboard objectives add lev level
[12:07:42] [Server thread/INFO]: [Stehsaer: Created new objective [lev]]
[12:07:56] [Server thread/INFO]: Stehsaer issued server command: /scoreboard objectives setdisplay sidebar lev
[12:07:56] [Server thread/INFO]: [Stehsaer: Set display slot sidebar to show objective lev]
[12:08:44] [Server thread/INFO]: Stehsaer issued server command: /save-all
[12:08:45] [Server thread/INFO]: [Stehsaer: Saved the game]
[12:09:12] [Server thread/INFO]: Stehsaer issued server command: /scoreboard objectives setdisplay sidebar health
[12:09:12] [Server thread/INFO]: [Stehsaer: Set display slot sidebar to show objective health]
[12:10:01] [Server thread/INFO]: WANGYU20200214 lost connection: Disconnected
[12:10:01] [Server thread/INFO]: WANGYU20200214 left the game
[12:10:04] [Server thread/INFO]: Stehsaer issued server command: /scoreboard objectives remove health
[12:10:04] [Server thread/INFO]: [Stehsaer: Removed objective [health]]
[12:10:13] [Server thread/INFO]: Stehsaer issued server command: /scoreboard objectives remove lev
[12:10:13] [Server thread/INFO]: [Stehsaer: Removed objective [lev]]
[12:11:47] [Server thread/INFO]: Stehsaer issued server command: /scoreboard objectives add Time health
[12:11:47] [Server thread/INFO]: [Stehsaer: Created new objective [Time]]
[12:11:56] [Server thread/INFO]: Stehsaer issued server command: /scoreboard objectives remove Time
[12:11:56] [Server thread/INFO]: [Stehsaer: Removed objective [Time]]
[12:12:05] [Server thread/INFO]: Stehsaer issued server command: /scoreboard objectives add Health health
[12:12:05] [Server thread/INFO]: [Stehsaer: Created new objective [Health]]
[12:12:21] [Server thread/INFO]: Stehsaer issued server command: /scoreboard objectives setdisplay list Health
[12:12:21] [Server thread/INFO]: [Stehsaer: Set display slot list to show objective Health]
[12:12:44] [Server thread/INFO]: Stehsaer issued server command: /scoreboard objectives setdisplay belowName Health
[12:12:44] [Server thread/INFO]: [Stehsaer: Set display slot belowName to show objective Health]
[12:13:11] [Server thread/INFO]: Stehsaer issued server command: /ping
[12:13:11] [Server thread/INFO]: [SpigotPing] Can not play a sound. The specified sound-type is not available in your server version, please ensure to read carefully the config file.
[12:16:20] [Server thread/INFO]: Stehsaer issued server command: /scoreboard objectives add Food food
[12:16:20] [Server thread/INFO]: [Stehsaer: Created new objective [Food]]
[12:16:37] [Server thread/INFO]: Stehsaer issued server command: /scoreboard objectives setdisplay sidebar Food
[12:16:37] [Server thread/INFO]: [Stehsaer: Set display slot sidebar to show objective Food]
[12:17:01] [Server thread/INFO]: Stehsaer issued server command: /scoreboard objectives remove Food
[12:17:01] [Server thread/INFO]: [Stehsaer: Removed objective [Food]]
[12:17:23] [Server thread/INFO]: Stehsaer issued server command: /scoreboard objectives add lev level
[12:17:23] [Server thread/INFO]: [Stehsaer: Created new objective [lev]]
[12:17:38] [Server thread/INFO]: Stehsaer issued server command: /scoreboard objectives setdisplay sidebar lev
[12:17:38] [Server thread/INFO]: [Stehsaer: Set display slot sidebar to show objective lev]
[12:17:52] [Server thread/INFO]: Stehsaer issued server command: /scoreboard objectives setdisplay belowName Health
[12:18:31] [Server thread/INFO]: Stehsaer issued server command: /scoreboard objectives remove lev
[12:18:31] [Server thread/INFO]: [Stehsaer: Removed objective [lev]]
[12:19:02] [Server thread/INFO]: Stehsaer issued server command: /scoreboard objectives add Level level
[12:19:02] [Server thread/INFO]: [Stehsaer: Created new objective [Level]]
[12:19:15] [Server thread/INFO]: Stehsaer issued server command: /scoreboard objectives setdisplay sidebar Level
[12:19:15] [Server thread/INFO]: [Stehsaer: Set display slot sidebar to show objective Level]
[12:20:47] [Server thread/INFO]: Stehsaer lost connection: Disconnected
[12:20:47] [Server thread/INFO]: Stehsaer left the game
[12:21:01] [Server thread/INFO]: Stopping the server
[12:21:02] [Server thread/INFO]: Stopping server
[12:21:02] [Server thread/INFO]: [SpigotPing] Disabling SpigotPing v2.5
[12:21:02] [Server thread/INFO]: [SpigotPing] Cancelling tasks...
[12:21:02] [Server thread/INFO]: Saving players
[12:21:02] [Server thread/INFO]: Saving worlds
[12:21:02] [Server thread/INFO]: Saving chunks for level '3-player Survival'/minecraft:overworld
[12:21:02] [Server thread/INFO]: ThreadedAnvilChunkStorage (3-player Survival): All chunks are saved
[12:21:02] [Server thread/INFO]: Saving chunks for level '3-player Survival_nether'/minecraft:the_nether
[12:21:02] [Server thread/INFO]: ThreadedAnvilChunkStorage (DIM-1): All chunks are saved
[12:21:02] [Server thread/INFO]: Saving chunks for level '3-player Survival_the_end'/minecraft:the_end
[12:21:02] [Server thread/INFO]: ThreadedAnvilChunkStorage (DIM1): All chunks are saved
[12:21:02] [Server thread/INFO]: ThreadedAnvilChunkStorage (3-player Survival): All chunks are saved
[12:21:03] [Server thread/INFO]: ThreadedAnvilChunkStorage (DIM-1): All chunks are saved
[12:21:03] [Server thread/INFO]: ThreadedAnvilChunkStorage (DIM1): All chunks are saved
