[18:42:05] [Server thread/INFO]: Starting minecraft server version 1.15.2
[18:42:05] [Server thread/INFO]: Loading properties
[18:42:07] [Server thread/INFO]: This server is running Paper version git-Paper-98 (MC: 1.15.2) (Implementing API version 1.15.2-R0.1-SNAPSHOT)
[18:42:08] [Server thread/INFO]: Debug logging is disabled
[18:42:08] [Server thread/INFO]: Server Ping Player Sample Count: 12
[18:42:08] [Server thread/INFO]: Using 4 threads for Netty based IO
[18:42:08] [Server thread/INFO]: Default game type: SURVIVAL
[18:42:08] [Server thread/INFO]: Generating keypair
[18:42:09] [Server thread/INFO]: Starting Minecraft server on *:25565
[18:42:09] [Server thread/INFO]: Using default channel type
[18:42:12] [Server thread/WARN]: Initializing Legacy Material Support. Unless you have legacy plugins and/or data this is a bug!
[18:42:19] [Server thread/WARN]: Legacy plugin SpigotPing v2.5 does not specify an api-version.
[18:42:20] [Server thread/INFO]: [SpigotPing] Loading SpigotPing v2.5
[18:42:20] [Server thread/INFO]: Server permissions file permissions.yml is empty, ignoring it
[18:42:20] [Server thread/WARN]: **** SERVER IS RUNNING IN OFFLINE/INSECURE MODE!
[18:42:20] [Server thread/WARN]: The server will make no attempt to authenticate usernames. Beware.
[18:42:20] [Server thread/WARN]: While this makes the game possible to play without internet access, it also opens up the ability for hackers to connect with any username they choose.
[18:42:20] [Server thread/WARN]: To change this, set "online-mode" to "true" in the server.properties file.
[18:42:20] [Server thread/INFO]: Preparing level "3-player Survival"
[18:42:20] [Server thread/INFO]: Reloading ResourceManager: Default, bukkit
[18:42:23] [Server thread/INFO]: Loaded 6 recipes
[18:42:25] [Server thread/INFO]: -------- World Settings For [3-player Survival] --------
[18:42:25] [Server thread/INFO]: View Distance: 6
[18:42:25] [Server thread/INFO]: Zombie Aggressive Towards Villager: true
[18:42:25] [Server thread/INFO]: Arrow Despawn Rate: 1200 Trident Respawn Rate:1200
[18:42:25] [Server thread/INFO]: Nerfing mobs spawned from spawners: false
[18:42:25] [Server thread/INFO]: Item Despawn Rate: 6000
[18:42:25] [Server thread/INFO]: Item Merge Radius: 2.5
[18:42:25] [Server thread/INFO]: Allow Zombie Pigmen to spawn from portal blocks: true
[18:42:25] [Server thread/INFO]: Experience Merge Radius: 3.0
[18:42:25] [Server thread/INFO]: Mob Spawn Range: 8
[18:42:25] [Server thread/INFO]: Cactus Growth Modifier: 100%
[18:42:25] [Server thread/INFO]: Cane Growth Modifier: 100%
[18:42:25] [Server thread/INFO]: Melon Growth Modifier: 100%
[18:42:25] [Server thread/INFO]: Mushroom Growth Modifier: 100%
[18:42:25] [Server thread/INFO]: Pumpkin Growth Modifier: 100%
[18:42:25] [Server thread/INFO]: Sapling Growth Modifier: 100%
[18:42:25] [Server thread/INFO]: Beetroot Growth Modifier: 100%
[18:42:25] [Server thread/INFO]: Carrot Growth Modifier: 100%
[18:42:25] [Server thread/INFO]: Potato Growth Modifier: 100%
[18:42:25] [Server thread/INFO]: Wheat Growth Modifier: 100%
[18:42:25] [Server thread/INFO]: NetherWart Growth Modifier: 100%
[18:42:25] [Server thread/INFO]: Vine Growth Modifier: 100%
[18:42:25] [Server thread/INFO]: Cocoa Growth Modifier: 100%
[18:42:25] [Server thread/INFO]: Bamboo Growth Modifier: 100%
[18:42:25] [Server thread/INFO]: SweetBerry Growth Modifier: 100%
[18:42:25] [Server thread/INFO]: Kelp Growth Modifier: 100%
[18:42:25] [Server thread/INFO]: Entity Activation Range: An 32 / Mo 32 / Ra 48 / Mi 16 / Tiv true
[18:42:25] [Server thread/INFO]: Entity Tracking Range: Pl 48 / An 48 / Mo 48 / Mi 32 / Other 64
[18:42:25] [Server thread/INFO]: Max TNT Explosions: 100
[18:42:25] [Server thread/INFO]: Hopper Transfer: 8 Hopper Check: 1 Hopper Amount: 1
[18:42:25] [Server thread/INFO]: Tile Max Tick Time: 50ms Entity max Tick Time: 50ms
[18:42:25] [Server thread/INFO]: Custom Map Seeds:  Village: 10387312 Desert: 14357617 Igloo: 14357618 Jungle: 14357619 Swamp: 14357620 Monument: 10387313 Ocean: 14357621 Shipwreck: 165745295 Slime: 987234911
[18:42:25] [Server thread/INFO]: -------- World Settings For [3-player Survival_nether] --------
[18:42:25] [Server thread/INFO]: View Distance: 6
[18:42:25] [Server thread/INFO]: Zombie Aggressive Towards Villager: true
[18:42:25] [Server thread/INFO]: Arrow Despawn Rate: 1200 Trident Respawn Rate:1200
[18:42:25] [Server thread/INFO]: Nerfing mobs spawned from spawners: false
[18:42:25] [Server thread/INFO]: Item Despawn Rate: 6000
[18:42:25] [Server thread/INFO]: Item Merge Radius: 2.5
[18:42:25] [Server thread/INFO]: Allow Zombie Pigmen to spawn from portal blocks: true
[18:42:25] [Server thread/INFO]: Experience Merge Radius: 3.0
[18:42:25] [Server thread/INFO]: Mob Spawn Range: 8
[18:42:25] [Server thread/INFO]: Cactus Growth Modifier: 100%
[18:42:25] [Server thread/INFO]: Cane Growth Modifier: 100%
[18:42:25] [Server thread/INFO]: Melon Growth Modifier: 100%
[18:42:25] [Server thread/INFO]: Mushroom Growth Modifier: 100%
[18:42:25] [Server thread/INFO]: Pumpkin Growth Modifier: 100%
[18:42:25] [Server thread/INFO]: Sapling Growth Modifier: 100%
[18:42:25] [Server thread/INFO]: Beetroot Growth Modifier: 100%
[18:42:25] [Server thread/INFO]: Carrot Growth Modifier: 100%
[18:42:25] [Server thread/INFO]: Potato Growth Modifier: 100%
[18:42:25] [Server thread/INFO]: Wheat Growth Modifier: 100%
[18:42:25] [Server thread/INFO]: NetherWart Growth Modifier: 100%
[18:42:25] [Server thread/INFO]: Vine Growth Modifier: 100%
[18:42:25] [Server thread/INFO]: Cocoa Growth Modifier: 100%
[18:42:25] [Server thread/INFO]: Bamboo Growth Modifier: 100%
[18:42:25] [Server thread/INFO]: SweetBerry Growth Modifier: 100%
[18:42:25] [Server thread/INFO]: Kelp Growth Modifier: 100%
[18:42:25] [Server thread/INFO]: Entity Activation Range: An 32 / Mo 32 / Ra 48 / Mi 16 / Tiv true
[18:42:25] [Server thread/INFO]: Entity Tracking Range: Pl 48 / An 48 / Mo 48 / Mi 32 / Other 64
[18:42:25] [Server thread/INFO]: Max TNT Explosions: 100
[18:42:25] [Server thread/INFO]: Hopper Transfer: 8 Hopper Check: 1 Hopper Amount: 1
[18:42:25] [Server thread/INFO]: Tile Max Tick Time: 50ms Entity max Tick Time: 50ms
[18:42:25] [Server thread/INFO]: Custom Map Seeds:  Village: 10387312 Desert: 14357617 Igloo: 14357618 Jungle: 14357619 Swamp: 14357620 Monument: 10387313 Ocean: 14357621 Shipwreck: 165745295 Slime: 987234911
[18:42:25] [Server thread/INFO]: -------- World Settings For [3-player Survival_the_end] --------
[18:42:25] [Server thread/INFO]: View Distance: 6
[18:42:25] [Server thread/INFO]: Zombie Aggressive Towards Villager: true
[18:42:25] [Server thread/INFO]: Arrow Despawn Rate: 1200 Trident Respawn Rate:1200
[18:42:25] [Server thread/INFO]: Nerfing mobs spawned from spawners: false
[18:42:25] [Server thread/INFO]: Item Despawn Rate: 6000
[18:42:25] [Server thread/INFO]: Item Merge Radius: 2.5
[18:42:25] [Server thread/INFO]: Allow Zombie Pigmen to spawn from portal blocks: true
[18:42:25] [Server thread/INFO]: Experience Merge Radius: 3.0
[18:42:25] [Server thread/INFO]: Mob Spawn Range: 8
[18:42:25] [Server thread/INFO]: Cactus Growth Modifier: 100%
[18:42:25] [Server thread/INFO]: Cane Growth Modifier: 100%
[18:42:25] [Server thread/INFO]: Melon Growth Modifier: 100%
[18:42:25] [Server thread/INFO]: Mushroom Growth Modifier: 100%
[18:42:25] [Server thread/INFO]: Pumpkin Growth Modifier: 100%
[18:42:25] [Server thread/INFO]: Sapling Growth Modifier: 100%
[18:42:25] [Server thread/INFO]: Beetroot Growth Modifier: 100%
[18:42:25] [Server thread/INFO]: Carrot Growth Modifier: 100%
[18:42:25] [Server thread/INFO]: Potato Growth Modifier: 100%
[18:42:25] [Server thread/INFO]: Wheat Growth Modifier: 100%
[18:42:25] [Server thread/INFO]: NetherWart Growth Modifier: 100%
[18:42:25] [Server thread/INFO]: Vine Growth Modifier: 100%
[18:42:25] [Server thread/INFO]: Cocoa Growth Modifier: 100%
[18:42:25] [Server thread/INFO]: Bamboo Growth Modifier: 100%
[18:42:25] [Server thread/INFO]: SweetBerry Growth Modifier: 100%
[18:42:25] [Server thread/INFO]: Kelp Growth Modifier: 100%
[18:42:25] [Server thread/INFO]: Entity Activation Range: An 32 / Mo 32 / Ra 48 / Mi 16 / Tiv true
[18:42:25] [Server thread/INFO]: Entity Tracking Range: Pl 48 / An 48 / Mo 48 / Mi 32 / Other 64
[18:42:25] [Server thread/INFO]: Max TNT Explosions: 100
[18:42:25] [Server thread/INFO]: Hopper Transfer: 8 Hopper Check: 1 Hopper Amount: 1
[18:42:25] [Server thread/INFO]: Tile Max Tick Time: 50ms Entity max Tick Time: 50ms
[18:42:25] [Server thread/INFO]: Custom Map Seeds:  Village: 10387312 Desert: 14357617 Igloo: 14357618 Jungle: 14357619 Swamp: 14357620 Monument: 10387313 Ocean: 14357621 Shipwreck: 165745295 Slime: 987234911
[18:42:25] [Server thread/INFO]: Preparing start region for dimension '3-player Survival'/minecraft:overworld
[18:42:27] [Server thread/INFO]: Preparing spawn area: 0%
[18:42:27] [Server thread/INFO]: Preparing spawn area: 0%
[18:42:27] [Server thread/INFO]: Preparing spawn area: 0%
[18:42:27] [Server thread/INFO]: Preparing spawn area: 0%
[18:42:27] [Server thread/INFO]: Preparing spawn area: 0%
[18:42:28] [Server thread/INFO]: Preparing spawn area: 1%
[18:42:28] [Server thread/INFO]: Preparing spawn area: 8%
[18:42:29] [Server thread/INFO]: Preparing spawn area: 17%
[18:42:29] [Server thread/INFO]: Preparing spawn area: 44%
[18:42:30] [Server thread/INFO]: Preparing spawn area: 95%
[18:42:30] [Server thread/INFO]: Preparing spawn area: 100%
[18:42:31] [Server thread/INFO]: Preparing spawn area: 100%
[18:42:31] [Server thread/INFO]: Loaded 169 spawn chunks for world 3-player Survival
[18:42:31] [Server thread/INFO]: Time elapsed: 5729 ms
[18:42:31] [Server thread/INFO]: Preparing start region for dimension '3-player Survival_nether'/minecraft:the_nether
[18:42:31] [Server thread/INFO]: Preparing spawn area: 0%
[18:42:32] [Server thread/INFO]: Preparing spawn area: 1%
[18:42:32] [Server thread/INFO]: Preparing spawn area: 21%
[18:42:33] [Server thread/INFO]: Preparing spawn area: 91%
[18:42:33] [Server-Worker-1/INFO]: Preparing spawn area: 100%
[18:42:34] [Server thread/INFO]: Preparing spawn area: 100%
[18:42:34] [Server-Worker-2/INFO]: Preparing spawn area: 100%
[18:42:35] [Server-Worker-1/INFO]: Preparing spawn area: 100%
[18:42:35] [Server-Worker-2/INFO]: Preparing spawn area: 100%
[18:42:36] [Server-Worker-1/INFO]: Preparing spawn area: 100%
[18:42:36] [Server thread/INFO]: Preparing spawn area: 100%
[18:42:37] [Server-Worker-1/INFO]: Preparing spawn area: 100%
[18:42:37] [Server thread/INFO]: Loaded 169 spawn chunks for world 3-player Survival_nether
[18:42:37] [Server thread/INFO]: Time elapsed: 5993 ms
[18:42:37] [Server thread/INFO]: Preparing start region for dimension '3-player Survival_the_end'/minecraft:the_end
[18:42:37] [Server thread/INFO]: Preparing spawn area: 0%
[18:42:38] [Server thread/INFO]: Preparing spawn area: 53%
[18:42:38] [Server thread/INFO]: Preparing spawn area: 91%
[18:42:39] [Server thread/INFO]: Preparing spawn area: 100%
[18:42:39] [Server-Worker-1/INFO]: Preparing spawn area: 100%
[18:42:40] [Server-Worker-2/INFO]: Preparing spawn area: 100%
[18:42:40] [Server thread/INFO]: Loaded 169 spawn chunks for world 3-player Survival_the_end
[18:42:40] [Server thread/INFO]: Time elapsed: 2660 ms
[18:42:40] [Server thread/INFO]: [SpigotPing] Enabling SpigotPing v2.5*
[18:42:40] [Server thread/INFO]: [SpigotPing] TabList is enabled, task added with a delay of 3 second/s.
[18:42:40] [Server thread/INFO]: Done (20.222s)! For help, type "help"
[18:42:40] [Server thread/INFO]: Timings Reset
[19:27:15] [Server thread/INFO]: Stopping the server
[19:27:15] [Server thread/INFO]: Stopping server
[19:27:15] [Server thread/INFO]: [SpigotPing] Disabling SpigotPing v2.5
[19:27:15] [Server thread/INFO]: [SpigotPing] Cancelling tasks...
[19:27:15] [Server thread/INFO]: Saving players
[19:27:15] [Server thread/INFO]: Saving worlds
[19:27:15] [Server thread/INFO]: Saving chunks for level '3-player Survival'/minecraft:overworld
[19:27:15] [Server thread/INFO]: ThreadedAnvilChunkStorage (3-player Survival): All chunks are saved
[19:27:15] [Server thread/INFO]: Saving chunks for level '3-player Survival_nether'/minecraft:the_nether
[19:27:15] [Server thread/INFO]: ThreadedAnvilChunkStorage (DIM-1): All chunks are saved
[19:27:15] [Server thread/INFO]: Saving chunks for level '3-player Survival_the_end'/minecraft:the_end
[19:27:15] [Server thread/INFO]: ThreadedAnvilChunkStorage (DIM1): All chunks are saved
[19:27:15] [Server thread/INFO]: ThreadedAnvilChunkStorage (3-player Survival): All chunks are saved
[19:27:16] [Server thread/INFO]: ThreadedAnvilChunkStorage (DIM-1): All chunks are saved
[19:27:16] [Server thread/INFO]: ThreadedAnvilChunkStorage (DIM1): All chunks are saved
