[15:53:31] [Server thread/INFO]: Loading properties
[15:53:31] [Server thread/INFO]: This server is running Paper version git-Paper-98 (MC: 1.15.2) (Implementing API version 1.15.2-R0.1-SNAPSHOT)
[15:53:32] [Server thread/INFO]: Using 4 threads for Netty based IO
[15:53:32] [Server thread/INFO]: Debug logging is disabled
[15:53:32] [Server thread/INFO]: Server Ping Player Sample Count: 12
[15:53:32] [Server thread/INFO]: Default game type: SURVIVAL
[15:53:32] [Server thread/INFO]: Generating keypair
[15:53:32] [Server thread/INFO]: Starting Minecraft server on *:25565
[15:53:32] [Server thread/INFO]: Using default channel type
[15:53:35] [Server thread/WARN]: Initializing Legacy Material Support. Unless you have legacy plugins and/or data this is a bug!
[15:53:39] [Server thread/WARN]: Legacy plugin SpigotPing v2.5 does not specify an api-version.
[15:53:39] [Server thread/INFO]: [SpigotPing] Loading SpigotPing v2.5
[15:53:39] [Server thread/INFO]: Server permissions file permissions.yml is empty, ignoring it
[15:53:39] [Server thread/WARN]: **** SERVER IS RUNNING IN OFFLINE/INSECURE MODE!
[15:53:39] [Server thread/WARN]: The server will make no attempt to authenticate usernames. Beware.
[15:53:39] [Server thread/WARN]: While this makes the game possible to play without internet access, it also opens up the ability for hackers to connect with any username they choose.
[15:53:39] [Server thread/WARN]: To change this, set "online-mode" to "true" in the server.properties file.
[15:53:39] [Server thread/INFO]: Preparing level "3-player Survival"
[15:53:39] [Server thread/INFO]: Reloading ResourceManager: Default, bukkit
[15:53:41] [Server thread/INFO]: Loaded 6 recipes
[15:53:41] [Server thread/INFO]: -------- World Settings For [3-player Survival] --------
[15:53:41] [Server thread/INFO]: Allow Zombie Pigmen to spawn from portal blocks: true
[15:53:41] [Server thread/INFO]: Arrow Despawn Rate: 1200 Trident Respawn Rate:1200
[15:53:41] [Server thread/INFO]: Nerfing mobs spawned from spawners: false
[15:53:41] [Server thread/INFO]: Item Despawn Rate: 6000
[15:53:41] [Server thread/INFO]: Item Merge Radius: 2.5
[15:53:41] [Server thread/INFO]: Zombie Aggressive Towards Villager: true
[15:53:41] [Server thread/INFO]: Experience Merge Radius: 3.0
[15:53:41] [Server thread/INFO]: Mob Spawn Range: 8
[15:53:41] [Server thread/INFO]: Entity Tracking Range: Pl 48 / An 48 / Mo 48 / Mi 32 / Other 64
[15:53:41] [Server thread/INFO]: Hopper Transfer: 8 Hopper Check: 1 Hopper Amount: 1
[15:53:41] [Server thread/INFO]: Custom Map Seeds:  Village: 10387312 Desert: 14357617 Igloo: 14357618 Jungle: 14357619 Swamp: 14357620 Monument: 10387313 Ocean: 14357621 Shipwreck: 165745295 Slime: 987234911
[15:53:41] [Server thread/INFO]: Cactus Growth Modifier: 100%
[15:53:41] [Server thread/INFO]: Cane Growth Modifier: 100%
[15:53:41] [Server thread/INFO]: Melon Growth Modifier: 100%
[15:53:41] [Server thread/INFO]: Mushroom Growth Modifier: 100%
[15:53:41] [Server thread/INFO]: Pumpkin Growth Modifier: 100%
[15:53:41] [Server thread/INFO]: Sapling Growth Modifier: 100%
[15:53:41] [Server thread/INFO]: Beetroot Growth Modifier: 100%
[15:53:41] [Server thread/INFO]: Carrot Growth Modifier: 100%
[15:53:41] [Server thread/INFO]: Potato Growth Modifier: 100%
[15:53:41] [Server thread/INFO]: Wheat Growth Modifier: 100%
[15:53:41] [Server thread/INFO]: NetherWart Growth Modifier: 100%
[15:53:41] [Server thread/INFO]: Vine Growth Modifier: 100%
[15:53:41] [Server thread/INFO]: Cocoa Growth Modifier: 100%
[15:53:41] [Server thread/INFO]: Bamboo Growth Modifier: 100%
[15:53:41] [Server thread/INFO]: SweetBerry Growth Modifier: 100%
[15:53:41] [Server thread/INFO]: Kelp Growth Modifier: 100%
[15:53:41] [Server thread/INFO]: Entity Activation Range: An 32 / Mo 32 / Ra 48 / Mi 16 / Tiv true
[15:53:41] [Server thread/INFO]: Max TNT Explosions: 100
[15:53:41] [Server thread/INFO]: Tile Max Tick Time: 50ms Entity max Tick Time: 50ms
[15:53:41] [Server thread/INFO]: View Distance: 6
[15:53:42] [Server thread/INFO]: -------- World Settings For [3-player Survival_nether] --------
[15:53:42] [Server thread/INFO]: Allow Zombie Pigmen to spawn from portal blocks: true
[15:53:42] [Server thread/INFO]: Arrow Despawn Rate: 1200 Trident Respawn Rate:1200
[15:53:42] [Server thread/INFO]: Nerfing mobs spawned from spawners: false
[15:53:42] [Server thread/INFO]: Item Despawn Rate: 6000
[15:53:42] [Server thread/INFO]: Item Merge Radius: 2.5
[15:53:42] [Server thread/INFO]: Zombie Aggressive Towards Villager: true
[15:53:42] [Server thread/INFO]: Experience Merge Radius: 3.0
[15:53:42] [Server thread/INFO]: Mob Spawn Range: 8
[15:53:42] [Server thread/INFO]: Entity Tracking Range: Pl 48 / An 48 / Mo 48 / Mi 32 / Other 64
[15:53:42] [Server thread/INFO]: Hopper Transfer: 8 Hopper Check: 1 Hopper Amount: 1
[15:53:42] [Server thread/INFO]: Custom Map Seeds:  Village: 10387312 Desert: 14357617 Igloo: 14357618 Jungle: 14357619 Swamp: 14357620 Monument: 10387313 Ocean: 14357621 Shipwreck: 165745295 Slime: 987234911
[15:53:42] [Server thread/INFO]: Cactus Growth Modifier: 100%
[15:53:42] [Server thread/INFO]: Cane Growth Modifier: 100%
[15:53:42] [Server thread/INFO]: Melon Growth Modifier: 100%
[15:53:42] [Server thread/INFO]: Mushroom Growth Modifier: 100%
[15:53:42] [Server thread/INFO]: Pumpkin Growth Modifier: 100%
[15:53:42] [Server thread/INFO]: Sapling Growth Modifier: 100%
[15:53:42] [Server thread/INFO]: Beetroot Growth Modifier: 100%
[15:53:42] [Server thread/INFO]: Carrot Growth Modifier: 100%
[15:53:42] [Server thread/INFO]: Potato Growth Modifier: 100%
[15:53:42] [Server thread/INFO]: Wheat Growth Modifier: 100%
[15:53:42] [Server thread/INFO]: NetherWart Growth Modifier: 100%
[15:53:42] [Server thread/INFO]: Vine Growth Modifier: 100%
[15:53:42] [Server thread/INFO]: Cocoa Growth Modifier: 100%
[15:53:42] [Server thread/INFO]: Bamboo Growth Modifier: 100%
[15:53:42] [Server thread/INFO]: SweetBerry Growth Modifier: 100%
[15:53:42] [Server thread/INFO]: Kelp Growth Modifier: 100%
[15:53:42] [Server thread/INFO]: Entity Activation Range: An 32 / Mo 32 / Ra 48 / Mi 16 / Tiv true
[15:53:42] [Server thread/INFO]: Max TNT Explosions: 100
[15:53:42] [Server thread/INFO]: Tile Max Tick Time: 50ms Entity max Tick Time: 50ms
[15:53:42] [Server thread/INFO]: View Distance: 6
[15:53:43] [Server thread/INFO]: -------- World Settings For [3-player Survival_the_end] --------
[15:53:43] [Server thread/INFO]: Allow Zombie Pigmen to spawn from portal blocks: true
[15:53:43] [Server thread/INFO]: Arrow Despawn Rate: 1200 Trident Respawn Rate:1200
[15:53:43] [Server thread/INFO]: Nerfing mobs spawned from spawners: false
[15:53:43] [Server thread/INFO]: Item Despawn Rate: 6000
[15:53:43] [Server thread/INFO]: Item Merge Radius: 2.5
[15:53:43] [Server thread/INFO]: Zombie Aggressive Towards Villager: true
[15:53:43] [Server thread/INFO]: Experience Merge Radius: 3.0
[15:53:43] [Server thread/INFO]: Mob Spawn Range: 8
[15:53:43] [Server thread/INFO]: Entity Tracking Range: Pl 48 / An 48 / Mo 48 / Mi 32 / Other 64
[15:53:43] [Server thread/INFO]: Hopper Transfer: 8 Hopper Check: 1 Hopper Amount: 1
[15:53:43] [Server thread/INFO]: Custom Map Seeds:  Village: 10387312 Desert: 14357617 Igloo: 14357618 Jungle: 14357619 Swamp: 14357620 Monument: 10387313 Ocean: 14357621 Shipwreck: 165745295 Slime: 987234911
[15:53:43] [Server thread/INFO]: Cactus Growth Modifier: 100%
[15:53:43] [Server thread/INFO]: Cane Growth Modifier: 100%
[15:53:43] [Server thread/INFO]: Melon Growth Modifier: 100%
[15:53:43] [Server thread/INFO]: Mushroom Growth Modifier: 100%
[15:53:43] [Server thread/INFO]: Pumpkin Growth Modifier: 100%
[15:53:43] [Server thread/INFO]: Sapling Growth Modifier: 100%
[15:53:43] [Server thread/INFO]: Beetroot Growth Modifier: 100%
[15:53:43] [Server thread/INFO]: Carrot Growth Modifier: 100%
[15:53:43] [Server thread/INFO]: Potato Growth Modifier: 100%
[15:53:43] [Server thread/INFO]: Wheat Growth Modifier: 100%
[15:53:43] [Server thread/INFO]: NetherWart Growth Modifier: 100%
[15:53:43] [Server thread/INFO]: Vine Growth Modifier: 100%
[15:53:43] [Server thread/INFO]: Cocoa Growth Modifier: 100%
[15:53:43] [Server thread/INFO]: Bamboo Growth Modifier: 100%
[15:53:43] [Server thread/INFO]: SweetBerry Growth Modifier: 100%
[15:53:43] [Server thread/INFO]: Kelp Growth Modifier: 100%
[15:53:43] [Server thread/INFO]: Entity Activation Range: An 32 / Mo 32 / Ra 48 / Mi 16 / Tiv true
[15:53:43] [Server thread/INFO]: Max TNT Explosions: 100
[15:53:43] [Server thread/INFO]: Tile Max Tick Time: 50ms Entity max Tick Time: 50ms
[15:53:43] [Server thread/INFO]: View Distance: 6
[15:53:43] [Server thread/INFO]: Preparing start region for dimension '3-player Survival'/minecraft:overworld
[15:53:44] [Server thread/INFO]: Preparing spawn area: 0%
[15:53:44] [Server thread/INFO]: Preparing spawn area: 0%
[15:53:44] [Server thread/INFO]: Preparing spawn area: 0%
[15:53:44] [Server thread/INFO]: Preparing spawn area: 0%
[15:53:45] [Server thread/INFO]: Preparing spawn area: 0%
[15:53:45] [Server thread/INFO]: Preparing spawn area: 23%
[15:53:46] [Server thread/INFO]: Preparing spawn area: 100%
[15:53:46] [Server thread/INFO]: Preparing spawn area: 100%
[15:53:47] [Server thread/INFO]: Preparing spawn area: 100%
[15:53:47] [Server thread/INFO]: Loaded 169 spawn chunks for world 3-player Survival
[15:53:47] [Server thread/INFO]: Time elapsed: 4418 ms
[15:53:47] [Server thread/INFO]: Preparing start region for dimension '3-player Survival_nether'/minecraft:the_nether
[15:53:47] [Server thread/INFO]: Preparing spawn area: 0%
[15:53:48] [Server thread/INFO]: Preparing spawn area: 0%
[15:53:48] [Server thread/INFO]: Preparing spawn area: 100%
[15:53:49] [Server-Worker-2/INFO]: Preparing spawn area: 100%
[15:53:49] [Server-Worker-1/INFO]: Preparing spawn area: 100%
[15:53:50] [Server-Worker-1/INFO]: Preparing spawn area: 100%
[15:53:50] [Server-Worker-1/INFO]: Preparing spawn area: 100%
[15:53:51] [Server thread/INFO]: Preparing spawn area: 100%
[15:53:51] [Server-Worker-1/INFO]: Preparing spawn area: 100%
[15:53:51] [Server thread/INFO]: Loaded 169 spawn chunks for world 3-player Survival_nether
[15:53:51] [Server thread/INFO]: Time elapsed: 4239 ms
[15:53:51] [Server thread/INFO]: Preparing start region for dimension '3-player Survival_the_end'/minecraft:the_end
[15:53:52] [Server thread/INFO]: Preparing spawn area: 0%
[15:53:52] [Server-Worker-1/INFO]: Preparing spawn area: 100%
[15:53:52] [Server-Worker-1/INFO]: Preparing spawn area: 100%
[15:53:53] [Server-Worker-1/INFO]: Preparing spawn area: 100%
[15:53:53] [Server thread/INFO]: Loaded 169 spawn chunks for world 3-player Survival_the_end
[15:53:53] [Server thread/INFO]: Time elapsed: 1557 ms
[15:53:53] [Server thread/INFO]: [SpigotPing] Enabling SpigotPing v2.5*
[15:53:53] [Server thread/INFO]: [SpigotPing] TabList is enabled, task added with a delay of 3 second/s.
[15:53:53] [Server thread/INFO]: Done (14.181s)! For help, type "help"
[15:53:53] [Server thread/INFO]: Timings Reset
[15:54:39] [User Authenticator #1/INFO]: UUID of player cwXiaoYu is baf8c5c5-45db-3353-b7b9-1fab32f4b0da
[15:54:41] [Server thread/INFO]: cwXiaoYu[/127.0.0.1:63269] logged in with entity id 210 at ([3-player Survival]63.89817276915504, 16.0, -599.0864700581692)
[15:56:18] [User Authenticator #2/INFO]: UUID of player Stehsaer is 4ee78221-99b3-33bb-8da3-72c49ff039eb
[15:56:19] [Server thread/INFO]: Stehsaer[/192.168.100.27:63292] logged in with entity id 452 at ([3-player Survival]-113.61785667372342, 62.9375, -638.7006643833741)
[15:57:51] [Async Chat Thread - #0/INFO]: <Stehsaer> where are you
[15:58:08] [Async Chat Thread - #0/INFO]: <cwXiaoYu> kuang dong
[15:58:11] [Async Chat Thread - #0/INFO]: <Stehsaer> ok
[15:58:16] [Async Chat Thread - #0/INFO]: <Stehsaer> 我发现了一个新的矿脉
[16:01:01] [Server thread/INFO]: cwXiaoYu tried to swim in lava
[16:01:04] [Async Chat Thread - #1/INFO]: <Stehsaer> ???
[16:03:33] [Async Chat Thread - #2/INFO]: <Stehsaer> 你要过来看看吗
[16:03:39] [Async Chat Thread - #2/INFO]: <Stehsaer> 新的矿脉
[16:03:45] [Async Chat Thread - #2/INFO]: <cwXiaoYu> tp me
[16:03:52] [Server thread/INFO]: Stehsaer issued server command: /tp cwXiaoYu Stehsaer
[16:03:52] [Server thread/INFO]: [Stehsaer: Teleported cwXiaoYu to Stehsaer]
[16:04:36] [Async Chat Thread - #2/INFO]: <Stehsaer> 2 creepers
[16:07:44] [Server thread/INFO]: Stehsaer lost connection: Disconnected
[16:07:44] [Server thread/INFO]: Stehsaer left the game
[16:08:42] [User Authenticator #3/INFO]: UUID of player Stehsaer is 4ee78221-99b3-33bb-8da3-72c49ff039eb
[16:08:43] [Server thread/INFO]: Stehsaer[/192.168.100.27:63376] logged in with entity id 2484 at ([3-player Survival]105.17684374601913, 15.0, -715.3000000119209)
[16:09:35] [Async Chat Thread - #3/INFO]: <Stehsaer> nice
[16:12:11] [Async Chat Thread - #4/INFO]: <cwXiaoYu> come to me
[16:12:17] [Async Chat Thread - #4/INFO]: <cwXiaoYu> nice things
[16:12:25] [Async Chat Thread - #4/INFO]: <Stehsaer> my bag is full
[16:12:35] [Server thread/INFO]: Stehsaer issued server command: /tp Stehsaer cwXiaoYu
[16:12:35] [Server thread/INFO]: [Stehsaer: Teleported Stehsaer to cwXiaoYu]
[16:12:45] [Async Chat Thread - #4/INFO]: <Stehsaer> nice
[16:14:59] [Async Chat Thread - #5/INFO]: <cwXiaoYu> back
[16:17:18] [Server thread/WARN]: cwXiaoYu moved too quickly! -12.498545316012637,0.0,0.2674879553210303
[16:22:40] [Async Chat Thread - #6/INFO]: <Stehsaer> 我先退了，作文没写TAT
[16:22:45] [Async Chat Thread - #6/INFO]: <Stehsaer> bye
[16:22:49] [Server thread/INFO]: Stehsaer lost connection: Disconnected
[16:22:49] [Server thread/INFO]: Stehsaer left the game
[16:33:37] [Server thread/INFO]: [Server] what are you doing
[16:34:19] [Server thread/INFO]: cwXiaoYu lost connection: Disconnected
[16:34:19] [Server thread/INFO]: cwXiaoYu left the game
[16:35:02] [Server thread/INFO]: Stopping the server
[16:35:02] [Server thread/INFO]: Stopping server
[16:35:02] [Server thread/INFO]: [SpigotPing] Disabling SpigotPing v2.5
[16:35:02] [Server thread/INFO]: [SpigotPing] Cancelling tasks...
[16:35:02] [Server thread/INFO]: Saving players
[16:35:02] [Server thread/INFO]: Saving worlds
[16:35:02] [Server thread/INFO]: Saving chunks for level '3-player Survival'/minecraft:overworld
[16:35:03] [Server thread/INFO]: ThreadedAnvilChunkStorage (3-player Survival): All chunks are saved
[16:35:03] [Server thread/INFO]: Saving chunks for level '3-player Survival_nether'/minecraft:the_nether
[16:35:03] [Server thread/INFO]: ThreadedAnvilChunkStorage (DIM-1): All chunks are saved
[16:35:03] [Server thread/INFO]: Saving chunks for level '3-player Survival_the_end'/minecraft:the_end
[16:35:03] [Server thread/INFO]: ThreadedAnvilChunkStorage (DIM1): All chunks are saved
[16:35:03] [Server thread/INFO]: ThreadedAnvilChunkStorage (3-player Survival): All chunks are saved
[16:35:03] [Server thread/INFO]: ThreadedAnvilChunkStorage (DIM-1): All chunks are saved
[16:35:03] [Server thread/INFO]: ThreadedAnvilChunkStorage (DIM1): All chunks are saved
