[13:07:15] [Server thread/INFO]: Starting minecraft server version 1.15.2
[13:07:15] [Server thread/INFO]: Loading properties
[13:07:16] [Server thread/INFO]: This server is running Paper version git-Paper-98 (MC: 1.15.2) (Implementing API version 1.15.2-R0.1-SNAPSHOT)
[13:07:18] [Server thread/INFO]: Debug logging is disabled
[13:07:18] [Server thread/INFO]: Server Ping Player Sample Count: 12
[13:07:18] [Server thread/INFO]: Using 4 threads for Netty based IO
[13:07:19] [Server thread/INFO]: Default game type: SURVIVAL
[13:07:19] [Server thread/INFO]: Generating keypair
[13:07:20] [Server thread/INFO]: Starting Minecraft server on *:25565
[13:07:20] [Server thread/INFO]: Using default channel type
[13:07:28] [Server thread/WARN]: Initializing Legacy Material Support. Unless you have legacy plugins and/or data this is a bug!
[13:07:36] [Server thread/WARN]: Legacy plugin SpigotPing v2.5 does not specify an api-version.
[13:07:36] [Server thread/INFO]: [SpigotPing] Loading SpigotPing v2.5
[13:07:36] [Server thread/INFO]: Server permissions file permissions.yml is empty, ignoring it
[13:07:36] [Server thread/WARN]: **** SERVER IS RUNNING IN OFFLINE/INSECURE MODE!
[13:07:36] [Server thread/WARN]: The server will make no attempt to authenticate usernames. Beware.
[13:07:36] [Server thread/WARN]: While this makes the game possible to play without internet access, it also opens up the ability for hackers to connect with any username they choose.
[13:07:36] [Server thread/WARN]: To change this, set "online-mode" to "true" in the server.properties file.
[13:07:36] [Server thread/INFO]: Preparing level "3-player Survival"
[13:07:36] [Server thread/INFO]: Reloading ResourceManager: Default, bukkit
[13:07:41] [Server thread/INFO]: Loaded 6 recipes
[13:07:42] [Server thread/INFO]: -------- World Settings For [3-player Survival] --------
[13:07:42] [Server thread/INFO]: View Distance: 6
[13:07:42] [Server thread/INFO]: Allow Zombie Pigmen to spawn from portal blocks: true
[13:07:42] [Server thread/INFO]: Item Despawn Rate: 6000
[13:07:42] [Server thread/INFO]: Item Merge Radius: 2.5
[13:07:42] [Server thread/INFO]: Arrow Despawn Rate: 1200 Trident Respawn Rate:1200
[13:07:42] [Server thread/INFO]: Nerfing mobs spawned from spawners: false
[13:07:42] [Server thread/INFO]: Zombie Aggressive Towards Villager: true
[13:07:42] [Server thread/INFO]: Hopper Transfer: 8 Hopper Check: 1 Hopper Amount: 1
[13:07:42] [Server thread/INFO]: Custom Map Seeds:  Village: 10387312 Desert: 14357617 Igloo: 14357618 Jungle: 14357619 Swamp: 14357620 Monument: 10387313 Ocean: 14357621 Shipwreck: 165745295 Slime: 987234911
[13:07:42] [Server thread/INFO]: Entity Tracking Range: Pl 48 / An 48 / Mo 48 / Mi 32 / Other 64
[13:07:42] [Server thread/INFO]: Entity Activation Range: An 32 / Mo 32 / Ra 48 / Mi 16 / Tiv true
[13:07:42] [Server thread/INFO]: Experience Merge Radius: 3.0
[13:07:42] [Server thread/INFO]: Mob Spawn Range: 8
[13:07:42] [Server thread/INFO]: Cactus Growth Modifier: 100%
[13:07:42] [Server thread/INFO]: Cane Growth Modifier: 100%
[13:07:42] [Server thread/INFO]: Melon Growth Modifier: 100%
[13:07:42] [Server thread/INFO]: Mushroom Growth Modifier: 100%
[13:07:42] [Server thread/INFO]: Pumpkin Growth Modifier: 100%
[13:07:42] [Server thread/INFO]: Sapling Growth Modifier: 100%
[13:07:42] [Server thread/INFO]: Beetroot Growth Modifier: 100%
[13:07:42] [Server thread/INFO]: Carrot Growth Modifier: 100%
[13:07:42] [Server thread/INFO]: Potato Growth Modifier: 100%
[13:07:42] [Server thread/INFO]: Wheat Growth Modifier: 100%
[13:07:42] [Server thread/INFO]: NetherWart Growth Modifier: 100%
[13:07:42] [Server thread/INFO]: Vine Growth Modifier: 100%
[13:07:42] [Server thread/INFO]: Cocoa Growth Modifier: 100%
[13:07:42] [Server thread/INFO]: Bamboo Growth Modifier: 100%
[13:07:42] [Server thread/INFO]: SweetBerry Growth Modifier: 100%
[13:07:42] [Server thread/INFO]: Kelp Growth Modifier: 100%
[13:07:42] [Server thread/INFO]: Tile Max Tick Time: 50ms Entity max Tick Time: 50ms
[13:07:42] [Server thread/INFO]: Max TNT Explosions: 100
[13:07:42] [Server thread/INFO]: -------- World Settings For [3-player Survival_nether] --------
[13:07:42] [Server thread/INFO]: View Distance: 6
[13:07:42] [Server thread/INFO]: Allow Zombie Pigmen to spawn from portal blocks: true
[13:07:42] [Server thread/INFO]: Item Despawn Rate: 6000
[13:07:42] [Server thread/INFO]: Item Merge Radius: 2.5
[13:07:42] [Server thread/INFO]: Arrow Despawn Rate: 1200 Trident Respawn Rate:1200
[13:07:42] [Server thread/INFO]: Nerfing mobs spawned from spawners: false
[13:07:42] [Server thread/INFO]: Zombie Aggressive Towards Villager: true
[13:07:42] [Server thread/INFO]: Hopper Transfer: 8 Hopper Check: 1 Hopper Amount: 1
[13:07:42] [Server thread/INFO]: Custom Map Seeds:  Village: 10387312 Desert: 14357617 Igloo: 14357618 Jungle: 14357619 Swamp: 14357620 Monument: 10387313 Ocean: 14357621 Shipwreck: 165745295 Slime: 987234911
[13:07:42] [Server thread/INFO]: Entity Tracking Range: Pl 48 / An 48 / Mo 48 / Mi 32 / Other 64
[13:07:42] [Server thread/INFO]: Entity Activation Range: An 32 / Mo 32 / Ra 48 / Mi 16 / Tiv true
[13:07:42] [Server thread/INFO]: Experience Merge Radius: 3.0
[13:07:42] [Server thread/INFO]: Mob Spawn Range: 8
[13:07:42] [Server thread/INFO]: Cactus Growth Modifier: 100%
[13:07:42] [Server thread/INFO]: Cane Growth Modifier: 100%
[13:07:42] [Server thread/INFO]: Melon Growth Modifier: 100%
[13:07:42] [Server thread/INFO]: Mushroom Growth Modifier: 100%
[13:07:42] [Server thread/INFO]: Pumpkin Growth Modifier: 100%
[13:07:42] [Server thread/INFO]: Sapling Growth Modifier: 100%
[13:07:42] [Server thread/INFO]: Beetroot Growth Modifier: 100%
[13:07:42] [Server thread/INFO]: Carrot Growth Modifier: 100%
[13:07:42] [Server thread/INFO]: Potato Growth Modifier: 100%
[13:07:42] [Server thread/INFO]: Wheat Growth Modifier: 100%
[13:07:42] [Server thread/INFO]: NetherWart Growth Modifier: 100%
[13:07:42] [Server thread/INFO]: Vine Growth Modifier: 100%
[13:07:42] [Server thread/INFO]: Cocoa Growth Modifier: 100%
[13:07:42] [Server thread/INFO]: Bamboo Growth Modifier: 100%
[13:07:42] [Server thread/INFO]: SweetBerry Growth Modifier: 100%
[13:07:42] [Server thread/INFO]: Kelp Growth Modifier: 100%
[13:07:42] [Server thread/INFO]: Tile Max Tick Time: 50ms Entity max Tick Time: 50ms
[13:07:42] [Server thread/INFO]: Max TNT Explosions: 100
[13:07:42] [Server thread/INFO]: -------- World Settings For [3-player Survival_the_end] --------
[13:07:42] [Server thread/INFO]: View Distance: 6
[13:07:42] [Server thread/INFO]: Allow Zombie Pigmen to spawn from portal blocks: true
[13:07:42] [Server thread/INFO]: Item Despawn Rate: 6000
[13:07:42] [Server thread/INFO]: Item Merge Radius: 2.5
[13:07:42] [Server thread/INFO]: Arrow Despawn Rate: 1200 Trident Respawn Rate:1200
[13:07:42] [Server thread/INFO]: Nerfing mobs spawned from spawners: false
[13:07:42] [Server thread/INFO]: Zombie Aggressive Towards Villager: true
[13:07:42] [Server thread/INFO]: Hopper Transfer: 8 Hopper Check: 1 Hopper Amount: 1
[13:07:42] [Server thread/INFO]: Custom Map Seeds:  Village: 10387312 Desert: 14357617 Igloo: 14357618 Jungle: 14357619 Swamp: 14357620 Monument: 10387313 Ocean: 14357621 Shipwreck: 165745295 Slime: 987234911
[13:07:42] [Server thread/INFO]: Entity Tracking Range: Pl 48 / An 48 / Mo 48 / Mi 32 / Other 64
[13:07:42] [Server thread/INFO]: Entity Activation Range: An 32 / Mo 32 / Ra 48 / Mi 16 / Tiv true
[13:07:42] [Server thread/INFO]: Experience Merge Radius: 3.0
[13:07:42] [Server thread/INFO]: Mob Spawn Range: 8
[13:07:42] [Server thread/INFO]: Cactus Growth Modifier: 100%
[13:07:42] [Server thread/INFO]: Cane Growth Modifier: 100%
[13:07:42] [Server thread/INFO]: Melon Growth Modifier: 100%
[13:07:42] [Server thread/INFO]: Mushroom Growth Modifier: 100%
[13:07:42] [Server thread/INFO]: Pumpkin Growth Modifier: 100%
[13:07:42] [Server thread/INFO]: Sapling Growth Modifier: 100%
[13:07:42] [Server thread/INFO]: Beetroot Growth Modifier: 100%
[13:07:42] [Server thread/INFO]: Carrot Growth Modifier: 100%
[13:07:42] [Server thread/INFO]: Potato Growth Modifier: 100%
[13:07:42] [Server thread/INFO]: Wheat Growth Modifier: 100%
[13:07:42] [Server thread/INFO]: NetherWart Growth Modifier: 100%
[13:07:42] [Server thread/INFO]: Vine Growth Modifier: 100%
[13:07:42] [Server thread/INFO]: Cocoa Growth Modifier: 100%
[13:07:42] [Server thread/INFO]: Bamboo Growth Modifier: 100%
[13:07:42] [Server thread/INFO]: SweetBerry Growth Modifier: 100%
[13:07:42] [Server thread/INFO]: Kelp Growth Modifier: 100%
[13:07:42] [Server thread/INFO]: Tile Max Tick Time: 50ms Entity max Tick Time: 50ms
[13:07:42] [Server thread/INFO]: Max TNT Explosions: 100
[13:07:42] [Server thread/INFO]: Preparing start region for dimension '3-player Survival'/minecraft:overworld
[13:07:44] [Server thread/INFO]: Preparing spawn area: 0%
[13:07:44] [Server thread/INFO]: Preparing spawn area: 0%
[13:07:44] [Server thread/INFO]: Preparing spawn area: 0%
[13:07:44] [Server thread/INFO]: Preparing spawn area: 0%
[13:07:44] [Server thread/INFO]: Preparing spawn area: 0%
[13:07:45] [Server thread/INFO]: Preparing spawn area: 0%
[13:07:45] [Server thread/INFO]: Preparing spawn area: 12%
[13:07:46] [Server thread/INFO]: Preparing spawn area: 30%
[13:07:46] [Server thread/INFO]: Preparing spawn area: 73%
[13:07:47] [Server thread/INFO]: Preparing spawn area: 100%
[13:07:47] [Server thread/INFO]: Preparing spawn area: 100%
[13:07:48] [Server thread/INFO]: Preparing spawn area: 100%
[13:07:48] [Server thread/INFO]: Loaded 169 spawn chunks for world 3-player Survival
[13:07:48] [Server thread/INFO]: Time elapsed: 5572 ms
[13:07:48] [Server thread/INFO]: Preparing start region for dimension '3-player Survival_nether'/minecraft:the_nether
[13:07:48] [Server thread/INFO]: Preparing spawn area: 0%
[13:07:48] [Server thread/INFO]: Preparing spawn area: 26%
[13:07:49] [Server thread/INFO]: Preparing spawn area: 68%
[13:07:49] [Server thread/INFO]: Preparing spawn area: 100%
[13:07:50] [Server thread/INFO]: Preparing spawn area: 100%
[13:07:50] [Server-Worker-2/INFO]: Preparing spawn area: 100%
[13:07:51] [Server-Worker-1/INFO]: Preparing spawn area: 100%
[13:07:51] [Server thread/INFO]: Preparing spawn area: 100%
[13:07:52] [Server-Worker-1/INFO]: Preparing spawn area: 100%
[13:07:52] [Server thread/INFO]: Loaded 169 spawn chunks for world 3-player Survival_nether
[13:07:52] [Server thread/INFO]: Time elapsed: 4261 ms
[13:07:52] [Server thread/INFO]: Preparing start region for dimension '3-player Survival_the_end'/minecraft:the_end
[13:07:52] [Server thread/INFO]: Preparing spawn area: 0%
[13:07:52] [Server-Worker-2/INFO]: Preparing spawn area: 100%
[13:07:53] [Server-Worker-2/INFO]: Preparing spawn area: 100%
[13:07:53] [Server thread/INFO]: Loaded 169 spawn chunks for world 3-player Survival_the_end
[13:07:53] [Server thread/INFO]: Time elapsed: 1473 ms
[13:07:53] [Server thread/INFO]: [SpigotPing] Enabling SpigotPing v2.5*
[13:07:53] [Server thread/INFO]: [SpigotPing] TabList is enabled, task added with a delay of 5 second/s.
[13:07:54] [Server thread/INFO]: Done (17.884s)! For help, type "help"
[13:07:54] [Server thread/INFO]: Timings Reset
[13:08:31] [User Authenticator #1/INFO]: UUID of player WANGYU20200214 is 4b5eda16-1e2a-35e4-8310-43dedfa9874c
[13:08:33] [Server thread/INFO]: WANGYU20200214[/127.0.0.1:60451] logged in with entity id 167 at ([3-player Survival]-112.22020353595724, 63.0, -630.8295072056707)
[13:09:34] [Server thread/INFO]: [Server] 0123456789abcdef
[13:10:39] [Server thread/INFO]: [Server] 0000
[13:11:34] [Server thread/INFO]: [Server] very colorful
[13:12:29] [Server thread/INFO]: [Server]  CCCP Forever!
[13:12:46] [Server thread/INFO]: There are 1 of a max 3 players online: WANGYU20200214
[13:12:57] [Server thread/INFO]: --------- Help: Index ---------------------------
[13:12:57] [Server thread/INFO]: Use /help [n] to get page n of help.
[13:12:57] [Server thread/INFO]: Aliases: Lists command aliases
[13:12:57] [Server thread/INFO]: Bukkit: All commands for Bukkit
[13:12:57] [Server thread/INFO]: Minecraft: All commands for Minecraft
[13:12:57] [Server thread/INFO]: SpigotPing: All commands for SpigotPing
[13:12:57] [Server thread/INFO]: /advancement: A Mojang provided command.
[13:12:57] [Server thread/INFO]: /ban: A Mojang provided command.
[13:12:57] [Server thread/INFO]: /ban-ip: A Mojang provided command.
[13:12:57] [Server thread/INFO]: /banlist: A Mojang provided command.
[13:12:57] [Server thread/INFO]: /bossbar: A Mojang provided command.
[13:12:57] [Server thread/INFO]: /clear: A Mojang provided command.
[13:12:57] [Server thread/INFO]: /clone: A Mojang provided command.
[13:12:57] [Server thread/INFO]: /data: A Mojang provided command.
[13:12:57] [Server thread/INFO]: /datapack: A Mojang provided command.
[13:12:57] [Server thread/INFO]: /debug: A Mojang provided command.
[13:12:57] [Server thread/INFO]: /defaultgamemode: A Mojang provided command.
[13:12:57] [Server thread/INFO]: /deop: A Mojang provided command.
[13:12:57] [Server thread/INFO]: /difficulty: A Mojang provided command.
[13:12:57] [Server thread/INFO]: /effect: A Mojang provided command.
[13:12:57] [Server thread/INFO]: /enchant: A Mojang provided command.
[13:12:57] [Server thread/INFO]: /execute: A Mojang provided command.
[13:12:57] [Server thread/INFO]: /experience: A Mojang provided command.
[13:12:57] [Server thread/INFO]: /fill: A Mojang provided command.
[13:12:57] [Server thread/INFO]: /forceload: A Mojang provided command.
[13:12:57] [Server thread/INFO]: /function: A Mojang provided command.
[13:12:57] [Server thread/INFO]: /gamemode: A Mojang provided command.
[13:12:57] [Server thread/INFO]: /gamerule: A Mojang provided command.
[13:12:57] [Server thread/INFO]: /give: A Mojang provided command.
[13:12:57] [Server thread/INFO]: /help: Shows the help menu
[13:12:57] [Server thread/INFO]: /kick: A Mojang provided command.
[13:12:57] [Server thread/INFO]: /kill: A Mojang provided command.
[13:12:57] [Server thread/INFO]: /list: A Mojang provided command.
[13:12:57] [Server thread/INFO]: /locate: A Mojang provided command.
[13:12:57] [Server thread/INFO]: /loot: A Mojang provided command.
[13:12:57] [Server thread/INFO]: /me: A Mojang provided command.
[13:12:57] [Server thread/INFO]: /minecraft:help: A Mojang provided command.
[13:12:57] [Server thread/INFO]: /minecraft:reload: A Mojang provided command.
[13:12:57] [Server thread/INFO]: /msg: A Mojang provided command.
[13:12:57] [Server thread/INFO]: /op: A Mojang provided command.
[13:12:57] [Server thread/INFO]: /paper: Paper related commands
[13:12:57] [Server thread/INFO]: /pardon: A Mojang provided command.
[13:12:57] [Server thread/INFO]: /pardon-ip: A Mojang provided command.
[13:12:57] [Server thread/INFO]: /particle: A Mojang provided command.
[13:12:57] [Server thread/INFO]: /ping: The main command for SpigotPing.
[13:12:57] [Server thread/INFO]: /pingreload: Reloads the plugin.
[13:12:57] [Server thread/INFO]: /playsound: A Mojang provided command.
[13:12:57] [Server thread/INFO]: /plugins: Gets a list of plugins running on the server
[13:12:57] [Server thread/INFO]: /publish: A Mojang provided command.
[13:12:57] [Server thread/INFO]: /recipe: A Mojang provided command.
[13:12:57] [Server thread/INFO]: /reload: Reloads the server configuration and plugins
[13:12:57] [Server thread/INFO]: /replaceitem: A Mojang provided command.
[13:12:57] [Server thread/INFO]: /restart: Restarts the server
[13:12:57] [Server thread/INFO]: /save-all: A Mojang provided command.
[13:12:57] [Server thread/INFO]: /save-off: A Mojang provided command.
[13:12:57] [Server thread/INFO]: /save-on: A Mojang provided command.
[13:12:57] [Server thread/INFO]: /say: A Mojang provided command.
[13:12:57] [Server thread/INFO]: /schedule: A Mojang provided command.
[13:12:57] [Server thread/INFO]: /scoreboard: A Mojang provided command.
[13:12:57] [Server thread/INFO]: /seed: A Mojang provided command.
[13:12:57] [Server thread/INFO]: /setblock: A Mojang provided command.
[13:12:57] [Server thread/INFO]: /setidletimeout: A Mojang provided command.
[13:12:57] [Server thread/INFO]: /setworldspawn: A Mojang provided command.
[13:12:57] [Server thread/INFO]: /spawnpoint: A Mojang provided command.
[13:12:57] [Server thread/INFO]: /spectate: A Mojang provided command.
[13:12:57] [Server thread/INFO]: /spigot: Spigot related commands
[13:12:57] [Server thread/INFO]: /spreadplayers: A Mojang provided command.
[13:12:57] [Server thread/INFO]: /stop: A Mojang provided command.
[13:12:57] [Server thread/INFO]: /stopsound: A Mojang provided command.
[13:12:57] [Server thread/INFO]: /summon: A Mojang provided command.
[13:12:57] [Server thread/INFO]: /tag: A Mojang provided command.
[13:12:57] [Server thread/INFO]: /team: A Mojang provided command.
[13:12:57] [Server thread/INFO]: /teammsg: A Mojang provided command.
[13:12:57] [Server thread/INFO]: /teleport: A Mojang provided command.
[13:12:57] [Server thread/INFO]: /tell: A Mojang provided command.
[13:12:57] [Server thread/INFO]: /tellraw: A Mojang provided command.
[13:12:57] [Server thread/INFO]: /time: A Mojang provided command.
[13:12:57] [Server thread/INFO]: /timings: Manages Spigot Timings data to see performance of the server.
[13:12:57] [Server thread/INFO]: /title: A Mojang provided command.
[13:12:57] [Server thread/INFO]: /tm: A Mojang provided command.
[13:12:57] [Server thread/INFO]: /tp: A Mojang provided command.
[13:12:57] [Server thread/INFO]: /tps: Gets the current ticks per second for the server
[13:12:57] [Server thread/INFO]: /trigger: A Mojang provided command.
[13:12:57] [Server thread/INFO]: /version: Gets the version of this server including any plugins in use
[13:12:57] [Server thread/INFO]: /w: A Mojang provided command.
[13:12:57] [Server thread/INFO]: /weather: A Mojang provided command.
[13:12:57] [Server thread/INFO]: /whitelist: A Mojang provided command.
[13:12:57] [Server thread/INFO]: /worldborder: A Mojang provided command.
[13:12:57] [Server thread/INFO]: /xp: A Mojang provided command.
[13:13:19] [Async Chat Thread - #0/INFO]: <WANGYU20200214> 世界人民大团结万岁！
[13:13:49] [Server thread/INFO]: [Server] 世界人民大团结万岁！！！
[13:15:58] [User Authenticator #2/INFO]: UUID of player Stehsaer is 4ee78221-99b3-33bb-8da3-72c49ff039eb
[13:15:59] [Server thread/INFO]: Stehsaer[/192.168.100.27:60477] logged in with entity id 779 at ([3-player Survival]-102.20264212192728, 63.0, -652.9367494057202)
[13:17:26] [Server thread/INFO]: Stehsaer lost connection: Disconnected
[13:17:26] [Server thread/INFO]: Stehsaer left the game
[13:17:27] [User Authenticator #3/INFO]: UUID of player Stehsaer is 4ee78221-99b3-33bb-8da3-72c49ff039eb
[13:17:28] [Server thread/INFO]: Stehsaer[/192.168.100.27:60485] logged in with entity id 968 at ([3-player Survival]-97.21648333342739, 64.0, -658.9563272060535)
[13:17:38] [Server thread/INFO]: Stehsaer lost connection: Disconnected
[13:17:38] [Server thread/INFO]: Stehsaer left the game
[13:17:57] [User Authenticator #3/INFO]: UUID of player Stehsaer is 4ee78221-99b3-33bb-8da3-72c49ff039eb
[13:17:57] [Server thread/INFO]: Stehsaer[/192.168.100.27:60508] logged in with entity id 1032 at ([3-player Survival]-98.69999998807907, 63.0, -660.2823682401774)
[13:19:33] [Server thread/INFO]: Stehsaer lost connection: Kicked by an operator
[13:19:34] [Server thread/INFO]: Stehsaer left the game
[13:19:34] [Server thread/INFO]: Kicked Stehsaer: Kicked by an operator
[13:19:34] [Server thread/WARN]: handleDisconnection() called twice
[13:27:31] [User Authenticator #4/INFO]: UUID of player Stehsaer is 4ee78221-99b3-33bb-8da3-72c49ff039eb
[13:27:31] [Server thread/INFO]: Stehsaer[/192.168.100.27:60568] logged in with entity id 1939 at ([3-player Survival]-87.21162510679622, 63.0, -651.7026096065516)
[13:38:40] [Server thread/INFO]: Stehsaer issued server command: /playsound minecraft:ui.stonecutter.select_recipe music @a ~ ~ ~
[13:38:40] [Server thread/INFO]: [Stehsaer: Played sound minecraft:ui.stonecutter.select_recipe to 2 players]
[13:41:28] [Server thread/INFO]: WANGYU20200214 lost connection: Disconnected
[13:41:28] [Server thread/INFO]: WANGYU20200214 left the game
[13:41:58] [Server thread/INFO]: Stehsaer lost connection: Disconnected
[13:41:59] [Server thread/INFO]: Stehsaer left the game
[13:42:11] [Server thread/INFO]: Stopping the server
[13:42:11] [Server thread/INFO]: Stopping server
[13:42:11] [Server thread/INFO]: [SpigotPing] Disabling SpigotPing v2.5
[13:42:11] [Server thread/INFO]: [SpigotPing] Cancelling tasks...
[13:42:11] [Server thread/INFO]: Saving players
[13:42:11] [Server thread/INFO]: Saving worlds
[13:42:11] [Server thread/INFO]: Saving chunks for level '3-player Survival'/minecraft:overworld
[13:42:11] [Server thread/INFO]: ThreadedAnvilChunkStorage (3-player Survival): All chunks are saved
[13:42:11] [Server thread/INFO]: Saving chunks for level '3-player Survival_nether'/minecraft:the_nether
[13:42:11] [Server thread/INFO]: ThreadedAnvilChunkStorage (DIM-1): All chunks are saved
[13:42:11] [Server thread/INFO]: Saving chunks for level '3-player Survival_the_end'/minecraft:the_end
[13:42:12] [Server thread/INFO]: ThreadedAnvilChunkStorage (DIM1): All chunks are saved
[13:42:12] [Server thread/INFO]: ThreadedAnvilChunkStorage (3-player Survival): All chunks are saved
[13:42:12] [Server thread/INFO]: ThreadedAnvilChunkStorage (DIM-1): All chunks are saved
[13:42:12] [Server thread/INFO]: ThreadedAnvilChunkStorage (DIM1): All chunks are saved
