[19:01:37] [Server thread/INFO]: Starting minecraft server version 1.15.2
[19:01:37] [Server thread/INFO]: Loading properties
[19:01:37] [Server thread/INFO]: This server is running Paper version git-Paper-98 (MC: 1.15.2) (Implementing API version 1.15.2-R0.1-SNAPSHOT)
[19:01:39] [Server thread/INFO]: Debug logging is disabled
[19:01:39] [Server thread/INFO]: Server Ping Player Sample Count: 12
[19:01:39] [Server thread/INFO]: Using 4 threads for Netty based IO
[19:01:40] [Server thread/INFO]: Default game type: SURVIVAL
[19:01:40] [Server thread/INFO]: Generating keypair
[19:01:41] [Server thread/INFO]: Starting Minecraft server on *:25565
[19:01:41] [Server thread/INFO]: Using default channel type
[19:01:44] [Server thread/WARN]: Initializing Legacy Material Support. Unless you have legacy plugins and/or data this is a bug!
[19:01:52] [Server thread/WARN]: Legacy plugin SpigotPing v2.5 does not specify an api-version.
[19:01:52] [Server thread/INFO]: [SpigotPing] Loading SpigotPing v2.5
[19:01:52] [Server thread/INFO]: Server permissions file permissions.yml is empty, ignoring it
[19:01:52] [Server thread/INFO]: Preparing level "world"
[19:01:53] [Server thread/INFO]: Reloading ResourceManager: Default, bukkit
[19:02:01] [Server thread/INFO]: Loaded 6 recipes
[19:02:02] [Server thread/INFO]: -------- World Settings For [world] --------
[19:02:02] [Server thread/INFO]: Zombie Aggressive Towards Villager: true
[19:02:02] [Server thread/INFO]: View Distance: 6
[19:02:02] [Server thread/INFO]: Arrow Despawn Rate: 1200 Trident Respawn Rate:1200
[19:02:02] [Server thread/INFO]: Item Merge Radius: 2.5
[19:02:02] [Server thread/INFO]: Item Despawn Rate: 6000
[19:02:02] [Server thread/INFO]: Nerfing mobs spawned from spawners: false
[19:02:02] [Server thread/INFO]: Allow Zombie Pigmen to spawn from portal blocks: true
[19:02:02] [Server thread/INFO]: Entity Tracking Range: Pl 48 / An 48 / Mo 48 / Mi 32 / Other 64
[19:02:02] [Server thread/INFO]: Mob Spawn Range: 8
[19:02:02] [Server thread/INFO]: Experience Merge Radius: 3.0
[19:02:02] [Server thread/INFO]: Cactus Growth Modifier: 100%
[19:02:02] [Server thread/INFO]: Cane Growth Modifier: 100%
[19:02:02] [Server thread/INFO]: Melon Growth Modifier: 100%
[19:02:02] [Server thread/INFO]: Mushroom Growth Modifier: 100%
[19:02:02] [Server thread/INFO]: Pumpkin Growth Modifier: 100%
[19:02:02] [Server thread/INFO]: Sapling Growth Modifier: 100%
[19:02:02] [Server thread/INFO]: Beetroot Growth Modifier: 100%
[19:02:02] [Server thread/INFO]: Carrot Growth Modifier: 100%
[19:02:02] [Server thread/INFO]: Potato Growth Modifier: 100%
[19:02:02] [Server thread/INFO]: Wheat Growth Modifier: 100%
[19:02:02] [Server thread/INFO]: NetherWart Growth Modifier: 100%
[19:02:02] [Server thread/INFO]: Vine Growth Modifier: 100%
[19:02:02] [Server thread/INFO]: Cocoa Growth Modifier: 100%
[19:02:02] [Server thread/INFO]: Bamboo Growth Modifier: 100%
[19:02:02] [Server thread/INFO]: SweetBerry Growth Modifier: 100%
[19:02:02] [Server thread/INFO]: Kelp Growth Modifier: 100%
[19:02:02] [Server thread/INFO]: Entity Activation Range: An 32 / Mo 32 / Ra 48 / Mi 16 / Tiv true
[19:02:02] [Server thread/INFO]: Custom Map Seeds:  Village: 10387312 Desert: 14357617 Igloo: 14357618 Jungle: 14357619 Swamp: 14357620 Monument: 10387313 Ocean: 14357621 Shipwreck: 165745295 Slime: 987234911
[19:02:02] [Server thread/INFO]: Hopper Transfer: 8 Hopper Check: 1 Hopper Amount: 1
[19:02:02] [Server thread/INFO]: Tile Max Tick Time: 50ms Entity max Tick Time: 50ms
[19:02:02] [Server thread/INFO]: Max TNT Explosions: 100
[19:02:02] [Server thread/INFO]: -------- World Settings For [world_nether] --------
[19:02:02] [Server thread/INFO]: Zombie Aggressive Towards Villager: true
[19:02:02] [Server thread/INFO]: View Distance: 6
[19:02:02] [Server thread/INFO]: Arrow Despawn Rate: 1200 Trident Respawn Rate:1200
[19:02:02] [Server thread/INFO]: Item Merge Radius: 2.5
[19:02:02] [Server thread/INFO]: Item Despawn Rate: 6000
[19:02:02] [Server thread/INFO]: Nerfing mobs spawned from spawners: false
[19:02:02] [Server thread/INFO]: Allow Zombie Pigmen to spawn from portal blocks: true
[19:02:02] [Server thread/INFO]: Entity Tracking Range: Pl 48 / An 48 / Mo 48 / Mi 32 / Other 64
[19:02:02] [Server thread/INFO]: Mob Spawn Range: 8
[19:02:02] [Server thread/INFO]: Experience Merge Radius: 3.0
[19:02:02] [Server thread/INFO]: Cactus Growth Modifier: 100%
[19:02:02] [Server thread/INFO]: Cane Growth Modifier: 100%
[19:02:02] [Server thread/INFO]: Melon Growth Modifier: 100%
[19:02:02] [Server thread/INFO]: Mushroom Growth Modifier: 100%
[19:02:02] [Server thread/INFO]: Pumpkin Growth Modifier: 100%
[19:02:02] [Server thread/INFO]: Sapling Growth Modifier: 100%
[19:02:02] [Server thread/INFO]: Beetroot Growth Modifier: 100%
[19:02:02] [Server thread/INFO]: Carrot Growth Modifier: 100%
[19:02:02] [Server thread/INFO]: Potato Growth Modifier: 100%
[19:02:02] [Server thread/INFO]: Wheat Growth Modifier: 100%
[19:02:02] [Server thread/INFO]: NetherWart Growth Modifier: 100%
[19:02:02] [Server thread/INFO]: Vine Growth Modifier: 100%
[19:02:02] [Server thread/INFO]: Cocoa Growth Modifier: 100%
[19:02:02] [Server thread/INFO]: Bamboo Growth Modifier: 100%
[19:02:02] [Server thread/INFO]: SweetBerry Growth Modifier: 100%
[19:02:02] [Server thread/INFO]: Kelp Growth Modifier: 100%
[19:02:02] [Server thread/INFO]: Entity Activation Range: An 32 / Mo 32 / Ra 48 / Mi 16 / Tiv true
[19:02:02] [Server thread/INFO]: Custom Map Seeds:  Village: 10387312 Desert: 14357617 Igloo: 14357618 Jungle: 14357619 Swamp: 14357620 Monument: 10387313 Ocean: 14357621 Shipwreck: 165745295 Slime: 987234911
[19:02:02] [Server thread/INFO]: Hopper Transfer: 8 Hopper Check: 1 Hopper Amount: 1
[19:02:02] [Server thread/INFO]: Tile Max Tick Time: 50ms Entity max Tick Time: 50ms
[19:02:02] [Server thread/INFO]: Max TNT Explosions: 100
[19:02:02] [Server thread/INFO]: -------- World Settings For [world_the_end] --------
[19:02:02] [Server thread/INFO]: Zombie Aggressive Towards Villager: true
[19:02:02] [Server thread/INFO]: View Distance: 6
[19:02:02] [Server thread/INFO]: Arrow Despawn Rate: 1200 Trident Respawn Rate:1200
[19:02:02] [Server thread/INFO]: Item Merge Radius: 2.5
[19:02:02] [Server thread/INFO]: Item Despawn Rate: 6000
[19:02:02] [Server thread/INFO]: Nerfing mobs spawned from spawners: false
[19:02:02] [Server thread/INFO]: Allow Zombie Pigmen to spawn from portal blocks: true
[19:02:02] [Server thread/INFO]: Entity Tracking Range: Pl 48 / An 48 / Mo 48 / Mi 32 / Other 64
[19:02:02] [Server thread/INFO]: Mob Spawn Range: 8
[19:02:02] [Server thread/INFO]: Experience Merge Radius: 3.0
[19:02:02] [Server thread/INFO]: Cactus Growth Modifier: 100%
[19:02:02] [Server thread/INFO]: Cane Growth Modifier: 100%
[19:02:02] [Server thread/INFO]: Melon Growth Modifier: 100%
[19:02:02] [Server thread/INFO]: Mushroom Growth Modifier: 100%
[19:02:02] [Server thread/INFO]: Pumpkin Growth Modifier: 100%
[19:02:02] [Server thread/INFO]: Sapling Growth Modifier: 100%
[19:02:02] [Server thread/INFO]: Beetroot Growth Modifier: 100%
[19:02:02] [Server thread/INFO]: Carrot Growth Modifier: 100%
[19:02:02] [Server thread/INFO]: Potato Growth Modifier: 100%
[19:02:02] [Server thread/INFO]: Wheat Growth Modifier: 100%
[19:02:02] [Server thread/INFO]: NetherWart Growth Modifier: 100%
[19:02:02] [Server thread/INFO]: Vine Growth Modifier: 100%
[19:02:02] [Server thread/INFO]: Cocoa Growth Modifier: 100%
[19:02:02] [Server thread/INFO]: Bamboo Growth Modifier: 100%
[19:02:02] [Server thread/INFO]: SweetBerry Growth Modifier: 100%
[19:02:02] [Server thread/INFO]: Kelp Growth Modifier: 100%
[19:02:02] [Server thread/INFO]: Entity Activation Range: An 32 / Mo 32 / Ra 48 / Mi 16 / Tiv true
[19:02:02] [Server thread/INFO]: Custom Map Seeds:  Village: 10387312 Desert: 14357617 Igloo: 14357618 Jungle: 14357619 Swamp: 14357620 Monument: 10387313 Ocean: 14357621 Shipwreck: 165745295 Slime: 987234911
[19:02:02] [Server thread/INFO]: Hopper Transfer: 8 Hopper Check: 1 Hopper Amount: 1
[19:02:02] [Server thread/INFO]: Tile Max Tick Time: 50ms Entity max Tick Time: 50ms
[19:02:02] [Server thread/INFO]: Max TNT Explosions: 100
[19:02:03] [Server thread/INFO]: Preparing start region for dimension 'world'/minecraft:overworld
[19:02:03] [Server thread/INFO]: Preparing spawn area: 0%
[19:02:03] [Server thread/INFO]: Preparing spawn area: 0%
[19:02:04] [Server thread/INFO]: Preparing spawn area: 0%
[19:02:04] [Server thread/INFO]: Preparing spawn area: 0%
[19:02:05] [Server thread/INFO]: Preparing spawn area: 0%
[19:02:05] [Server thread/INFO]: Preparing spawn area: 0%
[19:02:06] [Server thread/INFO]: Preparing spawn area: 0%
[19:02:06] [Server thread/INFO]: Preparing spawn area: 0%
[19:02:07] [Server-Worker-2/INFO]: Preparing spawn area: 0%
[19:02:07] [Server-Worker-2/INFO]: Preparing spawn area: 100%
[19:02:08] [Server-Worker-1/INFO]: Preparing spawn area: 100%
[19:02:08] [Server-Worker-2/INFO]: Preparing spawn area: 100%
[19:02:09] [Server thread/INFO]: Preparing spawn area: 100%
[19:02:09] [Server-Worker-2/INFO]: Preparing spawn area: 100%
[19:02:10] [Server-Worker-2/INFO]: Preparing spawn area: 100%
[19:02:10] [Server-Worker-1/INFO]: Preparing spawn area: 100%
[19:02:11] [Server-Worker-1/INFO]: Preparing spawn area: 100%
[19:02:11] [Server-Worker-2/INFO]: Preparing spawn area: 100%
[19:02:12] [Server-Worker-2/INFO]: Preparing spawn area: 100%
[19:02:12] [Server-Worker-1/INFO]: Preparing spawn area: 100%
[19:02:13] [Server-Worker-1/INFO]: Preparing spawn area: 100%
[19:02:13] [Server-Worker-1/INFO]: Preparing spawn area: 100%
[19:02:14] [Server-Worker-1/INFO]: Preparing spawn area: 100%
[19:02:14] [Server thread/INFO]: Loaded 169 spawn chunks for world world
[19:02:14] [Server thread/INFO]: Time elapsed: 11346 ms
[19:02:14] [Server thread/INFO]: Preparing start region for dimension 'world_nether'/minecraft:the_nether
[19:02:14] [Server thread/INFO]: Preparing spawn area: 0%
[19:02:14] [Server thread/INFO]: Preparing spawn area: 0%
[19:02:17] [Server thread/INFO]: Preparing spawn area: 7%
[19:02:17] [Server thread/INFO]: Preparing spawn area: 7%
[19:02:17] [Server thread/INFO]: Preparing spawn area: 7%
[19:02:17] [Server thread/INFO]: Preparing spawn area: 7%
[19:02:17] [Server thread/INFO]: Preparing spawn area: 7%
[19:02:17] [Server thread/INFO]: Preparing spawn area: 17%
[19:02:18] [Server thread/INFO]: Preparing spawn area: 36%
[19:02:18] [Server thread/INFO]: Preparing spawn area: 41%
[19:02:20] [Server thread/INFO]: Preparing spawn area: 94%
[19:02:20] [Server thread/INFO]: Preparing spawn area: 94%
[19:02:20] [Server thread/INFO]: Preparing spawn area: 100%
[19:02:20] [Server-Worker-1/INFO]: Preparing spawn area: 100%
[19:02:21] [Server-Worker-2/INFO]: Preparing spawn area: 100%
[19:02:21] [Server-Worker-1/INFO]: Preparing spawn area: 100%
[19:02:22] [Server-Worker-2/INFO]: Preparing spawn area: 100%
[19:02:22] [Server thread/INFO]: Loaded 169 spawn chunks for world world_nether
[19:02:22] [Server thread/INFO]: Time elapsed: 8355 ms
[19:02:22] [Server thread/INFO]: Preparing start region for dimension 'world_the_end'/minecraft:the_end
[19:02:22] [Server thread/INFO]: Preparing spawn area: 0%
[19:02:23] [Server thread/INFO]: Preparing spawn area: 59%
[19:02:23] [Server-Worker-1/INFO]: Preparing spawn area: 100%
[19:02:24] [Server thread/INFO]: Loaded 169 spawn chunks for world world_the_end
[19:02:24] [Server thread/INFO]: Time elapsed: 1336 ms
[19:02:24] [Server thread/INFO]: [SpigotPing] Enabling SpigotPing v2.5*
[19:02:24] [Server thread/INFO]: [SpigotPing] TabList is enabled, task added with a delay of 5 second/s.
[19:02:24] [Server thread/INFO]: Done (31.272s)! For help, type "help"
[19:02:24] [Server thread/INFO]: Timings Reset
[19:03:06] [Server thread/INFO]: --------- Help: Index ---------------------------
[19:03:06] [Server thread/INFO]: Use /help [n] to get page n of help.
[19:03:06] [Server thread/INFO]: Aliases: Lists command aliases
[19:03:06] [Server thread/INFO]: Bukkit: All commands for Bukkit
[19:03:06] [Server thread/INFO]: Minecraft: All commands for Minecraft
[19:03:06] [Server thread/INFO]: SpigotPing: All commands for SpigotPing
[19:03:06] [Server thread/INFO]: /advancement: A Mojang provided command.
[19:03:06] [Server thread/INFO]: /ban: A Mojang provided command.
[19:03:06] [Server thread/INFO]: /ban-ip: A Mojang provided command.
[19:03:06] [Server thread/INFO]: /banlist: A Mojang provided command.
[19:03:06] [Server thread/INFO]: /bossbar: A Mojang provided command.
[19:03:06] [Server thread/INFO]: /clear: A Mojang provided command.
[19:03:06] [Server thread/INFO]: /clone: A Mojang provided command.
[19:03:06] [Server thread/INFO]: /data: A Mojang provided command.
[19:03:06] [Server thread/INFO]: /datapack: A Mojang provided command.
[19:03:06] [Server thread/INFO]: /debug: A Mojang provided command.
[19:03:06] [Server thread/INFO]: /defaultgamemode: A Mojang provided command.
[19:03:06] [Server thread/INFO]: /deop: A Mojang provided command.
[19:03:06] [Server thread/INFO]: /difficulty: A Mojang provided command.
[19:03:06] [Server thread/INFO]: /effect: A Mojang provided command.
[19:03:06] [Server thread/INFO]: /enchant: A Mojang provided command.
[19:03:06] [Server thread/INFO]: /execute: A Mojang provided command.
[19:03:06] [Server thread/INFO]: /experience: A Mojang provided command.
[19:03:06] [Server thread/INFO]: /fill: A Mojang provided command.
[19:03:06] [Server thread/INFO]: /forceload: A Mojang provided command.
[19:03:06] [Server thread/INFO]: /function: A Mojang provided command.
[19:03:06] [Server thread/INFO]: /gamemode: A Mojang provided command.
[19:03:06] [Server thread/INFO]: /gamerule: A Mojang provided command.
[19:03:06] [Server thread/INFO]: /give: A Mojang provided command.
[19:03:06] [Server thread/INFO]: /help: Shows the help menu
[19:03:06] [Server thread/INFO]: /kick: A Mojang provided command.
[19:03:06] [Server thread/INFO]: /kill: A Mojang provided command.
[19:03:06] [Server thread/INFO]: /list: A Mojang provided command.
[19:03:06] [Server thread/INFO]: /locate: A Mojang provided command.
[19:03:06] [Server thread/INFO]: /loot: A Mojang provided command.
[19:03:06] [Server thread/INFO]: /me: A Mojang provided command.
[19:03:06] [Server thread/INFO]: /minecraft:help: A Mojang provided command.
[19:03:06] [Server thread/INFO]: /minecraft:reload: A Mojang provided command.
[19:03:06] [Server thread/INFO]: /msg: A Mojang provided command.
[19:03:06] [Server thread/INFO]: /op: A Mojang provided command.
[19:03:06] [Server thread/INFO]: /paper: Paper related commands
[19:03:06] [Server thread/INFO]: /pardon: A Mojang provided command.
[19:03:06] [Server thread/INFO]: /pardon-ip: A Mojang provided command.
[19:03:06] [Server thread/INFO]: /particle: A Mojang provided command.
[19:03:06] [Server thread/INFO]: /ping: The main command for SpigotPing.
[19:03:06] [Server thread/INFO]: /pingreload: Reloads the plugin.
[19:03:06] [Server thread/INFO]: /playsound: A Mojang provided command.
[19:03:06] [Server thread/INFO]: /plugins: Gets a list of plugins running on the server
[19:03:06] [Server thread/INFO]: /publish: A Mojang provided command.
[19:03:06] [Server thread/INFO]: /recipe: A Mojang provided command.
[19:03:06] [Server thread/INFO]: /reload: Reloads the server configuration and plugins
[19:03:06] [Server thread/INFO]: /replaceitem: A Mojang provided command.
[19:03:06] [Server thread/INFO]: /restart: Restarts the server
[19:03:06] [Server thread/INFO]: /save-all: A Mojang provided command.
[19:03:06] [Server thread/INFO]: /save-off: A Mojang provided command.
[19:03:06] [Server thread/INFO]: /save-on: A Mojang provided command.
[19:03:06] [Server thread/INFO]: /say: A Mojang provided command.
[19:03:06] [Server thread/INFO]: /schedule: A Mojang provided command.
[19:03:06] [Server thread/INFO]: /scoreboard: A Mojang provided command.
[19:03:06] [Server thread/INFO]: /seed: A Mojang provided command.
[19:03:06] [Server thread/INFO]: /setblock: A Mojang provided command.
[19:03:06] [Server thread/INFO]: /setidletimeout: A Mojang provided command.
[19:03:06] [Server thread/INFO]: /setworldspawn: A Mojang provided command.
[19:03:06] [Server thread/INFO]: /spawnpoint: A Mojang provided command.
[19:03:06] [Server thread/INFO]: /spectate: A Mojang provided command.
[19:03:06] [Server thread/INFO]: /spigot: Spigot related commands
[19:03:06] [Server thread/INFO]: /spreadplayers: A Mojang provided command.
[19:03:06] [Server thread/INFO]: /stop: A Mojang provided command.
[19:03:06] [Server thread/INFO]: /stopsound: A Mojang provided command.
[19:03:06] [Server thread/INFO]: /summon: A Mojang provided command.
[19:03:06] [Server thread/INFO]: /tag: A Mojang provided command.
[19:03:06] [Server thread/INFO]: /team: A Mojang provided command.
[19:03:06] [Server thread/INFO]: /teammsg: A Mojang provided command.
[19:03:06] [Server thread/INFO]: /teleport: A Mojang provided command.
[19:03:06] [Server thread/INFO]: /tell: A Mojang provided command.
[19:03:06] [Server thread/INFO]: /tellraw: A Mojang provided command.
[19:03:06] [Server thread/INFO]: /time: A Mojang provided command.
[19:03:06] [Server thread/INFO]: /timings: Manages Spigot Timings data to see performance of the server.
[19:03:06] [Server thread/INFO]: /title: A Mojang provided command.
[19:03:06] [Server thread/INFO]: /tm: A Mojang provided command.
[19:03:06] [Server thread/INFO]: /tp: A Mojang provided command.
[19:03:06] [Server thread/INFO]: /tps: Gets the current ticks per second for the server
[19:03:06] [Server thread/INFO]: /trigger: A Mojang provided command.
[19:03:06] [Server thread/INFO]: /version: Gets the version of this server including any plugins in use
[19:03:06] [Server thread/INFO]: /w: A Mojang provided command.
[19:03:06] [Server thread/INFO]: /weather: A Mojang provided command.
[19:03:06] [Server thread/INFO]: /whitelist: A Mojang provided command.
[19:03:06] [Server thread/INFO]: /worldborder: A Mojang provided command.
[19:03:06] [Server thread/INFO]: /xp: A Mojang provided command.
[19:04:36] [Server thread/INFO]: com.mojang.authlib.GameProfile@b529029[id=<null>,name=Stehsaer,properties={},legacy=false] (/192.168.100.27:53794) lost connection: Disconnected
[19:04:46] [Server thread/INFO]: Stopping the server
[19:04:46] [Server thread/INFO]: Stopping server
[19:04:46] [Server thread/INFO]: [SpigotPing] Disabling SpigotPing v2.5
[19:04:46] [Server thread/INFO]: [SpigotPing] Cancelling tasks...
[19:04:46] [Server thread/INFO]: Saving players
[19:04:46] [Server thread/INFO]: Saving worlds
[19:04:46] [Server thread/INFO]: Saving chunks for level 'world'/minecraft:overworld
[19:04:48] [Server thread/INFO]: ThreadedAnvilChunkStorage (world): All chunks are saved
[19:04:48] [Server thread/INFO]: Saving chunks for level 'world_nether'/minecraft:the_nether
[19:04:49] [Server thread/INFO]: ThreadedAnvilChunkStorage (DIM-1): All chunks are saved
[19:04:49] [Server thread/INFO]: Saving chunks for level 'world_the_end'/minecraft:the_end
[19:04:50] [Server thread/INFO]: ThreadedAnvilChunkStorage (DIM1): All chunks are saved
[19:04:50] [Server thread/INFO]: ThreadedAnvilChunkStorage (world): All chunks are saved
[19:04:50] [Server thread/INFO]: ThreadedAnvilChunkStorage (DIM-1): All chunks are saved
[19:04:51] [Server thread/INFO]: ThreadedAnvilChunkStorage (DIM1): All chunks are saved
