[09:36:08] [Server thread/INFO]: Loading properties
[09:36:09] [Server thread/INFO]: This server is running Paper version git-Paper-98 (MC: 1.15.2) (Implementing API version 1.15.2-R0.1-SNAPSHOT)
[09:36:10] [Server thread/INFO]: Debug logging is disabled
[09:36:10] [Server thread/INFO]: Server Ping Player Sample Count: 12
[09:36:10] [Server thread/INFO]: Using 4 threads for Netty based IO
[09:36:11] [Server thread/INFO]: Default game type: SURVIVAL
[09:36:11] [Server thread/INFO]: Generating keypair
[09:36:12] [Server thread/INFO]: Starting Minecraft server on *:25565
[09:36:12] [Server thread/INFO]: Using default channel type
[09:36:23] [Server thread/WARN]: Initializing Legacy Material Support. Unless you have legacy plugins and/or data this is a bug!
[09:36:27] [Server thread/WARN]: Legacy plugin SpigotPing v2.5 does not specify an api-version.
[09:36:27] [Server thread/INFO]: [SpigotPing] Loading SpigotPing v2.5
[09:36:27] [Server thread/INFO]: Server permissions file permissions.yml is empty, ignoring it
[09:36:27] [Server thread/WARN]: **** SERVER IS RUNNING IN OFFLINE/INSECURE MODE!
[09:36:27] [Server thread/WARN]: The server will make no attempt to authenticate usernames. Beware.
[09:36:27] [Server thread/WARN]: While this makes the game possible to play without internet access, it also opens up the ability for hackers to connect with any username they choose.
[09:36:27] [Server thread/WARN]: To change this, set "online-mode" to "true" in the server.properties file.
[09:36:27] [Server thread/INFO]: Preparing level "3-player Survival"
[09:36:27] [Server thread/INFO]: Reloading ResourceManager: Default, bukkit
[09:36:28] [Server thread/INFO]: Loaded 6 recipes
[09:36:29] [Server thread/INFO]: -------- World Settings For [3-player Survival] --------
[09:36:29] [Server thread/INFO]: View Distance: 6
[09:36:29] [Server thread/INFO]: Zombie Aggressive Towards Villager: true
[09:36:29] [Server thread/INFO]: Allow Zombie Pigmen to spawn from portal blocks: true
[09:36:29] [Server thread/INFO]: Nerfing mobs spawned from spawners: false
[09:36:29] [Server thread/INFO]: Item Merge Radius: 2.5
[09:36:29] [Server thread/INFO]: Item Despawn Rate: 6000
[09:36:29] [Server thread/INFO]: Arrow Despawn Rate: 1200 Trident Respawn Rate:1200
[09:36:29] [Server thread/INFO]: Mob Spawn Range: 8
[09:36:29] [Server thread/INFO]: Cactus Growth Modifier: 100%
[09:36:29] [Server thread/INFO]: Cane Growth Modifier: 100%
[09:36:29] [Server thread/INFO]: Melon Growth Modifier: 100%
[09:36:29] [Server thread/INFO]: Mushroom Growth Modifier: 100%
[09:36:29] [Server thread/INFO]: Pumpkin Growth Modifier: 100%
[09:36:29] [Server thread/INFO]: Sapling Growth Modifier: 100%
[09:36:29] [Server thread/INFO]: Beetroot Growth Modifier: 100%
[09:36:29] [Server thread/INFO]: Carrot Growth Modifier: 100%
[09:36:29] [Server thread/INFO]: Potato Growth Modifier: 100%
[09:36:29] [Server thread/INFO]: Wheat Growth Modifier: 100%
[09:36:29] [Server thread/INFO]: NetherWart Growth Modifier: 100%
[09:36:29] [Server thread/INFO]: Vine Growth Modifier: 100%
[09:36:29] [Server thread/INFO]: Cocoa Growth Modifier: 100%
[09:36:29] [Server thread/INFO]: Bamboo Growth Modifier: 100%
[09:36:29] [Server thread/INFO]: SweetBerry Growth Modifier: 100%
[09:36:29] [Server thread/INFO]: Kelp Growth Modifier: 100%
[09:36:29] [Server thread/INFO]: Entity Activation Range: An 32 / Mo 32 / Ra 48 / Mi 16 / Tiv true
[09:36:29] [Server thread/INFO]: Experience Merge Radius: 3.0
[09:36:29] [Server thread/INFO]: Tile Max Tick Time: 50ms Entity max Tick Time: 50ms
[09:36:29] [Server thread/INFO]: Hopper Transfer: 8 Hopper Check: 1 Hopper Amount: 1
[09:36:29] [Server thread/INFO]: Entity Tracking Range: Pl 48 / An 48 / Mo 48 / Mi 32 / Other 64
[09:36:29] [Server thread/INFO]: Max TNT Explosions: 100
[09:36:29] [Server thread/INFO]: Custom Map Seeds:  Village: 10387312 Desert: 14357617 Igloo: 14357618 Jungle: 14357619 Swamp: 14357620 Monument: 10387313 Ocean: 14357621 Shipwreck: 165745295 Slime: 987234911
[09:36:29] [Server thread/INFO]: -------- World Settings For [3-player Survival_nether] --------
[09:36:29] [Server thread/INFO]: View Distance: 6
[09:36:29] [Server thread/INFO]: Zombie Aggressive Towards Villager: true
[09:36:29] [Server thread/INFO]: Allow Zombie Pigmen to spawn from portal blocks: true
[09:36:29] [Server thread/INFO]: Nerfing mobs spawned from spawners: false
[09:36:29] [Server thread/INFO]: Item Merge Radius: 2.5
[09:36:29] [Server thread/INFO]: Item Despawn Rate: 6000
[09:36:29] [Server thread/INFO]: Arrow Despawn Rate: 1200 Trident Respawn Rate:1200
[09:36:29] [Server thread/INFO]: Mob Spawn Range: 8
[09:36:29] [Server thread/INFO]: Cactus Growth Modifier: 100%
[09:36:29] [Server thread/INFO]: Cane Growth Modifier: 100%
[09:36:29] [Server thread/INFO]: Melon Growth Modifier: 100%
[09:36:29] [Server thread/INFO]: Mushroom Growth Modifier: 100%
[09:36:29] [Server thread/INFO]: Pumpkin Growth Modifier: 100%
[09:36:29] [Server thread/INFO]: Sapling Growth Modifier: 100%
[09:36:29] [Server thread/INFO]: Beetroot Growth Modifier: 100%
[09:36:29] [Server thread/INFO]: Carrot Growth Modifier: 100%
[09:36:29] [Server thread/INFO]: Potato Growth Modifier: 100%
[09:36:29] [Server thread/INFO]: Wheat Growth Modifier: 100%
[09:36:29] [Server thread/INFO]: NetherWart Growth Modifier: 100%
[09:36:29] [Server thread/INFO]: Vine Growth Modifier: 100%
[09:36:29] [Server thread/INFO]: Cocoa Growth Modifier: 100%
[09:36:29] [Server thread/INFO]: Bamboo Growth Modifier: 100%
[09:36:29] [Server thread/INFO]: SweetBerry Growth Modifier: 100%
[09:36:29] [Server thread/INFO]: Kelp Growth Modifier: 100%
[09:36:29] [Server thread/INFO]: Entity Activation Range: An 32 / Mo 32 / Ra 48 / Mi 16 / Tiv true
[09:36:29] [Server thread/INFO]: Experience Merge Radius: 3.0
[09:36:29] [Server thread/INFO]: Tile Max Tick Time: 50ms Entity max Tick Time: 50ms
[09:36:29] [Server thread/INFO]: Hopper Transfer: 8 Hopper Check: 1 Hopper Amount: 1
[09:36:29] [Server thread/INFO]: Entity Tracking Range: Pl 48 / An 48 / Mo 48 / Mi 32 / Other 64
[09:36:29] [Server thread/INFO]: Max TNT Explosions: 100
[09:36:29] [Server thread/INFO]: Custom Map Seeds:  Village: 10387312 Desert: 14357617 Igloo: 14357618 Jungle: 14357619 Swamp: 14357620 Monument: 10387313 Ocean: 14357621 Shipwreck: 165745295 Slime: 987234911
[09:36:30] [Server thread/INFO]: -------- World Settings For [3-player Survival_the_end] --------
[09:36:30] [Server thread/INFO]: View Distance: 6
[09:36:30] [Server thread/INFO]: Zombie Aggressive Towards Villager: true
[09:36:30] [Server thread/INFO]: Allow Zombie Pigmen to spawn from portal blocks: true
[09:36:30] [Server thread/INFO]: Nerfing mobs spawned from spawners: false
[09:36:30] [Server thread/INFO]: Item Merge Radius: 2.5
[09:36:30] [Server thread/INFO]: Item Despawn Rate: 6000
[09:36:30] [Server thread/INFO]: Arrow Despawn Rate: 1200 Trident Respawn Rate:1200
[09:36:30] [Server thread/INFO]: Mob Spawn Range: 8
[09:36:30] [Server thread/INFO]: Cactus Growth Modifier: 100%
[09:36:30] [Server thread/INFO]: Cane Growth Modifier: 100%
[09:36:30] [Server thread/INFO]: Melon Growth Modifier: 100%
[09:36:30] [Server thread/INFO]: Mushroom Growth Modifier: 100%
[09:36:30] [Server thread/INFO]: Pumpkin Growth Modifier: 100%
[09:36:30] [Server thread/INFO]: Sapling Growth Modifier: 100%
[09:36:30] [Server thread/INFO]: Beetroot Growth Modifier: 100%
[09:36:30] [Server thread/INFO]: Carrot Growth Modifier: 100%
[09:36:30] [Server thread/INFO]: Potato Growth Modifier: 100%
[09:36:30] [Server thread/INFO]: Wheat Growth Modifier: 100%
[09:36:30] [Server thread/INFO]: NetherWart Growth Modifier: 100%
[09:36:30] [Server thread/INFO]: Vine Growth Modifier: 100%
[09:36:30] [Server thread/INFO]: Cocoa Growth Modifier: 100%
[09:36:30] [Server thread/INFO]: Bamboo Growth Modifier: 100%
[09:36:30] [Server thread/INFO]: SweetBerry Growth Modifier: 100%
[09:36:30] [Server thread/INFO]: Kelp Growth Modifier: 100%
[09:36:30] [Server thread/INFO]: Entity Activation Range: An 32 / Mo 32 / Ra 48 / Mi 16 / Tiv true
[09:36:30] [Server thread/INFO]: Experience Merge Radius: 3.0
[09:36:30] [Server thread/INFO]: Tile Max Tick Time: 50ms Entity max Tick Time: 50ms
[09:36:30] [Server thread/INFO]: Hopper Transfer: 8 Hopper Check: 1 Hopper Amount: 1
[09:36:30] [Server thread/INFO]: Entity Tracking Range: Pl 48 / An 48 / Mo 48 / Mi 32 / Other 64
[09:36:30] [Server thread/INFO]: Max TNT Explosions: 100
[09:36:30] [Server thread/INFO]: Custom Map Seeds:  Village: 10387312 Desert: 14357617 Igloo: 14357618 Jungle: 14357619 Swamp: 14357620 Monument: 10387313 Ocean: 14357621 Shipwreck: 165745295 Slime: 987234911
[09:36:30] [Server thread/INFO]: Preparing start region for dimension '3-player Survival'/minecraft:overworld
[09:36:31] [Server thread/INFO]: Preparing spawn area: 0%
[09:36:31] [Server thread/INFO]: Preparing spawn area: 0%
[09:36:31] [Server thread/INFO]: Preparing spawn area: 0%
[09:36:31] [Server thread/INFO]: Preparing spawn area: 0%
[09:36:32] [Server thread/INFO]: Preparing spawn area: 11%
[09:36:32] [Server thread/INFO]: Preparing spawn area: 100%
[09:36:33] [Server thread/INFO]: Preparing spawn area: 100%
[09:36:33] [Server thread/INFO]: Loaded 169 spawn chunks for world 3-player Survival
[09:36:33] [Server thread/INFO]: Time elapsed: 3232 ms
[09:36:33] [Server thread/INFO]: Preparing start region for dimension '3-player Survival_nether'/minecraft:the_nether
[09:36:33] [Server thread/INFO]: Preparing spawn area: 0%
[09:36:33] [Server thread/INFO]: Preparing spawn area: 0%
[09:36:34] [Server-Worker-1/INFO]: Preparing spawn area: 100%
[09:36:34] [Server-Worker-1/INFO]: Preparing spawn area: 100%
[09:36:35] [Server-Worker-1/INFO]: Preparing spawn area: 100%
[09:36:35] [Server thread/INFO]: Preparing spawn area: 100%
[09:36:36] [Server thread/INFO]: Preparing spawn area: 100%
[09:36:36] [Server-Worker-1/INFO]: Preparing spawn area: 100%
[09:36:37] [Server thread/INFO]: Preparing spawn area: 100%
[09:36:37] [Server thread/INFO]: Loaded 169 spawn chunks for world 3-player Survival_nether
[09:36:37] [Server thread/INFO]: Time elapsed: 4367 ms
[09:36:37] [Server thread/INFO]: Preparing start region for dimension '3-player Survival_the_end'/minecraft:the_end
[09:36:37] [Server thread/INFO]: Preparing spawn area: 0%
[09:36:38] [Server-Worker-2/INFO]: Preparing spawn area: 100%
[09:36:38] [Server-Worker-1/INFO]: Preparing spawn area: 100%
[09:36:39] [Server thread/INFO]: Loaded 169 spawn chunks for world 3-player Survival_the_end
[09:36:39] [Server thread/INFO]: Time elapsed: 1316 ms
[09:36:39] [Server thread/INFO]: [SpigotPing] Enabling SpigotPing v2.5*
[09:36:39] [Server thread/INFO]: [SpigotPing] TabList is enabled, task added with a delay of 3 second/s.
[09:36:39] [Server thread/INFO]: Done (11.967s)! For help, type "help"
[09:36:39] [Server thread/INFO]: Timings Reset
[09:37:30] [User Authenticator #1/INFO]: UUID of player cwXiaoYu is baf8c5c5-45db-3353-b7b9-1fab32f4b0da
[09:37:31] [Server thread/INFO]: cwXiaoYu[/127.0.0.1:56644] logged in with entity id 222 at ([3-player Survival]-218.14878360092519, 8.0, -678.9831603176888)
[09:38:00] [Server thread/INFO]: [Server] you are in?
[09:38:09] [Server thread/INFO]: [Server] isn't it beautiful?
[09:38:32] [Server thread/INFO]: [Server] 你修一下刷怪塔
[09:39:20] [Server thread/INFO]: [Server] 我把家里弄得挺漂亮的，地下室正式不要了，随着时代的发展，地下室已经没有必要了，上上下下反而麻烦
[09:39:30] [Server thread/INFO]: There are 1 of a max 3 players online: cwXiaoYu
[09:40:26] [Server thread/INFO]: [Server] what are you doing
[09:40:36] [Async Chat Thread - #0/INFO]: <cwXiaoYu> at home
[09:41:07] [Server thread/INFO]: [Server] oh
[09:41:16] [Server thread/INFO]: [Server] is it beautiful
[09:41:29] [Server thread/INFO]: [Server] I spent some time building it
[09:41:38] [Server thread/INFO]: [Server] and it has a second floor
[09:42:03] [Async Chat Thread - #1/INFO]: <cwXiaoYu> 青金石哪去了
[09:43:08] [Server thread/WARN]: cwXiaoYu moved too quickly! -0.5281539999170519,0.0,-10.139790707541238
[09:43:57] [Server thread/INFO]: cwXiaoYu issued server command: /ping
[09:43:57] [Server thread/INFO]: [SpigotPing] Can not play a sound. The specified sound-type is not available in your server version, please ensure to read carefully the config file.
[09:46:31] [Server thread/INFO]: [Server] in the boxes
[09:46:40] [Server thread/INFO]: TPS from last 1m, 5m, 15m: *20.0, *20.0, *20.0
[09:46:53] [Server thread/INFO]: [Server] in the boxes at home
[09:47:08] [Server thread/INFO]: [Server] I've got a shiyun 1
[09:47:26] [Server thread/INFO]: [Server] maybe it's in the box or in my bag
[09:47:43] [Server thread/INFO]: cwXiaoYu was slain by Enderman
[09:47:51] [Server thread/INFO]: [Server] ??????
[09:47:54] [Server thread/INFO]: [Server] XD
[09:49:48] [Server thread/INFO]: Unknown command
[09:49:48] [Server thread/INFO]: /locate<--[HERE]
[09:49:55] [Server thread/INFO]: --------- Help: Index ---------------------------
[09:49:55] [Server thread/INFO]: Use /help [n] to get page n of help.
[09:49:55] [Server thread/INFO]: Aliases: Lists command aliases
[09:49:55] [Server thread/INFO]: Bukkit: All commands for Bukkit
[09:49:55] [Server thread/INFO]: Minecraft: All commands for Minecraft
[09:49:55] [Server thread/INFO]: SpigotPing: All commands for SpigotPing
[09:49:55] [Server thread/INFO]: /advancement: A Mojang provided command.
[09:49:55] [Server thread/INFO]: /ban: A Mojang provided command.
[09:49:55] [Server thread/INFO]: /ban-ip: A Mojang provided command.
[09:49:55] [Server thread/INFO]: /banlist: A Mojang provided command.
[09:49:55] [Server thread/INFO]: /bossbar: A Mojang provided command.
[09:49:55] [Server thread/INFO]: /clear: A Mojang provided command.
[09:49:55] [Server thread/INFO]: /clone: A Mojang provided command.
[09:49:55] [Server thread/INFO]: /data: A Mojang provided command.
[09:49:55] [Server thread/INFO]: /datapack: A Mojang provided command.
[09:49:55] [Server thread/INFO]: /debug: A Mojang provided command.
[09:49:55] [Server thread/INFO]: /defaultgamemode: A Mojang provided command.
[09:49:55] [Server thread/INFO]: /deop: A Mojang provided command.
[09:49:55] [Server thread/INFO]: /difficulty: A Mojang provided command.
[09:49:55] [Server thread/INFO]: /effect: A Mojang provided command.
[09:49:55] [Server thread/INFO]: /enchant: A Mojang provided command.
[09:49:55] [Server thread/INFO]: /execute: A Mojang provided command.
[09:49:55] [Server thread/INFO]: /experience: A Mojang provided command.
[09:49:55] [Server thread/INFO]: /fill: A Mojang provided command.
[09:49:55] [Server thread/INFO]: /forceload: A Mojang provided command.
[09:49:55] [Server thread/INFO]: /function: A Mojang provided command.
[09:49:55] [Server thread/INFO]: /gamemode: A Mojang provided command.
[09:49:55] [Server thread/INFO]: /gamerule: A Mojang provided command.
[09:49:55] [Server thread/INFO]: /give: A Mojang provided command.
[09:49:55] [Server thread/INFO]: /help: Shows the help menu
[09:49:55] [Server thread/INFO]: /kick: A Mojang provided command.
[09:49:55] [Server thread/INFO]: /kill: A Mojang provided command.
[09:49:55] [Server thread/INFO]: /list: A Mojang provided command.
[09:49:55] [Server thread/INFO]: /locate: A Mojang provided command.
[09:49:55] [Server thread/INFO]: /loot: A Mojang provided command.
[09:49:55] [Server thread/INFO]: /me: A Mojang provided command.
[09:49:55] [Server thread/INFO]: /minecraft:help: A Mojang provided command.
[09:49:55] [Server thread/INFO]: /minecraft:reload: A Mojang provided command.
[09:49:55] [Server thread/INFO]: /msg: A Mojang provided command.
[09:49:55] [Server thread/INFO]: /op: A Mojang provided command.
[09:49:55] [Server thread/INFO]: /paper: Paper related commands
[09:49:55] [Server thread/INFO]: /pardon: A Mojang provided command.
[09:49:55] [Server thread/INFO]: /pardon-ip: A Mojang provided command.
[09:49:55] [Server thread/INFO]: /particle: A Mojang provided command.
[09:49:55] [Server thread/INFO]: /ping: The main command for SpigotPing.
[09:49:55] [Server thread/INFO]: /pingreload: Reloads the plugin.
[09:49:55] [Server thread/INFO]: /playsound: A Mojang provided command.
[09:49:55] [Server thread/INFO]: /plugins: Gets a list of plugins running on the server
[09:49:55] [Server thread/INFO]: /publish: A Mojang provided command.
[09:49:55] [Server thread/INFO]: /recipe: A Mojang provided command.
[09:49:55] [Server thread/INFO]: /reload: Reloads the server configuration and plugins
[09:49:55] [Server thread/INFO]: /replaceitem: A Mojang provided command.
[09:49:55] [Server thread/INFO]: /restart: Restarts the server
[09:49:55] [Server thread/INFO]: /save-all: A Mojang provided command.
[09:49:55] [Server thread/INFO]: /save-off: A Mojang provided command.
[09:49:55] [Server thread/INFO]: /save-on: A Mojang provided command.
[09:49:55] [Server thread/INFO]: /say: A Mojang provided command.
[09:49:55] [Server thread/INFO]: /schedule: A Mojang provided command.
[09:49:55] [Server thread/INFO]: /scoreboard: A Mojang provided command.
[09:49:55] [Server thread/INFO]: /seed: A Mojang provided command.
[09:49:55] [Server thread/INFO]: /setblock: A Mojang provided command.
[09:49:55] [Server thread/INFO]: /setidletimeout: A Mojang provided command.
[09:49:55] [Server thread/INFO]: /setworldspawn: A Mojang provided command.
[09:49:55] [Server thread/INFO]: /spawnpoint: A Mojang provided command.
[09:49:55] [Server thread/INFO]: /spectate: A Mojang provided command.
[09:49:55] [Server thread/INFO]: /spigot: Spigot related commands
[09:49:55] [Server thread/INFO]: /spreadplayers: A Mojang provided command.
[09:49:55] [Server thread/INFO]: /stop: A Mojang provided command.
[09:49:55] [Server thread/INFO]: /stopsound: A Mojang provided command.
[09:49:55] [Server thread/INFO]: /summon: A Mojang provided command.
[09:49:55] [Server thread/INFO]: /tag: A Mojang provided command.
[09:49:55] [Server thread/INFO]: /team: A Mojang provided command.
[09:49:55] [Server thread/INFO]: /teammsg: A Mojang provided command.
[09:49:55] [Server thread/INFO]: /teleport: A Mojang provided command.
[09:49:55] [Server thread/INFO]: /tell: A Mojang provided command.
[09:49:55] [Server thread/INFO]: /tellraw: A Mojang provided command.
[09:49:55] [Server thread/INFO]: /time: A Mojang provided command.
[09:49:55] [Server thread/INFO]: /timings: Manages Spigot Timings data to see performance of the server.
[09:49:55] [Server thread/INFO]: /title: A Mojang provided command.
[09:49:55] [Server thread/INFO]: /tm: A Mojang provided command.
[09:49:55] [Server thread/INFO]: /tp: A Mojang provided command.
[09:49:55] [Server thread/INFO]: /tps: Gets the current ticks per second for the server
[09:49:55] [Server thread/INFO]: /trigger: A Mojang provided command.
[09:49:55] [Server thread/INFO]: /version: Gets the version of this server including any plugins in use
[09:49:55] [Server thread/INFO]: /w: A Mojang provided command.
[09:49:55] [Server thread/INFO]: /weather: A Mojang provided command.
[09:49:55] [Server thread/INFO]: /whitelist: A Mojang provided command.
[09:49:55] [Server thread/INFO]: /worldborder: A Mojang provided command.
[09:49:55] [Server thread/INFO]: /xp: A Mojang provided command.
[09:50:11] [Server thread/INFO]: Saving the game (this may take a moment!)
[09:50:12] [Server thread/INFO]: Saved the game
[09:50:28] [Server thread/INFO]: [Server] I'll play the commands
[09:50:36] [Server thread/INFO]: --------- Help: /title --------------------------
[09:50:36] [Server thread/INFO]: Description: A Mojang provided command.
[09:50:36] [Server thread/INFO]: Usage: title
[09:51:30] [Server thread/INFO]: cwXiaoYu lost connection: Disconnected
[09:51:30] [Server thread/INFO]: cwXiaoYu left the game
[09:52:42] [Server thread/INFO]: No player was found
[09:54:45] [Server thread/INFO]: Saving the game (this may take a moment!)
[09:54:46] [Server thread/INFO]: Saved the game
[09:54:48] [Server thread/INFO]: Stopping the server
[09:54:48] [Server thread/INFO]: Stopping server
[09:54:48] [Server thread/INFO]: [SpigotPing] Disabling SpigotPing v2.5
[09:54:48] [Server thread/INFO]: [SpigotPing] Cancelling tasks...
[09:54:48] [Server thread/INFO]: Saving players
[09:54:48] [Server thread/INFO]: Saving worlds
[09:54:48] [Server thread/INFO]: Saving chunks for level '3-player Survival'/minecraft:overworld
[09:54:48] [Server thread/INFO]: ThreadedAnvilChunkStorage (3-player Survival): All chunks are saved
[09:54:48] [Server thread/INFO]: Saving chunks for level '3-player Survival_nether'/minecraft:the_nether
[09:54:48] [Server thread/INFO]: ThreadedAnvilChunkStorage (DIM-1): All chunks are saved
[09:54:48] [Server thread/INFO]: Saving chunks for level '3-player Survival_the_end'/minecraft:the_end
[09:54:48] [Server thread/INFO]: ThreadedAnvilChunkStorage (DIM1): All chunks are saved
[09:54:48] [Server thread/INFO]: ThreadedAnvilChunkStorage (3-player Survival): All chunks are saved
[09:54:48] [Server thread/INFO]: ThreadedAnvilChunkStorage (DIM-1): All chunks are saved
[09:54:49] [Server thread/INFO]: ThreadedAnvilChunkStorage (DIM1): All chunks are saved
