[17:22:34] [Server thread/INFO]: Starting minecraft server version 1.15.2
[17:22:34] [Server thread/INFO]: Loading properties
[17:22:35] [Server thread/INFO]: This server is running Paper version git-Paper-98 (MC: 1.15.2) (Implementing API version 1.15.2-R0.1-SNAPSHOT)
[17:22:36] [Server thread/INFO]: Using 4 threads for Netty based IO
[17:22:36] [Server thread/INFO]: Debug logging is disabled
[17:22:36] [Server thread/INFO]: Server Ping Player Sample Count: 12
[17:22:37] [Server thread/INFO]: Default game type: SURVIVAL
[17:22:37] [Server thread/INFO]: Generating keypair
[17:22:37] [Server thread/INFO]: Starting Minecraft server on *:25565
[17:22:37] [Server thread/INFO]: Using default channel type
[17:22:45] [Server thread/WARN]: Initializing Legacy Material Support. Unless you have legacy plugins and/or data this is a bug!
[17:22:49] [Server thread/WARN]: Legacy plugin SpigotPing v2.5 does not specify an api-version.
[17:22:49] [Server thread/INFO]: [SpigotPing] Loading SpigotPing v2.5
[17:22:49] [Server thread/INFO]: Server permissions file permissions.yml is empty, ignoring it
[17:22:49] [Server thread/WARN]: **** SERVER IS RUNNING IN OFFLINE/INSECURE MODE!
[17:22:49] [Server thread/WARN]: The server will make no attempt to authenticate usernames. Beware.
[17:22:49] [Server thread/WARN]: While this makes the game possible to play without internet access, it also opens up the ability for hackers to connect with any username they choose.
[17:22:49] [Server thread/WARN]: To change this, set "online-mode" to "true" in the server.properties file.
[17:22:49] [Server thread/INFO]: Preparing level "3-player Survival"
[17:22:49] [Server thread/INFO]: Reloading ResourceManager: Default, bukkit
[17:22:50] [Server thread/INFO]: Loaded 6 recipes
[17:22:51] [Server thread/INFO]: -------- World Settings For [3-player Survival] --------
[17:22:51] [Server thread/INFO]: Nerfing mobs spawned from spawners: false
[17:22:51] [Server thread/INFO]: Item Merge Radius: 2.5
[17:22:51] [Server thread/INFO]: Item Despawn Rate: 6000
[17:22:51] [Server thread/INFO]: Arrow Despawn Rate: 1200 Trident Respawn Rate:1200
[17:22:51] [Server thread/INFO]: Allow Zombie Pigmen to spawn from portal blocks: true
[17:22:51] [Server thread/INFO]: Zombie Aggressive Towards Villager: true
[17:22:51] [Server thread/INFO]: Experience Merge Radius: 3.0
[17:22:51] [Server thread/INFO]: Mob Spawn Range: 8
[17:22:51] [Server thread/INFO]: Cactus Growth Modifier: 100%
[17:22:51] [Server thread/INFO]: Cane Growth Modifier: 100%
[17:22:51] [Server thread/INFO]: Melon Growth Modifier: 100%
[17:22:51] [Server thread/INFO]: Mushroom Growth Modifier: 100%
[17:22:51] [Server thread/INFO]: Pumpkin Growth Modifier: 100%
[17:22:51] [Server thread/INFO]: Sapling Growth Modifier: 100%
[17:22:51] [Server thread/INFO]: Beetroot Growth Modifier: 100%
[17:22:51] [Server thread/INFO]: Carrot Growth Modifier: 100%
[17:22:51] [Server thread/INFO]: Potato Growth Modifier: 100%
[17:22:51] [Server thread/INFO]: Wheat Growth Modifier: 100%
[17:22:51] [Server thread/INFO]: NetherWart Growth Modifier: 100%
[17:22:51] [Server thread/INFO]: Vine Growth Modifier: 100%
[17:22:51] [Server thread/INFO]: Cocoa Growth Modifier: 100%
[17:22:51] [Server thread/INFO]: Bamboo Growth Modifier: 100%
[17:22:51] [Server thread/INFO]: SweetBerry Growth Modifier: 100%
[17:22:51] [Server thread/INFO]: Kelp Growth Modifier: 100%
[17:22:51] [Server thread/INFO]: Entity Activation Range: An 32 / Mo 32 / Ra 48 / Mi 16 / Tiv true
[17:22:51] [Server thread/INFO]: Entity Tracking Range: Pl 48 / An 48 / Mo 48 / Mi 32 / Other 64
[17:22:51] [Server thread/INFO]: Custom Map Seeds:  Village: 10387312 Desert: 14357617 Igloo: 14357618 Jungle: 14357619 Swamp: 14357620 Monument: 10387313 Ocean: 14357621 Shipwreck: 165745295 Slime: 987234911
[17:22:51] [Server thread/INFO]: Hopper Transfer: 8 Hopper Check: 1 Hopper Amount: 1
[17:22:51] [Server thread/INFO]: Tile Max Tick Time: 50ms Entity max Tick Time: 50ms
[17:22:51] [Server thread/INFO]: Max TNT Explosions: 100
[17:22:51] [Server thread/INFO]: View Distance: 6
[17:22:51] [Server thread/INFO]: -------- World Settings For [3-player Survival_nether] --------
[17:22:51] [Server thread/INFO]: Nerfing mobs spawned from spawners: false
[17:22:51] [Server thread/INFO]: Item Merge Radius: 2.5
[17:22:51] [Server thread/INFO]: Item Despawn Rate: 6000
[17:22:51] [Server thread/INFO]: Arrow Despawn Rate: 1200 Trident Respawn Rate:1200
[17:22:51] [Server thread/INFO]: Allow Zombie Pigmen to spawn from portal blocks: true
[17:22:51] [Server thread/INFO]: Zombie Aggressive Towards Villager: true
[17:22:51] [Server thread/INFO]: Experience Merge Radius: 3.0
[17:22:51] [Server thread/INFO]: Mob Spawn Range: 8
[17:22:51] [Server thread/INFO]: Cactus Growth Modifier: 100%
[17:22:51] [Server thread/INFO]: Cane Growth Modifier: 100%
[17:22:51] [Server thread/INFO]: Melon Growth Modifier: 100%
[17:22:51] [Server thread/INFO]: Mushroom Growth Modifier: 100%
[17:22:51] [Server thread/INFO]: Pumpkin Growth Modifier: 100%
[17:22:51] [Server thread/INFO]: Sapling Growth Modifier: 100%
[17:22:51] [Server thread/INFO]: Beetroot Growth Modifier: 100%
[17:22:51] [Server thread/INFO]: Carrot Growth Modifier: 100%
[17:22:51] [Server thread/INFO]: Potato Growth Modifier: 100%
[17:22:51] [Server thread/INFO]: Wheat Growth Modifier: 100%
[17:22:51] [Server thread/INFO]: NetherWart Growth Modifier: 100%
[17:22:51] [Server thread/INFO]: Vine Growth Modifier: 100%
[17:22:51] [Server thread/INFO]: Cocoa Growth Modifier: 100%
[17:22:51] [Server thread/INFO]: Bamboo Growth Modifier: 100%
[17:22:51] [Server thread/INFO]: SweetBerry Growth Modifier: 100%
[17:22:51] [Server thread/INFO]: Kelp Growth Modifier: 100%
[17:22:51] [Server thread/INFO]: Entity Activation Range: An 32 / Mo 32 / Ra 48 / Mi 16 / Tiv true
[17:22:51] [Server thread/INFO]: Entity Tracking Range: Pl 48 / An 48 / Mo 48 / Mi 32 / Other 64
[17:22:51] [Server thread/INFO]: Custom Map Seeds:  Village: 10387312 Desert: 14357617 Igloo: 14357618 Jungle: 14357619 Swamp: 14357620 Monument: 10387313 Ocean: 14357621 Shipwreck: 165745295 Slime: 987234911
[17:22:51] [Server thread/INFO]: Hopper Transfer: 8 Hopper Check: 1 Hopper Amount: 1
[17:22:51] [Server thread/INFO]: Tile Max Tick Time: 50ms Entity max Tick Time: 50ms
[17:22:51] [Server thread/INFO]: Max TNT Explosions: 100
[17:22:51] [Server thread/INFO]: View Distance: 6
[17:22:52] [Server thread/INFO]: -------- World Settings For [3-player Survival_the_end] --------
[17:22:52] [Server thread/INFO]: Nerfing mobs spawned from spawners: false
[17:22:52] [Server thread/INFO]: Item Merge Radius: 2.5
[17:22:52] [Server thread/INFO]: Item Despawn Rate: 6000
[17:22:52] [Server thread/INFO]: Arrow Despawn Rate: 1200 Trident Respawn Rate:1200
[17:22:52] [Server thread/INFO]: Allow Zombie Pigmen to spawn from portal blocks: true
[17:22:52] [Server thread/INFO]: Zombie Aggressive Towards Villager: true
[17:22:52] [Server thread/INFO]: Experience Merge Radius: 3.0
[17:22:52] [Server thread/INFO]: Mob Spawn Range: 8
[17:22:52] [Server thread/INFO]: Cactus Growth Modifier: 100%
[17:22:52] [Server thread/INFO]: Cane Growth Modifier: 100%
[17:22:52] [Server thread/INFO]: Melon Growth Modifier: 100%
[17:22:52] [Server thread/INFO]: Mushroom Growth Modifier: 100%
[17:22:52] [Server thread/INFO]: Pumpkin Growth Modifier: 100%
[17:22:52] [Server thread/INFO]: Sapling Growth Modifier: 100%
[17:22:52] [Server thread/INFO]: Beetroot Growth Modifier: 100%
[17:22:52] [Server thread/INFO]: Carrot Growth Modifier: 100%
[17:22:52] [Server thread/INFO]: Potato Growth Modifier: 100%
[17:22:52] [Server thread/INFO]: Wheat Growth Modifier: 100%
[17:22:52] [Server thread/INFO]: NetherWart Growth Modifier: 100%
[17:22:52] [Server thread/INFO]: Vine Growth Modifier: 100%
[17:22:52] [Server thread/INFO]: Cocoa Growth Modifier: 100%
[17:22:52] [Server thread/INFO]: Bamboo Growth Modifier: 100%
[17:22:52] [Server thread/INFO]: SweetBerry Growth Modifier: 100%
[17:22:52] [Server thread/INFO]: Kelp Growth Modifier: 100%
[17:22:52] [Server thread/INFO]: Entity Activation Range: An 32 / Mo 32 / Ra 48 / Mi 16 / Tiv true
[17:22:52] [Server thread/INFO]: Entity Tracking Range: Pl 48 / An 48 / Mo 48 / Mi 32 / Other 64
[17:22:52] [Server thread/INFO]: Custom Map Seeds:  Village: 10387312 Desert: 14357617 Igloo: 14357618 Jungle: 14357619 Swamp: 14357620 Monument: 10387313 Ocean: 14357621 Shipwreck: 165745295 Slime: 987234911
[17:22:52] [Server thread/INFO]: Hopper Transfer: 8 Hopper Check: 1 Hopper Amount: 1
[17:22:52] [Server thread/INFO]: Tile Max Tick Time: 50ms Entity max Tick Time: 50ms
[17:22:52] [Server thread/INFO]: Max TNT Explosions: 100
[17:22:52] [Server thread/INFO]: View Distance: 6
[17:22:52] [Server thread/INFO]: Preparing start region for dimension '3-player Survival'/minecraft:overworld
[17:22:53] [Server thread/INFO]: Preparing spawn area: 0%
[17:22:53] [Server thread/INFO]: Preparing spawn area: 0%
[17:22:53] [Server thread/INFO]: Preparing spawn area: 0%
[17:22:53] [Server thread/INFO]: Preparing spawn area: 0%
[17:22:54] [Server thread/INFO]: Preparing spawn area: 92%
[17:22:54] [Server thread/INFO]: Preparing spawn area: 100%
[17:22:55] [Server thread/INFO]: Preparing spawn area: 100%
[17:22:55] [Server thread/INFO]: Loaded 169 spawn chunks for world 3-player Survival
[17:22:55] [Server thread/INFO]: Time elapsed: 3456 ms
[17:22:55] [Server thread/INFO]: Preparing start region for dimension '3-player Survival_nether'/minecraft:the_nether
[17:22:56] [Server thread/INFO]: Preparing spawn area: 0%
[17:22:56] [Server thread/INFO]: Preparing spawn area: 0%
[17:22:56] [Server thread/INFO]: Preparing spawn area: 100%
[17:22:57] [Server thread/INFO]: Preparing spawn area: 100%
[17:22:57] [Server-Worker-2/INFO]: Preparing spawn area: 100%
[17:22:58] [Server-Worker-2/INFO]: Preparing spawn area: 100%
[17:22:58] [Server-Worker-1/INFO]: Preparing spawn area: 100%
[17:22:59] [Server-Worker-2/INFO]: Preparing spawn area: 100%
[17:22:59] [Server thread/INFO]: Preparing spawn area: 100%
[17:22:59] [Server thread/INFO]: Loaded 169 spawn chunks for world 3-player Survival_nether
[17:22:59] [Server thread/INFO]: Time elapsed: 4112 ms
[17:22:59] [Server thread/INFO]: Preparing start region for dimension '3-player Survival_the_end'/minecraft:the_end
[17:22:59] [Server thread/INFO]: Preparing spawn area: 0%
[17:23:00] [Server thread/INFO]: Preparing spawn area: 100%
[17:23:00] [Server-Worker-2/INFO]: Preparing spawn area: 100%
[17:23:01] [Server-Worker-1/INFO]: Preparing spawn area: 100%
[17:23:01] [Server thread/INFO]: Loaded 169 spawn chunks for world 3-player Survival_the_end
[17:23:01] [Server thread/INFO]: Time elapsed: 1602 ms
[17:23:01] [Server thread/INFO]: [SpigotPing] Enabling SpigotPing v2.5*
[17:23:01] [Server thread/INFO]: [SpigotPing] TabList is enabled, task added with a delay of 3 second/s.
[17:23:01] [Server thread/INFO]: Done (12.317s)! For help, type "help"
[17:23:01] [Server thread/INFO]: Timings Reset
[17:23:08] [User Authenticator #1/INFO]: UUID of player Stehsaer is 4ee78221-99b3-33bb-8da3-72c49ff039eb
[17:23:09] [Server thread/INFO]: Stehsaer[/192.168.100.27:51263] logged in with entity id 201 at ([3-player Survival]-127.47607389794783, 71.5, -707.1737411925969)
[17:26:17] [Server thread/INFO]: Stehsaer lost connection: Disconnected
[17:26:17] [Server thread/INFO]: Stehsaer left the game
[17:27:40] [Server thread/WARN]: Can't keep up! Is the server overloaded? Running 5106ms or 102 ticks behind
[17:28:04] [User Authenticator #2/INFO]: UUID of player Stehsaer is 4ee78221-99b3-33bb-8da3-72c49ff039eb
[17:28:05] [Server thread/INFO]: Stehsaer[/192.168.100.27:51298] logged in with entity id 459 at ([3-player Survival]-110.64879915224675, 63.0, -647.7926230381174)
[17:28:16] [Server thread/WARN]: Can't keep up! Is the server overloaded? Running 5080ms or 101 ticks behind
[17:33:54] [User Authenticator #3/INFO]: UUID of player cwXiaoYu is baf8c5c5-45db-3353-b7b9-1fab32f4b0da
[17:33:54] [Server thread/INFO]: cwXiaoYu[/127.0.0.1:51314] logged in with entity id 924 at ([3-player Survival]-105.31446426708716, 63.0, -633.092318928024)
[17:34:21] [Async Chat Thread - #0/INFO]: <Stehsaer> 我开景深居然还更加快
[17:40:45] [Async Chat Thread - #1/INFO]: <Stehsaer> what are you doing
[17:42:33] [Async Chat Thread - #2/INFO]: <cwXiaoYu> what this
[17:42:52] [Async Chat Thread - #2/INFO]: <Stehsaer> ???
[17:43:07] [Async Chat Thread - #2/INFO]: <Stehsaer> what
[17:43:13] [Async Chat Thread - #2/INFO]: <cwXiaoYu> come to me
[17:43:16] [Async Chat Thread - #2/INFO]: <Stehsaer> wehrea re you
[17:43:36] [Async Chat Thread - #2/INFO]: <cwXiaoYu> the top of shuagaita
[17:44:10] [Async Chat Thread - #2/INFO]: <Stehsaer> 本来想建造红石，用水把他们冲下去
[17:44:21] [Async Chat Thread - #2/INFO]: <Stehsaer> 但是失败
[17:45:36] [Async Chat Thread - #3/INFO]: <cwXiaoYu> oh
[17:45:52] [Async Chat Thread - #3/INFO]: <cwXiaoYu> try to fix it
[17:46:11] [Async Chat Thread - #3/INFO]: <Stehsaer> no, it is just not so possible
[17:46:42] [Async Chat Thread - #3/INFO]: <cwXiaoYu> wait
[17:47:01] [Async Chat Thread - #3/INFO]: <cwXiaoYu> look the direction of water
[17:48:16] [Async Chat Thread - #4/INFO]: <Stehsaer> I go eat dinner
[17:48:35] [Async Chat Thread - #4/INFO]: <Stehsaer> CU
[17:48:50] [Server thread/INFO]: Stehsaer lost connection: Disconnected
[17:48:50] [Server thread/INFO]: Stehsaer left the game
[17:54:48] [Server thread/INFO]: cwXiaoYu fell from a high place
[17:55:07] [Server thread/INFO]: cwXiaoYu lost connection: Disconnected
[17:55:07] [Server thread/INFO]: cwXiaoYu left the game
[18:14:35] [Server thread/INFO]: Saving the game (this may take a moment!)
[18:14:35] [Server thread/INFO]: Saved the game
[18:14:36] [Server thread/INFO]: Stopping the server
[18:14:37] [Server thread/INFO]: Stopping server
[18:14:37] [Server thread/INFO]: [SpigotPing] Disabling SpigotPing v2.5
[18:14:37] [Server thread/INFO]: [SpigotPing] Cancelling tasks...
[18:14:37] [Server thread/INFO]: Saving players
[18:14:37] [Server thread/INFO]: Saving worlds
[18:14:37] [Server thread/INFO]: Saving chunks for level '3-player Survival'/minecraft:overworld
[18:14:37] [Server thread/INFO]: ThreadedAnvilChunkStorage (3-player Survival): All chunks are saved
[18:14:37] [Server thread/INFO]: Saving chunks for level '3-player Survival_nether'/minecraft:the_nether
[18:14:37] [Server thread/INFO]: ThreadedAnvilChunkStorage (DIM-1): All chunks are saved
[18:14:37] [Server thread/INFO]: Saving chunks for level '3-player Survival_the_end'/minecraft:the_end
[18:14:37] [Server thread/INFO]: ThreadedAnvilChunkStorage (DIM1): All chunks are saved
[18:14:37] [Server thread/INFO]: ThreadedAnvilChunkStorage (3-player Survival): All chunks are saved
[18:14:37] [Server thread/INFO]: ThreadedAnvilChunkStorage (DIM-1): All chunks are saved
[18:14:37] [Server thread/INFO]: ThreadedAnvilChunkStorage (DIM1): All chunks are saved
