[11:46:04] [Server thread/INFO]: Starting minecraft server version 1.15.2
[11:46:04] [Server thread/INFO]: Loading properties
[11:46:05] [Server thread/INFO]: This server is running Paper version git-Paper-98 (MC: 1.15.2) (Implementing API version 1.15.2-R0.1-SNAPSHOT)
[11:46:06] [Server thread/INFO]: Debug logging is disabled
[11:46:06] [Server thread/INFO]: Server Ping Player Sample Count: 12
[11:46:06] [Server thread/INFO]: Using 4 threads for Netty based IO
[11:46:06] [Server thread/INFO]: Default game type: SURVIVAL
[11:46:06] [Server thread/INFO]: Generating keypair
[11:46:07] [Server thread/INFO]: Starting Minecraft server on *:25565
[11:46:07] [Server thread/INFO]: Using default channel type
[11:46:16] [Server thread/WARN]: Initializing Legacy Material Support. Unless you have legacy plugins and/or data this is a bug!
[11:46:24] [Server thread/WARN]: Legacy plugin SpigotPing v2.5 does not specify an api-version.
[11:46:24] [Server thread/INFO]: [SpigotPing] Loading SpigotPing v2.5
[11:46:24] [Server thread/INFO]: Server permissions file permissions.yml is empty, ignoring it
[11:46:24] [Server thread/WARN]: **** SERVER IS RUNNING IN OFFLINE/INSECURE MODE!
[11:46:24] [Server thread/WARN]: The server will make no attempt to authenticate usernames. Beware.
[11:46:24] [Server thread/WARN]: While this makes the game possible to play without internet access, it also opens up the ability for hackers to connect with any username they choose.
[11:46:24] [Server thread/WARN]: To change this, set "online-mode" to "true" in the server.properties file.
[11:46:24] [Server thread/INFO]: Preparing level "3-player Survival"
[11:46:25] [Server thread/INFO]: Reloading ResourceManager: Default, bukkit
[11:46:30] [Server thread/INFO]: Loaded 6 recipes
[11:46:31] [Server thread/INFO]: -------- World Settings For [3-player Survival] --------
[11:46:31] [Server thread/INFO]: View Distance: 6
[11:46:31] [Server thread/INFO]: Zombie Aggressive Towards Villager: true
[11:46:31] [Server thread/INFO]: Item Merge Radius: 2.5
[11:46:31] [Server thread/INFO]: Arrow Despawn Rate: 1200 Trident Respawn Rate:1200
[11:46:31] [Server thread/INFO]: Item Despawn Rate: 6000
[11:46:31] [Server thread/INFO]: Allow Zombie Pigmen to spawn from portal blocks: true
[11:46:31] [Server thread/INFO]: Experience Merge Radius: 3.0
[11:46:31] [Server thread/INFO]: Mob Spawn Range: 8
[11:46:31] [Server thread/INFO]: Entity Activation Range: An 32 / Mo 32 / Ra 48 / Mi 16 / Tiv true
[11:46:31] [Server thread/INFO]: Cactus Growth Modifier: 100%
[11:46:31] [Server thread/INFO]: Cane Growth Modifier: 100%
[11:46:31] [Server thread/INFO]: Melon Growth Modifier: 100%
[11:46:31] [Server thread/INFO]: Mushroom Growth Modifier: 100%
[11:46:31] [Server thread/INFO]: Pumpkin Growth Modifier: 100%
[11:46:31] [Server thread/INFO]: Sapling Growth Modifier: 100%
[11:46:31] [Server thread/INFO]: Beetroot Growth Modifier: 100%
[11:46:31] [Server thread/INFO]: Carrot Growth Modifier: 100%
[11:46:31] [Server thread/INFO]: Potato Growth Modifier: 100%
[11:46:31] [Server thread/INFO]: Wheat Growth Modifier: 100%
[11:46:31] [Server thread/INFO]: NetherWart Growth Modifier: 100%
[11:46:31] [Server thread/INFO]: Vine Growth Modifier: 100%
[11:46:31] [Server thread/INFO]: Cocoa Growth Modifier: 100%
[11:46:31] [Server thread/INFO]: Bamboo Growth Modifier: 100%
[11:46:31] [Server thread/INFO]: SweetBerry Growth Modifier: 100%
[11:46:31] [Server thread/INFO]: Kelp Growth Modifier: 100%
[11:46:31] [Server thread/INFO]: Custom Map Seeds:  Village: 10387312 Desert: 14357617 Igloo: 14357618 Jungle: 14357619 Swamp: 14357620 Monument: 10387313 Ocean: 14357621 Shipwreck: 165745295 Slime: 987234911
[11:46:31] [Server thread/INFO]: Hopper Transfer: 8 Hopper Check: 1 Hopper Amount: 1
[11:46:31] [Server thread/INFO]: Entity Tracking Range: Pl 48 / An 48 / Mo 48 / Mi 32 / Other 64
[11:46:31] [Server thread/INFO]: Max TNT Explosions: 100
[11:46:31] [Server thread/INFO]: Tile Max Tick Time: 50ms Entity max Tick Time: 50ms
[11:46:31] [Server thread/INFO]: Nerfing mobs spawned from spawners: false
[11:46:32] [Server thread/INFO]: -------- World Settings For [3-player Survival_nether] --------
[11:46:32] [Server thread/INFO]: View Distance: 6
[11:46:32] [Server thread/INFO]: Zombie Aggressive Towards Villager: true
[11:46:32] [Server thread/INFO]: Item Merge Radius: 2.5
[11:46:32] [Server thread/INFO]: Arrow Despawn Rate: 1200 Trident Respawn Rate:1200
[11:46:32] [Server thread/INFO]: Item Despawn Rate: 6000
[11:46:32] [Server thread/INFO]: Allow Zombie Pigmen to spawn from portal blocks: true
[11:46:32] [Server thread/INFO]: Experience Merge Radius: 3.0
[11:46:32] [Server thread/INFO]: Mob Spawn Range: 8
[11:46:32] [Server thread/INFO]: Entity Activation Range: An 32 / Mo 32 / Ra 48 / Mi 16 / Tiv true
[11:46:32] [Server thread/INFO]: Cactus Growth Modifier: 100%
[11:46:32] [Server thread/INFO]: Cane Growth Modifier: 100%
[11:46:32] [Server thread/INFO]: Melon Growth Modifier: 100%
[11:46:32] [Server thread/INFO]: Mushroom Growth Modifier: 100%
[11:46:32] [Server thread/INFO]: Pumpkin Growth Modifier: 100%
[11:46:32] [Server thread/INFO]: Sapling Growth Modifier: 100%
[11:46:32] [Server thread/INFO]: Beetroot Growth Modifier: 100%
[11:46:32] [Server thread/INFO]: Carrot Growth Modifier: 100%
[11:46:32] [Server thread/INFO]: Potato Growth Modifier: 100%
[11:46:32] [Server thread/INFO]: Wheat Growth Modifier: 100%
[11:46:32] [Server thread/INFO]: NetherWart Growth Modifier: 100%
[11:46:32] [Server thread/INFO]: Vine Growth Modifier: 100%
[11:46:32] [Server thread/INFO]: Cocoa Growth Modifier: 100%
[11:46:32] [Server thread/INFO]: Bamboo Growth Modifier: 100%
[11:46:32] [Server thread/INFO]: SweetBerry Growth Modifier: 100%
[11:46:32] [Server thread/INFO]: Kelp Growth Modifier: 100%
[11:46:32] [Server thread/INFO]: Custom Map Seeds:  Village: 10387312 Desert: 14357617 Igloo: 14357618 Jungle: 14357619 Swamp: 14357620 Monument: 10387313 Ocean: 14357621 Shipwreck: 165745295 Slime: 987234911
[11:46:32] [Server thread/INFO]: Hopper Transfer: 8 Hopper Check: 1 Hopper Amount: 1
[11:46:32] [Server thread/INFO]: Entity Tracking Range: Pl 48 / An 48 / Mo 48 / Mi 32 / Other 64
[11:46:32] [Server thread/INFO]: Max TNT Explosions: 100
[11:46:32] [Server thread/INFO]: Tile Max Tick Time: 50ms Entity max Tick Time: 50ms
[11:46:32] [Server thread/INFO]: Nerfing mobs spawned from spawners: false
[11:46:32] [Server thread/INFO]: -------- World Settings For [3-player Survival_the_end] --------
[11:46:32] [Server thread/INFO]: View Distance: 6
[11:46:32] [Server thread/INFO]: Zombie Aggressive Towards Villager: true
[11:46:32] [Server thread/INFO]: Item Merge Radius: 2.5
[11:46:32] [Server thread/INFO]: Arrow Despawn Rate: 1200 Trident Respawn Rate:1200
[11:46:32] [Server thread/INFO]: Item Despawn Rate: 6000
[11:46:32] [Server thread/INFO]: Allow Zombie Pigmen to spawn from portal blocks: true
[11:46:32] [Server thread/INFO]: Experience Merge Radius: 3.0
[11:46:32] [Server thread/INFO]: Mob Spawn Range: 8
[11:46:32] [Server thread/INFO]: Entity Activation Range: An 32 / Mo 32 / Ra 48 / Mi 16 / Tiv true
[11:46:32] [Server thread/INFO]: Cactus Growth Modifier: 100%
[11:46:32] [Server thread/INFO]: Cane Growth Modifier: 100%
[11:46:32] [Server thread/INFO]: Melon Growth Modifier: 100%
[11:46:32] [Server thread/INFO]: Mushroom Growth Modifier: 100%
[11:46:32] [Server thread/INFO]: Pumpkin Growth Modifier: 100%
[11:46:32] [Server thread/INFO]: Sapling Growth Modifier: 100%
[11:46:32] [Server thread/INFO]: Beetroot Growth Modifier: 100%
[11:46:32] [Server thread/INFO]: Carrot Growth Modifier: 100%
[11:46:32] [Server thread/INFO]: Potato Growth Modifier: 100%
[11:46:32] [Server thread/INFO]: Wheat Growth Modifier: 100%
[11:46:32] [Server thread/INFO]: NetherWart Growth Modifier: 100%
[11:46:32] [Server thread/INFO]: Vine Growth Modifier: 100%
[11:46:32] [Server thread/INFO]: Cocoa Growth Modifier: 100%
[11:46:32] [Server thread/INFO]: Bamboo Growth Modifier: 100%
[11:46:32] [Server thread/INFO]: SweetBerry Growth Modifier: 100%
[11:46:32] [Server thread/INFO]: Kelp Growth Modifier: 100%
[11:46:32] [Server thread/INFO]: Custom Map Seeds:  Village: 10387312 Desert: 14357617 Igloo: 14357618 Jungle: 14357619 Swamp: 14357620 Monument: 10387313 Ocean: 14357621 Shipwreck: 165745295 Slime: 987234911
[11:46:32] [Server thread/INFO]: Hopper Transfer: 8 Hopper Check: 1 Hopper Amount: 1
[11:46:32] [Server thread/INFO]: Entity Tracking Range: Pl 48 / An 48 / Mo 48 / Mi 32 / Other 64
[11:46:32] [Server thread/INFO]: Max TNT Explosions: 100
[11:46:32] [Server thread/INFO]: Tile Max Tick Time: 50ms Entity max Tick Time: 50ms
[11:46:32] [Server thread/INFO]: Nerfing mobs spawned from spawners: false
[11:46:32] [Server thread/INFO]: Preparing start region for dimension '3-player Survival'/minecraft:overworld
[11:46:36] [Server thread/INFO]: Preparing spawn area: 0%
[11:46:36] [Server thread/INFO]: Preparing spawn area: 0%
[11:46:36] [Server thread/INFO]: Preparing spawn area: 0%
[11:46:36] [Server thread/INFO]: Preparing spawn area: 0%
[11:46:36] [Server thread/INFO]: Preparing spawn area: 0%
[11:46:36] [Server thread/INFO]: Preparing spawn area: 0%
[11:46:36] [Server thread/INFO]: Preparing spawn area: 0%
[11:46:36] [Server thread/INFO]: Preparing spawn area: 0%
[11:46:37] [Server thread/INFO]: Preparing spawn area: 0%
[11:46:37] [Server thread/INFO]: Preparing spawn area: 0%
[11:46:37] [Server thread/INFO]: Preparing spawn area: 0%
[11:46:38] [Server thread/INFO]: Preparing spawn area: 0%
[11:46:38] [Server thread/INFO]: Preparing spawn area: 1%
[11:46:39] [Server thread/INFO]: Preparing spawn area: 8%
[11:46:39] [Server thread/INFO]: Preparing spawn area: 8%
[11:46:41] [Server thread/INFO]: Preparing spawn area: 13%
[11:46:41] [Server thread/INFO]: Preparing spawn area: 13%
[11:46:41] [Server thread/INFO]: Preparing spawn area: 14%
[11:46:41] [Server thread/INFO]: Preparing spawn area: 19%
[11:46:42] [Server thread/INFO]: Preparing spawn area: 27%
[11:46:42] [Server thread/INFO]: Preparing spawn area: 30%
[11:46:43] [Server thread/INFO]: Preparing spawn area: 70%
[11:46:43] [Server thread/INFO]: Preparing spawn area: 100%
[11:46:44] [Server thread/INFO]: Preparing spawn area: 100%
[11:46:44] [Server thread/INFO]: Preparing spawn area: 100%
[11:46:45] [Server thread/INFO]: Preparing spawn area: 100%
[11:46:45] [Server thread/INFO]: Preparing spawn area: 100%
[11:46:46] [Server thread/INFO]: Preparing spawn area: 100%
[11:46:46] [Server thread/INFO]: Preparing spawn area: 100%
[11:46:47] [Server-Worker-2/INFO]: Preparing spawn area: 100%
[11:46:47] [Server thread/INFO]: Loaded 169 spawn chunks for world 3-player Survival
[11:46:47] [Server thread/INFO]: Time elapsed: 14958 ms
[11:46:47] [Server thread/INFO]: Preparing start region for dimension '3-player Survival_nether'/minecraft:the_nether
[11:46:48] [Server thread/INFO]: Preparing spawn area: 0%
[11:46:48] [Server thread/INFO]: Preparing spawn area: 0%
[11:46:48] [Server-Worker-1/INFO]: Preparing spawn area: 0%
[11:46:49] [Server thread/INFO]: Preparing spawn area: 31%
[11:46:49] [Server thread/INFO]: Preparing spawn area: 40%
[11:46:50] [Server thread/INFO]: Preparing spawn area: 55%
[11:46:51] [Server thread/INFO]: Preparing spawn area: 56%
[11:46:51] [Server thread/INFO]: Preparing spawn area: 57%
[11:46:51] [Server-Worker-2/INFO]: Preparing spawn area: 100%
[11:46:52] [Server-Worker-1/INFO]: Preparing spawn area: 100%
[11:46:52] [Server thread/INFO]: Preparing spawn area: 100%
[11:46:53] [Server-Worker-1/INFO]: Preparing spawn area: 100%
[11:46:53] [Server-Worker-1/INFO]: Preparing spawn area: 100%
[11:46:54] [Server-Worker-2/INFO]: Preparing spawn area: 100%
[11:46:54] [Server-Worker-2/INFO]: Preparing spawn area: 100%
[11:46:55] [Server-Worker-1/INFO]: Preparing spawn area: 100%
[11:46:55] [Server-Worker-2/INFO]: Preparing spawn area: 100%
[11:46:55] [Server thread/INFO]: Loaded 169 spawn chunks for world 3-player Survival_nether
[11:46:55] [Server thread/INFO]: Time elapsed: 8275 ms
[11:46:55] [Server thread/INFO]: Preparing start region for dimension '3-player Survival_the_end'/minecraft:the_end
[11:46:56] [Server thread/INFO]: Preparing spawn area: 0%
[11:46:56] [Server thread/INFO]: Preparing spawn area: 100%
[11:46:56] [Server-Worker-2/INFO]: Preparing spawn area: 100%
[11:46:57] [Server thread/INFO]: Loaded 169 spawn chunks for world 3-player Survival_the_end
[11:46:57] [Server thread/INFO]: Time elapsed: 1405 ms
[11:46:57] [Server thread/INFO]: [SpigotPing] Enabling SpigotPing v2.5*
[11:46:57] [Server thread/INFO]: [SpigotPing] TabList is enabled, task added with a delay of 5 second/s.
[11:46:57] [Server thread/INFO]: Done (32.917s)! For help, type "help"
[11:46:57] [Server thread/INFO]: Timings Reset
[11:48:51] [User Authenticator #1/INFO]: UUID of player Stehsaer is 4ee78221-99b3-33bb-8da3-72c49ff039eb
[11:48:54] [Server thread/INFO]: Stehsaer[/192.168.100.27:59096] logged in with entity id 161 at ([3-player Survival]-107.52950125626268, 63.5625, -628.3000000119209)
[11:48:58] [Server thread/WARN]: Can't keep up! Is the server overloaded? Running 5119ms or 102 ticks behind
[11:49:12] [User Authenticator #1/INFO]: UUID of player WANGYU20200214 is 4b5eda16-1e2a-35e4-8310-43dedfa9874c
[11:49:13] [Server thread/INFO]: WANGYU20200214[/127.0.0.1:59111] logged in with entity id 175 at ([3-player Survival]-105.43737874236082, 63.5625, -629.164897475308)
[11:49:41] [Server thread/INFO]: WANGYU20200214 lost connection: Disconnected
[11:49:42] [Server thread/INFO]: WANGYU20200214 left the game
[11:49:42] [Server thread/WARN]: Can't keep up! Is the server overloaded? Running 14176ms or 283 ticks behind
[11:50:55] [Server thread/WARN]: Can't keep up! Is the server overloaded? Running 9212ms or 184 ticks behind
[11:52:34] [Server thread/INFO]: Stehsaer issued server command: /locate Fortress
[11:54:29] [Server thread/INFO]: Stehsaer issued server command: /kill
[11:54:29] [Server thread/INFO]: Stehsaer didn't want to live in the same world as Ghast
[11:54:29] [Server thread/INFO]: [Stehsaer: Killed Stehsaer]
[12:00:37] [Server thread/INFO]: Stehsaer issued server command: /kill
[12:00:37] [Server thread/INFO]: Stehsaer fell out of the world
[12:00:37] [Server thread/INFO]: [Stehsaer: Killed Stehsaer]
[12:06:41] [Server thread/INFO]: Stehsaer issued server command: /locate Desert_Pyramid
[12:07:51] [Server thread/INFO]: Stehsaer issued server command: /locate Desert_Pyramid
[12:08:57] [Server thread/INFO]: Stehsaer issued server command: /locate Desert_Pyramid
[12:11:15] [Server thread/INFO]: Stehsaer issued server command: /locate Desert_Pyramid
[12:11:49] [Server thread/INFO]: Stehsaer issued server command: /locate Desert_Pyramid
[12:25:24] [Server thread/INFO]: Stehsaer lost connection: Disconnected
[12:25:24] [Server thread/INFO]: Stehsaer left the game
[13:08:54] [User Authenticator #2/INFO]: UUID of player Stehsaer is 4ee78221-99b3-33bb-8da3-72c49ff039eb
[13:08:55] [Server thread/INFO]: Stehsaer[/192.168.100.27:59509] logged in with entity id 4013 at ([3-player Survival]-107.3050599190188, 63.0, -630.9877925736118)
[13:43:28] [Server thread/INFO]: Stehsaer issued server command: /locate Village
[13:46:12] [Server thread/INFO]: Stehsaer issued server command: /kill
[13:46:12] [Server thread/INFO]: Stehsaer fell out of the world
[13:46:12] [Server thread/INFO]: [Stehsaer: Killed Stehsaer]
[13:46:32] [Server thread/INFO]: Stehsaer lost connection: Disconnected
[13:46:32] [Server thread/INFO]: Stehsaer left the game
[14:19:06] [User Authenticator #3/INFO]: UUID of player Stehsaer is 4ee78221-99b3-33bb-8da3-72c49ff039eb
[14:19:07] [Server thread/INFO]: Stehsaer[/192.168.100.27:60119] logged in with entity id 10354 at ([3-player Survival]-106.07704265261617, 63.0, -630.5697033882246)
[14:19:09] [Server thread/INFO]: Stehsaer lost connection: Disconnected
[14:19:09] [Server thread/INFO]: Stehsaer left the game
[14:19:14] [User Authenticator #3/INFO]: UUID of player Stehsaer is 4ee78221-99b3-33bb-8da3-72c49ff039eb
[14:19:14] [Server thread/INFO]: Stehsaer[/192.168.100.27:60122] logged in with entity id 10363 at ([3-player Survival]-106.07704265261617, 63.0, -630.5697033882246)
[14:26:23] [Server thread/INFO]: Stehsaer lost connection: Disconnected
[14:26:23] [Server thread/INFO]: Stehsaer left the game
[14:33:31] [Server thread/WARN]: Can't keep up! Is the server overloaded? Running 5191ms or 103 ticks behind
[14:36:03] [User Authenticator #4/INFO]: UUID of player Stehsaer is 4ee78221-99b3-33bb-8da3-72c49ff039eb
[14:36:04] [Server thread/INFO]: Stehsaer[/192.168.100.27:60340] logged in with entity id 10942 at ([3-player Survival]-107.6161046832015, 63.0, -631.084419008069)
[14:37:21] [User Authenticator #5/INFO]: UUID of player WANGYU20200214 is 4b5eda16-1e2a-35e4-8310-43dedfa9874c
[14:37:21] [Server thread/INFO]: WANGYU20200214[/127.0.0.1:60347] logged in with entity id 11033 at ([3-player Survival]-111.7534355556578, 62.9375, -633.8314375389477)
[14:42:12] [Server thread/INFO]: WANGYU20200214 has made the advancement [A Terrible Fortress]
[14:42:32] [Server thread/INFO]: Stehsaer has made the advancement [A Terrible Fortress]
[14:43:01] [Server thread/INFO]: Stehsaer has made the advancement [Into Fire]
[14:44:58] [Server thread/INFO]: Stehsaer was fireballed by Blaze
[14:45:07] [Server thread/INFO]: Stehsaer issued server command: /tp Stehsaer WANGYU20200214
[14:45:07] [Server thread/INFO]: [Stehsaer: Teleported Stehsaer to WANGYU20200214]
[14:45:40] [Server thread/INFO]: Stehsaer lost connection: Disconnected
[14:45:40] [Server thread/INFO]: Stehsaer left the game
[14:45:45] [Server thread/INFO]: WANGYU20200214 lost connection: Disconnected
[14:45:45] [Server thread/INFO]: WANGYU20200214 left the game
[14:46:43] [User Authenticator #6/INFO]: UUID of player Stehsaer is 4ee78221-99b3-33bb-8da3-72c49ff039eb
[14:46:43] [Server thread/INFO]: Stehsaer[/192.168.100.27:60508] logged in with entity id 11994 at ([3-player Survival_nether]-341.5145011627884, 71.0, 224.9489882525945)
[14:46:52] [User Authenticator #6/INFO]: UUID of player WANGYU20200214 is 4b5eda16-1e2a-35e4-8310-43dedfa9874c
[14:46:53] [Server thread/INFO]: WANGYU20200214[/127.0.0.1:60510] logged in with entity id 12074 at ([3-player Survival_nether]-339.03533822448367, 70.0, 221.0719747608952)
[14:52:50] [Server thread/INFO]: Stehsaer issued server command: /kill @a
[14:52:50] [Server thread/INFO]: Stehsaer fell out of the world
[14:52:50] [Server thread/INFO]: WANGYU20200214 fell out of the world
[14:52:50] [Server thread/INFO]: [Stehsaer: Killed 2 entities]
[14:53:17] [Server thread/INFO]: Stehsaer lost connection: Disconnected
[14:53:17] [Server thread/INFO]: Stehsaer left the game
[14:53:48] [Server thread/INFO]: Villager EntityVillager['Mason'/1794, uuid='d25fbc3e-a89f-40af-93a0-b5296b587b0c', l='3-player Survival', x=-175.76, y=71.00, z=-744.83, cx=-11, cz=-47, tl=7633, v=true, d=false] died, message: 'Mason was slain by Zombie'
[15:00:21] [Server thread/INFO]: WANGYU20200214 fell from a high place
[15:04:23] [Server thread/INFO]: WANGYU20200214 lost connection: Disconnected
[15:04:23] [Server thread/INFO]: WANGYU20200214 left the game
[15:05:28] [User Authenticator #7/INFO]: UUID of player Stehsaer is 4ee78221-99b3-33bb-8da3-72c49ff039eb
[15:05:29] [Server thread/INFO]: Stehsaer[/192.168.100.27:60705] logged in with entity id 14151 at ([3-player Survival]-107.95018993486498, 63.0, -631.0826707985244)
[15:06:02] [User Authenticator #7/INFO]: UUID of player WANGYU20200214 is 4b5eda16-1e2a-35e4-8310-43dedfa9874c
[15:06:02] [Server thread/INFO]: WANGYU20200214[/127.0.0.1:60714] logged in with entity id 14204 at ([3-player Survival]-126.35809089798147, 63.0, -652.5673759982028)
[15:11:28] [Server thread/INFO]: Stehsaer lost connection: Disconnected
[15:11:28] [Server thread/INFO]: Stehsaer left the game
[15:14:41] [User Authenticator #8/INFO]: UUID of player Stehsaer is 4ee78221-99b3-33bb-8da3-72c49ff039eb
[15:14:41] [Server thread/INFO]: Stehsaer[/192.168.100.27:60857] logged in with entity id 15093 at ([3-player Survival]-126.59986981455995, 63.0, -652.3542069883661)
[15:15:31] [Server thread/INFO]: Villager EntityVillager['Villager'/1801, uuid='2618c72e-7ea0-46f2-989e-47b6699c897e', l='3-player Survival', x=-157.24, y=71.00, z=-740.99, cx=-10, cz=-47, tl=13171, v=true, d=false] died, message: 'Villager was slain by Zombie'
[15:17:20] [Server thread/INFO]: Stehsaer lost connection: Disconnected
[15:17:20] [Server thread/INFO]: Stehsaer left the game
[15:17:27] [User Authenticator #9/INFO]: UUID of player Stehsaer is 4ee78221-99b3-33bb-8da3-72c49ff039eb
[15:17:27] [Server thread/INFO]: Stehsaer[/192.168.100.27:60883] logged in with entity id 15395 at ([3-player Survival]-144.12225883572506, 72.0, -659.4939903980709)
[15:22:20] [Server thread/INFO]: Stehsaer lost connection: Kicked by an operator
[15:22:20] [Server thread/INFO]: Stehsaer left the game
[15:22:20] [Server thread/INFO]: Kicked Stehsaer: Kicked by an operator
[15:22:20] [Server thread/WARN]: handleDisconnection() called twice
[15:22:43] [User Authenticator #10/INFO]: UUID of player Stehsaer is 4ee78221-99b3-33bb-8da3-72c49ff039eb
[15:22:43] [Server thread/INFO]: Stehsaer[/192.168.100.27:60923] logged in with entity id 15924 at ([3-player Survival]-108.24120712853467, 58.0, -630.1334191821221)
[15:32:54] [Server thread/INFO]: Stehsaer issued server command: /locate Mansion
[15:38:13] [Server thread/INFO]: WANGYU20200214 has made the advancement [Voluntary Exile]
[15:40:41] [Server thread/INFO]: Stehsaer issued server command: /tp Stehsaer WANGYU20200214
[15:40:41] [Server thread/INFO]: [Stehsaer: Teleported Stehsaer to WANGYU20200214]
[15:41:43] [Server thread/INFO]: Stehsaer was shot by Pillager
[15:41:48] [Server thread/INFO]: WANGYU20200214 fell from a high place
[15:51:18] [Server thread/INFO]: Stehsaer has made the advancement [Voluntary Exile]
[15:54:27] [Server thread/INFO]: WANGYU20200214 was shot by Pillager
[15:55:11] [Server thread/INFO]: Stehsaer issued server command: /tp WANGYU20200214 Stehsaer
[15:55:11] [Server thread/INFO]: [Stehsaer: Teleported WANGYU20200214 to Stehsaer]
[15:56:53] [Server thread/INFO]: WANGYU20200214 burned to death
[15:57:04] [Server thread/INFO]: Stehsaer issued server command: /tp WANGYU20200214 Stehsaer
[15:57:04] [Server thread/INFO]: [Stehsaer: Teleported WANGYU20200214 to Stehsaer]
[15:57:35] [Server thread/WARN]: Can't keep up! Is the server overloaded? Running 5054ms or 101 ticks behind
[15:58:20] [Server thread/INFO]: Stehsaer issued server command: /kill
[15:58:20] [Server thread/INFO]: Stehsaer didn't want to live in the same world as Pillager
[15:58:20] [Server thread/INFO]: [Stehsaer: Killed Stehsaer]
[15:58:26] [Server thread/WARN]: Can't keep up! Is the server overloaded? Running 21622ms or 432 ticks behind
[15:58:29] [Server thread/INFO]: WANGYU20200214 was shot by Pillager
[15:58:56] [Server thread/INFO]: Stehsaer issued server command: /kill
[15:58:56] [Server thread/INFO]: Stehsaer fell out of the world
[15:58:56] [Server thread/INFO]: [Stehsaer: Killed Stehsaer]
[16:00:42] [Server thread/INFO]: WANGYU20200214 tried to swim in lava
[16:01:42] [Server thread/INFO]: WANGYU20200214 has made the advancement [Hot Stuff]
[16:05:54] [Server thread/INFO]: WANGYU20200214 was shot by Pillager
[16:06:26] [Server thread/INFO]: Stehsaer issued server command: /tp WANGYU20200214 Stehsaer
[16:06:26] [Server thread/INFO]: [Stehsaer: Teleported WANGYU20200214 to Stehsaer]
[16:10:40] [Server thread/WARN]: Can't keep up! Is the server overloaded? Running 5007ms or 100 ticks behind
[16:11:05] [Server thread/INFO]: WANGYU20200214 was shot by Pillager
[16:11:22] [Server thread/INFO]: Stehsaer issued server command: /tp WANGYU20200214 Stehsaer
[16:11:22] [Server thread/INFO]: [Stehsaer: Teleported WANGYU20200214 to Stehsaer]
[16:11:30] [Server thread/INFO]: Stehsaer issued server command: /kill
[16:11:30] [Server thread/INFO]: Stehsaer didn't want to live in the same world as Pillager
[16:11:30] [Server thread/INFO]: [Stehsaer: Killed Stehsaer]
[16:12:31] [Server thread/INFO]: Stehsaer issued server command: /tp Stehsaer WANGYU20200214
[16:12:31] [Server thread/INFO]: [Stehsaer: Teleported Stehsaer to WANGYU20200214]
[16:12:32] [Server thread/INFO]: WANGYU20200214 was shot by Pillager
[16:13:34] [Server thread/INFO]: Stehsaer was shot by Pillager
[16:16:15] [Server thread/INFO]: WANGYU20200214 was shot by Pillager
[16:17:39] [Server thread/INFO]: Villager EntityVillager['Villager'/1795, uuid='72a801d3-7c1a-47fa-ae39-6decb232f6d9', l='3-player Survival', x=-202.48, y=76.00, z=-739.52, cx=-13, cz=-47, tl=14038, v=true, d=false] died, message: 'Villager was slain by Zombie'
[16:17:43] [Server thread/INFO]: WANGYU20200214 was blown up by Creeper
[16:27:03] [Server thread/INFO]: WANGYU20200214 was shot by Pillager
[16:30:25] [Server thread/INFO]: WANGYU20200214 fell from a high place
[16:33:48] [Server thread/INFO]: WANGYU20200214 lost connection: Disconnected
[16:33:48] [Server thread/INFO]: WANGYU20200214 left the game
[16:39:52] [Server thread/INFO]: Stehsaer lost connection: Disconnected
[16:39:52] [Server thread/INFO]: Stehsaer left the game
[16:39:59] [Server thread/INFO]: Saving the game (this may take a moment!)
[16:39:59] [Server thread/INFO]: Saved the game
[16:46:06] [Server thread/INFO]: Stopping the server
[16:46:06] [Server thread/INFO]: Stopping server
[16:46:06] [Server thread/INFO]: [SpigotPing] Disabling SpigotPing v2.5
[16:46:06] [Server thread/INFO]: [SpigotPing] Cancelling tasks...
[16:46:07] [Server thread/INFO]: Saving players
[16:46:07] [Server thread/INFO]: Saving worlds
[16:46:07] [Server thread/INFO]: Saving chunks for level '3-player Survival'/minecraft:overworld
[16:46:07] [Server thread/INFO]: ThreadedAnvilChunkStorage (3-player Survival): All chunks are saved
[16:46:07] [Server thread/INFO]: Saving chunks for level '3-player Survival_nether'/minecraft:the_nether
[16:46:07] [Server thread/INFO]: ThreadedAnvilChunkStorage (DIM-1): All chunks are saved
[16:46:07] [Server thread/INFO]: Saving chunks for level '3-player Survival_the_end'/minecraft:the_end
[16:46:07] [Server thread/INFO]: ThreadedAnvilChunkStorage (DIM1): All chunks are saved
[16:46:07] [Server thread/INFO]: ThreadedAnvilChunkStorage (3-player Survival): All chunks are saved
[16:46:09] [Server thread/INFO]: ThreadedAnvilChunkStorage (DIM-1): All chunks are saved
[16:46:09] [Server thread/INFO]: ThreadedAnvilChunkStorage (DIM1): All chunks are saved
