[11:40:26] [Server thread/INFO]: Loading properties
[11:40:27] [Server thread/INFO]: This server is running Paper version git-Paper-98 (MC: 1.15.2) (Implementing API version 1.15.2-R0.1-SNAPSHOT)
[11:40:27] [Server thread/INFO]: Debug logging is disabled
[11:40:27] [Server thread/INFO]: Server Ping Player Sample Count: 12
[11:40:27] [Server thread/INFO]: Using 4 threads for Netty based IO
[11:40:28] [Server thread/INFO]: Default game type: SURVIVAL
[11:40:28] [Server thread/INFO]: Generating keypair
[11:40:28] [Server thread/INFO]: Starting Minecraft server on *:25565
[11:40:28] [Server thread/INFO]: Using default channel type
[11:40:34] [Server thread/WARN]: Initializing Legacy Material Support. Unless you have legacy plugins and/or data this is a bug!
[11:40:40] [Server thread/WARN]: Legacy plugin SpigotPing v2.5 does not specify an api-version.
[11:40:40] [Server thread/INFO]: [SpigotPing] Loading SpigotPing v2.5
[11:40:40] [Server thread/INFO]: Server permissions file permissions.yml is empty, ignoring it
[11:40:40] [Server thread/WARN]: **** SERVER IS RUNNING IN OFFLINE/INSECURE MODE!
[11:40:40] [Server thread/WARN]: The server will make no attempt to authenticate usernames. Beware.
[11:40:40] [Server thread/WARN]: While this makes the game possible to play without internet access, it also opens up the ability for hackers to connect with any username they choose.
[11:40:40] [Server thread/WARN]: To change this, set "online-mode" to "true" in the server.properties file.
[11:40:40] [Server thread/INFO]: Preparing level "3-player Survival"
[11:40:40] [Server thread/INFO]: Reloading ResourceManager: Default, bukkit
[11:40:41] [Server thread/INFO]: Loaded 6 recipes
[11:40:42] [Server thread/INFO]: -------- World Settings For [3-player Survival] --------
[11:40:42] [Server thread/INFO]: View Distance: 6
[11:40:42] [Server thread/INFO]: Nerfing mobs spawned from spawners: false
[11:40:42] [Server thread/INFO]: Arrow Despawn Rate: 1200 Trident Respawn Rate:1200
[11:40:42] [Server thread/INFO]: Item Merge Radius: 2.5
[11:40:42] [Server thread/INFO]: Item Despawn Rate: 6000
[11:40:42] [Server thread/INFO]: Allow Zombie Pigmen to spawn from portal blocks: true
[11:40:42] [Server thread/INFO]: Mob Spawn Range: 8
[11:40:42] [Server thread/INFO]: Experience Merge Radius: 3.0
[11:40:42] [Server thread/INFO]: Cactus Growth Modifier: 100%
[11:40:42] [Server thread/INFO]: Cane Growth Modifier: 100%
[11:40:42] [Server thread/INFO]: Melon Growth Modifier: 100%
[11:40:42] [Server thread/INFO]: Mushroom Growth Modifier: 100%
[11:40:42] [Server thread/INFO]: Pumpkin Growth Modifier: 100%
[11:40:42] [Server thread/INFO]: Sapling Growth Modifier: 100%
[11:40:42] [Server thread/INFO]: Beetroot Growth Modifier: 100%
[11:40:42] [Server thread/INFO]: Carrot Growth Modifier: 100%
[11:40:42] [Server thread/INFO]: Potato Growth Modifier: 100%
[11:40:42] [Server thread/INFO]: Wheat Growth Modifier: 100%
[11:40:42] [Server thread/INFO]: NetherWart Growth Modifier: 100%
[11:40:42] [Server thread/INFO]: Vine Growth Modifier: 100%
[11:40:42] [Server thread/INFO]: Cocoa Growth Modifier: 100%
[11:40:42] [Server thread/INFO]: Bamboo Growth Modifier: 100%
[11:40:42] [Server thread/INFO]: SweetBerry Growth Modifier: 100%
[11:40:42] [Server thread/INFO]: Kelp Growth Modifier: 100%
[11:40:42] [Server thread/INFO]: Hopper Transfer: 8 Hopper Check: 1 Hopper Amount: 1
[11:40:42] [Server thread/INFO]: Entity Tracking Range: Pl 48 / An 48 / Mo 48 / Mi 32 / Other 64
[11:40:42] [Server thread/INFO]: Max TNT Explosions: 100
[11:40:42] [Server thread/INFO]: Tile Max Tick Time: 50ms Entity max Tick Time: 50ms
[11:40:42] [Server thread/INFO]: Custom Map Seeds:  Village: 10387312 Desert: 14357617 Igloo: 14357618 Jungle: 14357619 Swamp: 14357620 Monument: 10387313 Ocean: 14357621 Shipwreck: 165745295 Slime: 987234911
[11:40:42] [Server thread/INFO]: Entity Activation Range: An 32 / Mo 32 / Ra 48 / Mi 16 / Tiv true
[11:40:42] [Server thread/INFO]: Zombie Aggressive Towards Villager: true
[11:40:42] [Server thread/INFO]: -------- World Settings For [3-player Survival_nether] --------
[11:40:42] [Server thread/INFO]: View Distance: 6
[11:40:42] [Server thread/INFO]: Nerfing mobs spawned from spawners: false
[11:40:42] [Server thread/INFO]: Arrow Despawn Rate: 1200 Trident Respawn Rate:1200
[11:40:42] [Server thread/INFO]: Item Merge Radius: 2.5
[11:40:42] [Server thread/INFO]: Item Despawn Rate: 6000
[11:40:42] [Server thread/INFO]: Allow Zombie Pigmen to spawn from portal blocks: true
[11:40:42] [Server thread/INFO]: Mob Spawn Range: 8
[11:40:42] [Server thread/INFO]: Experience Merge Radius: 3.0
[11:40:42] [Server thread/INFO]: Cactus Growth Modifier: 100%
[11:40:42] [Server thread/INFO]: Cane Growth Modifier: 100%
[11:40:42] [Server thread/INFO]: Melon Growth Modifier: 100%
[11:40:42] [Server thread/INFO]: Mushroom Growth Modifier: 100%
[11:40:42] [Server thread/INFO]: Pumpkin Growth Modifier: 100%
[11:40:42] [Server thread/INFO]: Sapling Growth Modifier: 100%
[11:40:42] [Server thread/INFO]: Beetroot Growth Modifier: 100%
[11:40:42] [Server thread/INFO]: Carrot Growth Modifier: 100%
[11:40:42] [Server thread/INFO]: Potato Growth Modifier: 100%
[11:40:42] [Server thread/INFO]: Wheat Growth Modifier: 100%
[11:40:42] [Server thread/INFO]: NetherWart Growth Modifier: 100%
[11:40:42] [Server thread/INFO]: Vine Growth Modifier: 100%
[11:40:42] [Server thread/INFO]: Cocoa Growth Modifier: 100%
[11:40:42] [Server thread/INFO]: Bamboo Growth Modifier: 100%
[11:40:42] [Server thread/INFO]: SweetBerry Growth Modifier: 100%
[11:40:42] [Server thread/INFO]: Kelp Growth Modifier: 100%
[11:40:42] [Server thread/INFO]: Hopper Transfer: 8 Hopper Check: 1 Hopper Amount: 1
[11:40:42] [Server thread/INFO]: Entity Tracking Range: Pl 48 / An 48 / Mo 48 / Mi 32 / Other 64
[11:40:42] [Server thread/INFO]: Max TNT Explosions: 100
[11:40:42] [Server thread/INFO]: Tile Max Tick Time: 50ms Entity max Tick Time: 50ms
[11:40:42] [Server thread/INFO]: Custom Map Seeds:  Village: 10387312 Desert: 14357617 Igloo: 14357618 Jungle: 14357619 Swamp: 14357620 Monument: 10387313 Ocean: 14357621 Shipwreck: 165745295 Slime: 987234911
[11:40:42] [Server thread/INFO]: Entity Activation Range: An 32 / Mo 32 / Ra 48 / Mi 16 / Tiv true
[11:40:42] [Server thread/INFO]: Zombie Aggressive Towards Villager: true
[11:40:42] [Server thread/INFO]: -------- World Settings For [3-player Survival_the_end] --------
[11:40:42] [Server thread/INFO]: View Distance: 6
[11:40:42] [Server thread/INFO]: Nerfing mobs spawned from spawners: false
[11:40:42] [Server thread/INFO]: Arrow Despawn Rate: 1200 Trident Respawn Rate:1200
[11:40:42] [Server thread/INFO]: Item Merge Radius: 2.5
[11:40:42] [Server thread/INFO]: Item Despawn Rate: 6000
[11:40:42] [Server thread/INFO]: Allow Zombie Pigmen to spawn from portal blocks: true
[11:40:42] [Server thread/INFO]: Mob Spawn Range: 8
[11:40:42] [Server thread/INFO]: Experience Merge Radius: 3.0
[11:40:42] [Server thread/INFO]: Cactus Growth Modifier: 100%
[11:40:42] [Server thread/INFO]: Cane Growth Modifier: 100%
[11:40:42] [Server thread/INFO]: Melon Growth Modifier: 100%
[11:40:42] [Server thread/INFO]: Mushroom Growth Modifier: 100%
[11:40:42] [Server thread/INFO]: Pumpkin Growth Modifier: 100%
[11:40:42] [Server thread/INFO]: Sapling Growth Modifier: 100%
[11:40:42] [Server thread/INFO]: Beetroot Growth Modifier: 100%
[11:40:42] [Server thread/INFO]: Carrot Growth Modifier: 100%
[11:40:42] [Server thread/INFO]: Potato Growth Modifier: 100%
[11:40:42] [Server thread/INFO]: Wheat Growth Modifier: 100%
[11:40:42] [Server thread/INFO]: NetherWart Growth Modifier: 100%
[11:40:42] [Server thread/INFO]: Vine Growth Modifier: 100%
[11:40:42] [Server thread/INFO]: Cocoa Growth Modifier: 100%
[11:40:42] [Server thread/INFO]: Bamboo Growth Modifier: 100%
[11:40:42] [Server thread/INFO]: SweetBerry Growth Modifier: 100%
[11:40:42] [Server thread/INFO]: Kelp Growth Modifier: 100%
[11:40:42] [Server thread/INFO]: Hopper Transfer: 8 Hopper Check: 1 Hopper Amount: 1
[11:40:42] [Server thread/INFO]: Entity Tracking Range: Pl 48 / An 48 / Mo 48 / Mi 32 / Other 64
[11:40:42] [Server thread/INFO]: Max TNT Explosions: 100
[11:40:42] [Server thread/INFO]: Tile Max Tick Time: 50ms Entity max Tick Time: 50ms
[11:40:42] [Server thread/INFO]: Custom Map Seeds:  Village: 10387312 Desert: 14357617 Igloo: 14357618 Jungle: 14357619 Swamp: 14357620 Monument: 10387313 Ocean: 14357621 Shipwreck: 165745295 Slime: 987234911
[11:40:42] [Server thread/INFO]: Entity Activation Range: An 32 / Mo 32 / Ra 48 / Mi 16 / Tiv true
[11:40:42] [Server thread/INFO]: Zombie Aggressive Towards Villager: true
[11:40:42] [Server thread/INFO]: Preparing start region for dimension '3-player Survival'/minecraft:overworld
[11:40:44] [Server thread/INFO]: Preparing spawn area: 0%
[11:40:44] [Server thread/INFO]: Preparing spawn area: 0%
[11:40:44] [Server thread/INFO]: Preparing spawn area: 0%
[11:40:44] [Server thread/INFO]: Preparing spawn area: 1%
[11:40:45] [Server thread/INFO]: Preparing spawn area: 5%
[11:40:45] [Server thread/INFO]: Preparing spawn area: 54%
[11:40:45] [Server thread/INFO]: Preparing spawn area: 100%
[11:40:46] [Server thread/INFO]: Preparing spawn area: 100%
[11:40:46] [Server thread/INFO]: Loaded 169 spawn chunks for world 3-player Survival
[11:40:46] [Server thread/INFO]: Time elapsed: 3548 ms
[11:40:46] [Server thread/INFO]: Preparing start region for dimension '3-player Survival_nether'/minecraft:the_nether
[11:40:46] [Server thread/INFO]: Preparing spawn area: 0%
[11:40:47] [Server thread/INFO]: Preparing spawn area: 36%
[11:40:47] [Server-Worker-1/INFO]: Preparing spawn area: 100%
[11:40:48] [Server-Worker-1/INFO]: Preparing spawn area: 100%
[11:40:48] [Server-Worker-1/INFO]: Preparing spawn area: 100%
[11:40:49] [Server-Worker-2/INFO]: Preparing spawn area: 100%
[11:40:49] [Server-Worker-2/INFO]: Preparing spawn area: 100%
[11:40:49] [Server thread/INFO]: Loaded 169 spawn chunks for world 3-player Survival_nether
[11:40:49] [Server thread/INFO]: Time elapsed: 3442 ms
[11:40:49] [Server thread/INFO]: Preparing start region for dimension '3-player Survival_the_end'/minecraft:the_end
[11:40:50] [Server thread/INFO]: Preparing spawn area: 0%
[11:40:50] [Server thread/INFO]: Preparing spawn area: 100%
[11:40:50] [Server-Worker-1/INFO]: Preparing spawn area: 100%
[11:40:51] [Server thread/INFO]: Loaded 169 spawn chunks for world 3-player Survival_the_end
[11:40:51] [Server thread/INFO]: Time elapsed: 1200 ms
[11:40:51] [Server thread/INFO]: [SpigotPing] Enabling SpigotPing v2.5*
[11:40:51] [Server thread/INFO]: [SpigotPing] TabList is enabled, task added with a delay of 3 second/s.
[11:40:51] [Server thread/INFO]: Done (11.123s)! For help, type "help"
[11:40:51] [Server thread/INFO]: Timings Reset
[11:47:34] [User Authenticator #1/INFO]: UUID of player Stehsaer is 4ee78221-99b3-33bb-8da3-72c49ff039eb
[11:47:36] [Server thread/INFO]: Stehsaer[/192.168.100.27:57670] logged in with entity id 203 at ([3-player Survival]-105.58356571000633, 63.5625, -628.8085032105146)
[11:47:44] [Server thread/WARN]: Can't keep up! Is the server overloaded? Running 5008ms or 100 ticks behind
[11:49:38] [User Authenticator #2/INFO]: UUID of player WANGYU20200214 is 4b5eda16-1e2a-35e4-8310-43dedfa9874c
[11:49:39] [Server thread/INFO]: WANGYU20200214[/127.0.0.1:57704] logged in with entity id 346 at ([3-player Survival]-107.40455564789191, 63.5625, -629.1621301277712)
[11:51:20] [Server thread/WARN]: Can't keep up! Is the server overloaded? Running 7625ms or 152 ticks behind
[11:51:30] [Server thread/INFO]: WANGYU20200214 issued server command: /ping
[11:51:30] [Server thread/INFO]: [SpigotPing] Can not play a sound. The specified sound-type is not available in your server version, please ensure to read carefully the config file.
[11:58:24] [Server thread/INFO]: Stehsaer issued server command: /difficulty normal
[11:58:24] [Server thread/INFO]: [Stehsaer: The difficulty has been set to Normal]
[11:58:36] [Server thread/INFO]: Stehsaer issued server command: /difficulty easy
[11:58:36] [Server thread/INFO]: [Stehsaer: The difficulty has been set to Easy]
[12:13:23] [Server thread/INFO]: Stehsaer lost connection: Disconnected
[12:13:23] [Server thread/INFO]: Stehsaer left the game
[12:14:36] [User Authenticator #3/INFO]: UUID of player Stehsaer is 4ee78221-99b3-33bb-8da3-72c49ff039eb
[12:14:36] [Server thread/INFO]: Stehsaer[/192.168.100.27:57938] logged in with entity id 2672 at ([3-player Survival]-120.0377342852676, 62.9375, -651.8830717764267)
[12:23:07] [Server thread/INFO]: WANGYU20200214 fell from a high place
[12:26:19] [Server thread/INFO]: Stehsaer has completed the challenge [Return to Sender]
[12:26:52] [Server thread/INFO]: WANGYU20200214 fell from a high place
[12:28:33] [Server thread/INFO]: Stehsaer issued server command: /kill
[12:28:33] [Server thread/INFO]: Stehsaer fell out of the world
[12:28:33] [Server thread/INFO]: [Stehsaer: Killed Stehsaer]
[12:29:14] [Server thread/INFO]: WANGYU20200214 fell from a high place
[12:31:08] [Server thread/INFO]: WANGYU20200214 fell from a high place
[12:31:30] [Server thread/INFO]: Stehsaer lost connection: Disconnected
[12:31:30] [Server thread/INFO]: Stehsaer left the game
[12:32:43] [User Authenticator #4/INFO]: UUID of player Stehsaer is 4ee78221-99b3-33bb-8da3-72c49ff039eb
[12:32:43] [Server thread/INFO]: Stehsaer[/192.168.100.27:57998] logged in with entity id 4926 at ([3-player Survival]-144.81440911488295, 72.0, -628.0499880900055)
[12:33:05] [Server thread/INFO]: WANGYU20200214 fell from a high place
[12:33:55] [Server thread/INFO]: Stehsaer lost connection: Disconnected
[12:33:55] [Server thread/INFO]: Stehsaer left the game
[12:34:32] [User Authenticator #5/INFO]: UUID of player Stehsaer is 4ee78221-99b3-33bb-8da3-72c49ff039eb
[12:34:33] [Server thread/INFO]: Stehsaer[/192.168.100.27:58011] logged in with entity id 5121 at ([3-player Survival]-144.2160968992032, 71.0, -629.6797572435221)
[12:35:24] [Server thread/INFO]: Stehsaer lost connection: Disconnected
[12:35:24] [Server thread/INFO]: Stehsaer left the game
[12:36:03] [User Authenticator #6/INFO]: UUID of player Stehsaer is 4ee78221-99b3-33bb-8da3-72c49ff039eb
[12:36:03] [Server thread/INFO]: Stehsaer[/192.168.100.27:58030] logged in with entity id 5286 at ([3-player Survival]-141.77779344221952, 71.0, -631.1332393239541)
[12:36:47] [Server thread/INFO]: Stehsaer lost connection: Disconnected
[12:36:47] [Server thread/INFO]: Stehsaer left the game
[12:43:12] [Server thread/INFO]: WANGYU20200214 fell from a high place
[12:46:29] [Server thread/INFO]: WANGYU20200214 fell from a high place
[12:59:37] [Server thread/INFO]: WANGYU20200214 fell from a high place
[13:02:06] [User Authenticator #7/INFO]: UUID of player Stehsaer is 4ee78221-99b3-33bb-8da3-72c49ff039eb
[13:02:06] [Server thread/INFO]: Stehsaer[/192.168.100.27:58120] logged in with entity id 7625 at ([3-player Survival]-115.68751069847829, 62.9375, -652.1274396639146)
[13:03:15] [Server thread/INFO]: WANGYU20200214 fell from a high place
[13:08:20] [User Authenticator #8/INFO]: UUID of player PdAlphabet is f9f73a24-4e1a-36fa-ac74-a2f80f2cb457
[13:08:21] [Server thread/INFO]: PdAlphabet[/127.0.0.1:58153] logged in with entity id 8329 at ([3-player Survival]441.7130659037566, 69.0, -112.62257525817617)
[13:08:38] [Async Chat Thread - #0/INFO]: <Stehsaer> welcome,hqz
[13:08:44] [Server thread/INFO]: PdAlphabet issued server command: /gamemode creative
[13:08:45] [Async Chat Thread - #0/INFO]: <WANGYU20200214> yuandidaize
[13:08:48] [Server thread/INFO]: Stehsaer issued server command: /tp PdAlphabet Stehsaer
[13:08:48] [Server thread/INFO]: [Stehsaer: Teleported PdAlphabet to Stehsaer]
[13:09:03] [Server thread/INFO]: WANGYU20200214 fell from a high place
[13:09:23] [Server thread/INFO]: Stehsaer issued server command: /ping PdAlphabet
[13:09:23] [Server thread/INFO]: [SpigotPing] Can not play a sound. The specified sound-type is not available in your server version, please ensure to read carefully the config file.
[13:09:29] [Async Chat Thread - #0/INFO]: <PdAlphabet> 我只能来15分钟。
[13:09:48] [Async Chat Thread - #0/INFO]: <Stehsaer> 参观一下我们的基地
[13:09:56] [Async Chat Thread - #0/INFO]: <WANGYU20200214> follow me qz
[13:09:56] [Async Chat Thread - #0/INFO]: <PdAlphabet> OK
[13:10:23] [Async Chat Thread - #0/INFO]: <Stehsaer> come here
[13:11:21] [Async Chat Thread - #0/INFO]: <PdAlphabet> 你们打过劫掠？
[13:11:45] [Async Chat Thread - #0/INFO]: <Stehsaer> 没有，我们去过劫掠ta
[13:11:56] [Async Chat Thread - #0/INFO]: <Stehsaer> 现在还没有成功
[13:12:08] [Async Chat Thread - #0/INFO]: <Stehsaer> 我打算酿造隐形药水
[13:12:39] [Async Chat Thread - #0/INFO]: <Stehsaer> 这个是矿洞
[13:13:48] [Async Chat Thread - #1/INFO]: <PdAlphabet> Wait, let me change my skin.
[13:13:51] [Server thread/INFO]: PdAlphabet lost connection: Disconnected
[13:13:51] [Server thread/INFO]: PdAlphabet left the game
[13:15:08] [User Authenticator #9/INFO]: UUID of player PdAlphabet is f9f73a24-4e1a-36fa-ac74-a2f80f2cb457
[13:15:08] [Server thread/INFO]: PdAlphabet[/127.0.0.1:58175] logged in with entity id 9129 at ([3-player Survival]-127.51459415764731, 69.0, -655.0120578064792)
[13:18:00] [Server thread/INFO]: PdAlphabet lost connection: Disconnected
[13:18:00] [Server thread/INFO]: PdAlphabet left the game
[13:19:35] [Server thread/INFO]: WANGYU20200214 fell from a high place
[13:21:31] [Server thread/INFO]: WANGYU20200214 fell from a high place
[13:27:16] [Server thread/INFO]: WANGYU20200214 fell from a high place
[13:28:30] [Server thread/INFO]: WANGYU20200214 fell from a high place
[13:31:00] [Server thread/INFO]: Stehsaer lost connection: Kicked by an operator
[13:31:00] [Server thread/INFO]: Stehsaer left the game
[13:31:00] [Server thread/INFO]: Kicked Stehsaer: Kicked by an operator
[13:31:00] [Server thread/WARN]: handleDisconnection() called twice
[13:31:20] [User Authenticator #10/INFO]: UUID of player Stehsaer is 4ee78221-99b3-33bb-8da3-72c49ff039eb
[13:31:20] [Server thread/INFO]: Stehsaer[/192.168.100.27:58248] logged in with entity id 10790 at ([3-player Survival]-134.31407657189195, 97.0, -648.3000000119209)
[13:32:10] [Server thread/INFO]: WANGYU20200214 fell from a high place
[13:34:14] [Server thread/INFO]: Stehsaer issued server command: /scoreboard objectives setdisplay sidebar Level
[13:34:14] [Server thread/INFO]: [Stehsaer: Set display slot sidebar to show objective Level]
[13:37:29] [Server thread/INFO]: Stehsaer issued server command: /difficulty normal
[13:37:29] [Server thread/INFO]: [Stehsaer: The difficulty has been set to Normal]
[13:50:28] [Server thread/INFO]: WANGYU20200214 was blown up by Creeper
[13:50:49] [Server thread/INFO]: Stehsaer issued server command: /kill
[13:50:49] [Server thread/INFO]: Stehsaer didn't want to live in the same world as Skeleton
[13:50:49] [Server thread/INFO]: [Stehsaer: Killed Stehsaer]
[13:53:01] [Server thread/INFO]: Stehsaer issued server command: /tp Stehsaer WANGYU20200214
[13:53:01] [Server thread/INFO]: [Stehsaer: Teleported Stehsaer to WANGYU20200214]
[13:55:50] [Server thread/INFO]: Stehsaer lost connection: Disconnected
[13:55:50] [Server thread/INFO]: Stehsaer left the game
[13:56:07] [User Authenticator #11/INFO]: UUID of player Stehsaer is 4ee78221-99b3-33bb-8da3-72c49ff039eb
[13:56:07] [Server thread/INFO]: Stehsaer[/192.168.100.27:58337] logged in with entity id 14129 at ([3-player Survival]-213.89364016969358, 17.0, -642.3000000119209)
[13:56:24] [Server thread/INFO]: Stehsaer was blown up by Creeper
[13:57:54] [Server thread/INFO]: Stehsaer lost connection: Kicked by an operator
[13:57:54] [Server thread/INFO]: Stehsaer left the game
[13:57:54] [Server thread/INFO]: Kicked Stehsaer: Kicked by an operator
[13:57:54] [Server thread/WARN]: handleDisconnection() called twice
[13:58:34] [User Authenticator #12/INFO]: UUID of player Stehsaer is 4ee78221-99b3-33bb-8da3-72c49ff039eb
[13:58:34] [Server thread/INFO]: Stehsaer[/192.168.100.27:58364] logged in with entity id 14466 at ([3-player Survival]-108.69999998807907, 63.0, -661.8110072253588)
[14:08:15] [Server thread/INFO]: WANGYU20200214 lost connection: Disconnected
[14:08:15] [Server thread/INFO]: WANGYU20200214 left the game
[14:10:08] [Server thread/INFO]: Stehsaer issued server command: /save-all
[14:10:09] [Server thread/INFO]: [Stehsaer: Saved the game]
[14:12:01] [Server thread/INFO]: Stehsaer issued server command: /setworldspawn
[14:12:01] [Server thread/INFO]: [Stehsaer: Set the world spawn point to -107, 63, -632]
[14:12:03] [Server thread/INFO]: Stehsaer lost connection: Disconnected
[14:12:03] [Server thread/INFO]: Stehsaer left the game
[14:12:11] [Server thread/INFO]: Saving the game (this may take a moment!)
[14:12:11] [Server thread/INFO]: Saved the game
[14:12:14] [Server thread/INFO]: Unknown command. Type "/help" for help.
[14:12:16] [Server thread/INFO]: Stopping the server
[14:12:16] [Server thread/INFO]: Stopping server
[14:12:16] [Server thread/INFO]: [SpigotPing] Disabling SpigotPing v2.5
[14:12:16] [Server thread/INFO]: [SpigotPing] Cancelling tasks...
[14:12:16] [Server thread/INFO]: Saving players
[14:12:16] [Server thread/INFO]: Saving worlds
[14:12:16] [Server thread/INFO]: Saving chunks for level '3-player Survival'/minecraft:overworld
[14:12:16] [Server thread/INFO]: ThreadedAnvilChunkStorage (3-player Survival): All chunks are saved
[14:12:16] [Server thread/INFO]: Saving chunks for level '3-player Survival_nether'/minecraft:the_nether
[14:12:16] [Server thread/INFO]: ThreadedAnvilChunkStorage (DIM-1): All chunks are saved
[14:12:16] [Server thread/INFO]: Saving chunks for level '3-player Survival_the_end'/minecraft:the_end
[14:12:16] [Server thread/INFO]: ThreadedAnvilChunkStorage (DIM1): All chunks are saved
[14:12:16] [Server thread/INFO]: ThreadedAnvilChunkStorage (3-player Survival): All chunks are saved
[14:12:17] [Server thread/INFO]: ThreadedAnvilChunkStorage (DIM-1): All chunks are saved
[14:12:17] [Server thread/INFO]: ThreadedAnvilChunkStorage (DIM1): All chunks are saved
