[12:00:01] [Server thread/INFO]: Loading properties
[12:00:02] [Server thread/INFO]: This server is running Paper version git-Paper-98 (MC: 1.15.2) (Implementing API version 1.15.2-R0.1-SNAPSHOT)
[12:00:03] [Server thread/INFO]: Debug logging is disabled
[12:00:03] [Server thread/INFO]: Server Ping Player Sample Count: 12
[12:00:03] [Server thread/INFO]: Using 4 threads for Netty based IO
[12:00:04] [Server thread/INFO]: Default game type: SURVIVAL
[12:00:04] [Server thread/INFO]: Generating keypair
[12:00:06] [Server thread/INFO]: Starting Minecraft server on *:25565
[12:00:07] [Server thread/INFO]: Using default channel type
[12:00:15] [Server thread/WARN]: Initializing Legacy Material Support. Unless you have legacy plugins and/or data this is a bug!
[12:00:26] [Server thread/WARN]: Legacy plugin SpigotPing v2.5 does not specify an api-version.
[12:00:26] [Server thread/INFO]: [SpigotPing] Loading SpigotPing v2.5
[12:00:26] [Server thread/INFO]: Server permissions file permissions.yml is empty, ignoring it
[12:00:26] [Server thread/WARN]: **** SERVER IS RUNNING IN OFFLINE/INSECURE MODE!
[12:00:26] [Server thread/WARN]: The server will make no attempt to authenticate usernames. Beware.
[12:00:26] [Server thread/WARN]: While this makes the game possible to play without internet access, it also opens up the ability for hackers to connect with any username they choose.
[12:00:26] [Server thread/WARN]: To change this, set "online-mode" to "true" in the server.properties file.
[12:00:26] [Server thread/INFO]: Preparing level "3-player Survival"
[12:00:27] [Server thread/INFO]: Reloading ResourceManager: Default, bukkit
[12:00:32] [Server thread/INFO]: Loaded 6 recipes
[12:00:34] [Server thread/INFO]: -------- World Settings For [3-player Survival] --------
[12:00:34] [Server thread/INFO]: View Distance: 6
[12:00:34] [Server thread/INFO]: Arrow Despawn Rate: 1200 Trident Respawn Rate:1200
[12:00:34] [Server thread/INFO]: Item Despawn Rate: 6000
[12:00:34] [Server thread/INFO]: Item Merge Radius: 2.5
[12:00:34] [Server thread/INFO]: Zombie Aggressive Towards Villager: true
[12:00:34] [Server thread/INFO]: Nerfing mobs spawned from spawners: false
[12:00:34] [Server thread/INFO]: Allow Zombie Pigmen to spawn from portal blocks: true
[12:00:34] [Server thread/INFO]: Experience Merge Radius: 3.0
[12:00:34] [Server thread/INFO]: Mob Spawn Range: 8
[12:00:34] [Server thread/INFO]: Cactus Growth Modifier: 100%
[12:00:34] [Server thread/INFO]: Cane Growth Modifier: 100%
[12:00:34] [Server thread/INFO]: Melon Growth Modifier: 100%
[12:00:34] [Server thread/INFO]: Mushroom Growth Modifier: 100%
[12:00:34] [Server thread/INFO]: Pumpkin Growth Modifier: 100%
[12:00:34] [Server thread/INFO]: Sapling Growth Modifier: 100%
[12:00:34] [Server thread/INFO]: Beetroot Growth Modifier: 100%
[12:00:34] [Server thread/INFO]: Carrot Growth Modifier: 100%
[12:00:34] [Server thread/INFO]: Potato Growth Modifier: 100%
[12:00:34] [Server thread/INFO]: Wheat Growth Modifier: 100%
[12:00:34] [Server thread/INFO]: NetherWart Growth Modifier: 100%
[12:00:34] [Server thread/INFO]: Vine Growth Modifier: 100%
[12:00:34] [Server thread/INFO]: Cocoa Growth Modifier: 100%
[12:00:34] [Server thread/INFO]: Bamboo Growth Modifier: 100%
[12:00:34] [Server thread/INFO]: SweetBerry Growth Modifier: 100%
[12:00:34] [Server thread/INFO]: Kelp Growth Modifier: 100%
[12:00:34] [Server thread/INFO]: Entity Tracking Range: Pl 48 / An 48 / Mo 48 / Mi 32 / Other 64
[12:00:34] [Server thread/INFO]: Hopper Transfer: 8 Hopper Check: 1 Hopper Amount: 1
[12:00:34] [Server thread/INFO]: Entity Activation Range: An 32 / Mo 32 / Ra 48 / Mi 16 / Tiv true
[12:00:34] [Server thread/INFO]: Max TNT Explosions: 100
[12:00:34] [Server thread/INFO]: Tile Max Tick Time: 50ms Entity max Tick Time: 50ms
[12:00:34] [Server thread/INFO]: Custom Map Seeds:  Village: 10387312 Desert: 14357617 Igloo: 14357618 Jungle: 14357619 Swamp: 14357620 Monument: 10387313 Ocean: 14357621 Shipwreck: 165745295 Slime: 987234911
[12:00:34] [Server thread/INFO]: -------- World Settings For [3-player Survival_nether] --------
[12:00:34] [Server thread/INFO]: View Distance: 6
[12:00:34] [Server thread/INFO]: Arrow Despawn Rate: 1200 Trident Respawn Rate:1200
[12:00:34] [Server thread/INFO]: Item Despawn Rate: 6000
[12:00:34] [Server thread/INFO]: Item Merge Radius: 2.5
[12:00:34] [Server thread/INFO]: Zombie Aggressive Towards Villager: true
[12:00:34] [Server thread/INFO]: Nerfing mobs spawned from spawners: false
[12:00:34] [Server thread/INFO]: Allow Zombie Pigmen to spawn from portal blocks: true
[12:00:34] [Server thread/INFO]: Experience Merge Radius: 3.0
[12:00:34] [Server thread/INFO]: Mob Spawn Range: 8
[12:00:34] [Server thread/INFO]: Cactus Growth Modifier: 100%
[12:00:34] [Server thread/INFO]: Cane Growth Modifier: 100%
[12:00:34] [Server thread/INFO]: Melon Growth Modifier: 100%
[12:00:34] [Server thread/INFO]: Mushroom Growth Modifier: 100%
[12:00:34] [Server thread/INFO]: Pumpkin Growth Modifier: 100%
[12:00:34] [Server thread/INFO]: Sapling Growth Modifier: 100%
[12:00:34] [Server thread/INFO]: Beetroot Growth Modifier: 100%
[12:00:34] [Server thread/INFO]: Carrot Growth Modifier: 100%
[12:00:34] [Server thread/INFO]: Potato Growth Modifier: 100%
[12:00:34] [Server thread/INFO]: Wheat Growth Modifier: 100%
[12:00:34] [Server thread/INFO]: NetherWart Growth Modifier: 100%
[12:00:34] [Server thread/INFO]: Vine Growth Modifier: 100%
[12:00:34] [Server thread/INFO]: Cocoa Growth Modifier: 100%
[12:00:34] [Server thread/INFO]: Bamboo Growth Modifier: 100%
[12:00:34] [Server thread/INFO]: SweetBerry Growth Modifier: 100%
[12:00:34] [Server thread/INFO]: Kelp Growth Modifier: 100%
[12:00:34] [Server thread/INFO]: Entity Tracking Range: Pl 48 / An 48 / Mo 48 / Mi 32 / Other 64
[12:00:34] [Server thread/INFO]: Hopper Transfer: 8 Hopper Check: 1 Hopper Amount: 1
[12:00:34] [Server thread/INFO]: Entity Activation Range: An 32 / Mo 32 / Ra 48 / Mi 16 / Tiv true
[12:00:34] [Server thread/INFO]: Max TNT Explosions: 100
[12:00:34] [Server thread/INFO]: Tile Max Tick Time: 50ms Entity max Tick Time: 50ms
[12:00:34] [Server thread/INFO]: Custom Map Seeds:  Village: 10387312 Desert: 14357617 Igloo: 14357618 Jungle: 14357619 Swamp: 14357620 Monument: 10387313 Ocean: 14357621 Shipwreck: 165745295 Slime: 987234911
[12:00:34] [Server thread/INFO]: -------- World Settings For [3-player Survival_the_end] --------
[12:00:34] [Server thread/INFO]: View Distance: 6
[12:00:34] [Server thread/INFO]: Arrow Despawn Rate: 1200 Trident Respawn Rate:1200
[12:00:34] [Server thread/INFO]: Item Despawn Rate: 6000
[12:00:34] [Server thread/INFO]: Item Merge Radius: 2.5
[12:00:34] [Server thread/INFO]: Zombie Aggressive Towards Villager: true
[12:00:34] [Server thread/INFO]: Nerfing mobs spawned from spawners: false
[12:00:34] [Server thread/INFO]: Allow Zombie Pigmen to spawn from portal blocks: true
[12:00:34] [Server thread/INFO]: Experience Merge Radius: 3.0
[12:00:34] [Server thread/INFO]: Mob Spawn Range: 8
[12:00:34] [Server thread/INFO]: Cactus Growth Modifier: 100%
[12:00:34] [Server thread/INFO]: Cane Growth Modifier: 100%
[12:00:34] [Server thread/INFO]: Melon Growth Modifier: 100%
[12:00:34] [Server thread/INFO]: Mushroom Growth Modifier: 100%
[12:00:34] [Server thread/INFO]: Pumpkin Growth Modifier: 100%
[12:00:34] [Server thread/INFO]: Sapling Growth Modifier: 100%
[12:00:34] [Server thread/INFO]: Beetroot Growth Modifier: 100%
[12:00:34] [Server thread/INFO]: Carrot Growth Modifier: 100%
[12:00:34] [Server thread/INFO]: Potato Growth Modifier: 100%
[12:00:34] [Server thread/INFO]: Wheat Growth Modifier: 100%
[12:00:34] [Server thread/INFO]: NetherWart Growth Modifier: 100%
[12:00:34] [Server thread/INFO]: Vine Growth Modifier: 100%
[12:00:34] [Server thread/INFO]: Cocoa Growth Modifier: 100%
[12:00:34] [Server thread/INFO]: Bamboo Growth Modifier: 100%
[12:00:34] [Server thread/INFO]: SweetBerry Growth Modifier: 100%
[12:00:34] [Server thread/INFO]: Kelp Growth Modifier: 100%
[12:00:34] [Server thread/INFO]: Entity Tracking Range: Pl 48 / An 48 / Mo 48 / Mi 32 / Other 64
[12:00:34] [Server thread/INFO]: Hopper Transfer: 8 Hopper Check: 1 Hopper Amount: 1
[12:00:34] [Server thread/INFO]: Entity Activation Range: An 32 / Mo 32 / Ra 48 / Mi 16 / Tiv true
[12:00:34] [Server thread/INFO]: Max TNT Explosions: 100
[12:00:34] [Server thread/INFO]: Tile Max Tick Time: 50ms Entity max Tick Time: 50ms
[12:00:34] [Server thread/INFO]: Custom Map Seeds:  Village: 10387312 Desert: 14357617 Igloo: 14357618 Jungle: 14357619 Swamp: 14357620 Monument: 10387313 Ocean: 14357621 Shipwreck: 165745295 Slime: 987234911
[12:00:34] [Server thread/INFO]: Preparing start region for dimension '3-player Survival'/minecraft:overworld
[12:00:37] [Server thread/INFO]: Preparing spawn area: 0%
[12:00:37] [Server thread/INFO]: Preparing spawn area: 0%
[12:00:37] [Server thread/INFO]: Preparing spawn area: 0%
[12:00:37] [Server thread/INFO]: Preparing spawn area: 0%
[12:00:37] [Server thread/INFO]: Preparing spawn area: 0%
[12:00:37] [Server thread/INFO]: Preparing spawn area: 0%
[12:00:37] [Server thread/INFO]: Preparing spawn area: 0%
[12:00:38] [Server thread/INFO]: Preparing spawn area: 0%
[12:00:38] [Server thread/INFO]: Preparing spawn area: 0%
[12:00:39] [Server thread/INFO]: Preparing spawn area: 1%
[12:00:40] [Server thread/INFO]: Preparing spawn area: 5%
[12:00:40] [Server thread/INFO]: Preparing spawn area: 5%
[12:00:41] [Server thread/INFO]: Preparing spawn area: 19%
[12:00:41] [Server thread/INFO]: Preparing spawn area: 19%
[12:00:41] [Server-Worker-1/INFO]: Preparing spawn area: 21%
[12:00:42] [Server thread/INFO]: Preparing spawn area: 44%
[12:00:42] [Server thread/INFO]: Preparing spawn area: 59%
[12:00:43] [Server thread/INFO]: Preparing spawn area: 69%
[12:00:43] [Server thread/INFO]: Preparing spawn area: 82%
[12:00:44] [Server thread/INFO]: Preparing spawn area: 100%
[12:00:44] [Server thread/INFO]: Preparing spawn area: 100%
[12:00:45] [Server thread/INFO]: Preparing spawn area: 100%
[12:00:45] [Server thread/INFO]: Preparing spawn area: 100%
[12:00:46] [Server thread/INFO]: Preparing spawn area: 100%
[12:00:46] [Server thread/INFO]: Loaded 169 spawn chunks for world 3-player Survival
[12:00:46] [Server thread/INFO]: Time elapsed: 11966 ms
[12:00:46] [Server thread/INFO]: Preparing start region for dimension '3-player Survival_nether'/minecraft:the_nether
[12:00:47] [Server thread/INFO]: Preparing spawn area: 0%
[12:00:47] [Server thread/INFO]: Preparing spawn area: 0%
[12:00:47] [Server thread/INFO]: Preparing spawn area: 2%
[12:00:48] [Server thread/INFO]: Preparing spawn area: 17%
[12:00:48] [Server thread/INFO]: Preparing spawn area: 52%
[12:00:49] [Server thread/INFO]: Preparing spawn area: 73%
[12:00:49] [Server-Worker-1/INFO]: Preparing spawn area: 100%
[12:00:50] [Server-Worker-2/INFO]: Preparing spawn area: 100%
[12:00:50] [Server thread/INFO]: Preparing spawn area: 100%
[12:00:52] [Server thread/INFO]: Preparing spawn area: 100%
[12:00:52] [Server-Worker-2/INFO]: Preparing spawn area: 100%
[12:00:52] [Server-Worker-1/INFO]: Preparing spawn area: 100%
[12:00:52] [Server thread/INFO]: Preparing spawn area: 100%
[12:00:53] [Server thread/INFO]: Preparing spawn area: 100%
[12:00:53] [Server-Worker-2/INFO]: Preparing spawn area: 100%
[12:00:54] [Server thread/INFO]: Preparing spawn area: 100%
[12:00:54] [Server thread/INFO]: Preparing spawn area: 100%
[12:00:55] [Server thread/INFO]: Preparing spawn area: 100%
[12:00:56] [Server thread/INFO]: Preparing spawn area: 100%
[12:00:56] [Server thread/INFO]: Preparing spawn area: 100%
[12:00:56] [Server thread/INFO]: Preparing spawn area: 100%
[12:00:57] [Server-Worker-2/INFO]: Preparing spawn area: 100%
[12:00:57] [Server thread/INFO]: Preparing spawn area: 100%
[12:00:58] [Server-Worker-1/INFO]: Preparing spawn area: 100%
[12:00:58] [Server thread/INFO]: Preparing spawn area: 100%
[12:00:59] [Server-Worker-2/INFO]: Preparing spawn area: 100%
[12:00:59] [Server-Worker-2/INFO]: Preparing spawn area: 100%
[12:01:00] [Server thread/INFO]: Preparing spawn area: 100%
[12:01:00] [Server thread/INFO]: Preparing spawn area: 100%
[12:01:01] [Server-Worker-2/INFO]: Preparing spawn area: 100%
[12:01:01] [Server-Worker-1/INFO]: Preparing spawn area: 100%
[12:01:02] [Server thread/INFO]: Preparing spawn area: 100%
[12:01:02] [Server thread/INFO]: Preparing spawn area: 100%
[12:01:03] [Server-Worker-1/INFO]: Preparing spawn area: 100%
[12:01:03] [Server thread/INFO]: Preparing spawn area: 100%
[12:01:04] [Server thread/INFO]: Preparing spawn area: 100%
[12:01:04] [Server-Worker-1/INFO]: Preparing spawn area: 100%
[12:01:05] [Server-Worker-1/INFO]: Preparing spawn area: 100%
[12:01:05] [Server-Worker-2/INFO]: Preparing spawn area: 100%
[12:01:05] [Server thread/INFO]: Loaded 169 spawn chunks for world 3-player Survival_nether
[12:01:05] [Server thread/INFO]: Time elapsed: 19272 ms
[12:01:05] [Server thread/INFO]: Preparing start region for dimension '3-player Survival_the_end'/minecraft:the_end
[12:01:06] [Server thread/INFO]: Preparing spawn area: 0%
[12:01:06] [Server-Worker-2/INFO]: Preparing spawn area: 100%
[12:01:06] [Server-Worker-2/INFO]: Preparing spawn area: 100%
[12:01:07] [Server thread/INFO]: Loaded 169 spawn chunks for world 3-player Survival_the_end
[12:01:07] [Server thread/INFO]: Time elapsed: 1295 ms
[12:01:07] [Server thread/INFO]: [SpigotPing] Enabling SpigotPing v2.5*
[12:01:07] [Server thread/INFO]: [SpigotPing] TabList is enabled, task added with a delay of 3 second/s.
[12:01:07] [Server thread/INFO]: Done (40.525s)! For help, type "help"
[12:01:07] [Server thread/INFO]: Timings Reset
[12:03:04] [User Authenticator #1/INFO]: UUID of player Stehsaer is 4ee78221-99b3-33bb-8da3-72c49ff039eb
[12:03:07] [Server thread/INFO]: Stehsaer[/192.168.100.27:62285] logged in with entity id 221 at ([3-player Survival]-119.10988360342654, 63.0, -634.4764016871628)
[12:03:14] [Server thread/WARN]: Can't keep up! Is the server overloaded? Running 5098ms or 101 ticks behind
[12:03:50] [Server thread/WARN]: Can't keep up! Is the server overloaded? Running 5148ms or 102 ticks behind
[12:56:56] [Server thread/INFO]: Stehsaer lost connection: Disconnected
[12:56:56] [Server thread/INFO]: Stehsaer left the game
[13:35:12] [User Authenticator #2/INFO]: UUID of player Stehsaer is 4ee78221-99b3-33bb-8da3-72c49ff039eb
[13:35:13] [Server thread/INFO]: Stehsaer[/192.168.100.27:62436] logged in with entity id 3456 at ([3-player Survival]-113.5093779321812, 62.9375, -640.5707827948697)
[13:41:30] [Server thread/INFO]: Stehsaer lost connection: Disconnected
[13:41:30] [Server thread/INFO]: Stehsaer left the game
[13:41:59] [User Authenticator #3/INFO]: UUID of player Stehsaer is 4ee78221-99b3-33bb-8da3-72c49ff039eb
[13:42:00] [Server thread/INFO]: Stehsaer[/192.168.100.27:62455] logged in with entity id 4275 at ([3-player Survival]77.07054988494968, 12.0, -680.6099619088171)
[13:46:18] [Server thread/INFO]: Stehsaer lost connection: Disconnected
[13:46:18] [Server thread/INFO]: Stehsaer left the game
[13:47:28] [User Authenticator #4/INFO]: UUID of player Stehsaer is 4ee78221-99b3-33bb-8da3-72c49ff039eb
[13:47:29] [Server thread/INFO]: Stehsaer[/192.168.100.27:62465] logged in with entity id 4861 at ([3-player Survival]-66.54242055259219, 13.0, -680.4951676216864)
[13:51:28] [Server thread/INFO]: Stehsaer lost connection: Disconnected
[13:51:28] [Server thread/INFO]: Stehsaer left the game
[16:52:41] [Server thread/INFO]: Saving the game (this may take a moment!)
[16:52:42] [Server thread/INFO]: Saved the game
[16:52:43] [Server thread/INFO]: Stopping the server
[16:52:43] [Server thread/INFO]: Stopping server
[16:52:43] [Server thread/INFO]: [SpigotPing] Disabling SpigotPing v2.5
[16:52:43] [Server thread/INFO]: [SpigotPing] Cancelling tasks...
[16:52:43] [Server thread/INFO]: Saving players
[16:52:43] [Server thread/INFO]: Saving worlds
[16:52:43] [Server thread/INFO]: Saving chunks for level '3-player Survival'/minecraft:overworld
[16:52:43] [Server thread/INFO]: ThreadedAnvilChunkStorage (3-player Survival): All chunks are saved
[16:52:43] [Server thread/INFO]: Saving chunks for level '3-player Survival_nether'/minecraft:the_nether
[16:52:43] [Server thread/INFO]: ThreadedAnvilChunkStorage (DIM-1): All chunks are saved
[16:52:43] [Server thread/INFO]: Saving chunks for level '3-player Survival_the_end'/minecraft:the_end
[16:52:43] [Server thread/INFO]: ThreadedAnvilChunkStorage (DIM1): All chunks are saved
[16:52:43] [Server thread/INFO]: ThreadedAnvilChunkStorage (3-player Survival): All chunks are saved
[16:52:44] [Server thread/INFO]: ThreadedAnvilChunkStorage (DIM-1): All chunks are saved
[16:52:44] [Server thread/INFO]: ThreadedAnvilChunkStorage (DIM1): All chunks are saved
