[11:48:49] [Server thread/INFO]: Loading properties
[11:48:49] [Server thread/INFO]: This server is running Paper version git-Paper-98 (MC: 1.15.2) (Implementing API version 1.15.2-R0.1-SNAPSHOT)
[11:48:50] [Server thread/INFO]: Debug logging is disabled
[11:48:50] [Server thread/INFO]: Server Ping Player Sample Count: 12
[11:48:50] [Server thread/INFO]: Using 4 threads for Netty based IO
[11:48:51] [Server thread/INFO]: Default game type: SURVIVAL
[11:48:51] [Server thread/INFO]: Generating keypair
[11:48:51] [Server thread/INFO]: Starting Minecraft server on *:25565
[11:48:51] [Server thread/INFO]: Using default channel type
[11:48:56] [Server thread/WARN]: Initializing Legacy Material Support. Unless you have legacy plugins and/or data this is a bug!
[11:49:04] [Server thread/WARN]: Legacy plugin SpigotPing v2.5 does not specify an api-version.
[11:49:04] [Server thread/INFO]: [SpigotPing] Loading SpigotPing v2.5
[11:49:04] [Server thread/INFO]: Server permissions file permissions.yml is empty, ignoring it
[11:49:04] [Server thread/WARN]: **** SERVER IS RUNNING IN OFFLINE/INSECURE MODE!
[11:49:04] [Server thread/WARN]: The server will make no attempt to authenticate usernames. Beware.
[11:49:04] [Server thread/WARN]: While this makes the game possible to play without internet access, it also opens up the ability for hackers to connect with any username they choose.
[11:49:04] [Server thread/WARN]: To change this, set "online-mode" to "true" in the server.properties file.
[11:49:04] [Server thread/INFO]: Preparing level "3-player Survival"
[11:49:05] [Server thread/INFO]: Reloading ResourceManager: Default, bukkit
[11:49:12] [Server thread/INFO]: Loaded 6 recipes
[11:49:13] [Server thread/INFO]: -------- World Settings For [3-player Survival] --------
[11:49:13] [Server thread/INFO]: Experience Merge Radius: 3.0
[11:49:13] [Server thread/INFO]: Mob Spawn Range: 8
[11:49:13] [Server thread/INFO]: Entity Activation Range: An 32 / Mo 32 / Ra 48 / Mi 16 / Tiv true
[11:49:13] [Server thread/INFO]: Cactus Growth Modifier: 100%
[11:49:13] [Server thread/INFO]: Cane Growth Modifier: 100%
[11:49:13] [Server thread/INFO]: Melon Growth Modifier: 100%
[11:49:13] [Server thread/INFO]: Mushroom Growth Modifier: 100%
[11:49:13] [Server thread/INFO]: Pumpkin Growth Modifier: 100%
[11:49:13] [Server thread/INFO]: Sapling Growth Modifier: 100%
[11:49:13] [Server thread/INFO]: Beetroot Growth Modifier: 100%
[11:49:13] [Server thread/INFO]: Carrot Growth Modifier: 100%
[11:49:13] [Server thread/INFO]: Potato Growth Modifier: 100%
[11:49:13] [Server thread/INFO]: Wheat Growth Modifier: 100%
[11:49:13] [Server thread/INFO]: NetherWart Growth Modifier: 100%
[11:49:13] [Server thread/INFO]: Vine Growth Modifier: 100%
[11:49:13] [Server thread/INFO]: Cocoa Growth Modifier: 100%
[11:49:13] [Server thread/INFO]: Bamboo Growth Modifier: 100%
[11:49:13] [Server thread/INFO]: SweetBerry Growth Modifier: 100%
[11:49:13] [Server thread/INFO]: Kelp Growth Modifier: 100%
[11:49:13] [Server thread/INFO]: Custom Map Seeds:  Village: 10387312 Desert: 14357617 Igloo: 14357618 Jungle: 14357619 Swamp: 14357620 Monument: 10387313 Ocean: 14357621 Shipwreck: 165745295 Slime: 987234911
[11:49:13] [Server thread/INFO]: Hopper Transfer: 8 Hopper Check: 1 Hopper Amount: 1
[11:49:13] [Server thread/INFO]: Entity Tracking Range: Pl 48 / An 48 / Mo 48 / Mi 32 / Other 64
[11:49:13] [Server thread/INFO]: Max TNT Explosions: 100
[11:49:13] [Server thread/INFO]: Tile Max Tick Time: 50ms Entity max Tick Time: 50ms
[11:49:13] [Server thread/INFO]: Item Merge Radius: 2.5
[11:49:13] [Server thread/INFO]: View Distance: 6
[11:49:13] [Server thread/INFO]: Item Despawn Rate: 6000
[11:49:13] [Server thread/INFO]: Zombie Aggressive Towards Villager: true
[11:49:13] [Server thread/INFO]: Arrow Despawn Rate: 1200 Trident Respawn Rate:1200
[11:49:13] [Server thread/INFO]: Allow Zombie Pigmen to spawn from portal blocks: true
[11:49:13] [Server thread/INFO]: Nerfing mobs spawned from spawners: false
[11:49:14] [Server thread/INFO]: -------- World Settings For [3-player Survival_nether] --------
[11:49:14] [Server thread/INFO]: Experience Merge Radius: 3.0
[11:49:14] [Server thread/INFO]: Mob Spawn Range: 8
[11:49:14] [Server thread/INFO]: Entity Activation Range: An 32 / Mo 32 / Ra 48 / Mi 16 / Tiv true
[11:49:14] [Server thread/INFO]: Cactus Growth Modifier: 100%
[11:49:14] [Server thread/INFO]: Cane Growth Modifier: 100%
[11:49:14] [Server thread/INFO]: Melon Growth Modifier: 100%
[11:49:14] [Server thread/INFO]: Mushroom Growth Modifier: 100%
[11:49:14] [Server thread/INFO]: Pumpkin Growth Modifier: 100%
[11:49:14] [Server thread/INFO]: Sapling Growth Modifier: 100%
[11:49:14] [Server thread/INFO]: Beetroot Growth Modifier: 100%
[11:49:14] [Server thread/INFO]: Carrot Growth Modifier: 100%
[11:49:14] [Server thread/INFO]: Potato Growth Modifier: 100%
[11:49:14] [Server thread/INFO]: Wheat Growth Modifier: 100%
[11:49:14] [Server thread/INFO]: NetherWart Growth Modifier: 100%
[11:49:14] [Server thread/INFO]: Vine Growth Modifier: 100%
[11:49:14] [Server thread/INFO]: Cocoa Growth Modifier: 100%
[11:49:14] [Server thread/INFO]: Bamboo Growth Modifier: 100%
[11:49:14] [Server thread/INFO]: SweetBerry Growth Modifier: 100%
[11:49:14] [Server thread/INFO]: Kelp Growth Modifier: 100%
[11:49:14] [Server thread/INFO]: Custom Map Seeds:  Village: 10387312 Desert: 14357617 Igloo: 14357618 Jungle: 14357619 Swamp: 14357620 Monument: 10387313 Ocean: 14357621 Shipwreck: 165745295 Slime: 987234911
[11:49:14] [Server thread/INFO]: Hopper Transfer: 8 Hopper Check: 1 Hopper Amount: 1
[11:49:14] [Server thread/INFO]: Entity Tracking Range: Pl 48 / An 48 / Mo 48 / Mi 32 / Other 64
[11:49:14] [Server thread/INFO]: Max TNT Explosions: 100
[11:49:14] [Server thread/INFO]: Tile Max Tick Time: 50ms Entity max Tick Time: 50ms
[11:49:14] [Server thread/INFO]: Item Merge Radius: 2.5
[11:49:14] [Server thread/INFO]: View Distance: 6
[11:49:14] [Server thread/INFO]: Item Despawn Rate: 6000
[11:49:14] [Server thread/INFO]: Zombie Aggressive Towards Villager: true
[11:49:14] [Server thread/INFO]: Arrow Despawn Rate: 1200 Trident Respawn Rate:1200
[11:49:14] [Server thread/INFO]: Allow Zombie Pigmen to spawn from portal blocks: true
[11:49:14] [Server thread/INFO]: Nerfing mobs spawned from spawners: false
[11:49:14] [Server thread/INFO]: -------- World Settings For [3-player Survival_the_end] --------
[11:49:14] [Server thread/INFO]: Experience Merge Radius: 3.0
[11:49:14] [Server thread/INFO]: Mob Spawn Range: 8
[11:49:14] [Server thread/INFO]: Entity Activation Range: An 32 / Mo 32 / Ra 48 / Mi 16 / Tiv true
[11:49:14] [Server thread/INFO]: Cactus Growth Modifier: 100%
[11:49:14] [Server thread/INFO]: Cane Growth Modifier: 100%
[11:49:14] [Server thread/INFO]: Melon Growth Modifier: 100%
[11:49:14] [Server thread/INFO]: Mushroom Growth Modifier: 100%
[11:49:14] [Server thread/INFO]: Pumpkin Growth Modifier: 100%
[11:49:14] [Server thread/INFO]: Sapling Growth Modifier: 100%
[11:49:14] [Server thread/INFO]: Beetroot Growth Modifier: 100%
[11:49:14] [Server thread/INFO]: Carrot Growth Modifier: 100%
[11:49:14] [Server thread/INFO]: Potato Growth Modifier: 100%
[11:49:14] [Server thread/INFO]: Wheat Growth Modifier: 100%
[11:49:14] [Server thread/INFO]: NetherWart Growth Modifier: 100%
[11:49:14] [Server thread/INFO]: Vine Growth Modifier: 100%
[11:49:14] [Server thread/INFO]: Cocoa Growth Modifier: 100%
[11:49:14] [Server thread/INFO]: Bamboo Growth Modifier: 100%
[11:49:14] [Server thread/INFO]: SweetBerry Growth Modifier: 100%
[11:49:14] [Server thread/INFO]: Kelp Growth Modifier: 100%
[11:49:14] [Server thread/INFO]: Custom Map Seeds:  Village: 10387312 Desert: 14357617 Igloo: 14357618 Jungle: 14357619 Swamp: 14357620 Monument: 10387313 Ocean: 14357621 Shipwreck: 165745295 Slime: 987234911
[11:49:14] [Server thread/INFO]: Hopper Transfer: 8 Hopper Check: 1 Hopper Amount: 1
[11:49:14] [Server thread/INFO]: Entity Tracking Range: Pl 48 / An 48 / Mo 48 / Mi 32 / Other 64
[11:49:14] [Server thread/INFO]: Max TNT Explosions: 100
[11:49:14] [Server thread/INFO]: Tile Max Tick Time: 50ms Entity max Tick Time: 50ms
[11:49:14] [Server thread/INFO]: Item Merge Radius: 2.5
[11:49:14] [Server thread/INFO]: View Distance: 6
[11:49:14] [Server thread/INFO]: Item Despawn Rate: 6000
[11:49:14] [Server thread/INFO]: Zombie Aggressive Towards Villager: true
[11:49:14] [Server thread/INFO]: Arrow Despawn Rate: 1200 Trident Respawn Rate:1200
[11:49:14] [Server thread/INFO]: Allow Zombie Pigmen to spawn from portal blocks: true
[11:49:14] [Server thread/INFO]: Nerfing mobs spawned from spawners: false
[11:49:14] [Server thread/INFO]: Preparing start region for dimension '3-player Survival'/minecraft:overworld
[11:49:15] [Server thread/INFO]: Preparing spawn area: 0%
[11:49:15] [Server thread/INFO]: Preparing spawn area: 0%
[11:49:15] [Server thread/INFO]: Preparing spawn area: 0%
[11:49:16] [Server thread/INFO]: Preparing spawn area: 1%
[11:49:16] [Server thread/INFO]: Preparing spawn area: 92%
[11:49:17] [Server thread/INFO]: Preparing spawn area: 100%
[11:49:17] [Server thread/INFO]: Preparing spawn area: 100%
[11:49:18] [Server thread/INFO]: Loaded 169 spawn chunks for world 3-player Survival
[11:49:18] [Server thread/INFO]: Time elapsed: 3398 ms
[11:49:18] [Server thread/INFO]: Preparing start region for dimension '3-player Survival_nether'/minecraft:the_nether
[11:49:18] [Server thread/INFO]: Preparing spawn area: 0%
[11:49:18] [Server thread/INFO]: Preparing spawn area: 30%
[11:49:19] [Server thread/INFO]: Preparing spawn area: 100%
[11:49:19] [Server-Worker-2/INFO]: Preparing spawn area: 100%
[11:49:20] [Server-Worker-2/INFO]: Preparing spawn area: 100%
[11:49:20] [Server-Worker-2/INFO]: Preparing spawn area: 100%
[11:49:21] [Server-Worker-2/INFO]: Preparing spawn area: 100%
[11:49:21] [Server-Worker-1/INFO]: Preparing spawn area: 100%
[11:49:22] [Server thread/INFO]: Preparing spawn area: 100%
[11:49:22] [Server thread/INFO]: Loaded 169 spawn chunks for world 3-player Survival_nether
[11:49:22] [Server thread/INFO]: Time elapsed: 4093 ms
[11:49:22] [Server thread/INFO]: Preparing start region for dimension '3-player Survival_the_end'/minecraft:the_end
[11:49:22] [Server thread/INFO]: Preparing spawn area: 0%
[11:49:22] [Server-Worker-1/INFO]: Preparing spawn area: 100%
[11:49:23] [Server-Worker-1/INFO]: Preparing spawn area: 100%
[11:49:23] [Server thread/INFO]: Preparing spawn area: 100%
[11:49:23] [Server thread/INFO]: Loaded 169 spawn chunks for world 3-player Survival_the_end
[11:49:23] [Server thread/INFO]: Time elapsed: 1589 ms
[11:49:23] [Server thread/INFO]: [SpigotPing] Enabling SpigotPing v2.5*
[11:49:24] [Server thread/INFO]: [SpigotPing] TabList is enabled, task added with a delay of 3 second/s.
[11:49:24] [Server thread/INFO]: Done (19.271s)! For help, type "help"
[11:49:24] [Server thread/INFO]: Timings Reset
[12:15:11] [User Authenticator #1/INFO]: UUID of player Stehsaer is 4ee78221-99b3-33bb-8da3-72c49ff039eb
[12:15:12] [Server thread/INFO]: Stehsaer lost connection: Disconnected
[12:15:12] [Server thread/INFO]: Stehsaer left the game
[12:41:50] [User Authenticator #2/INFO]: UUID of player Stehsaer is 4ee78221-99b3-33bb-8da3-72c49ff039eb
[12:41:52] [Server thread/INFO]: Stehsaer[/127.0.0.1:55495] logged in with entity id 185 at ([3-player Survival]-104.27888025826502, 63.0, -631.5714746042378)
[12:42:00] [Server thread/WARN]: Can't keep up! Is the server overloaded? Running 5067ms or 101 ticks behind
[12:42:01] [Server thread/INFO]: Stehsaer lost connection: Disconnected
[12:42:01] [Server thread/INFO]: Stehsaer left the game
[12:44:40] [User Authenticator #3/INFO]: UUID of player Stehsaer is 4ee78221-99b3-33bb-8da3-72c49ff039eb
[12:44:41] [Server thread/INFO]: Stehsaer[/192.168.100.27:55533] logged in with entity id 202 at ([3-player Survival]-104.27888025826502, 63.0, -631.5714746042378)
[12:56:20] [Server thread/INFO]: Stehsaer lost connection: Disconnected
[12:56:20] [Server thread/INFO]: Stehsaer left the game
[13:02:50] [User Authenticator #4/INFO]: UUID of player Stehsaer is 4ee78221-99b3-33bb-8da3-72c49ff039eb
[13:02:50] [Server thread/INFO]: Stehsaer[/127.0.0.1:55657] logged in with entity id 1276 at ([3-player Survival]-106.71502564941758, 63.0, -630.6191650657395)
[13:03:05] [Server thread/INFO]: Stehsaer issued server command: /ping
[13:03:05] [Server thread/INFO]: [SpigotPing] Can not play a sound. The specified sound-type is not available in your server version, please ensure to read carefully the config file.
[13:03:14] [Server thread/INFO]: Stehsaer issued server command: /ping
[13:03:14] [Server thread/INFO]: [SpigotPing] Can not play a sound. The specified sound-type is not available in your server version, please ensure to read carefully the config file.
[13:03:17] [Server thread/INFO]: Stehsaer issued server command: /ping
[13:03:17] [Server thread/INFO]: [SpigotPing] Can not play a sound. The specified sound-type is not available in your server version, please ensure to read carefully the config file.
[13:03:25] [Server thread/INFO]: Stehsaer issued server command: /ping
[13:03:25] [Server thread/INFO]: [SpigotPing] Can not play a sound. The specified sound-type is not available in your server version, please ensure to read carefully the config file.
[13:03:50] [Server thread/INFO]: Stehsaer lost connection: Disconnected
[13:03:50] [Server thread/INFO]: Stehsaer left the game
[13:42:01] [User Authenticator #5/INFO]: UUID of player Stehsaer is 4ee78221-99b3-33bb-8da3-72c49ff039eb
[13:42:02] [Server thread/INFO]: Stehsaer[/192.168.100.27:55888] logged in with entity id 1356 at ([3-player Survival]-112.05147621620749, 63.0, -644.3673660189667)
[13:42:17] [Server thread/INFO]: Stehsaer lost connection: Disconnected
[13:42:17] [Server thread/INFO]: Stehsaer left the game
[13:49:08] [User Authenticator #6/INFO]: UUID of player Stehsaer is 4ee78221-99b3-33bb-8da3-72c49ff039eb
[13:49:09] [Server thread/INFO]: Stehsaer[/192.168.100.27:56033] logged in with entity id 1383 at ([3-player Survival]-119.6454622901059, 63.0, -633.4684983105088)
[13:51:36] [Server thread/INFO]: Stehsaer lost connection: Disconnected
[13:51:36] [Server thread/INFO]: Stehsaer left the game
[13:52:18] [User Authenticator #7/INFO]: UUID of player Stehsaer is 4ee78221-99b3-33bb-8da3-72c49ff039eb
[13:52:19] [Server thread/INFO]: Stehsaer[/192.168.100.27:56058] logged in with entity id 1553 at ([3-player Survival]-102.86879378947118, 50.0, -632.14883851227)
[14:13:17] [Server thread/INFO]: Stehsaer lost connection: Disconnected
[14:13:18] [Server thread/INFO]: Stehsaer left the game
[14:14:16] [User Authenticator #8/INFO]: UUID of player Stehsaer is 4ee78221-99b3-33bb-8da3-72c49ff039eb
[14:14:16] [Server thread/INFO]: Stehsaer[/192.168.100.27:56171] logged in with entity id 3366 at ([3-player Survival]-109.32241401854415, 58.0, -625.4773495924663)
[14:20:28] [Server thread/INFO]: Stehsaer has made the advancement [Local Brewery]
[14:38:58] [Server thread/INFO]: Stehsaer lost connection: Disconnected
[14:38:58] [Server thread/INFO]: Stehsaer left the game
[14:41:49] [User Authenticator #9/INFO]: UUID of player Stehsaer is 4ee78221-99b3-33bb-8da3-72c49ff039eb
[14:41:49] [Server thread/INFO]: Stehsaer[/192.168.100.27:56377] logged in with entity id 4884 at ([3-player Survival]-105.94192029005008, 63.0, -631.3029640316104)
[14:43:43] [Server thread/INFO]: Villager EntityVillager['Villager'/399, uuid='4c7f2be8-fa77-4da0-aa98-2634700d35cb', l='3-player Survival', x=-202.74, y=71.00, z=-777.96, cx=-13, cz=-49, tl=17395, v=true, d=false] died, message: 'Villager was slain by Zombie'
[14:45:21] [Server thread/INFO]: Stehsaer lost connection: Disconnected
[14:45:21] [Server thread/INFO]: Stehsaer left the game
[14:48:52] [User Authenticator #10/INFO]: UUID of player Stehsaer is 4ee78221-99b3-33bb-8da3-72c49ff039eb
[14:48:52] [Server thread/INFO]: Stehsaer[/192.168.100.27:56492] logged in with entity id 5259 at ([3-player Survival]-112.46710656350612, 62.9375, -642.9435166365396)
[14:50:16] [Server thread/INFO]: Stehsaer has made the advancement [Take Aim]
[14:55:12] [Server thread/INFO]: Stehsaer issued server command: /setworldspawn
[14:55:12] [Server thread/INFO]: [Stehsaer: Set the world spawn point to -107, 63, -631]
[14:55:14] [Server thread/INFO]: Stehsaer lost connection: Disconnected
[14:55:14] [Server thread/INFO]: Stehsaer left the game
[14:58:37] [User Authenticator #11/INFO]: UUID of player Stehsaer is 4ee78221-99b3-33bb-8da3-72c49ff039eb
[14:58:38] [Server thread/INFO]: Stehsaer[/127.0.0.1:56575] logged in with entity id 5902 at ([3-player Survival]-106.02330233546226, 63.0, -630.826839892995)
[14:58:43] [Server thread/INFO]: Stehsaer lost connection: Disconnected
[14:58:43] [Server thread/INFO]: Stehsaer left the game
[15:03:44] [User Authenticator #12/INFO]: UUID of player Stehsaer is 4ee78221-99b3-33bb-8da3-72c49ff039eb
[15:03:44] [Server thread/INFO]: Stehsaer[/192.168.100.27:56623] logged in with entity id 5918 at ([3-player Survival]-106.02330233546226, 63.0, -630.826839892995)
[15:04:41] [Server thread/INFO]: Stehsaer lost connection: Disconnected
[15:04:41] [Server thread/INFO]: Stehsaer left the game
[15:06:26] [User Authenticator #13/INFO]: UUID of player WANGYU20200214 is 4b5eda16-1e2a-35e4-8310-43dedfa9874c
[15:06:26] [Server thread/INFO]: WANGYU20200214[/127.0.0.1:56658] logged in with entity id 6000 at ([3-player Survival]-99.68156756160677, 63.0, -634.2539391952521)
[15:06:29] [User Authenticator #13/INFO]: UUID of player Stehsaer is 4ee78221-99b3-33bb-8da3-72c49ff039eb
[15:06:29] [Server thread/INFO]: Stehsaer[/192.168.100.27:56660] logged in with entity id 6010 at ([3-player Survival]-121.18300325065233, 63.0, -634.7075584216617)
[15:06:49] [Server thread/INFO]: WANGYU20200214 issued server command: /ping
[15:06:49] [Server thread/INFO]: [SpigotPing] Can not play a sound. The specified sound-type is not available in your server version, please ensure to read carefully the config file.
[15:10:09] [Server thread/INFO]: Stehsaer lost connection: Disconnected
[15:10:09] [Server thread/INFO]: Stehsaer left the game
[15:11:13] [User Authenticator #14/INFO]: UUID of player Stehsaer is 4ee78221-99b3-33bb-8da3-72c49ff039eb
[15:11:13] [Server thread/INFO]: Stehsaer[/192.168.100.27:56702] logged in with entity id 6452 at ([3-player Survival]-119.63370242281574, 69.0, -662.2860344295262)
[15:11:21] [Server thread/INFO]: Stehsaer lost connection: Disconnected
[15:11:21] [Server thread/INFO]: Stehsaer left the game
[15:11:29] [Server thread/INFO]: [Server] blyat
[15:11:41] [Server thread/INFO]: [Server] my mom is here, blyat
[15:11:49] [Server thread/INFO]: [Server] do your things first
[15:12:19] [Server thread/INFO]: [Server] diao yu
[15:12:26] [Server thread/INFO]: [Server] I went fishing in the pond
[15:13:12] [Server thread/INFO]: [Server] my mom is walking around me
[15:13:31] [Server thread/INFO]: [Server] BLYYYYYYYYYYYYYYYYYYYAAAAAAAAAAAAAAAT
[15:13:41] [Async Chat Thread - #0/INFO]: <WANGYU20200214> hh
[15:14:33] [Server thread/INFO]: [Server] I will come back as soon as my mom leaves
[15:14:55] [User Authenticator #15/INFO]: UUID of player Stehsaer is 4ee78221-99b3-33bb-8da3-72c49ff039eb
[15:14:55] [Server thread/INFO]: Stehsaer[/192.168.100.27:56753] logged in with entity id 6781 at ([3-player Survival]-128.85273148640073, 69.0, -657.3704297577277)
[15:15:13] [Server thread/INFO]: Stehsaer lost connection: Disconnected
[15:15:13] [Server thread/INFO]: Stehsaer left the game
[15:15:22] [Server thread/INFO]: [Server] she is back again
[15:17:32] [Server thread/INFO]: [Server] what are you doing
[15:18:07] [Async Chat Thread - #1/INFO]: <WANGYU20200214> 挖一个种萝卜的地方
[15:19:17] [Server thread/INFO]: Unknown command. Type "/help" for help.
[15:19:19] [Server thread/INFO]: [Server] ok
[15:20:13] [Server thread/INFO]: [Server] \u597d\u7684\uff0c\u90a3\u4e48\u4f60\u5982\u679c\u6709\u6761\u4ef6\u53ef\u4ee5\u53bb\u767e\u82b1\u6751\u641c\u96c6\u80e1\u841d\u535c
[15:20:31] [Server thread/INFO]: [Server] 加油
[15:20:40] [Server thread/INFO]: [Server] do you see the chinese?
[15:20:49] [Async Chat Thread - #2/INFO]: <WANGYU20200214> yes
[15:20:56] [Server thread/INFO]: [Server] 太好了
[15:23:00] [Server thread/INFO]: [Server] 你还可以扩建一下我们的家
[15:23:06] [Server thread/INFO]: [Server] 我应该很快就可以回来了
[15:24:25] [User Authenticator #16/INFO]: UUID of player Stehsaer is 4ee78221-99b3-33bb-8da3-72c49ff039eb
[15:24:25] [Server thread/INFO]: Stehsaer[/192.168.100.27:56888] logged in with entity id 7668 at ([3-player Survival]-133.42481093955868, 65.0, -644.6627808623541)
[15:29:21] [Server thread/INFO]: WANGYU20200214 issued server command: /ping
[15:29:21] [Server thread/INFO]: [SpigotPing] Can not play a sound. The specified sound-type is not available in your server version, please ensure to read carefully the config file.
[15:29:26] [Server thread/INFO]: Stehsaer issued server command: /ping WANGYU20200214
[15:29:26] [Server thread/INFO]: [SpigotPing] Can not play a sound. The specified sound-type is not available in your server version, please ensure to read carefully the config file.
[15:32:52] [Server thread/INFO]: Villager EntityVillager['Librarian'/8814, uuid='26ffda63-b5ed-4be6-803a-1dd8b9a0ded3', l='3-player Survival', x=551.50, y=64.42, z=-486.70, cx=34, cz=-31, tl=2718, v=true, d=false] died, message: 'Librarian was slain by Zombie'
[15:32:58] [Async Chat Thread - #3/INFO]: <Stehsaer> shui jiao!
[15:33:06] [Server thread/INFO]: WANGYU20200214 issued server command: /plugins
[15:33:11] [Async Chat Thread - #3/INFO]: <Stehsaer> 睡觉啦
[15:33:18] [Server thread/INFO]: Villager EntityVillager['Villager'/8777, uuid='3addb296-b767-4ee6-9984-b93abe88b136', l='3-player Survival', x=544.58, y=76.00, z=-370.40, cx=34, cz=-24, tl=3560, v=true, d=false] died, message: 'Villager was slain by Zombie'
[15:33:26] [Async Chat Thread - #3/INFO]: <Stehsaer> 猫居然还会打呼噜
[15:33:35] [Async Chat Thread - #3/INFO]: <Stehsaer> 还会躺在我的床上
[15:33:39] [Async Chat Thread - #3/INFO]: <Stehsaer> 我已经睡觉了
[15:33:44] [Server thread/INFO]: Villager EntityVillager['Leatherworker'/8776, uuid='fb39ebc5-620d-4702-bb24-4ea2d0533d14', l='3-player Survival', x=553.54, y=75.00, z=-385.30, cx=34, cz=-25, tl=4074, v=true, d=false] died, message: 'Leatherworker was slain by Zombie'
[15:33:49] [Server thread/INFO]: Villager EntityVillager['Leatherworker'/8780, uuid='3730d8f7-0568-48a0-a377-6e3d9e29eed4', l='3-player Survival', x=573.37, y=74.00, z=-352.58, cx=35, cz=-23, tl=4181, v=true, d=false] died, message: 'Leatherworker was slain by Zombie'
[15:39:30] [Async Chat Thread - #4/INFO]: <Stehsaer> 60 40 -531
[15:40:15] [Server thread/INFO]: Stehsaer issued server command: /tp Stehsaer WANGYU20200214
[15:40:15] [Server thread/INFO]: [Stehsaer: Teleported Stehsaer to WANGYU20200214]
[15:41:27] [Server thread/INFO]: Stehsaer issued server command: /tp Stehsaer 60 40 -531
[15:41:27] [Server thread/INFO]: [Stehsaer: Teleported Stehsaer to 60.5, 40.0, -530.5]
[15:41:27] [Server thread/WARN]: Stehsaer moved too quickly! 164.80000001192093,-10.0,102.01249998807907
[15:49:41] [Server thread/INFO]: Stehsaer lost connection: Disconnected
[15:49:41] [Server thread/INFO]: Stehsaer left the game
[15:50:08] [User Authenticator #17/INFO]: UUID of player Stehsaer is 4ee78221-99b3-33bb-8da3-72c49ff039eb
[15:50:08] [Server thread/INFO]: Stehsaer[/192.168.100.27:57032] logged in with entity id 13095 at ([3-player Survival]-89.66390729610119, 63.0, -635.8534699625725)
[16:30:11] [Server thread/INFO]: WANGYU20200214 lost connection: Disconnected
[16:30:11] [Server thread/INFO]: WANGYU20200214 left the game
[16:35:26] [User Authenticator #18/INFO]: UUID of player WANGYU20200214 is 4b5eda16-1e2a-35e4-8310-43dedfa9874c
[16:35:26] [Server thread/INFO]: WANGYU20200214[/127.0.0.1:57323] logged in with entity id 18343 at ([3-player Survival]-102.13401611781313, 50.0, -628.9476662721692)
[16:41:15] [Server thread/INFO]: Stehsaer lost connection: Disconnected
[16:41:15] [Server thread/INFO]: Stehsaer left the game
[16:42:03] [User Authenticator #19/INFO]: UUID of player Stehsaer is 4ee78221-99b3-33bb-8da3-72c49ff039eb
[16:42:04] [Server thread/INFO]: Stehsaer[/192.168.100.27:57372] logged in with entity id 18722 at ([3-player Survival]-104.6169309104089, 50.875, -627.9391216594012)
[16:42:14] [Server thread/INFO]: No player was found
[16:42:19] [Server thread/INFO]: Stehsaer lost connection: Kicked by an operator
[16:42:19] [Server thread/INFO]: Stehsaer left the game
[16:42:19] [Server thread/INFO]: Kicked Stehsaer: Kicked by an operator
[16:42:19] [Server thread/WARN]: handleDisconnection() called twice
[16:42:28] [User Authenticator #19/INFO]: UUID of player Stehsaer is 4ee78221-99b3-33bb-8da3-72c49ff039eb
[16:42:28] [Server thread/INFO]: Stehsaer[/192.168.100.27:57380] logged in with entity id 18734 at ([3-player Survival]-104.6169309104089, 50.875, -627.9391216594012)
[16:45:42] [Server thread/INFO]: Villager EntityVillager['Farmer'/167, uuid='b1c72a9a-3183-496e-8c0b-14b28ef6edd7', l='3-player Survival', x=-192.13, y=75.00, z=-709.56, cx=-13, cz=-45, tl=186170, v=true, d=false] died, message: 'Farmer was slain by Zombie'
[16:49:21] [Server thread/INFO]: Villager EntityVillager['Villager'/165, uuid='a30fe7f0-0364-486b-8c22-e5bd770cba0d', l='3-player Survival', x=-163.49, y=70.94, z=-739.71, cx=-11, cz=-47, tl=57377, v=true, d=false] died, message: 'Villager was slain by Zombie'
[16:49:48] [Server thread/INFO]: Villager EntityVillager['Villager'/5816, uuid='b6e00000-9bdd-4993-9f99-d8bca3ebbcd0', l='3-player Survival', x=-154.87, y=72.00, z=-732.01, cx=-10, cz=-46, tl=15706, v=true, d=false] died, message: 'Villager was slain by Zombie'
[17:05:15] [Server thread/INFO]: WANGYU20200214 lost connection: Disconnected
[17:05:15] [Server thread/INFO]: WANGYU20200214 left the game
[17:05:15] [Server thread/INFO]: Stehsaer lost connection: Disconnected
[17:05:15] [Server thread/INFO]: Stehsaer left the game
[17:05:24] [Server thread/INFO]: Saving the game (this may take a moment!)
[17:05:24] [Server thread/INFO]: Saved the game
[17:05:26] [Server thread/INFO]: Stopping the server
[17:05:27] [Server thread/INFO]: Stopping server
[17:05:27] [Server thread/INFO]: [SpigotPing] Disabling SpigotPing v2.5
[17:05:27] [Server thread/INFO]: [SpigotPing] Cancelling tasks...
[17:05:27] [Server thread/INFO]: Saving players
[17:05:27] [Server thread/INFO]: Saving worlds
[17:05:27] [Server thread/INFO]: Saving chunks for level '3-player Survival'/minecraft:overworld
[17:05:27] [Server thread/INFO]: ThreadedAnvilChunkStorage (3-player Survival): All chunks are saved
[17:05:27] [Server thread/INFO]: Saving chunks for level '3-player Survival_nether'/minecraft:the_nether
[17:05:27] [Server thread/INFO]: ThreadedAnvilChunkStorage (DIM-1): All chunks are saved
[17:05:27] [Server thread/INFO]: Saving chunks for level '3-player Survival_the_end'/minecraft:the_end
[17:05:27] [Server thread/INFO]: ThreadedAnvilChunkStorage (DIM1): All chunks are saved
[17:05:27] [Server thread/INFO]: ThreadedAnvilChunkStorage (3-player Survival): All chunks are saved
[17:05:27] [Server thread/INFO]: ThreadedAnvilChunkStorage (DIM-1): All chunks are saved
[17:05:28] [Server thread/INFO]: ThreadedAnvilChunkStorage (DIM1): All chunks are saved
