[16:47:47] [Server thread/INFO]: Starting minecraft server version 1.15.2
[16:47:47] [Server thread/INFO]: Loading properties
[16:47:48] [Server thread/INFO]: This server is running Paper version git-Paper-98 (MC: 1.15.2) (Implementing API version 1.15.2-R0.1-SNAPSHOT)
[16:47:49] [Server thread/INFO]: Debug logging is disabled
[16:47:49] [Server thread/INFO]: Server Ping Player Sample Count: 12
[16:47:49] [Server thread/INFO]: Using 4 threads for Netty based IO
[16:47:50] [Server thread/INFO]: Default game type: SURVIVAL
[16:47:50] [Server thread/INFO]: Generating keypair
[16:47:51] [Server thread/INFO]: Starting Minecraft server on *:25565
[16:47:51] [Server thread/INFO]: Using default channel type
[16:47:54] [Server thread/WARN]: Initializing Legacy Material Support. Unless you have legacy plugins and/or data this is a bug!
[16:47:58] [Server thread/WARN]: Legacy plugin SpigotPing v2.5 does not specify an api-version.
[16:47:58] [Server thread/INFO]: [SpigotPing] Loading SpigotPing v2.5
[16:47:58] [Server thread/INFO]: Server permissions file permissions.yml is empty, ignoring it
[16:47:58] [Server thread/WARN]: **** SERVER IS RUNNING IN OFFLINE/INSECURE MODE!
[16:47:58] [Server thread/WARN]: The server will make no attempt to authenticate usernames. Beware.
[16:47:58] [Server thread/WARN]: While this makes the game possible to play without internet access, it also opens up the ability for hackers to connect with any username they choose.
[16:47:58] [Server thread/WARN]: To change this, set "online-mode" to "true" in the server.properties file.
[16:47:58] [Server thread/INFO]: Preparing level "3-player Survival"
[16:47:59] [Server thread/INFO]: Reloading ResourceManager: Default, bukkit
[16:48:00] [Server thread/INFO]: Loaded 6 recipes
[16:48:01] [Server thread/INFO]: -------- World Settings For [3-player Survival] --------
[16:48:01] [Server thread/INFO]: Zombie Aggressive Towards Villager: true
[16:48:01] [Server thread/INFO]: View Distance: 6
[16:48:01] [Server thread/INFO]: Allow Zombie Pigmen to spawn from portal blocks: true
[16:48:01] [Server thread/INFO]: Item Merge Radius: 2.5
[16:48:01] [Server thread/INFO]: Item Despawn Rate: 6000
[16:48:01] [Server thread/INFO]: Arrow Despawn Rate: 1200 Trident Respawn Rate:1200
[16:48:01] [Server thread/INFO]: Nerfing mobs spawned from spawners: false
[16:48:01] [Server thread/INFO]: Cactus Growth Modifier: 100%
[16:48:01] [Server thread/INFO]: Cane Growth Modifier: 100%
[16:48:01] [Server thread/INFO]: Melon Growth Modifier: 100%
[16:48:01] [Server thread/INFO]: Mushroom Growth Modifier: 100%
[16:48:01] [Server thread/INFO]: Pumpkin Growth Modifier: 100%
[16:48:01] [Server thread/INFO]: Sapling Growth Modifier: 100%
[16:48:01] [Server thread/INFO]: Beetroot Growth Modifier: 100%
[16:48:01] [Server thread/INFO]: Carrot Growth Modifier: 100%
[16:48:01] [Server thread/INFO]: Potato Growth Modifier: 100%
[16:48:01] [Server thread/INFO]: Wheat Growth Modifier: 100%
[16:48:01] [Server thread/INFO]: NetherWart Growth Modifier: 100%
[16:48:01] [Server thread/INFO]: Vine Growth Modifier: 100%
[16:48:01] [Server thread/INFO]: Cocoa Growth Modifier: 100%
[16:48:01] [Server thread/INFO]: Bamboo Growth Modifier: 100%
[16:48:01] [Server thread/INFO]: SweetBerry Growth Modifier: 100%
[16:48:01] [Server thread/INFO]: Kelp Growth Modifier: 100%
[16:48:01] [Server thread/INFO]: Experience Merge Radius: 3.0
[16:48:01] [Server thread/INFO]: Mob Spawn Range: 8
[16:48:01] [Server thread/INFO]: Max TNT Explosions: 100
[16:48:01] [Server thread/INFO]: Tile Max Tick Time: 50ms Entity max Tick Time: 50ms
[16:48:01] [Server thread/INFO]: Entity Activation Range: An 32 / Mo 32 / Ra 48 / Mi 16 / Tiv true
[16:48:01] [Server thread/INFO]: Entity Tracking Range: Pl 48 / An 48 / Mo 48 / Mi 32 / Other 64
[16:48:01] [Server thread/INFO]: Hopper Transfer: 8 Hopper Check: 1 Hopper Amount: 1
[16:48:01] [Server thread/INFO]: Custom Map Seeds:  Village: 10387312 Desert: 14357617 Igloo: 14357618 Jungle: 14357619 Swamp: 14357620 Monument: 10387313 Ocean: 14357621 Shipwreck: 165745295 Slime: 987234911
[16:48:02] [Server thread/INFO]: -------- World Settings For [3-player Survival_nether] --------
[16:48:02] [Server thread/INFO]: Zombie Aggressive Towards Villager: true
[16:48:02] [Server thread/INFO]: View Distance: 6
[16:48:02] [Server thread/INFO]: Allow Zombie Pigmen to spawn from portal blocks: true
[16:48:02] [Server thread/INFO]: Item Merge Radius: 2.5
[16:48:02] [Server thread/INFO]: Item Despawn Rate: 6000
[16:48:02] [Server thread/INFO]: Arrow Despawn Rate: 1200 Trident Respawn Rate:1200
[16:48:02] [Server thread/INFO]: Nerfing mobs spawned from spawners: false
[16:48:02] [Server thread/INFO]: Cactus Growth Modifier: 100%
[16:48:02] [Server thread/INFO]: Cane Growth Modifier: 100%
[16:48:02] [Server thread/INFO]: Melon Growth Modifier: 100%
[16:48:02] [Server thread/INFO]: Mushroom Growth Modifier: 100%
[16:48:02] [Server thread/INFO]: Pumpkin Growth Modifier: 100%
[16:48:02] [Server thread/INFO]: Sapling Growth Modifier: 100%
[16:48:02] [Server thread/INFO]: Beetroot Growth Modifier: 100%
[16:48:02] [Server thread/INFO]: Carrot Growth Modifier: 100%
[16:48:02] [Server thread/INFO]: Potato Growth Modifier: 100%
[16:48:02] [Server thread/INFO]: Wheat Growth Modifier: 100%
[16:48:02] [Server thread/INFO]: NetherWart Growth Modifier: 100%
[16:48:02] [Server thread/INFO]: Vine Growth Modifier: 100%
[16:48:02] [Server thread/INFO]: Cocoa Growth Modifier: 100%
[16:48:02] [Server thread/INFO]: Bamboo Growth Modifier: 100%
[16:48:02] [Server thread/INFO]: SweetBerry Growth Modifier: 100%
[16:48:02] [Server thread/INFO]: Kelp Growth Modifier: 100%
[16:48:02] [Server thread/INFO]: Experience Merge Radius: 3.0
[16:48:02] [Server thread/INFO]: Mob Spawn Range: 8
[16:48:02] [Server thread/INFO]: Max TNT Explosions: 100
[16:48:02] [Server thread/INFO]: Tile Max Tick Time: 50ms Entity max Tick Time: 50ms
[16:48:02] [Server thread/INFO]: Entity Activation Range: An 32 / Mo 32 / Ra 48 / Mi 16 / Tiv true
[16:48:02] [Server thread/INFO]: Entity Tracking Range: Pl 48 / An 48 / Mo 48 / Mi 32 / Other 64
[16:48:02] [Server thread/INFO]: Hopper Transfer: 8 Hopper Check: 1 Hopper Amount: 1
[16:48:02] [Server thread/INFO]: Custom Map Seeds:  Village: 10387312 Desert: 14357617 Igloo: 14357618 Jungle: 14357619 Swamp: 14357620 Monument: 10387313 Ocean: 14357621 Shipwreck: 165745295 Slime: 987234911
[16:48:02] [Server thread/INFO]: -------- World Settings For [3-player Survival_the_end] --------
[16:48:02] [Server thread/INFO]: Zombie Aggressive Towards Villager: true
[16:48:02] [Server thread/INFO]: View Distance: 6
[16:48:02] [Server thread/INFO]: Allow Zombie Pigmen to spawn from portal blocks: true
[16:48:02] [Server thread/INFO]: Item Merge Radius: 2.5
[16:48:02] [Server thread/INFO]: Item Despawn Rate: 6000
[16:48:02] [Server thread/INFO]: Arrow Despawn Rate: 1200 Trident Respawn Rate:1200
[16:48:02] [Server thread/INFO]: Nerfing mobs spawned from spawners: false
[16:48:02] [Server thread/INFO]: Cactus Growth Modifier: 100%
[16:48:02] [Server thread/INFO]: Cane Growth Modifier: 100%
[16:48:02] [Server thread/INFO]: Melon Growth Modifier: 100%
[16:48:02] [Server thread/INFO]: Mushroom Growth Modifier: 100%
[16:48:02] [Server thread/INFO]: Pumpkin Growth Modifier: 100%
[16:48:02] [Server thread/INFO]: Sapling Growth Modifier: 100%
[16:48:02] [Server thread/INFO]: Beetroot Growth Modifier: 100%
[16:48:02] [Server thread/INFO]: Carrot Growth Modifier: 100%
[16:48:02] [Server thread/INFO]: Potato Growth Modifier: 100%
[16:48:02] [Server thread/INFO]: Wheat Growth Modifier: 100%
[16:48:02] [Server thread/INFO]: NetherWart Growth Modifier: 100%
[16:48:02] [Server thread/INFO]: Vine Growth Modifier: 100%
[16:48:02] [Server thread/INFO]: Cocoa Growth Modifier: 100%
[16:48:02] [Server thread/INFO]: Bamboo Growth Modifier: 100%
[16:48:02] [Server thread/INFO]: SweetBerry Growth Modifier: 100%
[16:48:02] [Server thread/INFO]: Kelp Growth Modifier: 100%
[16:48:02] [Server thread/INFO]: Experience Merge Radius: 3.0
[16:48:02] [Server thread/INFO]: Mob Spawn Range: 8
[16:48:02] [Server thread/INFO]: Max TNT Explosions: 100
[16:48:02] [Server thread/INFO]: Tile Max Tick Time: 50ms Entity max Tick Time: 50ms
[16:48:02] [Server thread/INFO]: Entity Activation Range: An 32 / Mo 32 / Ra 48 / Mi 16 / Tiv true
[16:48:02] [Server thread/INFO]: Entity Tracking Range: Pl 48 / An 48 / Mo 48 / Mi 32 / Other 64
[16:48:02] [Server thread/INFO]: Hopper Transfer: 8 Hopper Check: 1 Hopper Amount: 1
[16:48:02] [Server thread/INFO]: Custom Map Seeds:  Village: 10387312 Desert: 14357617 Igloo: 14357618 Jungle: 14357619 Swamp: 14357620 Monument: 10387313 Ocean: 14357621 Shipwreck: 165745295 Slime: 987234911
[16:48:03] [Server thread/INFO]: Preparing start region for dimension '3-player Survival'/minecraft:overworld
[16:48:03] [Server thread/INFO]: Preparing spawn area: 0%
[16:48:03] [Server thread/INFO]: Preparing spawn area: 0%
[16:48:04] [Server thread/INFO]: Preparing spawn area: 0%
[16:48:04] [Server thread/INFO]: Preparing spawn area: 1%
[16:48:05] [Server thread/INFO]: Preparing spawn area: 92%
[16:48:05] [Server thread/INFO]: Preparing spawn area: 100%
[16:48:06] [Server thread/INFO]: Preparing spawn area: 100%
[16:48:06] [Server thread/INFO]: Loaded 169 spawn chunks for world 3-player Survival
[16:48:06] [Server thread/INFO]: Time elapsed: 3174 ms
[16:48:06] [Server thread/INFO]: Preparing start region for dimension '3-player Survival_nether'/minecraft:the_nether
[16:48:06] [Server thread/INFO]: Preparing spawn area: 0%
[16:48:06] [Server thread/INFO]: Preparing spawn area: 0%
[16:48:07] [Server-Worker-1/INFO]: Preparing spawn area: 100%
[16:48:07] [Server-Worker-2/INFO]: Preparing spawn area: 100%
[16:48:08] [Server-Worker-1/INFO]: Preparing spawn area: 100%
[16:48:08] [Server-Worker-2/INFO]: Preparing spawn area: 100%
[16:48:09] [Server-Worker-1/INFO]: Preparing spawn area: 100%
[16:48:09] [Server thread/INFO]: Loaded 169 spawn chunks for world 3-player Survival_nether
[16:48:09] [Server thread/INFO]: Time elapsed: 3497 ms
[16:48:09] [Server thread/INFO]: Preparing start region for dimension '3-player Survival_the_end'/minecraft:the_end
[16:48:09] [Server thread/INFO]: Preparing spawn area: 0%
[16:48:10] [Server-Worker-1/INFO]: Preparing spawn area: 100%
[16:48:10] [Server-Worker-2/INFO]: Preparing spawn area: 100%
[16:48:11] [Server thread/INFO]: Loaded 169 spawn chunks for world 3-player Survival_the_end
[16:48:11] [Server thread/INFO]: Time elapsed: 1344 ms
[16:48:11] [Server thread/INFO]: [SpigotPing] Enabling SpigotPing v2.5*
[16:48:11] [Server thread/INFO]: [SpigotPing] TabList is enabled, task added with a delay of 5 second/s.
[16:48:11] [Server thread/INFO]: Done (12.289s)! For help, type "help"
[16:48:11] [Server thread/INFO]: Timings Reset
[17:00:28] [User Authenticator #1/INFO]: UUID of player Stehsaer is 4ee78221-99b3-33bb-8da3-72c49ff039eb
[17:00:29] [Server thread/INFO]: Stehsaer[/192.168.100.27:51313] logged in with entity id 173 at ([3-player Survival]-113.26106420662711, 63.0, -647.4140925381829)
[17:02:04] [Server thread/INFO]: Stehsaer lost connection: Disconnected
[17:02:04] [Server thread/INFO]: Stehsaer left the game
[17:21:36] [User Authenticator #2/INFO]: UUID of player Stehsaer is 4ee78221-99b3-33bb-8da3-72c49ff039eb
[17:21:37] [Server thread/INFO]: Stehsaer[/192.168.100.27:51777] logged in with entity id 279 at ([3-player Survival]-111.54045512992326, 62.9375, -654.4859226318769)
[17:23:52] [User Authenticator #3/INFO]: UUID of player WANGYU20200214 is 4b5eda16-1e2a-35e4-8310-43dedfa9874c
[17:23:53] [Server thread/INFO]: WANGYU20200214[/127.0.0.1:51788] logged in with entity id 434 at ([3-player Survival]-113.68302175272481, 63.0, -635.3251715057936)
[17:29:22] [Server thread/INFO]: Stehsaer lost connection: Disconnected
[17:29:22] [Server thread/INFO]: Stehsaer left the game
[17:29:31] [User Authenticator #4/INFO]: UUID of player Stehsaer is 4ee78221-99b3-33bb-8da3-72c49ff039eb
[17:29:32] [Server thread/INFO]: Stehsaer[/192.168.100.27:51813] logged in with entity id 898 at ([3-player Survival]-188.73640645867332, 71.0, -670.195792002388)
[17:36:08] [Server thread/INFO]: Stehsaer issued server command: /locate Fortress
[17:46:22] [Server thread/INFO]: WANGYU20200214 tried to swim in lava to escape Ghast
[17:46:29] [Server thread/INFO]: Stehsaer issued server command: /kill
[17:46:29] [Server thread/INFO]: Stehsaer fell out of the world
[17:46:29] [Server thread/INFO]: [Stehsaer: Killed Stehsaer]
[17:48:49] [Server thread/INFO]: WANGYU20200214 tried to swim in lava
[17:48:57] [Server thread/INFO]: Stehsaer issued server command: /tp WANGYU20200214 Stehsaer
[17:48:58] [Server thread/INFO]: [Stehsaer: Teleported WANGYU20200214 to Stehsaer]
[17:50:19] [Server thread/INFO]: WANGYU20200214 burned to death
[17:51:10] [Server thread/INFO]: Stehsaer issued server command: /tp WANGYU20200214 Stehsaer
[17:51:10] [Server thread/INFO]: [Stehsaer: Teleported WANGYU20200214 to Stehsaer]
[17:53:21] [Server thread/INFO]: Stehsaer issued server command: /locate Fortress
[17:55:10] [Server thread/INFO]: WANGYU20200214 tried to swim in lava to escape Ghast
[17:56:00] [Server thread/INFO]: Stehsaer burned to death
[17:56:32] [Server thread/INFO]: Stehsaer issued server command: /save-all
[17:56:34] [Server thread/INFO]: [Stehsaer: Saved the game]
[17:56:37] [Server thread/INFO]: Stehsaer issued server command: /save-all
[17:56:37] [Server thread/INFO]: [Stehsaer: Saved the game]
[17:56:54] [Server thread/INFO]: Stehsaer issued server command: /tp WANGYU20200214 Stehsaer
[17:56:54] [Server thread/INFO]: [Stehsaer: Teleported WANGYU20200214 to Stehsaer]
[17:57:05] [Server thread/INFO]: WANGYU20200214 lost connection: Disconnected
[17:57:05] [Server thread/INFO]: WANGYU20200214 left the game
[17:57:05] [Server thread/INFO]: Stehsaer lost connection: Disconnected
[17:57:05] [Server thread/INFO]: Stehsaer left the game
[17:57:15] [Server thread/INFO]: Stopping the server
[17:57:15] [Server thread/INFO]: Stopping server
[17:57:15] [Server thread/INFO]: [SpigotPing] Disabling SpigotPing v2.5
[17:57:15] [Server thread/INFO]: [SpigotPing] Cancelling tasks...
[17:57:15] [Server thread/INFO]: Saving players
[17:57:15] [Server thread/INFO]: Saving worlds
[17:57:15] [Server thread/INFO]: Saving chunks for level '3-player Survival'/minecraft:overworld
[17:57:15] [Server thread/INFO]: ThreadedAnvilChunkStorage (3-player Survival): All chunks are saved
[17:57:15] [Server thread/INFO]: Saving chunks for level '3-player Survival_nether'/minecraft:the_nether
[17:57:15] [Server thread/INFO]: ThreadedAnvilChunkStorage (DIM-1): All chunks are saved
[17:57:15] [Server thread/INFO]: Saving chunks for level '3-player Survival_the_end'/minecraft:the_end
[17:57:15] [Server thread/INFO]: ThreadedAnvilChunkStorage (DIM1): All chunks are saved
[17:57:15] [Server thread/INFO]: ThreadedAnvilChunkStorage (3-player Survival): All chunks are saved
[17:57:16] [Server thread/INFO]: ThreadedAnvilChunkStorage (DIM-1): All chunks are saved
[17:57:16] [Server thread/INFO]: ThreadedAnvilChunkStorage (DIM1): All chunks are saved
