[19:31:07] [Server thread/INFO]: Starting minecraft server version 1.15.2
[19:31:07] [Server thread/INFO]: Loading properties
[19:31:07] [Server thread/INFO]: This server is running Paper version git-Paper-98 (MC: 1.15.2) (Implementing API version 1.15.2-R0.1-SNAPSHOT)
[19:31:09] [Server thread/INFO]: Debug logging is disabled
[19:31:09] [Server thread/INFO]: Server Ping Player Sample Count: 12
[19:31:09] [Server thread/INFO]: Using 4 threads for Netty based IO
[19:31:09] [Server thread/INFO]: Default game type: SURVIVAL
[19:31:09] [Server thread/INFO]: Generating keypair
[19:31:10] [Server thread/INFO]: Starting Minecraft server on *:25565
[19:31:10] [Server thread/INFO]: Using default channel type
[19:31:22] [Server thread/WARN]: Initializing Legacy Material Support. Unless you have legacy plugins and/or data this is a bug!
[19:31:27] [Server thread/WARN]: Legacy plugin SpigotPing v2.5 does not specify an api-version.
[19:31:27] [Server thread/INFO]: [SpigotPing] Loading SpigotPing v2.5
[19:31:27] [Server thread/INFO]: Server permissions file permissions.yml is empty, ignoring it
[19:31:27] [Server thread/WARN]: **** SERVER IS RUNNING IN OFFLINE/INSECURE MODE!
[19:31:27] [Server thread/WARN]: The server will make no attempt to authenticate usernames. Beware.
[19:31:27] [Server thread/WARN]: While this makes the game possible to play without internet access, it also opens up the ability for hackers to connect with any username they choose.
[19:31:27] [Server thread/WARN]: To change this, set "online-mode" to "true" in the server.properties file.
[19:31:27] [Server thread/INFO]: Preparing level "3-player Survival"
[19:31:27] [Server thread/INFO]: Found new data pack file/bukkit, loading it automatically
[19:31:27] [Server thread/INFO]: Reloading ResourceManager: Default, bukkit
[19:31:28] [Server thread/INFO]: Loaded 6 recipes
[19:31:29] [Server thread/INFO]: -------- World Settings For [3-player Survival] --------
[19:31:29] [Server thread/INFO]: Nerfing mobs spawned from spawners: false
[19:31:29] [Server thread/INFO]: View Distance: 6
[19:31:29] [Server thread/INFO]: Zombie Aggressive Towards Villager: true
[19:31:29] [Server thread/INFO]: Arrow Despawn Rate: 1200 Trident Respawn Rate:1200
[19:31:29] [Server thread/INFO]: Allow Zombie Pigmen to spawn from portal blocks: true
[19:31:29] [Server thread/INFO]: Item Despawn Rate: 6000
[19:31:29] [Server thread/INFO]: Item Merge Radius: 2.5
[19:31:29] [Server thread/INFO]: Experience Merge Radius: 3.0
[19:31:29] [Server thread/INFO]: Mob Spawn Range: 8
[19:31:29] [Server thread/INFO]: Cactus Growth Modifier: 100%
[19:31:29] [Server thread/INFO]: Cane Growth Modifier: 100%
[19:31:29] [Server thread/INFO]: Melon Growth Modifier: 100%
[19:31:29] [Server thread/INFO]: Mushroom Growth Modifier: 100%
[19:31:29] [Server thread/INFO]: Pumpkin Growth Modifier: 100%
[19:31:29] [Server thread/INFO]: Sapling Growth Modifier: 100%
[19:31:29] [Server thread/INFO]: Beetroot Growth Modifier: 100%
[19:31:29] [Server thread/INFO]: Carrot Growth Modifier: 100%
[19:31:29] [Server thread/INFO]: Potato Growth Modifier: 100%
[19:31:29] [Server thread/INFO]: Wheat Growth Modifier: 100%
[19:31:29] [Server thread/INFO]: NetherWart Growth Modifier: 100%
[19:31:29] [Server thread/INFO]: Vine Growth Modifier: 100%
[19:31:29] [Server thread/INFO]: Cocoa Growth Modifier: 100%
[19:31:29] [Server thread/INFO]: Bamboo Growth Modifier: 100%
[19:31:29] [Server thread/INFO]: SweetBerry Growth Modifier: 100%
[19:31:29] [Server thread/INFO]: Kelp Growth Modifier: 100%
[19:31:29] [Server thread/INFO]: Hopper Transfer: 8 Hopper Check: 1 Hopper Amount: 1
[19:31:29] [Server thread/INFO]: Custom Map Seeds:  Village: 10387312 Desert: 14357617 Igloo: 14357618 Jungle: 14357619 Swamp: 14357620 Monument: 10387313 Ocean: 14357621 Shipwreck: 165745295 Slime: 987234911
[19:31:29] [Server thread/INFO]: Entity Activation Range: An 32 / Mo 32 / Ra 48 / Mi 16 / Tiv true
[19:31:29] [Server thread/INFO]: Entity Tracking Range: Pl 48 / An 48 / Mo 48 / Mi 32 / Other 64
[19:31:29] [Server thread/INFO]: Tile Max Tick Time: 50ms Entity max Tick Time: 50ms
[19:31:29] [Server thread/INFO]: Max TNT Explosions: 100
[19:31:29] [Server thread/INFO]: ---- Migration of old nether folder required ----
[19:31:29] [Server thread/INFO]: Unfortunately due to the way that Minecraft implemented multiworld support in 1.6, Bukkit requires that you move your nether folder to a new location in order to operate correctly.
[19:31:29] [Server thread/INFO]: We will move this folder for you, but it will mean that you need to move it back should you wish to stop using Bukkit in the future.
[19:31:29] [Server thread/INFO]: Attempting to move 3-player Survival\DIM-1 to 3-player Survival_nether\DIM-1...
[19:31:29] [Server thread/INFO]: Success! To restore nether in the future, simply move 3-player Survival_nether\DIM-1 to 3-player Survival\DIM-1
[19:31:29] [Server thread/INFO]: ---- Migration of old nether folder complete ----
[19:31:29] [Server thread/INFO]: -------- World Settings For [3-player Survival_nether] --------
[19:31:29] [Server thread/INFO]: Nerfing mobs spawned from spawners: false
[19:31:29] [Server thread/INFO]: View Distance: 6
[19:31:29] [Server thread/INFO]: Zombie Aggressive Towards Villager: true
[19:31:29] [Server thread/INFO]: Arrow Despawn Rate: 1200 Trident Respawn Rate:1200
[19:31:29] [Server thread/INFO]: Allow Zombie Pigmen to spawn from portal blocks: true
[19:31:29] [Server thread/INFO]: Item Despawn Rate: 6000
[19:31:29] [Server thread/INFO]: Item Merge Radius: 2.5
[19:31:29] [Server thread/INFO]: Experience Merge Radius: 3.0
[19:31:29] [Server thread/INFO]: Mob Spawn Range: 8
[19:31:29] [Server thread/INFO]: Cactus Growth Modifier: 100%
[19:31:29] [Server thread/INFO]: Cane Growth Modifier: 100%
[19:31:29] [Server thread/INFO]: Melon Growth Modifier: 100%
[19:31:29] [Server thread/INFO]: Mushroom Growth Modifier: 100%
[19:31:29] [Server thread/INFO]: Pumpkin Growth Modifier: 100%
[19:31:29] [Server thread/INFO]: Sapling Growth Modifier: 100%
[19:31:29] [Server thread/INFO]: Beetroot Growth Modifier: 100%
[19:31:29] [Server thread/INFO]: Carrot Growth Modifier: 100%
[19:31:29] [Server thread/INFO]: Potato Growth Modifier: 100%
[19:31:29] [Server thread/INFO]: Wheat Growth Modifier: 100%
[19:31:29] [Server thread/INFO]: NetherWart Growth Modifier: 100%
[19:31:29] [Server thread/INFO]: Vine Growth Modifier: 100%
[19:31:29] [Server thread/INFO]: Cocoa Growth Modifier: 100%
[19:31:29] [Server thread/INFO]: Bamboo Growth Modifier: 100%
[19:31:29] [Server thread/INFO]: SweetBerry Growth Modifier: 100%
[19:31:29] [Server thread/INFO]: Kelp Growth Modifier: 100%
[19:31:29] [Server thread/INFO]: Hopper Transfer: 8 Hopper Check: 1 Hopper Amount: 1
[19:31:29] [Server thread/INFO]: Custom Map Seeds:  Village: 10387312 Desert: 14357617 Igloo: 14357618 Jungle: 14357619 Swamp: 14357620 Monument: 10387313 Ocean: 14357621 Shipwreck: 165745295 Slime: 987234911
[19:31:29] [Server thread/INFO]: Entity Activation Range: An 32 / Mo 32 / Ra 48 / Mi 16 / Tiv true
[19:31:29] [Server thread/INFO]: Entity Tracking Range: Pl 48 / An 48 / Mo 48 / Mi 32 / Other 64
[19:31:29] [Server thread/INFO]: Tile Max Tick Time: 50ms Entity max Tick Time: 50ms
[19:31:29] [Server thread/INFO]: Max TNT Explosions: 100
[19:31:30] [Server thread/INFO]: ---- Migration of old the_end folder required ----
[19:31:30] [Server thread/INFO]: Unfortunately due to the way that Minecraft implemented multiworld support in 1.6, Bukkit requires that you move your the_end folder to a new location in order to operate correctly.
[19:31:30] [Server thread/INFO]: We will move this folder for you, but it will mean that you need to move it back should you wish to stop using Bukkit in the future.
[19:31:30] [Server thread/INFO]: Attempting to move 3-player Survival\DIM1 to 3-player Survival_the_end\DIM1...
[19:31:30] [Server thread/INFO]: Success! To restore the_end in the future, simply move 3-player Survival_the_end\DIM1 to 3-player Survival\DIM1
[19:31:30] [Server thread/INFO]: ---- Migration of old the_end folder complete ----
[19:31:30] [Server thread/INFO]: -------- World Settings For [3-player Survival_the_end] --------
[19:31:30] [Server thread/INFO]: Nerfing mobs spawned from spawners: false
[19:31:30] [Server thread/INFO]: View Distance: 6
[19:31:30] [Server thread/INFO]: Zombie Aggressive Towards Villager: true
[19:31:30] [Server thread/INFO]: Arrow Despawn Rate: 1200 Trident Respawn Rate:1200
[19:31:30] [Server thread/INFO]: Allow Zombie Pigmen to spawn from portal blocks: true
[19:31:30] [Server thread/INFO]: Item Despawn Rate: 6000
[19:31:30] [Server thread/INFO]: Item Merge Radius: 2.5
[19:31:30] [Server thread/INFO]: Experience Merge Radius: 3.0
[19:31:30] [Server thread/INFO]: Mob Spawn Range: 8
[19:31:30] [Server thread/INFO]: Cactus Growth Modifier: 100%
[19:31:30] [Server thread/INFO]: Cane Growth Modifier: 100%
[19:31:30] [Server thread/INFO]: Melon Growth Modifier: 100%
[19:31:30] [Server thread/INFO]: Mushroom Growth Modifier: 100%
[19:31:30] [Server thread/INFO]: Pumpkin Growth Modifier: 100%
[19:31:30] [Server thread/INFO]: Sapling Growth Modifier: 100%
[19:31:30] [Server thread/INFO]: Beetroot Growth Modifier: 100%
[19:31:30] [Server thread/INFO]: Carrot Growth Modifier: 100%
[19:31:30] [Server thread/INFO]: Potato Growth Modifier: 100%
[19:31:30] [Server thread/INFO]: Wheat Growth Modifier: 100%
[19:31:30] [Server thread/INFO]: NetherWart Growth Modifier: 100%
[19:31:30] [Server thread/INFO]: Vine Growth Modifier: 100%
[19:31:30] [Server thread/INFO]: Cocoa Growth Modifier: 100%
[19:31:30] [Server thread/INFO]: Bamboo Growth Modifier: 100%
[19:31:30] [Server thread/INFO]: SweetBerry Growth Modifier: 100%
[19:31:30] [Server thread/INFO]: Kelp Growth Modifier: 100%
[19:31:30] [Server thread/INFO]: Hopper Transfer: 8 Hopper Check: 1 Hopper Amount: 1
[19:31:30] [Server thread/INFO]: Custom Map Seeds:  Village: 10387312 Desert: 14357617 Igloo: 14357618 Jungle: 14357619 Swamp: 14357620 Monument: 10387313 Ocean: 14357621 Shipwreck: 165745295 Slime: 987234911
[19:31:30] [Server thread/INFO]: Entity Activation Range: An 32 / Mo 32 / Ra 48 / Mi 16 / Tiv true
[19:31:30] [Server thread/INFO]: Entity Tracking Range: Pl 48 / An 48 / Mo 48 / Mi 32 / Other 64
[19:31:30] [Server thread/INFO]: Tile Max Tick Time: 50ms Entity max Tick Time: 50ms
[19:31:30] [Server thread/INFO]: Max TNT Explosions: 100
[19:31:30] [Server thread/INFO]: Preparing start region for dimension '3-player Survival'/minecraft:overworld
[19:31:32] [Server thread/INFO]: Preparing spawn area: 0%
[19:31:32] [Server thread/INFO]: Preparing spawn area: 0%
[19:31:32] [Server thread/INFO]: Preparing spawn area: 0%
[19:31:32] [Server thread/INFO]: Preparing spawn area: 0%
[19:31:32] [Server thread/INFO]: Preparing spawn area: 0%
[19:31:32] [Server thread/INFO]: Preparing spawn area: 1%
[19:31:33] [Server thread/INFO]: Preparing spawn area: 1%
[19:31:33] [Server thread/INFO]: Preparing spawn area: 12%
[19:31:34] [Server thread/INFO]: Preparing spawn area: 56%
[19:31:34] [Server thread/INFO]: Preparing spawn area: 84%
[19:31:35] [Server thread/INFO]: Preparing spawn area: 100%
[19:31:35] [Server thread/INFO]: Preparing spawn area: 100%
[19:31:35] [Server thread/INFO]: Loaded 169 spawn chunks for world 3-player Survival
[19:31:35] [Server thread/INFO]: Time elapsed: 5741 ms
[19:31:35] [Server thread/INFO]: Preparing start region for dimension '3-player Survival_nether'/minecraft:the_nether
[19:31:36] [Server-Worker-1/INFO]: Preparing spawn area: 0%
[19:31:36] [Server-Worker-1/INFO]: Preparing spawn area: 0%
[19:31:36] [Server-Worker-1/INFO]: Preparing spawn area: 0%
[19:31:37] [Server-Worker-1/INFO]: Preparing spawn area: 0%
[19:31:37] [Server-Worker-1/INFO]: Preparing spawn area: 0%
[19:31:38] [Server-Worker-1/INFO]: Preparing spawn area: 0%
[19:31:38] [Server-Worker-2/INFO]: Preparing spawn area: 10%
[19:31:39] [Server-Worker-1/INFO]: Preparing spawn area: 17%
[19:31:39] [Server-Worker-1/INFO]: Preparing spawn area: 21%
[19:31:40] [Server-Worker-1/INFO]: Preparing spawn area: 39%
[19:31:40] [Server-Worker-1/INFO]: Preparing spawn area: 52%
[19:31:41] [Server-Worker-2/INFO]: Preparing spawn area: 61%
[19:31:41] [Server-Worker-1/INFO]: Preparing spawn area: 81%
[19:31:42] [Server-Worker-2/INFO]: Preparing spawn area: 100%
[19:31:42] [Server-Worker-2/INFO]: Preparing spawn area: 100%
[19:31:43] [Server-Worker-1/INFO]: Preparing spawn area: 100%
[19:31:43] [Server-Worker-1/INFO]: Preparing spawn area: 100%
[19:31:44] [Server-Worker-1/INFO]: Preparing spawn area: 100%
[19:31:44] [Server thread/INFO]: Loaded 169 spawn chunks for world 3-player Survival_nether
[19:31:44] [Server thread/INFO]: Time elapsed: 8600 ms
[19:31:44] [Server thread/INFO]: Preparing start region for dimension '3-player Survival_the_end'/minecraft:the_end
[19:31:44] [Server-Worker-2/INFO]: Preparing spawn area: 0%
[19:31:45] [Server-Worker-1/INFO]: Preparing spawn area: 0%
[19:31:45] [Server-Worker-2/INFO]: Preparing spawn area: 4%
[19:31:46] [Server-Worker-1/INFO]: Preparing spawn area: 100%
[19:31:46] [Server thread/INFO]: Loaded 169 spawn chunks for world 3-player Survival_the_end
[19:31:46] [Server thread/INFO]: Time elapsed: 1885 ms
[19:31:46] [Server thread/INFO]: [SpigotPing] Enabling SpigotPing v2.5*
[19:31:46] [Server thread/INFO]: [SpigotPing] TabList is enabled, task added with a delay of 5 second/s.
[19:31:46] [Server thread/INFO]: Done (19.312s)! For help, type "help"
[19:31:46] [Server thread/INFO]: Timings Reset
[19:31:58] [User Authenticator #1/INFO]: UUID of player Stehsaer is 4ee78221-99b3-33bb-8da3-72c49ff039eb
[19:32:00] [Server thread/INFO]: Stehsaer[/192.168.100.27:54224] logged in with entity id 174 at ([3-player Survival]-105.61548381932612, 63.5625, -628.3000000119209)
[19:32:53] [Server thread/WARN]: Can't keep up! Is the server overloaded? Running 5115ms or 102 ticks behind
[19:35:57] [Server thread/INFO]: Stehsaer lost connection: Disconnected
[19:35:58] [Server thread/INFO]: Stehsaer left the game
[19:36:05] [Server thread/INFO]: No help for motd
[19:36:07] [Server thread/INFO]: Unknown command. Type "/help" for help.
[19:36:10] [Server thread/INFO]: --------- Help: Index ---------------------------
[19:36:10] [Server thread/INFO]: Use /help [n] to get page n of help.
[19:36:10] [Server thread/INFO]: Aliases: Lists command aliases
[19:36:10] [Server thread/INFO]: Bukkit: All commands for Bukkit
[19:36:10] [Server thread/INFO]: Minecraft: All commands for Minecraft
[19:36:10] [Server thread/INFO]: SpigotPing: All commands for SpigotPing
[19:36:10] [Server thread/INFO]: /advancement: A Mojang provided command.
[19:36:10] [Server thread/INFO]: /ban: A Mojang provided command.
[19:36:10] [Server thread/INFO]: /ban-ip: A Mojang provided command.
[19:36:10] [Server thread/INFO]: /banlist: A Mojang provided command.
[19:36:10] [Server thread/INFO]: /bossbar: A Mojang provided command.
[19:36:10] [Server thread/INFO]: /clear: A Mojang provided command.
[19:36:10] [Server thread/INFO]: /clone: A Mojang provided command.
[19:36:10] [Server thread/INFO]: /data: A Mojang provided command.
[19:36:10] [Server thread/INFO]: /datapack: A Mojang provided command.
[19:36:10] [Server thread/INFO]: /debug: A Mojang provided command.
[19:36:10] [Server thread/INFO]: /defaultgamemode: A Mojang provided command.
[19:36:10] [Server thread/INFO]: /deop: A Mojang provided command.
[19:36:10] [Server thread/INFO]: /difficulty: A Mojang provided command.
[19:36:10] [Server thread/INFO]: /effect: A Mojang provided command.
[19:36:10] [Server thread/INFO]: /enchant: A Mojang provided command.
[19:36:10] [Server thread/INFO]: /execute: A Mojang provided command.
[19:36:10] [Server thread/INFO]: /experience: A Mojang provided command.
[19:36:10] [Server thread/INFO]: /fill: A Mojang provided command.
[19:36:10] [Server thread/INFO]: /forceload: A Mojang provided command.
[19:36:10] [Server thread/INFO]: /function: A Mojang provided command.
[19:36:10] [Server thread/INFO]: /gamemode: A Mojang provided command.
[19:36:10] [Server thread/INFO]: /gamerule: A Mojang provided command.
[19:36:10] [Server thread/INFO]: /give: A Mojang provided command.
[19:36:10] [Server thread/INFO]: /help: Shows the help menu
[19:36:10] [Server thread/INFO]: /kick: A Mojang provided command.
[19:36:10] [Server thread/INFO]: /kill: A Mojang provided command.
[19:36:10] [Server thread/INFO]: /list: A Mojang provided command.
[19:36:10] [Server thread/INFO]: /locate: A Mojang provided command.
[19:36:10] [Server thread/INFO]: /loot: A Mojang provided command.
[19:36:10] [Server thread/INFO]: /me: A Mojang provided command.
[19:36:10] [Server thread/INFO]: /minecraft:help: A Mojang provided command.
[19:36:10] [Server thread/INFO]: /minecraft:reload: A Mojang provided command.
[19:36:10] [Server thread/INFO]: /msg: A Mojang provided command.
[19:36:10] [Server thread/INFO]: /op: A Mojang provided command.
[19:36:10] [Server thread/INFO]: /paper: Paper related commands
[19:36:10] [Server thread/INFO]: /pardon: A Mojang provided command.
[19:36:10] [Server thread/INFO]: /pardon-ip: A Mojang provided command.
[19:36:10] [Server thread/INFO]: /particle: A Mojang provided command.
[19:36:10] [Server thread/INFO]: /ping: The main command for SpigotPing.
[19:36:10] [Server thread/INFO]: /pingreload: Reloads the plugin.
[19:36:10] [Server thread/INFO]: /playsound: A Mojang provided command.
[19:36:10] [Server thread/INFO]: /plugins: Gets a list of plugins running on the server
[19:36:10] [Server thread/INFO]: /publish: A Mojang provided command.
[19:36:10] [Server thread/INFO]: /recipe: A Mojang provided command.
[19:36:10] [Server thread/INFO]: /reload: Reloads the server configuration and plugins
[19:36:10] [Server thread/INFO]: /replaceitem: A Mojang provided command.
[19:36:10] [Server thread/INFO]: /restart: Restarts the server
[19:36:10] [Server thread/INFO]: /save-all: A Mojang provided command.
[19:36:10] [Server thread/INFO]: /save-off: A Mojang provided command.
[19:36:10] [Server thread/INFO]: /save-on: A Mojang provided command.
[19:36:10] [Server thread/INFO]: /say: A Mojang provided command.
[19:36:10] [Server thread/INFO]: /schedule: A Mojang provided command.
[19:36:10] [Server thread/INFO]: /scoreboard: A Mojang provided command.
[19:36:10] [Server thread/INFO]: /seed: A Mojang provided command.
[19:36:10] [Server thread/INFO]: /setblock: A Mojang provided command.
[19:36:10] [Server thread/INFO]: /setidletimeout: A Mojang provided command.
[19:36:10] [Server thread/INFO]: /setworldspawn: A Mojang provided command.
[19:36:10] [Server thread/INFO]: /spawnpoint: A Mojang provided command.
[19:36:10] [Server thread/INFO]: /spectate: A Mojang provided command.
[19:36:10] [Server thread/INFO]: /spigot: Spigot related commands
[19:36:10] [Server thread/INFO]: /spreadplayers: A Mojang provided command.
[19:36:10] [Server thread/INFO]: /stop: A Mojang provided command.
[19:36:10] [Server thread/INFO]: /stopsound: A Mojang provided command.
[19:36:10] [Server thread/INFO]: /summon: A Mojang provided command.
[19:36:10] [Server thread/INFO]: /tag: A Mojang provided command.
[19:36:10] [Server thread/INFO]: /team: A Mojang provided command.
[19:36:10] [Server thread/INFO]: /teammsg: A Mojang provided command.
[19:36:10] [Server thread/INFO]: /teleport: A Mojang provided command.
[19:36:10] [Server thread/INFO]: /tell: A Mojang provided command.
[19:36:10] [Server thread/INFO]: /tellraw: A Mojang provided command.
[19:36:10] [Server thread/INFO]: /time: A Mojang provided command.
[19:36:10] [Server thread/INFO]: /timings: Manages Spigot Timings data to see performance of the server.
[19:36:10] [Server thread/INFO]: /title: A Mojang provided command.
[19:36:10] [Server thread/INFO]: /tm: A Mojang provided command.
[19:36:10] [Server thread/INFO]: /tp: A Mojang provided command.
[19:36:10] [Server thread/INFO]: /tps: Gets the current ticks per second for the server
[19:36:10] [Server thread/INFO]: /trigger: A Mojang provided command.
[19:36:10] [Server thread/INFO]: /version: Gets the version of this server including any plugins in use
[19:36:10] [Server thread/INFO]: /w: A Mojang provided command.
[19:36:10] [Server thread/INFO]: /weather: A Mojang provided command.
[19:36:10] [Server thread/INFO]: /whitelist: A Mojang provided command.
[19:36:10] [Server thread/INFO]: /worldborder: A Mojang provided command.
[19:36:10] [Server thread/INFO]: /xp: A Mojang provided command.
[19:36:21] [Server thread/INFO]: TPS from last 1m, 5m, 15m: *20.0, 19.68, 19.89
[19:36:24] [Server thread/INFO]: TPS from last 1m, 5m, 15m: *20.0, 19.68, 19.89
[19:36:25] [Server thread/INFO]: TPS from last 1m, 5m, 15m: *20.0, 19.68, 19.89
[19:36:25] [Server thread/INFO]: TPS from last 1m, 5m, 15m: 20.0, 19.68, 19.89
[19:36:26] [Server thread/INFO]: TPS from last 1m, 5m, 15m: 20.0, 19.68, 19.89
[19:36:35] [Server thread/INFO]: [SpigotPing] This command is only executable as a Player.
[19:36:44] [User Authenticator #2/INFO]: UUID of player Stehsaer is 4ee78221-99b3-33bb-8da3-72c49ff039eb
[19:36:45] [Server thread/INFO]: Stehsaer[/192.168.100.27:54299] logged in with entity id 723 at ([3-player Survival]-106.6999999880791, 63.0, -629.5703272121507)
[19:36:52] [Server thread/INFO]: Stehsaer issued server command: /ping
[19:36:52] [Server thread/INFO]: [SpigotPing] Can not play a sound. The specified sound-type is not available in your server version, please ensure to read carefully the config file.
[19:36:59] [Server thread/INFO]: Stehsaer lost connection: Disconnected
[19:36:59] [Server thread/INFO]: Stehsaer left the game
[19:46:33] [Server thread/INFO]: Unknown command. Type "/help" for help.
[19:46:35] [Server thread/INFO]: TPS from last 1m, 5m, 15m: 20.0, 20.0, 19.89
[19:50:15] [Server thread/INFO]: TPS from last 1m, 5m, 15m: *20.0, *20.0, *20.0
[19:50:41] [Server thread/INFO]: Unknown command
[19:50:41] [Server thread/INFO]: /op<--[HERE]
[19:54:52] [Server thread/INFO]: Stopping the server
[19:54:52] [Server thread/INFO]: Stopping server
[19:54:52] [Server thread/INFO]: [SpigotPing] Disabling SpigotPing v2.5
[19:54:52] [Server thread/INFO]: [SpigotPing] Cancelling tasks...
[19:54:52] [Server thread/INFO]: Saving players
[19:54:52] [Server thread/INFO]: Saving worlds
[19:54:52] [Server thread/INFO]: Saving chunks for level '3-player Survival'/minecraft:overworld
[19:54:53] [Server thread/INFO]: ThreadedAnvilChunkStorage (3-player Survival): All chunks are saved
[19:54:53] [Server thread/INFO]: Saving chunks for level '3-player Survival_nether'/minecraft:the_nether
[19:54:53] [Server thread/INFO]: ThreadedAnvilChunkStorage (DIM-1): All chunks are saved
[19:54:53] [Server thread/INFO]: Saving chunks for level '3-player Survival_the_end'/minecraft:the_end
[19:54:53] [Server thread/INFO]: ThreadedAnvilChunkStorage (DIM1): All chunks are saved
[19:54:53] [Server thread/INFO]: ThreadedAnvilChunkStorage (3-player Survival): All chunks are saved
[19:54:53] [Server thread/INFO]: ThreadedAnvilChunkStorage (DIM-1): All chunks are saved
[19:54:54] [Server thread/INFO]: ThreadedAnvilChunkStorage (DIM1): All chunks are saved
