[12:15:50] [Server thread/INFO]: Starting minecraft server version 1.15.2
[12:15:50] [Server thread/INFO]: Loading properties
[12:15:51] [Server thread/INFO]: This server is running Paper version git-Paper-98 (MC: 1.15.2) (Implementing API version 1.15.2-R0.1-SNAPSHOT)
[12:15:52] [Server thread/INFO]: Debug logging is disabled
[12:15:52] [Server thread/INFO]: Server Ping Player Sample Count: 12
[12:15:52] [Server thread/INFO]: Using 4 threads for Netty based IO
[12:15:52] [Server thread/INFO]: Default game type: SURVIVAL
[12:15:52] [Server thread/INFO]: Generating keypair
[12:15:52] [Server thread/INFO]: Starting Minecraft server on *:25565
[12:15:52] [Server thread/INFO]: Using default channel type
[12:16:35] [Server thread/WARN]: Initializing Legacy Material Support. Unless you have legacy plugins and/or data this is a bug!
[12:17:15] [Server thread/WARN]: Legacy plugin SpigotPing v2.5 does not specify an api-version.
[12:17:15] [Server thread/INFO]: [SpigotPing] Loading SpigotPing v2.5
[12:17:16] [Server thread/INFO]: Server permissions file permissions.yml is empty, ignoring it
[12:17:16] [Server thread/WARN]: **** SERVER IS RUNNING IN OFFLINE/INSECURE MODE!
[12:17:16] [Server thread/WARN]: The server will make no attempt to authenticate usernames. Beware.
[12:17:16] [Server thread/WARN]: While this makes the game possible to play without internet access, it also opens up the ability for hackers to connect with any username they choose.
[12:17:16] [Server thread/WARN]: To change this, set "online-mode" to "true" in the server.properties file.
[12:17:16] [Server thread/INFO]: Preparing level "3-player Survival"
[12:17:17] [Server thread/INFO]: Reloading ResourceManager: Default, bukkit
[12:17:45] [Server thread/INFO]: Loaded 6 recipes
[12:17:49] [Server thread/INFO]: -------- World Settings For [3-player Survival] --------
[12:17:49] [Server thread/INFO]: View Distance: 6
[12:17:49] [Server thread/INFO]: Allow Zombie Pigmen to spawn from portal blocks: true
[12:17:49] [Server thread/INFO]: Arrow Despawn Rate: 1200 Trident Respawn Rate:1200
[12:17:49] [Server thread/INFO]: Nerfing mobs spawned from spawners: false
[12:17:49] [Server thread/INFO]: Zombie Aggressive Towards Villager: true
[12:17:49] [Server thread/INFO]: Item Merge Radius: 2.5
[12:17:49] [Server thread/INFO]: Item Despawn Rate: 6000
[12:17:49] [Server thread/INFO]: Cactus Growth Modifier: 100%
[12:17:49] [Server thread/INFO]: Cane Growth Modifier: 100%
[12:17:49] [Server thread/INFO]: Melon Growth Modifier: 100%
[12:17:49] [Server thread/INFO]: Mushroom Growth Modifier: 100%
[12:17:49] [Server thread/INFO]: Pumpkin Growth Modifier: 100%
[12:17:49] [Server thread/INFO]: Sapling Growth Modifier: 100%
[12:17:49] [Server thread/INFO]: Beetroot Growth Modifier: 100%
[12:17:49] [Server thread/INFO]: Carrot Growth Modifier: 100%
[12:17:49] [Server thread/INFO]: Potato Growth Modifier: 100%
[12:17:49] [Server thread/INFO]: Wheat Growth Modifier: 100%
[12:17:49] [Server thread/INFO]: NetherWart Growth Modifier: 100%
[12:17:49] [Server thread/INFO]: Vine Growth Modifier: 100%
[12:17:49] [Server thread/INFO]: Cocoa Growth Modifier: 100%
[12:17:49] [Server thread/INFO]: Bamboo Growth Modifier: 100%
[12:17:49] [Server thread/INFO]: SweetBerry Growth Modifier: 100%
[12:17:49] [Server thread/INFO]: Kelp Growth Modifier: 100%
[12:17:49] [Server thread/INFO]: Entity Tracking Range: Pl 48 / An 48 / Mo 48 / Mi 32 / Other 64
[12:17:49] [Server thread/INFO]: Mob Spawn Range: 8
[12:17:49] [Server thread/INFO]: Entity Activation Range: An 32 / Mo 32 / Ra 48 / Mi 16 / Tiv true
[12:17:49] [Server thread/INFO]: Hopper Transfer: 8 Hopper Check: 1 Hopper Amount: 1
[12:17:49] [Server thread/INFO]: Custom Map Seeds:  Village: 10387312 Desert: 14357617 Igloo: 14357618 Jungle: 14357619 Swamp: 14357620 Monument: 10387313 Ocean: 14357621 Shipwreck: 165745295 Slime: 987234911
[12:17:49] [Server thread/INFO]: Experience Merge Radius: 3.0
[12:17:49] [Server thread/INFO]: Max TNT Explosions: 100
[12:17:49] [Server thread/INFO]: Tile Max Tick Time: 50ms Entity max Tick Time: 50ms
[12:17:50] [Server thread/INFO]: -------- World Settings For [3-player Survival_nether] --------
[12:17:50] [Server thread/INFO]: View Distance: 6
[12:17:50] [Server thread/INFO]: Allow Zombie Pigmen to spawn from portal blocks: true
[12:17:50] [Server thread/INFO]: Arrow Despawn Rate: 1200 Trident Respawn Rate:1200
[12:17:50] [Server thread/INFO]: Nerfing mobs spawned from spawners: false
[12:17:50] [Server thread/INFO]: Zombie Aggressive Towards Villager: true
[12:17:50] [Server thread/INFO]: Item Merge Radius: 2.5
[12:17:50] [Server thread/INFO]: Item Despawn Rate: 6000
[12:17:50] [Server thread/INFO]: Cactus Growth Modifier: 100%
[12:17:50] [Server thread/INFO]: Cane Growth Modifier: 100%
[12:17:50] [Server thread/INFO]: Melon Growth Modifier: 100%
[12:17:50] [Server thread/INFO]: Mushroom Growth Modifier: 100%
[12:17:50] [Server thread/INFO]: Pumpkin Growth Modifier: 100%
[12:17:50] [Server thread/INFO]: Sapling Growth Modifier: 100%
[12:17:50] [Server thread/INFO]: Beetroot Growth Modifier: 100%
[12:17:50] [Server thread/INFO]: Carrot Growth Modifier: 100%
[12:17:50] [Server thread/INFO]: Potato Growth Modifier: 100%
[12:17:50] [Server thread/INFO]: Wheat Growth Modifier: 100%
[12:17:50] [Server thread/INFO]: NetherWart Growth Modifier: 100%
[12:17:50] [Server thread/INFO]: Vine Growth Modifier: 100%
[12:17:50] [Server thread/INFO]: Cocoa Growth Modifier: 100%
[12:17:50] [Server thread/INFO]: Bamboo Growth Modifier: 100%
[12:17:50] [Server thread/INFO]: SweetBerry Growth Modifier: 100%
[12:17:50] [Server thread/INFO]: Kelp Growth Modifier: 100%
[12:17:50] [Server thread/INFO]: Entity Tracking Range: Pl 48 / An 48 / Mo 48 / Mi 32 / Other 64
[12:17:50] [Server thread/INFO]: Mob Spawn Range: 8
[12:17:50] [Server thread/INFO]: Entity Activation Range: An 32 / Mo 32 / Ra 48 / Mi 16 / Tiv true
[12:17:50] [Server thread/INFO]: Hopper Transfer: 8 Hopper Check: 1 Hopper Amount: 1
[12:17:50] [Server thread/INFO]: Custom Map Seeds:  Village: 10387312 Desert: 14357617 Igloo: 14357618 Jungle: 14357619 Swamp: 14357620 Monument: 10387313 Ocean: 14357621 Shipwreck: 165745295 Slime: 987234911
[12:17:50] [Server thread/INFO]: Experience Merge Radius: 3.0
[12:17:50] [Server thread/INFO]: Max TNT Explosions: 100
[12:17:50] [Server thread/INFO]: Tile Max Tick Time: 50ms Entity max Tick Time: 50ms
[12:17:50] [Server thread/INFO]: -------- World Settings For [3-player Survival_the_end] --------
[12:17:50] [Server thread/INFO]: View Distance: 6
[12:17:50] [Server thread/INFO]: Allow Zombie Pigmen to spawn from portal blocks: true
[12:17:50] [Server thread/INFO]: Arrow Despawn Rate: 1200 Trident Respawn Rate:1200
[12:17:50] [Server thread/INFO]: Nerfing mobs spawned from spawners: false
[12:17:50] [Server thread/INFO]: Zombie Aggressive Towards Villager: true
[12:17:50] [Server thread/INFO]: Item Merge Radius: 2.5
[12:17:50] [Server thread/INFO]: Item Despawn Rate: 6000
[12:17:50] [Server thread/INFO]: Cactus Growth Modifier: 100%
[12:17:50] [Server thread/INFO]: Cane Growth Modifier: 100%
[12:17:50] [Server thread/INFO]: Melon Growth Modifier: 100%
[12:17:50] [Server thread/INFO]: Mushroom Growth Modifier: 100%
[12:17:50] [Server thread/INFO]: Pumpkin Growth Modifier: 100%
[12:17:50] [Server thread/INFO]: Sapling Growth Modifier: 100%
[12:17:50] [Server thread/INFO]: Beetroot Growth Modifier: 100%
[12:17:50] [Server thread/INFO]: Carrot Growth Modifier: 100%
[12:17:50] [Server thread/INFO]: Potato Growth Modifier: 100%
[12:17:50] [Server thread/INFO]: Wheat Growth Modifier: 100%
[12:17:50] [Server thread/INFO]: NetherWart Growth Modifier: 100%
[12:17:50] [Server thread/INFO]: Vine Growth Modifier: 100%
[12:17:50] [Server thread/INFO]: Cocoa Growth Modifier: 100%
[12:17:50] [Server thread/INFO]: Bamboo Growth Modifier: 100%
[12:17:50] [Server thread/INFO]: SweetBerry Growth Modifier: 100%
[12:17:50] [Server thread/INFO]: Kelp Growth Modifier: 100%
[12:17:50] [Server thread/INFO]: Entity Tracking Range: Pl 48 / An 48 / Mo 48 / Mi 32 / Other 64
[12:17:50] [Server thread/INFO]: Mob Spawn Range: 8
[12:17:50] [Server thread/INFO]: Entity Activation Range: An 32 / Mo 32 / Ra 48 / Mi 16 / Tiv true
[12:17:50] [Server thread/INFO]: Hopper Transfer: 8 Hopper Check: 1 Hopper Amount: 1
[12:17:50] [Server thread/INFO]: Custom Map Seeds:  Village: 10387312 Desert: 14357617 Igloo: 14357618 Jungle: 14357619 Swamp: 14357620 Monument: 10387313 Ocean: 14357621 Shipwreck: 165745295 Slime: 987234911
[12:17:50] [Server thread/INFO]: Experience Merge Radius: 3.0
[12:17:50] [Server thread/INFO]: Max TNT Explosions: 100
[12:17:50] [Server thread/INFO]: Tile Max Tick Time: 50ms Entity max Tick Time: 50ms
[12:17:50] [Server thread/INFO]: Preparing start region for dimension '3-player Survival'/minecraft:overworld
[12:17:57] [Server thread/INFO]: Preparing spawn area: 0%
[12:17:57] [Server thread/INFO]: Preparing spawn area: 0%
[12:17:57] [Server thread/INFO]: Preparing spawn area: 0%
[12:17:57] [Server thread/INFO]: Preparing spawn area: 0%
[12:17:57] [Server thread/INFO]: Preparing spawn area: 0%
[12:17:57] [Server thread/INFO]: Preparing spawn area: 0%
[12:17:57] [Server thread/INFO]: Preparing spawn area: 0%
[12:17:57] [Server thread/INFO]: Preparing spawn area: 0%
[12:17:57] [Server thread/INFO]: Preparing spawn area: 0%
[12:17:57] [Server thread/INFO]: Preparing spawn area: 0%
[12:17:57] [Server thread/INFO]: Preparing spawn area: 0%
[12:17:57] [Server thread/INFO]: Preparing spawn area: 0%
[12:17:57] [Server thread/INFO]: Preparing spawn area: 0%
[12:17:57] [Server thread/INFO]: Preparing spawn area: 0%
[12:17:58] [Server thread/INFO]: Preparing spawn area: 0%
[12:17:58] [Server thread/INFO]: Preparing spawn area: 0%
[12:17:58] [Server thread/INFO]: Preparing spawn area: 0%
[12:18:01] [Server thread/INFO]: Preparing spawn area: 1%
[12:18:01] [Server thread/INFO]: Preparing spawn area: 1%
[12:18:01] [Server thread/INFO]: Preparing spawn area: 1%
[12:18:01] [Server thread/INFO]: Preparing spawn area: 1%
[12:18:01] [Server thread/INFO]: Preparing spawn area: 2%
[12:18:01] [Server thread/INFO]: Preparing spawn area: 7%
[12:18:02] [Server thread/INFO]: Preparing spawn area: 10%
[12:18:02] [Server thread/INFO]: Preparing spawn area: 17%
[12:18:03] [Server thread/INFO]: Preparing spawn area: 17%
[12:18:04] [Server thread/INFO]: Preparing spawn area: 32%
[12:18:04] [Server thread/INFO]: Preparing spawn area: 32%
[12:18:05] [Server thread/INFO]: Preparing spawn area: 32%
[12:18:05] [Server thread/INFO]: Preparing spawn area: 32%
[12:18:06] [Server thread/INFO]: Preparing spawn area: 62%
[12:18:06] [Server thread/INFO]: Preparing spawn area: 62%
[12:18:09] [Server thread/INFO]: Preparing spawn area: 63%
[12:18:09] [Server thread/INFO]: Preparing spawn area: 63%
[12:18:09] [Server thread/INFO]: Preparing spawn area: 63%
[12:18:09] [Server thread/INFO]: Preparing spawn area: 63%
[12:18:09] [Server thread/INFO]: Preparing spawn area: 63%
[12:18:09] [Server thread/INFO]: Preparing spawn area: 63%
[12:18:09] [Server thread/INFO]: Preparing spawn area: 63%
[12:18:10] [Server thread/INFO]: Preparing spawn area: 65%
[12:18:11] [Server thread/INFO]: Preparing spawn area: 70%
[12:18:11] [Server thread/INFO]: Preparing spawn area: 70%
[12:18:11] [Server thread/INFO]: Preparing spawn area: 79%
[12:18:12] [Server thread/INFO]: Preparing spawn area: 90%
[12:18:12] [Server thread/INFO]: Preparing spawn area: 100%
[12:18:13] [Server thread/INFO]: Preparing spawn area: 100%
[12:18:13] [Server thread/INFO]: Preparing spawn area: 100%
[12:18:14] [Server thread/INFO]: Preparing spawn area: 100%
[12:18:14] [Server thread/INFO]: Preparing spawn area: 100%
[12:18:15] [Server thread/INFO]: Preparing spawn area: 100%
[12:18:15] [Server thread/INFO]: Loaded 169 spawn chunks for world 3-player Survival
[12:18:15] [Server thread/INFO]: Time elapsed: 24738 ms
[12:18:15] [Server thread/INFO]: Preparing start region for dimension '3-player Survival_nether'/minecraft:the_nether
[12:18:16] [Server thread/INFO]: Preparing spawn area: 0%
[12:18:16] [Server thread/INFO]: Preparing spawn area: 0%
[12:18:16] [Server-Worker-2/INFO]: Preparing spawn area: 0%
[12:18:17] [Server thread/INFO]: Preparing spawn area: 0%
[12:18:17] [Server thread/INFO]: Preparing spawn area: 4%
[12:18:18] [Server thread/INFO]: Preparing spawn area: 12%
[12:18:18] [Server thread/INFO]: Preparing spawn area: 26%
[12:18:19] [Server thread/INFO]: Preparing spawn area: 47%
[12:18:19] [Server thread/INFO]: Preparing spawn area: 59%
[12:18:20] [Server thread/INFO]: Preparing spawn area: 76%
[12:18:20] [Server thread/INFO]: Preparing spawn area: 92%
[12:18:21] [Server-Worker-1/INFO]: Preparing spawn area: 100%
[12:18:21] [Server-Worker-2/INFO]: Preparing spawn area: 100%
[12:18:22] [Server-Worker-1/INFO]: Preparing spawn area: 100%
[12:18:22] [Server thread/INFO]: Preparing spawn area: 100%
[12:18:23] [Server-Worker-1/INFO]: Preparing spawn area: 100%
[12:18:24] [Server-Worker-2/INFO]: Preparing spawn area: 100%
[12:18:24] [Server-Worker-1/INFO]: Preparing spawn area: 100%
[12:18:24] [Server-Worker-1/INFO]: Preparing spawn area: 100%
[12:18:25] [Server thread/INFO]: Preparing spawn area: 100%
[12:18:25] [Server thread/INFO]: Preparing spawn area: 100%
[12:18:26] [Server-Worker-1/INFO]: Preparing spawn area: 100%
[12:18:27] [Server thread/INFO]: Preparing spawn area: 100%
[12:18:27] [Server thread/INFO]: Preparing spawn area: 100%
[12:18:27] [Server thread/INFO]: Preparing spawn area: 100%
[12:18:28] [Server thread/INFO]: Preparing spawn area: 100%
[12:18:28] [Server thread/INFO]: Preparing spawn area: 100%
[12:18:29] [Server thread/INFO]: Preparing spawn area: 100%
[12:18:30] [Server thread/INFO]: Preparing spawn area: 100%
[12:18:30] [Server thread/INFO]: Preparing spawn area: 100%
[12:18:30] [Server thread/INFO]: Preparing spawn area: 100%
[12:18:32] [Server-Worker-2/INFO]: Preparing spawn area: 100%
[12:18:32] [Server-Worker-2/INFO]: Preparing spawn area: 100%
[12:18:32] [Server thread/INFO]: Preparing spawn area: 100%
[12:18:33] [Server thread/INFO]: Preparing spawn area: 100%
[12:18:33] [Server-Worker-1/INFO]: Preparing spawn area: 100%
[12:18:33] [Server thread/INFO]: Preparing spawn area: 100%
[12:18:34] [Server thread/INFO]: Preparing spawn area: 100%
[12:18:34] [Server-Worker-1/INFO]: Preparing spawn area: 100%
[12:18:35] [Server thread/INFO]: Preparing spawn area: 100%
[12:18:35] [Server thread/INFO]: Preparing spawn area: 100%
[12:18:36] [Server thread/INFO]: Preparing spawn area: 100%
[12:18:36] [Server-Worker-1/INFO]: Preparing spawn area: 100%
[12:18:37] [Server-Worker-2/INFO]: Preparing spawn area: 100%
[12:18:37] [Server-Worker-1/INFO]: Preparing spawn area: 100%
[12:18:38] [Server-Worker-1/INFO]: Preparing spawn area: 100%
[12:18:38] [Server-Worker-2/INFO]: Preparing spawn area: 100%
[12:18:39] [Server thread/INFO]: Preparing spawn area: 100%
[12:18:39] [Server thread/INFO]: Preparing spawn area: 100%
[12:18:40] [Server-Worker-2/INFO]: Preparing spawn area: 100%
[12:18:40] [Server thread/INFO]: Preparing spawn area: 100%
[12:18:40] [Server thread/INFO]: Loaded 169 spawn chunks for world 3-player Survival_nether
[12:18:40] [Server thread/INFO]: Time elapsed: 25126 ms
[12:18:40] [Server thread/INFO]: Preparing start region for dimension '3-player Survival_the_end'/minecraft:the_end
[12:18:41] [Server thread/INFO]: Preparing spawn area: 0%
[12:18:41] [Server thread/INFO]: Preparing spawn area: 0%
[12:18:42] [Server thread/INFO]: Preparing spawn area: 0%
[12:18:42] [Server thread/INFO]: Preparing spawn area: 0%
[12:18:42] [Server-Worker-1/INFO]: Preparing spawn area: 92%
[12:18:43] [Server thread/INFO]: Preparing spawn area: 100%
[12:18:43] [Server-Worker-2/INFO]: Preparing spawn area: 100%
[12:18:44] [Server-Worker-2/INFO]: Preparing spawn area: 100%
[12:18:44] [Server-Worker-1/INFO]: Preparing spawn area: 100%
[12:18:45] [Server-Worker-1/INFO]: Preparing spawn area: 100%
[12:18:45] [Server-Worker-2/INFO]: Preparing spawn area: 100%
[12:18:46] [Server thread/INFO]: Preparing spawn area: 100%
[12:18:46] [Server-Worker-1/INFO]: Preparing spawn area: 100%
[12:18:47] [Server thread/INFO]: Loaded 169 spawn chunks for world 3-player Survival_the_end
[12:18:47] [Server thread/INFO]: Time elapsed: 6454 ms
[12:18:47] [Server thread/INFO]: [SpigotPing] Enabling SpigotPing v2.5*
[12:18:47] [Server thread/INFO]: [SpigotPing] TabList is enabled, task added with a delay of 3 second/s.
[12:18:48] [Server thread/INFO]: Done (91.859s)! For help, type "help"
[12:18:48] [Server thread/INFO]: Timings Reset
[12:18:55] [Server thread/WARN]: Can't keep up! Is the server overloaded? Running 5067ms or 101 ticks behind
[12:19:42] [Server thread/WARN]: Can't keep up! Is the server overloaded? Running 5049ms or 100 ticks behind
[12:20:36] [Server thread/WARN]: Can't keep up! Is the server overloaded? Running 23801ms or 476 ticks behind
[12:24:13] [Server thread/WARN]: Can't keep up! Is the server overloaded? Running 5003ms or 100 ticks behind
[12:24:55] [Server thread/WARN]: Can't keep up! Is the server overloaded? Running 12354ms or 247 ticks behind
[12:25:31] [Server thread/WARN]: Can't keep up! Is the server overloaded? Running 5367ms or 107 ticks behind
[12:26:06] [Server thread/WARN]: Can't keep up! Is the server overloaded? Running 5628ms or 112 ticks behind
[12:30:29] [Server thread/WARN]: Can't keep up! Is the server overloaded? Running 5005ms or 100 ticks behind
[12:31:22] [Server thread/WARN]: Can't keep up! Is the server overloaded? Running 23389ms or 467 ticks behind
[12:33:11] [User Authenticator #1/INFO]: UUID of player Stehsaer is 4ee78221-99b3-33bb-8da3-72c49ff039eb
[12:33:14] [Server thread/INFO]: Stehsaer[/192.168.100.27:53013] logged in with entity id 201 at ([3-player Survival]-113.69883768524355, 62.9375, -643.8298506160307)
[12:33:17] [Server thread/WARN]: Can't keep up! Is the server overloaded? Running 5151ms or 103 ticks behind
[12:40:26] [Server thread/WARN]: Stehsaer moved wrongly!
[12:42:45] [Server thread/WARN]: Can't keep up! Is the server overloaded? Running 5117ms or 102 ticks behind
[12:52:57] [Server thread/WARN]: Can't keep up! Is the server overloaded? Running 5344ms or 106 ticks behind
[12:54:55] [Server thread/WARN]: Can't keep up! Is the server overloaded? Running 5540ms or 110 ticks behind
[12:57:48] [Server thread/INFO]: Stehsaer issued server command: /difficulty easy
[13:05:36] [Server thread/INFO]: Stehsaer lost connection: Disconnected
[13:05:36] [Server thread/INFO]: Stehsaer left the game
[15:07:28] [User Authenticator #2/INFO]: UUID of player Stehsaer is 4ee78221-99b3-33bb-8da3-72c49ff039eb
[15:07:29] [Server thread/INFO]: Stehsaer[/192.168.100.27:53379] logged in with entity id 3478 at ([3-player Survival]-2098.5290667454797, 66.0, -257.63040535887933)
[15:07:30] [Server thread/INFO]: Stehsaer lost connection: Disconnected
[15:07:30] [Server thread/INFO]: Stehsaer left the game
[15:07:36] [User Authenticator #2/INFO]: UUID of player Stehsaer is 4ee78221-99b3-33bb-8da3-72c49ff039eb
[15:07:36] [Server thread/INFO]: Stehsaer[/192.168.100.27:53381] logged in with entity id 3547 at ([3-player Survival]-2098.5290667454797, 66.0, -257.63040535887933)
[15:07:46] [Server thread/WARN]: Can't keep up! Is the server overloaded? Running 5355ms or 107 ticks behind
[15:08:26] [Server thread/WARN]: Can't keep up! Is the server overloaded? Running 10643ms or 212 ticks behind
[15:09:26] [Server thread/WARN]: Can't keep up! Is the server overloaded? Running 5094ms or 101 ticks behind
[15:15:22] [Async Chat Thread - #0/INFO]: <Stehsaer> BLYAT
[15:16:35] [Server thread/INFO]: Stehsaer issued server command: /kill
[15:16:35] [Server thread/INFO]: Stehsaer fell out of the world
[15:16:35] [Server thread/INFO]: [Stehsaer: Killed Stehsaer]
[15:16:44] [Server thread/INFO]: Stehsaer issued server command: /kill
[15:16:44] [Server thread/INFO]: Stehsaer fell out of the world
[15:16:44] [Server thread/INFO]: [Stehsaer: Killed Stehsaer]
[15:17:46] [Async Chat Thread - #1/INFO]: <Stehsaer> ......
[15:20:42] [Server thread/INFO]: Stehsaer lost connection: Disconnected
[15:20:42] [Server thread/INFO]: Stehsaer left the game
[15:20:52] [User Authenticator #3/INFO]: UUID of player Stehsaer is 4ee78221-99b3-33bb-8da3-72c49ff039eb
[15:20:52] [Server thread/INFO]: Stehsaer[/192.168.100.27:53427] logged in with entity id 4911 at ([3-player Survival]-137.69999998807907, 71.0, -638.1821620468386)
[15:21:17] [Server thread/WARN]: Stehsaer moved wrongly!
[15:21:19] [Server thread/WARN]: Stehsaer moved wrongly!
[15:24:20] [Async Chat Thread - #2/INFO]: <Stehsaer> CCCP
[15:32:08] [Async Chat Thread - #3/INFO]: <Stehsaer> ??????
[15:37:27] [Server thread/INFO]: Stehsaer issued server command: /kill
[15:37:27] [Server thread/INFO]: Stehsaer fell out of the world
[15:37:27] [Server thread/INFO]: [Stehsaer: Killed Stehsaer]
[15:37:34] [Async Chat Thread - #4/INFO]: <Stehsaer> ?
[15:50:17] [Async Chat Thread - #5/INFO]: <Stehsaer> ???
[15:56:29] [Async Chat Thread - #6/INFO]: <Stehsaer> ......
[16:01:14] [Server thread/INFO]: Stehsaer lost connection: Disconnected
[16:01:14] [Server thread/INFO]: Stehsaer left the game
[16:04:36] [Server thread/INFO]: Saving the game (this may take a moment!)
[16:04:37] [Server thread/INFO]: Saved the game
[16:26:27] [Server thread/WARN]: Can't keep up! Is the server overloaded? Running 5143ms or 102 ticks behind
[17:40:56] [Server thread/WARN]: Can't keep up! Is the server overloaded? Running 5038ms or 100 ticks behind
[17:43:40] [Server thread/WARN]: Can't keep up! Is the server overloaded? Running 5001ms or 100 ticks behind
[18:28:54] [Server thread/INFO]: Whitelist is now turned off
[18:30:19] [Server thread/INFO]: Unknown command. Type "/help" for help.
[18:30:24] [Server thread/INFO]: There are 3 whitelisted players: Stehsaer, PdAlphabet, cwXiaoYu
[18:30:32] [Server thread/INFO]: There are 3 whitelisted players: Stehsaer, PdAlphabet, cwXiaoYu
[21:37:57] [Server thread/INFO]: Saving the game (this may take a moment!)
[21:37:57] [Server thread/INFO]: Saved the game
[21:37:59] [Server thread/INFO]: Stopping the server
[21:37:59] [Server thread/INFO]: Stopping server
[21:37:59] [Server thread/INFO]: [SpigotPing] Disabling SpigotPing v2.5
[21:37:59] [Server thread/INFO]: [SpigotPing] Cancelling tasks...
[21:37:59] [Server thread/INFO]: Saving players
[21:38:00] [Server thread/INFO]: Saving worlds
[21:38:00] [Server thread/INFO]: Saving chunks for level '3-player Survival'/minecraft:overworld
[21:38:00] [Server thread/INFO]: ThreadedAnvilChunkStorage (3-player Survival): All chunks are saved
[21:38:00] [Server thread/INFO]: Saving chunks for level '3-player Survival_nether'/minecraft:the_nether
[21:38:00] [Server thread/INFO]: ThreadedAnvilChunkStorage (DIM-1): All chunks are saved
[21:38:00] [Server thread/INFO]: Saving chunks for level '3-player Survival_the_end'/minecraft:the_end
[21:38:00] [Server thread/INFO]: ThreadedAnvilChunkStorage (DIM1): All chunks are saved
[21:38:00] [Server thread/INFO]: ThreadedAnvilChunkStorage (3-player Survival): All chunks are saved
[21:38:01] [Server thread/INFO]: ThreadedAnvilChunkStorage (DIM-1): All chunks are saved
[21:38:01] [Server thread/INFO]: ThreadedAnvilChunkStorage (DIM1): All chunks are saved
