[11:49:15] [Server thread/INFO]: Loading properties
[11:49:16] [Server thread/INFO]: This server is running Paper version git-Paper-98 (MC: 1.15.2) (Implementing API version 1.15.2-R0.1-SNAPSHOT)
[11:49:16] [Server thread/INFO]: Using 4 threads for Netty based IO
[11:49:16] [Server thread/INFO]: Debug logging is disabled
[11:49:16] [Server thread/INFO]: Server Ping Player Sample Count: 12
[11:49:16] [Server thread/INFO]: Default game type: SURVIVAL
[11:49:16] [Server thread/INFO]: Generating keypair
[11:49:17] [Server thread/INFO]: Starting Minecraft server on *:25565
[11:49:17] [Server thread/INFO]: Using default channel type
[11:49:22] [Server thread/WARN]: Initializing Legacy Material Support. Unless you have legacy plugins and/or data this is a bug!
[11:49:29] [Server thread/WARN]: Legacy plugin SpigotPing v2.5 does not specify an api-version.
[11:49:29] [Server thread/INFO]: [SpigotPing] Loading SpigotPing v2.5
[11:49:29] [Server thread/INFO]: Server permissions file permissions.yml is empty, ignoring it
[11:49:29] [Server thread/WARN]: **** SERVER IS RUNNING IN OFFLINE/INSECURE MODE!
[11:49:29] [Server thread/WARN]: The server will make no attempt to authenticate usernames. Beware.
[11:49:29] [Server thread/WARN]: While this makes the game possible to play without internet access, it also opens up the ability for hackers to connect with any username they choose.
[11:49:29] [Server thread/WARN]: To change this, set "online-mode" to "true" in the server.properties file.
[11:49:29] [Server thread/INFO]: Preparing level "3-player Survival"
[11:49:30] [Server thread/INFO]: Reloading ResourceManager: Default, bukkit
[11:49:33] [Server thread/INFO]: Loaded 6 recipes
[11:49:34] [Server thread/INFO]: -------- World Settings For [3-player Survival] --------
[11:49:34] [Server thread/INFO]: Nerfing mobs spawned from spawners: false
[11:49:34] [Server thread/INFO]: Item Despawn Rate: 6000
[11:49:34] [Server thread/INFO]: Allow Zombie Pigmen to spawn from portal blocks: true
[11:49:34] [Server thread/INFO]: Arrow Despawn Rate: 1200 Trident Respawn Rate:1200
[11:49:34] [Server thread/INFO]: Zombie Aggressive Towards Villager: true
[11:49:34] [Server thread/INFO]: Experience Merge Radius: 3.0
[11:49:34] [Server thread/INFO]: Mob Spawn Range: 8
[11:49:34] [Server thread/INFO]: Entity Activation Range: An 32 / Mo 32 / Ra 48 / Mi 16 / Tiv true
[11:49:34] [Server thread/INFO]: Entity Tracking Range: Pl 48 / An 48 / Mo 48 / Mi 32 / Other 64
[11:49:34] [Server thread/INFO]: Custom Map Seeds:  Village: 10387312 Desert: 14357617 Igloo: 14357618 Jungle: 14357619 Swamp: 14357620 Monument: 10387313 Ocean: 14357621 Shipwreck: 165745295 Slime: 987234911
[11:49:34] [Server thread/INFO]: Cactus Growth Modifier: 100%
[11:49:34] [Server thread/INFO]: Cane Growth Modifier: 100%
[11:49:34] [Server thread/INFO]: Melon Growth Modifier: 100%
[11:49:34] [Server thread/INFO]: Mushroom Growth Modifier: 100%
[11:49:34] [Server thread/INFO]: Pumpkin Growth Modifier: 100%
[11:49:34] [Server thread/INFO]: Sapling Growth Modifier: 100%
[11:49:34] [Server thread/INFO]: Beetroot Growth Modifier: 100%
[11:49:34] [Server thread/INFO]: Carrot Growth Modifier: 100%
[11:49:34] [Server thread/INFO]: Potato Growth Modifier: 100%
[11:49:34] [Server thread/INFO]: Wheat Growth Modifier: 100%
[11:49:34] [Server thread/INFO]: NetherWart Growth Modifier: 100%
[11:49:34] [Server thread/INFO]: Vine Growth Modifier: 100%
[11:49:34] [Server thread/INFO]: Cocoa Growth Modifier: 100%
[11:49:34] [Server thread/INFO]: Bamboo Growth Modifier: 100%
[11:49:34] [Server thread/INFO]: SweetBerry Growth Modifier: 100%
[11:49:34] [Server thread/INFO]: Kelp Growth Modifier: 100%
[11:49:34] [Server thread/INFO]: Hopper Transfer: 8 Hopper Check: 1 Hopper Amount: 1
[11:49:34] [Server thread/INFO]: Max TNT Explosions: 100
[11:49:34] [Server thread/INFO]: Tile Max Tick Time: 50ms Entity max Tick Time: 50ms
[11:49:34] [Server thread/INFO]: View Distance: 6
[11:49:34] [Server thread/INFO]: Item Merge Radius: 2.5
[11:49:34] [Server thread/INFO]: -------- World Settings For [3-player Survival_nether] --------
[11:49:34] [Server thread/INFO]: Nerfing mobs spawned from spawners: false
[11:49:34] [Server thread/INFO]: Item Despawn Rate: 6000
[11:49:34] [Server thread/INFO]: Allow Zombie Pigmen to spawn from portal blocks: true
[11:49:34] [Server thread/INFO]: Arrow Despawn Rate: 1200 Trident Respawn Rate:1200
[11:49:34] [Server thread/INFO]: Zombie Aggressive Towards Villager: true
[11:49:34] [Server thread/INFO]: Experience Merge Radius: 3.0
[11:49:34] [Server thread/INFO]: Mob Spawn Range: 8
[11:49:34] [Server thread/INFO]: Entity Activation Range: An 32 / Mo 32 / Ra 48 / Mi 16 / Tiv true
[11:49:34] [Server thread/INFO]: Entity Tracking Range: Pl 48 / An 48 / Mo 48 / Mi 32 / Other 64
[11:49:34] [Server thread/INFO]: Custom Map Seeds:  Village: 10387312 Desert: 14357617 Igloo: 14357618 Jungle: 14357619 Swamp: 14357620 Monument: 10387313 Ocean: 14357621 Shipwreck: 165745295 Slime: 987234911
[11:49:34] [Server thread/INFO]: Cactus Growth Modifier: 100%
[11:49:34] [Server thread/INFO]: Cane Growth Modifier: 100%
[11:49:34] [Server thread/INFO]: Melon Growth Modifier: 100%
[11:49:34] [Server thread/INFO]: Mushroom Growth Modifier: 100%
[11:49:34] [Server thread/INFO]: Pumpkin Growth Modifier: 100%
[11:49:34] [Server thread/INFO]: Sapling Growth Modifier: 100%
[11:49:34] [Server thread/INFO]: Beetroot Growth Modifier: 100%
[11:49:34] [Server thread/INFO]: Carrot Growth Modifier: 100%
[11:49:34] [Server thread/INFO]: Potato Growth Modifier: 100%
[11:49:34] [Server thread/INFO]: Wheat Growth Modifier: 100%
[11:49:34] [Server thread/INFO]: NetherWart Growth Modifier: 100%
[11:49:34] [Server thread/INFO]: Vine Growth Modifier: 100%
[11:49:34] [Server thread/INFO]: Cocoa Growth Modifier: 100%
[11:49:34] [Server thread/INFO]: Bamboo Growth Modifier: 100%
[11:49:34] [Server thread/INFO]: SweetBerry Growth Modifier: 100%
[11:49:34] [Server thread/INFO]: Kelp Growth Modifier: 100%
[11:49:34] [Server thread/INFO]: Hopper Transfer: 8 Hopper Check: 1 Hopper Amount: 1
[11:49:34] [Server thread/INFO]: Max TNT Explosions: 100
[11:49:34] [Server thread/INFO]: Tile Max Tick Time: 50ms Entity max Tick Time: 50ms
[11:49:34] [Server thread/INFO]: View Distance: 6
[11:49:34] [Server thread/INFO]: Item Merge Radius: 2.5
[11:49:34] [Server thread/INFO]: -------- World Settings For [3-player Survival_the_end] --------
[11:49:34] [Server thread/INFO]: Nerfing mobs spawned from spawners: false
[11:49:34] [Server thread/INFO]: Item Despawn Rate: 6000
[11:49:34] [Server thread/INFO]: Allow Zombie Pigmen to spawn from portal blocks: true
[11:49:34] [Server thread/INFO]: Arrow Despawn Rate: 1200 Trident Respawn Rate:1200
[11:49:34] [Server thread/INFO]: Zombie Aggressive Towards Villager: true
[11:49:34] [Server thread/INFO]: Experience Merge Radius: 3.0
[11:49:34] [Server thread/INFO]: Mob Spawn Range: 8
[11:49:34] [Server thread/INFO]: Entity Activation Range: An 32 / Mo 32 / Ra 48 / Mi 16 / Tiv true
[11:49:34] [Server thread/INFO]: Entity Tracking Range: Pl 48 / An 48 / Mo 48 / Mi 32 / Other 64
[11:49:34] [Server thread/INFO]: Custom Map Seeds:  Village: 10387312 Desert: 14357617 Igloo: 14357618 Jungle: 14357619 Swamp: 14357620 Monument: 10387313 Ocean: 14357621 Shipwreck: 165745295 Slime: 987234911
[11:49:34] [Server thread/INFO]: Cactus Growth Modifier: 100%
[11:49:34] [Server thread/INFO]: Cane Growth Modifier: 100%
[11:49:34] [Server thread/INFO]: Melon Growth Modifier: 100%
[11:49:34] [Server thread/INFO]: Mushroom Growth Modifier: 100%
[11:49:34] [Server thread/INFO]: Pumpkin Growth Modifier: 100%
[11:49:34] [Server thread/INFO]: Sapling Growth Modifier: 100%
[11:49:34] [Server thread/INFO]: Beetroot Growth Modifier: 100%
[11:49:34] [Server thread/INFO]: Carrot Growth Modifier: 100%
[11:49:34] [Server thread/INFO]: Potato Growth Modifier: 100%
[11:49:34] [Server thread/INFO]: Wheat Growth Modifier: 100%
[11:49:34] [Server thread/INFO]: NetherWart Growth Modifier: 100%
[11:49:34] [Server thread/INFO]: Vine Growth Modifier: 100%
[11:49:34] [Server thread/INFO]: Cocoa Growth Modifier: 100%
[11:49:34] [Server thread/INFO]: Bamboo Growth Modifier: 100%
[11:49:34] [Server thread/INFO]: SweetBerry Growth Modifier: 100%
[11:49:34] [Server thread/INFO]: Kelp Growth Modifier: 100%
[11:49:34] [Server thread/INFO]: Hopper Transfer: 8 Hopper Check: 1 Hopper Amount: 1
[11:49:34] [Server thread/INFO]: Max TNT Explosions: 100
[11:49:34] [Server thread/INFO]: Tile Max Tick Time: 50ms Entity max Tick Time: 50ms
[11:49:34] [Server thread/INFO]: View Distance: 6
[11:49:34] [Server thread/INFO]: Item Merge Radius: 2.5
[11:49:34] [Server thread/INFO]: Preparing start region for dimension '3-player Survival'/minecraft:overworld
[11:49:36] [Server thread/INFO]: Preparing spawn area: 0%
[11:49:36] [Server thread/INFO]: Preparing spawn area: 0%
[11:49:36] [Server thread/INFO]: Preparing spawn area: 0%
[11:49:36] [Server thread/INFO]: Preparing spawn area: 0%
[11:49:36] [Server thread/INFO]: Preparing spawn area: 1%
[11:49:37] [Server thread/INFO]: Preparing spawn area: 1%
[11:49:37] [Server thread/INFO]: Preparing spawn area: 19%
[11:49:38] [Server thread/INFO]: Preparing spawn area: 79%
[11:49:38] [Server thread/INFO]: Preparing spawn area: 100%
[11:49:39] [Server thread/INFO]: Loaded 169 spawn chunks for world 3-player Survival
[11:49:39] [Server thread/INFO]: Time elapsed: 4576 ms
[11:49:39] [Server thread/INFO]: Preparing start region for dimension '3-player Survival_nether'/minecraft:the_nether
[11:49:39] [Server thread/INFO]: Preparing spawn area: 0%
[11:49:39] [Server thread/INFO]: Preparing spawn area: 16%
[11:49:40] [Server thread/INFO]: Preparing spawn area: 74%
[11:49:40] [Server-Worker-1/INFO]: Preparing spawn area: 100%
[11:49:41] [Server thread/INFO]: Preparing spawn area: 100%
[11:49:41] [Server-Worker-1/INFO]: Preparing spawn area: 100%
[11:49:42] [Server thread/INFO]: Preparing spawn area: 100%
[11:49:42] [Server-Worker-1/INFO]: Preparing spawn area: 100%
[11:49:43] [Server thread/INFO]: Preparing spawn area: 100%
[11:49:43] [Server-Worker-1/INFO]: Preparing spawn area: 100%
[11:49:44] [Server-Worker-2/INFO]: Preparing spawn area: 100%
[11:49:44] [Server thread/INFO]: Loaded 169 spawn chunks for world 3-player Survival_nether
[11:49:44] [Server thread/INFO]: Time elapsed: 5260 ms
[11:49:44] [Server thread/INFO]: Preparing start region for dimension '3-player Survival_the_end'/minecraft:the_end
[11:49:44] [Server thread/INFO]: Preparing spawn area: 0%
[11:49:45] [Server-Worker-1/INFO]: Preparing spawn area: 100%
[11:49:45] [Server-Worker-2/INFO]: Preparing spawn area: 100%
[11:49:45] [Server thread/INFO]: Loaded 169 spawn chunks for world 3-player Survival_the_end
[11:49:45] [Server thread/INFO]: Time elapsed: 1380 ms
[11:49:45] [Server thread/INFO]: [SpigotPing] Enabling SpigotPing v2.5*
[11:49:46] [Server thread/INFO]: [SpigotPing] TabList is enabled, task added with a delay of 3 second/s.
[11:49:46] [Server thread/INFO]: Done (16.489s)! For help, type "help"
[11:49:46] [Server thread/INFO]: Timings Reset
[11:52:23] [User Authenticator #1/INFO]: UUID of player liaoxingkai is ffa9d531-f7e2-3b02-a825-628a185aa48b
[11:52:23] [Server thread/INFO]: liaoxingkai[/127.0.0.1:56472] logged in with entity id 211 at ([3-player Survival]-107.5, 63.0, -622.5)
[11:52:44] [Server thread/INFO]: Added liaoxingkai to the whitelist
[11:52:49] [Server thread/INFO]: Whitelist is now turned on
[11:54:19] [Server thread/INFO]: liaoxingkai lost connection: Disconnected
[11:54:19] [Server thread/INFO]: liaoxingkai left the game
[11:54:31] [Server thread/INFO]: Stopping the server
[11:54:31] [Server thread/INFO]: Stopping server
[11:54:31] [Server thread/INFO]: [SpigotPing] Disabling SpigotPing v2.5
[11:54:31] [Server thread/INFO]: [SpigotPing] Cancelling tasks...
[11:54:31] [Server thread/INFO]: Saving players
[11:54:31] [Server thread/INFO]: Saving worlds
[11:54:31] [Server thread/INFO]: Saving chunks for level '3-player Survival'/minecraft:overworld
[11:54:32] [Server thread/INFO]: ThreadedAnvilChunkStorage (3-player Survival): All chunks are saved
[11:54:32] [Server thread/INFO]: Saving chunks for level '3-player Survival_nether'/minecraft:the_nether
[11:54:33] [Server thread/INFO]: ThreadedAnvilChunkStorage (DIM-1): All chunks are saved
[11:54:33] [Server thread/INFO]: Saving chunks for level '3-player Survival_the_end'/minecraft:the_end
[11:54:33] [Server thread/INFO]: ThreadedAnvilChunkStorage (DIM1): All chunks are saved
[11:54:33] [Server thread/INFO]: ThreadedAnvilChunkStorage (3-player Survival): All chunks are saved
[11:54:33] [Server thread/INFO]: ThreadedAnvilChunkStorage (DIM-1): All chunks are saved
[11:54:34] [Server thread/INFO]: ThreadedAnvilChunkStorage (DIM1): All chunks are saved
