[11:30:01] [Server thread/INFO]: Starting minecraft server version 1.15.2
[11:30:01] [Server thread/INFO]: Loading properties
[11:30:07] [Server thread/INFO]: This server is running Paper version git-Paper-98 (MC: 1.15.2) (Implementing API version 1.15.2-R0.1-SNAPSHOT)
[11:30:08] [Server thread/INFO]: Debug logging is disabled
[11:30:08] [Server thread/INFO]: Server Ping Player Sample Count: 12
[11:30:08] [Server thread/INFO]: Using 4 threads for Netty based IO
[11:30:09] [Server thread/INFO]: Default game type: SURVIVAL
[11:30:09] [Server thread/INFO]: Generating keypair
[11:30:09] [Server thread/INFO]: Starting Minecraft server on *:25565
[11:30:09] [Server thread/INFO]: Using default channel type
[11:30:12] [Server thread/WARN]: Initializing Legacy Material Support. Unless you have legacy plugins and/or data this is a bug!
[11:30:23] [Server thread/WARN]: Legacy plugin SpigotPing v2.5 does not specify an api-version.
[11:30:23] [Server thread/INFO]: [SpigotPing] Loading SpigotPing v2.5
[11:30:24] [Server thread/INFO]: Server permissions file permissions.yml is empty, ignoring it
[11:30:24] [Server thread/WARN]: **** SERVER IS RUNNING IN OFFLINE/INSECURE MODE!
[11:30:24] [Server thread/WARN]: The server will make no attempt to authenticate usernames. Beware.
[11:30:24] [Server thread/WARN]: While this makes the game possible to play without internet access, it also opens up the ability for hackers to connect with any username they choose.
[11:30:24] [Server thread/WARN]: To change this, set "online-mode" to "true" in the server.properties file.
[11:30:24] [Server thread/INFO]: Preparing level "3-player Survival"
[11:30:24] [Server thread/INFO]: Reloading ResourceManager: Default, bukkit
[11:30:38] [Server thread/INFO]: Loaded 6 recipes
[11:30:40] [Server thread/INFO]: -------- World Settings For [3-player Survival] --------
[11:30:40] [Server thread/INFO]: View Distance: 6
[11:30:40] [Server thread/INFO]: Arrow Despawn Rate: 1200 Trident Respawn Rate:1200
[11:30:40] [Server thread/INFO]: Nerfing mobs spawned from spawners: false
[11:30:40] [Server thread/INFO]: Item Despawn Rate: 6000
[11:30:40] [Server thread/INFO]: Item Merge Radius: 2.5
[11:30:40] [Server thread/INFO]: Zombie Aggressive Towards Villager: true
[11:30:40] [Server thread/INFO]: Allow Zombie Pigmen to spawn from portal blocks: true
[11:30:40] [Server thread/INFO]: Hopper Transfer: 8 Hopper Check: 1 Hopper Amount: 1
[11:30:40] [Server thread/INFO]: Experience Merge Radius: 3.0
[11:30:40] [Server thread/INFO]: Entity Tracking Range: Pl 48 / An 48 / Mo 48 / Mi 32 / Other 64
[11:30:40] [Server thread/INFO]: Custom Map Seeds:  Village: 10387312 Desert: 14357617 Igloo: 14357618 Jungle: 14357619 Swamp: 14357620 Monument: 10387313 Ocean: 14357621 Shipwreck: 165745295 Slime: 987234911
[11:30:40] [Server thread/INFO]: Mob Spawn Range: 8
[11:30:40] [Server thread/INFO]: Cactus Growth Modifier: 100%
[11:30:40] [Server thread/INFO]: Cane Growth Modifier: 100%
[11:30:40] [Server thread/INFO]: Melon Growth Modifier: 100%
[11:30:40] [Server thread/INFO]: Mushroom Growth Modifier: 100%
[11:30:40] [Server thread/INFO]: Pumpkin Growth Modifier: 100%
[11:30:40] [Server thread/INFO]: Sapling Growth Modifier: 100%
[11:30:40] [Server thread/INFO]: Beetroot Growth Modifier: 100%
[11:30:40] [Server thread/INFO]: Carrot Growth Modifier: 100%
[11:30:40] [Server thread/INFO]: Potato Growth Modifier: 100%
[11:30:40] [Server thread/INFO]: Wheat Growth Modifier: 100%
[11:30:40] [Server thread/INFO]: NetherWart Growth Modifier: 100%
[11:30:40] [Server thread/INFO]: Vine Growth Modifier: 100%
[11:30:40] [Server thread/INFO]: Cocoa Growth Modifier: 100%
[11:30:40] [Server thread/INFO]: Bamboo Growth Modifier: 100%
[11:30:40] [Server thread/INFO]: SweetBerry Growth Modifier: 100%
[11:30:40] [Server thread/INFO]: Kelp Growth Modifier: 100%
[11:30:40] [Server thread/INFO]: Entity Activation Range: An 32 / Mo 32 / Ra 48 / Mi 16 / Tiv true
[11:30:40] [Server thread/INFO]: Max TNT Explosions: 100
[11:30:40] [Server thread/INFO]: Tile Max Tick Time: 50ms Entity max Tick Time: 50ms
[11:30:41] [Server thread/INFO]: -------- World Settings For [3-player Survival_nether] --------
[11:30:41] [Server thread/INFO]: View Distance: 6
[11:30:41] [Server thread/INFO]: Arrow Despawn Rate: 1200 Trident Respawn Rate:1200
[11:30:41] [Server thread/INFO]: Nerfing mobs spawned from spawners: false
[11:30:41] [Server thread/INFO]: Item Despawn Rate: 6000
[11:30:41] [Server thread/INFO]: Item Merge Radius: 2.5
[11:30:41] [Server thread/INFO]: Zombie Aggressive Towards Villager: true
[11:30:41] [Server thread/INFO]: Allow Zombie Pigmen to spawn from portal blocks: true
[11:30:41] [Server thread/INFO]: Hopper Transfer: 8 Hopper Check: 1 Hopper Amount: 1
[11:30:41] [Server thread/INFO]: Experience Merge Radius: 3.0
[11:30:41] [Server thread/INFO]: Entity Tracking Range: Pl 48 / An 48 / Mo 48 / Mi 32 / Other 64
[11:30:41] [Server thread/INFO]: Custom Map Seeds:  Village: 10387312 Desert: 14357617 Igloo: 14357618 Jungle: 14357619 Swamp: 14357620 Monument: 10387313 Ocean: 14357621 Shipwreck: 165745295 Slime: 987234911
[11:30:41] [Server thread/INFO]: Mob Spawn Range: 8
[11:30:41] [Server thread/INFO]: Cactus Growth Modifier: 100%
[11:30:41] [Server thread/INFO]: Cane Growth Modifier: 100%
[11:30:41] [Server thread/INFO]: Melon Growth Modifier: 100%
[11:30:41] [Server thread/INFO]: Mushroom Growth Modifier: 100%
[11:30:41] [Server thread/INFO]: Pumpkin Growth Modifier: 100%
[11:30:41] [Server thread/INFO]: Sapling Growth Modifier: 100%
[11:30:41] [Server thread/INFO]: Beetroot Growth Modifier: 100%
[11:30:41] [Server thread/INFO]: Carrot Growth Modifier: 100%
[11:30:41] [Server thread/INFO]: Potato Growth Modifier: 100%
[11:30:41] [Server thread/INFO]: Wheat Growth Modifier: 100%
[11:30:41] [Server thread/INFO]: NetherWart Growth Modifier: 100%
[11:30:41] [Server thread/INFO]: Vine Growth Modifier: 100%
[11:30:41] [Server thread/INFO]: Cocoa Growth Modifier: 100%
[11:30:41] [Server thread/INFO]: Bamboo Growth Modifier: 100%
[11:30:41] [Server thread/INFO]: SweetBerry Growth Modifier: 100%
[11:30:41] [Server thread/INFO]: Kelp Growth Modifier: 100%
[11:30:41] [Server thread/INFO]: Entity Activation Range: An 32 / Mo 32 / Ra 48 / Mi 16 / Tiv true
[11:30:41] [Server thread/INFO]: Max TNT Explosions: 100
[11:30:41] [Server thread/INFO]: Tile Max Tick Time: 50ms Entity max Tick Time: 50ms
[11:30:41] [Server thread/INFO]: -------- World Settings For [3-player Survival_the_end] --------
[11:30:41] [Server thread/INFO]: View Distance: 6
[11:30:41] [Server thread/INFO]: Arrow Despawn Rate: 1200 Trident Respawn Rate:1200
[11:30:41] [Server thread/INFO]: Nerfing mobs spawned from spawners: false
[11:30:41] [Server thread/INFO]: Item Despawn Rate: 6000
[11:30:41] [Server thread/INFO]: Item Merge Radius: 2.5
[11:30:41] [Server thread/INFO]: Zombie Aggressive Towards Villager: true
[11:30:41] [Server thread/INFO]: Allow Zombie Pigmen to spawn from portal blocks: true
[11:30:41] [Server thread/INFO]: Hopper Transfer: 8 Hopper Check: 1 Hopper Amount: 1
[11:30:41] [Server thread/INFO]: Experience Merge Radius: 3.0
[11:30:41] [Server thread/INFO]: Entity Tracking Range: Pl 48 / An 48 / Mo 48 / Mi 32 / Other 64
[11:30:41] [Server thread/INFO]: Custom Map Seeds:  Village: 10387312 Desert: 14357617 Igloo: 14357618 Jungle: 14357619 Swamp: 14357620 Monument: 10387313 Ocean: 14357621 Shipwreck: 165745295 Slime: 987234911
[11:30:41] [Server thread/INFO]: Mob Spawn Range: 8
[11:30:41] [Server thread/INFO]: Cactus Growth Modifier: 100%
[11:30:41] [Server thread/INFO]: Cane Growth Modifier: 100%
[11:30:41] [Server thread/INFO]: Melon Growth Modifier: 100%
[11:30:41] [Server thread/INFO]: Mushroom Growth Modifier: 100%
[11:30:41] [Server thread/INFO]: Pumpkin Growth Modifier: 100%
[11:30:41] [Server thread/INFO]: Sapling Growth Modifier: 100%
[11:30:41] [Server thread/INFO]: Beetroot Growth Modifier: 100%
[11:30:41] [Server thread/INFO]: Carrot Growth Modifier: 100%
[11:30:41] [Server thread/INFO]: Potato Growth Modifier: 100%
[11:30:41] [Server thread/INFO]: Wheat Growth Modifier: 100%
[11:30:41] [Server thread/INFO]: NetherWart Growth Modifier: 100%
[11:30:41] [Server thread/INFO]: Vine Growth Modifier: 100%
[11:30:41] [Server thread/INFO]: Cocoa Growth Modifier: 100%
[11:30:41] [Server thread/INFO]: Bamboo Growth Modifier: 100%
[11:30:41] [Server thread/INFO]: SweetBerry Growth Modifier: 100%
[11:30:41] [Server thread/INFO]: Kelp Growth Modifier: 100%
[11:30:41] [Server thread/INFO]: Entity Activation Range: An 32 / Mo 32 / Ra 48 / Mi 16 / Tiv true
[11:30:41] [Server thread/INFO]: Max TNT Explosions: 100
[11:30:41] [Server thread/INFO]: Tile Max Tick Time: 50ms Entity max Tick Time: 50ms
[11:30:41] [Server thread/INFO]: Preparing start region for dimension '3-player Survival'/minecraft:overworld
[11:30:42] [Server thread/INFO]: Preparing spawn area: 0%
[11:30:42] [Server thread/INFO]: Preparing spawn area: 0%
[11:30:42] [Server thread/INFO]: Preparing spawn area: 0%
[11:30:42] [Server thread/INFO]: Preparing spawn area: 0%
[11:30:43] [Server thread/INFO]: Preparing spawn area: 1%
[11:30:44] [Server thread/INFO]: Preparing spawn area: 4%
[11:30:44] [Server thread/INFO]: Preparing spawn area: 10%
[11:30:44] [Server thread/INFO]: Preparing spawn area: 14%
[11:30:45] [Server thread/INFO]: Preparing spawn area: 41%
[11:30:45] [Server thread/INFO]: Preparing spawn area: 61%
[11:30:46] [Server thread/INFO]: Preparing spawn area: 87%
[11:30:46] [Server thread/INFO]: Preparing spawn area: 100%
[11:30:47] [Server thread/INFO]: Preparing spawn area: 100%
[11:30:47] [Server thread/INFO]: Preparing spawn area: 100%
[11:30:48] [Server thread/INFO]: Preparing spawn area: 100%
[11:30:48] [Server thread/INFO]: Loaded 169 spawn chunks for world 3-player Survival
[11:30:48] [Server thread/INFO]: Time elapsed: 7057 ms
[11:30:48] [Server thread/INFO]: Preparing start region for dimension '3-player Survival_nether'/minecraft:the_nether
[11:30:49] [Server thread/INFO]: Preparing spawn area: 0%
[11:30:49] [Server thread/INFO]: Preparing spawn area: 0%
[11:30:49] [Server thread/INFO]: Preparing spawn area: 3%
[11:30:49] [Server thread/INFO]: Preparing spawn area: 39%
[11:30:50] [Server thread/INFO]: Preparing spawn area: 100%
[11:30:50] [Server-Worker-1/INFO]: Preparing spawn area: 100%
[11:30:51] [Server-Worker-2/INFO]: Preparing spawn area: 100%
[11:30:51] [Server-Worker-2/INFO]: Preparing spawn area: 100%
[11:30:52] [Server thread/INFO]: Preparing spawn area: 100%
[11:30:52] [Server-Worker-1/INFO]: Preparing spawn area: 100%
[11:30:53] [Server-Worker-1/INFO]: Preparing spawn area: 100%
[11:30:53] [Server thread/INFO]: Preparing spawn area: 100%
[11:30:54] [Server-Worker-1/INFO]: Preparing spawn area: 100%
[11:30:54] [Server thread/INFO]: Preparing spawn area: 100%
[11:30:55] [Server thread/INFO]: Preparing spawn area: 100%
[11:30:55] [Server-Worker-2/INFO]: Preparing spawn area: 100%
[11:30:55] [Server thread/INFO]: Loaded 169 spawn chunks for world 3-player Survival_nether
[11:30:55] [Server thread/INFO]: Time elapsed: 7568 ms
[11:30:55] [Server thread/INFO]: Preparing start region for dimension '3-player Survival_the_end'/minecraft:the_end
[11:30:56] [Server thread/INFO]: Preparing spawn area: 0%
[11:30:56] [Server-Worker-2/INFO]: Preparing spawn area: 100%
[11:30:56] [Server-Worker-2/INFO]: Preparing spawn area: 100%
[11:30:57] [Server-Worker-1/INFO]: Preparing spawn area: 100%
[11:30:57] [Server-Worker-1/INFO]: Preparing spawn area: 100%
[11:30:58] [Server thread/INFO]: Loaded 169 spawn chunks for world 3-player Survival_the_end
[11:30:58] [Server thread/INFO]: Time elapsed: 2109 ms
[11:30:58] [Server thread/INFO]: [SpigotPing] Enabling SpigotPing v2.5*
[11:30:58] [Server thread/INFO]: [SpigotPing] TabList is enabled, task added with a delay of 3 second/s.
[11:30:58] [Server thread/INFO]: Done (34.246s)! For help, type "help"
[11:30:58] [Server thread/INFO]: Timings Reset
[11:38:20] [Server thread/WARN]: Can't keep up! Is the server overloaded? Running 5056ms or 101 ticks behind
[11:39:30] [Server thread/WARN]: Can't keep up! Is the server overloaded? Running 5164ms or 103 ticks behind
[11:47:54] [User Authenticator #1/INFO]: UUID of player liaoxingkai is ffa9d531-f7e2-3b02-a825-628a185aa48b
[11:47:56] [Server thread/INFO]: liaoxingkai[/127.0.0.1:63087] logged in with entity id 123 at ([3-player Survival]-2022.0183783489147, 63.0, -247.3476536092757)
[11:48:16] [Async Chat Thread - #0/INFO]: <liaoxingkai> tt
[11:51:27] [User Authenticator #2/INFO]: UUID of player Stehsaer is 4ee78221-99b3-33bb-8da3-72c49ff039eb
[11:51:28] [Server thread/INFO]: Stehsaer[/192.168.100.27:63181] logged in with entity id 538 at ([3-player Survival]-104.70000002533197, 63.0000002, -630.700000025332)
[11:51:39] [Server thread/WARN]: Can't keep up! Is the server overloaded? Running 5008ms or 100 ticks behind
[11:51:46] [Async Chat Thread - #1/INFO]: <Stehsaer> where are you
[11:52:01] [Async Chat Thread - #1/INFO]: <liaoxingkai> 帅怪
[11:52:10] [Server thread/INFO]: Stehsaer issued server command: /effect give @a minecraft:glowing 100000 0 true
[11:53:27] [Server thread/WARN]: Can't keep up! Is the server overloaded? Running 5119ms or 102 ticks behind
[11:54:41] [Server thread/INFO]: liaoxingkai lost connection: Disconnected
[11:54:41] [Server thread/INFO]: liaoxingkai left the game
[11:55:20] [Server thread/INFO]: Stehsaer lost connection: Disconnected
[11:55:20] [Server thread/INFO]: Stehsaer left the game
[11:55:21] [User Authenticator #3/INFO]: UUID of player Stehsaer is 4ee78221-99b3-33bb-8da3-72c49ff039eb
[11:55:22] [Server thread/INFO]: Stehsaer[/192.168.100.27:63199] logged in with entity id 1342 at ([3-player Survival]-113.65668709139058, 62.9375, -649.4514702400921)
[11:57:36] [Server thread/INFO]: Stehsaer issued server command: /difficulty normal
[11:57:36] [Server thread/INFO]: [Stehsaer: The difficulty has been set to Normal]
[12:20:45] [Server thread/INFO]: Stehsaer issued server command: /effect give @e[type=minecraft:creeper] minecraft:glowing 100 0
[12:20:45] [Server thread/INFO]: [Stehsaer: Applied effect Glowing to 13 targets]
[12:21:19] [Server thread/INFO]: Stehsaer issued server command: /effect clear @e
[12:21:19] [Server thread/INFO]: [Stehsaer: Removed every effect from 222 targets]
[12:23:38] [User Authenticator #4/INFO]: UUID of player cwXiaoYu is baf8c5c5-45db-3353-b7b9-1fab32f4b0da
[12:23:38] [Server thread/INFO]: cwXiaoYu[/127.0.0.1:63377] logged in with entity id 4601 at ([3-player Survival]-2014.987500011921, 63.0, -245.9554865663642)
[12:23:56] [Async Chat Thread - #2/INFO]: <Stehsaer> HI
[12:24:15] [Async Chat Thread - #2/INFO]: <Stehsaer> 不要浪费
[12:24:28] [Async Chat Thread - #2/INFO]: <Stehsaer> 治疗药水get
[12:25:09] [Async Chat Thread - #2/INFO]: <cwXiaoYu> 上去清一下蜘蛛
[12:25:15] [Async Chat Thread - #2/INFO]: <Stehsaer> buyong
[12:25:31] [Async Chat Thread - #2/INFO]: <Stehsaer> 只要走远一点，让怪物消失，再回来就好了
[12:26:10] [Server thread/INFO]: Stehsaer issued server command: /effect give @a minecraft:glowing 100000 0 truue
[12:26:13] [Server thread/INFO]: Stehsaer issued server command: /effect give @a minecraft:glowing 100000 0 true
[12:26:13] [Server thread/INFO]: [Stehsaer: Applied effect Glowing to 2 targets]
[12:26:20] [Async Chat Thread - #2/INFO]: <Stehsaer> where are you
[12:26:51] [Async Chat Thread - #2/INFO]: <Stehsaer> ren ne
[12:27:12] [Async Chat Thread - #2/INFO]: <Stehsaer> WHERE ARE YOU
[12:27:25] [Async Chat Thread - #2/INFO]: <cwXiaoYu> shua guai ta
[12:28:18] [Async Chat Thread - #2/INFO]: <Stehsaer> 好烦经验掉进漏斗出不来
[12:28:50] [Server thread/INFO]: Stehsaer issued server command: /effect clear
[12:28:50] [Server thread/INFO]: [Stehsaer: Removed every effect from Stehsaer]
[12:28:55] [Server thread/INFO]: Stehsaer issued server command: /effect clear cwXiaoYu
[12:28:55] [Server thread/INFO]: [Stehsaer: Removed every effect from cwXiaoYu]
[12:29:06] [Async Chat Thread - #2/INFO]: <cwXiaoYu> i have lunch and guaji shua guai
[12:29:09] [Async Chat Thread - #2/INFO]: <Stehsaer> ok
[12:31:43] [Server thread/INFO]: Stehsaer issued server command: /tps
[12:38:27] [Server thread/INFO]: Stehsaer issued server command: /execute as villager run say i'm a villager
[12:38:57] [Server thread/INFO]: Stehsaer issued server command: /effect give @e[type=minecraft:villager] minecraft:glowing 60 0
[12:43:00] [Server thread/INFO]: Stehsaer issued server command: /banlist
[12:43:08] [Server thread/INFO]: Stehsaer issued server command: /advancement
[12:43:15] [Server thread/INFO]: Stehsaer issued server command: /help
[12:43:25] [Server thread/INFO]: Stehsaer issued server command: /bukkit:help
[12:43:37] [Server thread/INFO]: Stehsaer issued server command: /bukkit:?
[12:50:22] [Async Chat Thread - #3/INFO]: <Stehsaer> you are back?
[12:50:26] [Async Chat Thread - #3/INFO]: <cwXiaoYu> y
[12:50:33] [Async Chat Thread - #3/INFO]: <Stehsaer> 这样，每个人给自己的矿车命名
[12:50:43] [Async Chat Thread - #3/INFO]: <cwXiaoYu> suanle
[12:50:46] [Async Chat Thread - #3/INFO]: <Stehsaer> 格式是谁谁谁的矿车
[12:50:53] [Async Chat Thread - #3/INFO]: <cwXiaoYu> mei bi yao
[12:51:12] [Async Chat Thread - #3/INFO]: <Stehsaer> 我先挂机刷怪了
[12:51:16] [Async Chat Thread - #3/INFO]: <Stehsaer> i have lunch
[12:56:52] [Async Chat Thread - #4/INFO]: <cwXiaoYu> 钻石镐呢?
[13:02:23] [Server thread/INFO]: cwXiaoYu was blown up by Creeper
[13:09:22] [Server thread/INFO]: Showing new title for 2 players
[13:09:30] [Server thread/INFO]: Showing new title for 2 players
[13:09:37] [Server thread/INFO]: Showing new title for 2 players
[13:09:39] [Server thread/INFO]: Showing new title for 2 players
[13:09:39] [Server thread/INFO]: Showing new title for 2 players
[13:09:40] [Server thread/INFO]: Showing new title for 2 players
[13:09:40] [Server thread/INFO]: Showing new title for 2 players
[13:09:40] [Server thread/INFO]: Showing new title for 2 players
[13:09:41] [Server thread/INFO]: Showing new title for 2 players
[13:09:41] [Server thread/INFO]: Showing new title for 2 players
[13:09:41] [Server thread/INFO]: Showing new title for 2 players
[13:09:42] [Server thread/INFO]: Showing new title for 2 players
[13:09:42] [Server thread/INFO]: Showing new title for 2 players
[13:09:42] [Server thread/INFO]: Showing new title for 2 players
[13:09:43] [Server thread/INFO]: Showing new title for 2 players
[13:09:43] [Server thread/INFO]: Showing new title for 2 players
[13:09:44] [Server thread/INFO]: Showing new title for 2 players
[13:09:44] [Server thread/INFO]: Showing new title for 2 players
[13:09:44] [Server thread/INFO]: Showing new title for 2 players
[13:09:45] [Server thread/INFO]: Showing new title for 2 players
[13:09:45] [Server thread/INFO]: Showing new title for 2 players
[13:09:45] [Server thread/INFO]: Showing new title for 2 players
[13:09:46] [Server thread/INFO]: Showing new title for 2 players
[13:09:46] [Server thread/INFO]: Showing new title for 2 players
[13:10:38] [User Authenticator #5/INFO]: UUID of player liaoxingkai is ffa9d531-f7e2-3b02-a825-628a185aa48b
[13:10:38] [Server thread/INFO]: liaoxingkai[/127.0.0.1:63457] logged in with entity id 10920 at ([3-player Survival]-2021.237500011921, 63.0, -247.66839465920583)
[13:10:52] [Async Chat Thread - #5/INFO]: <liaoxingkai> tt
[13:11:40] [Server thread/INFO]: cwXiaoYu fell from a high place
[13:12:24] [Async Chat Thread - #6/INFO]: <liaoxingkai> woc
[13:12:34] [Async Chat Thread - #6/INFO]: <liaoxingkai> 又炸
[13:15:49] [Async Chat Thread - #7/INFO]: <Stehsaer> 以后清怪其实走到128格以外就好了
[13:16:13] [Async Chat Thread - #7/INFO]: <cwXiaoYu> gei wo stone
[13:16:56] [Server thread/INFO]: Stehsaer lost connection: Disconnected
[13:16:56] [Server thread/INFO]: Stehsaer left the game
[13:18:27] [User Authenticator #6/INFO]: UUID of player Stehsaer is 4ee78221-99b3-33bb-8da3-72c49ff039eb
[13:18:27] [Server thread/INFO]: Stehsaer[/192.168.100.27:63483] logged in with entity id 12230 at ([3-player Survival]-2017.457672647593, 74.0, -245.69999998807907)
[13:18:47] [Async Chat Thread - #8/INFO]: <cwXiaoYu> go to jie lue ta
[13:20:30] [Async Chat Thread - #9/INFO]: <Stehsaer> 回家睡觉
[13:20:41] [Async Chat Thread - #9/INFO]: <Stehsaer> 真的讨厌换衣
[13:22:02] [Async Chat Thread - #10/INFO]: <cwXiaoYu> LXK
[13:22:12] [Async Chat Thread - #10/INFO]: <cwXiaoYu> qu jielueta
[13:22:20] [Async Chat Thread - #10/INFO]: <Stehsaer> 去劫掠干啥
[13:22:32] [Async Chat Thread - #10/INFO]: <cwXiaoYu> you can you go
[13:22:42] [Async Chat Thread - #10/INFO]: <cwXiaoYu> help yourself
[13:23:00] [Async Chat Thread - #10/INFO]: <Stehsaer> 问题是去那里干啥啊
[13:24:01] [Async Chat Thread - #11/INFO]: <cwXiaoYu> i go by meyself
[13:24:23] [Async Chat Thread - #11/INFO]: <Stehsaer> 他干啥去
[13:24:35] [Async Chat Thread - #11/INFO]: <liaoxingkai> bu zhi dao
[13:24:51] [Async Chat Thread - #11/INFO]: <cwXiaoYu> 我自己一人去劫掠塔
[13:25:21] [Async Chat Thread - #11/INFO]: <cwXiaoYu> 你们随便做事，我去拿个宝箱
[13:25:28] [Async Chat Thread - #11/INFO]: <Stehsaer> 那个宝箱我早拿了
[13:26:48] [Async Chat Thread - #12/INFO]: <cwXiaoYu> 去找地牢吗？
[13:27:15] [Async Chat Thread - #12/INFO]: <liaoxingkai> 换一抹
[13:27:33] [Async Chat Thread - #12/INFO]: <Stehsaer> where are you cwxiaoyu
[13:27:37] [Async Chat Thread - #12/INFO]: <liaoxingkai> 幻
[13:27:42] [Async Chat Thread - #12/INFO]: <cwXiaoYu> where is your zuanshigao
[13:27:46] [Async Chat Thread - #12/INFO]: <Stehsaer> 我去定位一下地牢
[13:28:42] [Async Chat Thread - #12/INFO]: <Stehsaer> 756 -1548
[13:29:22] [Async Chat Thread - #12/INFO]: <Stehsaer> -2252 388
[13:29:29] [Async Chat Thread - #12/INFO]: <Stehsaer> 有两个
[13:29:40] [Async Chat Thread - #12/INFO]: <Stehsaer> -2252那个可能离蘑菇岛很近
[13:30:21] [Async Chat Thread - #12/INFO]: <Stehsaer> lxk，走我们去找地牢
[13:31:26] [Async Chat Thread - #13/INFO]: <Stehsaer> 等一下，我们不应该带一点黑曜石吗
[13:31:34] [Async Chat Thread - #13/INFO]: <Stehsaer> 做地狱门啊
[13:31:35] [Async Chat Thread - #13/INFO]: <cwXiaoYu> ni qu na
[13:31:53] [Server thread/INFO]: Stehsaer issued server command: /effect clear @a
[13:31:53] [Server thread/INFO]: [Stehsaer: Removed every effect from 3 targets]
[13:32:20] [Async Chat Thread - #13/INFO]: <Stehsaer> 我下矿坑找黑曜石
[13:35:02] [Server thread/INFO]: cwXiaoYu has made the advancement [Ice Bucket Challenge]
[13:35:02] [Async Chat Thread - #14/INFO]: <liaoxingkai> 算了l
[13:35:18] [Async Chat Thread - #14/INFO]: <Stehsaer> 可以了
[13:35:22] [Async Chat Thread - #14/INFO]: <liaoxingkai> 等你们上来
[13:36:41] [Async Chat Thread - #15/INFO]: <Stehsaer> 先睡觉
[13:36:56] [Async Chat Thread - #15/INFO]: <Stehsaer> 做好所有准备
[13:37:03] [Async Chat Thread - #15/INFO]: <Stehsaer> 食物带够
[13:37:09] [Async Chat Thread - #15/INFO]: <liaoxingkai> 要不要做头盔
[13:37:35] [Async Chat Thread - #15/INFO]: <Stehsaer> 这里有
[13:37:44] [Server thread/INFO]: cwXiaoYu has made the advancement [Suit Up]
[13:38:06] [Server thread/INFO]: cwXiaoYu has made the advancement [Enchanter]
[13:38:07] [Async Chat Thread - #15/INFO]: <liaoxingkai> 烤马铃薯
[13:38:50] [Async Chat Thread - #15/INFO]: <liaoxingkai> 我带啥
[13:39:02] [Async Chat Thread - #15/INFO]: <Stehsaer> 所有生存必需品
[13:39:03] [Async Chat Thread - #15/INFO]: <cwXiaoYu> wood
[13:39:08] [Async Chat Thread - #15/INFO]: <Stehsaer> 木头我带了
[13:39:18] [Async Chat Thread - #15/INFO]: <Stehsaer> 盾牌
[13:40:13] [Async Chat Thread - #15/INFO]: <Stehsaer> are you ready
[13:40:39] [Async Chat Thread - #15/INFO]: <cwXiaoYu> go
[13:40:48] [Async Chat Thread - #15/INFO]: <Stehsaer> go
[13:41:14] [Async Chat Thread - #15/INFO]: <Stehsaer> 756 -1548
[13:41:30] [Async Chat Thread - #15/INFO]: <Stehsaer> this way
[13:41:47] [Async Chat Thread - #15/INFO]: <Stehsaer> where is wy
[13:44:18] [Async Chat Thread - #16/INFO]: <Stehsaer> 谁有骨头
[13:44:32] [Async Chat Thread - #16/INFO]: <cwXiaoYu> no
[13:44:39] [Async Chat Thread - #16/INFO]: <cwXiaoYu> go
[13:46:39] [Async Chat Thread - #17/INFO]: <cwXiaoYu> go ahead
[13:46:40] [Async Chat Thread - #17/INFO]: <Stehsaer> 怎么办
[13:46:47] [Async Chat Thread - #17/INFO]: <cwXiaoYu> nothing
[13:46:47] [Async Chat Thread - #17/INFO]: <Stehsaer> 他会一直咬你
[13:46:52] [Async Chat Thread - #17/INFO]: <Stehsaer> dengdeng
[13:46:57] [Async Chat Thread - #17/INFO]: <cwXiaoYu> go
[13:47:30] [Async Chat Thread - #17/INFO]: <cwXiaoYu> tian hei le, bei deng
[13:47:35] [Async Chat Thread - #17/INFO]: <cwXiaoYu> bie
[13:47:54] [Async Chat Thread - #17/INFO]: <cwXiaoYu> go
[13:47:59] [Async Chat Thread - #17/INFO]: <cwXiaoYu> kuaia
[13:48:30] [Async Chat Thread - #17/INFO]: <Stehsaer> ?
[13:48:39] [Async Chat Thread - #17/INFO]: <Stehsaer> 为什么会在海上
[13:49:53] [Async Chat Thread - #18/INFO]: <Stehsaer> 应该就在这里了
[13:50:10] [Async Chat Thread - #18/INFO]: <Stehsaer> where are you
[13:50:21] [Async Chat Thread - #18/INFO]: <Stehsaer> ??????
[13:50:26] [Async Chat Thread - #18/INFO]: <Stehsaer> 我在对岸
[13:50:47] [Async Chat Thread - #18/INFO]: <Stehsaer> wwwwwwwhere are you?!
[13:50:53] [Server thread/INFO]: liaoxingkai has made the advancement [Not Today, Thank You]
[13:51:16] [Server thread/INFO]: liaoxingkai was slain by Zombie
[13:51:32] [Async Chat Thread - #18/INFO]: <liaoxingkai> cao
[13:51:37] [Async Chat Thread - #18/INFO]: <liaoxingkai> made
[13:51:49] [Async Chat Thread - #18/INFO]: <cwXiaoYu> wa san tian yi
[13:52:08] [Async Chat Thread - #18/INFO]: <liaoxingkai> 咋办
[13:52:42] [Async Chat Thread - #18/INFO]: <liaoxingkai> 你们在哪‘
[13:52:56] [Server thread/INFO]: cwXiaoYu was slain by Drowned
[13:53:45] [Async Chat Thread - #19/INFO]: <cwXiaoYu> 我不明白为什么你们要去高那只狗
[13:54:02] [Async Chat Thread - #19/INFO]: <cwXiaoYu> 浪费了好多时间
[13:54:20] [Server thread/INFO]: Stehsaer issued server command: /time query day
[13:54:23] [Async Chat Thread - #19/INFO]: <liaoxingkai> xianziagansha
[13:54:27] [Async Chat Thread - #19/INFO]: <cwXiaoYu> 搞得天黑才来
[13:54:34] [Async Chat Thread - #19/INFO]: <Stehsaer> 等
[13:54:42] [Async Chat Thread - #19/INFO]: <liaoxingkai> what should we do
[13:54:45] [Server thread/INFO]: Stehsaer issued server command: /time query day
[13:54:49] [Server thread/INFO]: Stehsaer issued server command: /time query daytime
[13:54:58] [Async Chat Thread - #19/INFO]: <Stehsaer> 即将日出
[13:55:05] [Server thread/INFO]: Stehsaer issued server command: /locate Stronghold
[13:55:11] [Async Chat Thread - #19/INFO]: <Stehsaer> 就在这里，没错了
[13:55:16] [Async Chat Thread - #19/INFO]: <Stehsaer> 等一下tp你们过来
[13:56:05] [Async Chat Thread - #19/INFO]: <liaoxingkai> 解开
[13:56:19] [Server thread/INFO]: Stehsaer issued server command: /tp @a Stehsaer
[13:56:19] [Server thread/INFO]: [Stehsaer: Teleported 3 entities to Stehsaer]
[13:56:22] [Async Chat Thread - #19/INFO]: <liaoxingkai> 我不会
[13:56:55] [Async Chat Thread - #19/INFO]: <Stehsaer> ?
[13:57:10] [Async Chat Thread - #19/INFO]: <Stehsaer> 走，开挖
[13:57:15] [Async Chat Thread - #19/INFO]: <Stehsaer> 760,-1544
[13:58:32] [Async Chat Thread - #20/INFO]: <Stehsaer> 谁有多余的弓
[13:58:41] [Async Chat Thread - #20/INFO]: <Stehsaer> 我忘带了
[13:59:03] [Async Chat Thread - #20/INFO]: <Stehsaer> let's go
[14:00:35] [Async Chat Thread - #21/INFO]: <Stehsaer> yes!
[14:00:38] [Async Chat Thread - #21/INFO]: <Stehsaer> be careful
[14:00:50] [Server thread/INFO]: Stehsaer has made the advancement [Eye Spy]
[14:00:50] [Server thread/INFO]: cwXiaoYu has made the advancement [Eye Spy]
[14:00:53] [Server thread/INFO]: liaoxingkai has made the advancement [Eye Spy]
[14:02:44] [Async Chat Thread - #22/INFO]: <Stehsaer> hey
[14:03:27] [Async Chat Thread - #22/INFO]: <Stehsaer> hey, there's something good
[14:03:45] [Async Chat Thread - #22/INFO]: <Stehsaer> i've found a library
[14:05:56] [Async Chat Thread - #23/INFO]: <Stehsaer> there's a creeper
[14:06:58] [Server thread/INFO]: cwXiaoYu was blown up by Creeper
[14:07:03] [Server thread/INFO]: Stehsaer issued server command: /tp cwXiaoYu Stehsaer
[14:07:03] [Server thread/INFO]: [Stehsaer: Teleported cwXiaoYu to Stehsaer]
[14:07:09] [Async Chat Thread - #24/INFO]: <cwXiaoYu> i have to quit
[14:07:12] [Async Chat Thread - #24/INFO]: <Stehsaer> ok
[14:07:18] [Server thread/INFO]: cwXiaoYu lost connection: Disconnected
[14:07:18] [Server thread/INFO]: cwXiaoYu left the game
[14:07:19] [Async Chat Thread - #24/INFO]: <Stehsaer> where are you lxk'
[14:09:00] [Server thread/INFO]: Stehsaer issued server command: /tp ~ ~ ~
[14:09:00] [Server thread/INFO]: [Stehsaer: Teleported Stehsaer to 763.2647325887305, 26.0, -1581.6107255168793]
[14:09:54] [Async Chat Thread - #25/INFO]: <Stehsaer> wait
[14:10:12] [Async Chat Thread - #25/INFO]: <Stehsaer> 我们找的是末地传送门呀
[14:13:16] [Async Chat Thread - #26/INFO]: <Stehsaer> let's go back home
[14:15:58] [Server thread/INFO]: Stehsaer issued server command: /time query daytime
[14:16:06] [Server thread/INFO]: Stehsaer issued server command: /tp liaoxingkai Stehsaer
[14:16:06] [Server thread/INFO]: [Stehsaer: Teleported liaoxingkai to Stehsaer]
[14:18:01] [Server thread/INFO]: Stehsaer issued server command: /kill
[14:18:01] [Server thread/INFO]: Stehsaer fell out of the world
[14:18:01] [Server thread/INFO]: [Stehsaer: Killed Stehsaer]
[14:23:26] [Server thread/INFO]: Stehsaer issued server command: /kill liaoxingkai
[14:23:26] [Server thread/INFO]: liaoxingkai fell out of the world
[14:23:26] [Server thread/INFO]: [Stehsaer: Killed liaoxingkai]
[14:32:36] [Server thread/INFO]: Stehsaer issued server command: /kill @e[type=minecraft:spider]
[14:32:36] [Server thread/INFO]: [Stehsaer: Killed 13 entities]
[14:36:46] [Async Chat Thread - #27/INFO]: <Stehsaer> where are you
[14:47:48] [Server thread/INFO]: liaoxingkai lost connection: Timed out
[14:47:48] [Server thread/INFO]: liaoxingkai left the game
[14:49:22] [Server thread/INFO]: Stehsaer issued server command: /scoreboard objectives setdisplay belowName xps
[14:49:22] [Server thread/INFO]: [Stehsaer: Set display slot belowName to show objective 分数]
[14:51:25] [User Authenticator #7/INFO]: UUID of player liaoxingkai is ffa9d531-f7e2-3b02-a825-628a185aa48b
[14:51:26] [Server thread/INFO]: liaoxingkai[/127.0.0.1:63855] logged in with entity id 26207 at ([3-player Survival]-2022.300000011921, 63.0, -247.37366651977175)
[14:57:13] [User Authenticator #8/INFO]: UUID of player cwXiaoYu is baf8c5c5-45db-3353-b7b9-1fab32f4b0da
[14:57:14] [Server thread/INFO]: cwXiaoYu[/127.0.0.1:64027] logged in with entity id 26496 at ([3-player Survival]756.4999411849197, 27.0, -1554.1526731694237)
[14:59:24] [Server thread/INFO]: cwXiaoYu lost connection: Disconnected
[14:59:24] [Server thread/INFO]: cwXiaoYu left the game
[14:59:41] [User Authenticator #9/INFO]: UUID of player cwXiaoYu is baf8c5c5-45db-3353-b7b9-1fab32f4b0da
[14:59:42] [Server thread/INFO]: cwXiaoYu[/127.0.0.1:64064] logged in with entity id 26821 at ([3-player Survival]741.6561157263066, 24.249471977703095, -1567.1349238190035)
[15:03:18] [Server thread/INFO]: cwXiaoYu was shot by Skeleton
[15:03:27] [Server thread/WARN]: cwXiaoYu was kicked due to keepalive timeout!
[15:03:27] [Server thread/INFO]: cwXiaoYu lost connection: Timed out
[15:03:27] [Server thread/INFO]: cwXiaoYu left the game
[15:03:27] [Server thread/WARN]: handleDisconnection() called twice
[15:33:13] [Async Chat Thread - #28/INFO]: <Stehsaer> 你那边有声音吗
[15:38:26] [Async Chat Thread - #29/INFO]: <Stehsaer> 下节啥课
[15:38:38] [Async Chat Thread - #29/INFO]: <liaoxingkai> t物理
[15:42:46] [Async Chat Thread - #30/INFO]: <Stehsaer> 你看我头上
[15:43:10] [Async Chat Thread - #30/INFO]: <Stehsaer> 你看我头上
[15:43:37] [Async Chat Thread - #30/INFO]: <liaoxingkai> 先挂机
[15:43:50] [Async Chat Thread - #30/INFO]: <Stehsaer> 我去刷怪塔挂机了
[15:48:24] [Async Chat Thread - #31/INFO]: <Stehsaer> 带一点石头过来
[15:49:06] [Async Chat Thread - #31/INFO]: <Stehsaer> 改正：亿点点石头
[15:49:17] [Async Chat Thread - #31/INFO]: <Stehsaer> 我去统计一下
[15:51:12] [Server thread/WARN]: liaoxingkai moved wrongly!
[15:51:12] [Server thread/WARN]: liaoxingkai moved wrongly!
[15:51:40] [Async Chat Thread - #32/INFO]: <Stehsaer> 我去铺激活铁轨
[15:51:44] [Async Chat Thread - #32/INFO]: <Stehsaer> 你先刷怪
[15:55:43] [Async Chat Thread - #33/INFO]: <Stehsaer> 给我石头
[15:56:08] [Async Chat Thread - #33/INFO]: <Stehsaer> 给我石头
[15:56:28] [Async Chat Thread - #33/INFO]: <Stehsaer> 按ctrl+q
[16:15:18] [Server thread/INFO]: Stehsaer issued server command: /kill @e[type=minecraft:zombie_pigman]
[16:15:18] [Server thread/INFO]: [Stehsaer: Killed 69 entities]
[16:15:46] [Async Chat Thread - #34/INFO]: <liaoxingkai> where are you
[16:21:27] [Async Chat Thread - #35/INFO]: <Stehsaer> 去做安全教育平台吧
[16:29:17] [Async Chat Thread - #36/INFO]: <Stehsaer> 多少页？
[16:29:23] [Async Chat Thread - #36/INFO]: <liaoxingkai> 243
[16:29:25] [Async Chat Thread - #36/INFO]: <Stehsaer> ok
[16:29:41] [Async Chat Thread - #36/INFO]: <liaoxingkai> kuai zuo
[16:33:02] [Server thread/WARN]: Stehsaer moved wrongly!
[16:34:14] [Server thread/INFO]: Stehsaer issued server command: /scoreboard players get liaoxingkai levels
[16:41:20] [Server thread/INFO]: Stehsaer issued server command: /execute as 26207 run say fuck
[16:43:34] [Async Chat Thread - #37/INFO]: <Stehsaer> wtf
[16:43:50] [Server thread/INFO]: Stehsaer issued server command: /kill liaoxingkai
[16:43:50] [Server thread/INFO]: liaoxingkai fell out of the world
[16:43:50] [Server thread/INFO]: [Stehsaer: Killed liaoxingkai]
[16:44:10] [Server thread/INFO]: Teleported liaoxingkai to Stehsaer
[16:44:46] [Server thread/INFO]: Stehsaer issued server command: /tp liaoxingkai ~ 256 ~
[16:44:46] [Server thread/INFO]: [Stehsaer: Teleported liaoxingkai to -2016.699999988079, 256.0, -248.84918896791223]
[16:44:50] [Server thread/INFO]: liaoxingkai fell from a high place
[16:45:07] [Server thread/INFO]: Stehsaer issued server command: /tp liaoxingkai Stehsaer
[16:45:07] [Server thread/INFO]: [Stehsaer: Teleported liaoxingkai to Stehsaer]
[16:45:22] [Async Chat Thread - #38/INFO]: <Stehsaer> yeah
[16:45:28] [Async Chat Thread - #38/INFO]: <liaoxingkai> WOC\
[16:45:30] [Async Chat Thread - #38/INFO]: <Stehsaer> 你那个声音哈哈哈哈哈哈
[16:45:56] [Async Chat Thread - #38/INFO]: <Stehsaer> 还好我关了玩家间伤害，要不然我早被你搞死
[16:46:13] [Async Chat Thread - #38/INFO]: <liaoxingkai> 你在干啥
[16:46:18] [Async Chat Thread - #38/INFO]: <Stehsaer> ？
[16:46:35] [Async Chat Thread - #38/INFO]: <liaoxingkai> 有没有好玩的地方
[16:46:40] [Async Chat Thread - #38/INFO]: <Stehsaer> 什么意思
[16:47:03] [Async Chat Thread - #38/INFO]: <liaoxingkai> 刚才我们去的是哪
[16:47:21] [Async Chat Thread - #38/INFO]: <liaoxingkai> 那么多怪
[16:48:08] [Async Chat Thread - #38/INFO]: <Stehsaer> 地牢
[16:48:20] [Async Chat Thread - #38/INFO]: <Stehsaer> 想找末地传送门
[16:48:33] [Async Chat Thread - #38/INFO]: <Stehsaer> 去一趟雪原村庄吗
[16:48:48] [Async Chat Thread - #38/INFO]: <liaoxingkai> 明天要去学校
[16:49:02] [Async Chat Thread - #38/INFO]: <Stehsaer> 嗯，挺烦，如果可以带手机就好一点哈哈哈哈哈
[16:49:34] [Async Chat Thread - #38/INFO]: <Stehsaer> 去雪原村庄吗
[16:50:02] [Async Chat Thread - #38/INFO]: <liaoxingkai> tt
[16:50:05] [Async Chat Thread - #38/INFO]: <Stehsaer> ？
[16:50:10] [Async Chat Thread - #38/INFO]: <Stehsaer> what
[16:50:11] [Async Chat Thread - #38/INFO]: <liaoxingkai> 有空就去
[16:50:14] [Async Chat Thread - #38/INFO]: <Stehsaer> keyi
[16:52:17] [Server thread/INFO]: Stehsaer issued server command: /effect give @a minecraft:glowing 100000 0 true
[16:52:17] [Server thread/INFO]: [Stehsaer: Applied effect Glowing to 2 targets]
[16:52:23] [Server thread/INFO]: liaoxingkai lost connection: Disconnected
[16:52:23] [Server thread/INFO]: liaoxingkai left the game
[16:52:35] [User Authenticator #10/INFO]: UUID of player liaoxingkai is ffa9d531-f7e2-3b02-a825-628a185aa48b
[16:52:35] [Server thread/INFO]: liaoxingkai[/127.0.0.1:65000] logged in with entity id 37168 at ([3-player Survival_nether]-247.71919119946182, 68.20000004768372, 44.322113893176336)
[16:52:53] [Server thread/INFO]: liaoxingkai lost connection: Disconnected
[16:52:53] [Server thread/INFO]: liaoxingkai left the game
[16:53:05] [User Authenticator #10/INFO]: UUID of player liaoxingkai is ffa9d531-f7e2-3b02-a825-628a185aa48b
[16:53:05] [Server thread/INFO]: liaoxingkai[/127.0.0.1:65009] logged in with entity id 37207 at ([3-player Survival_nether]-247.71919119946182, 68.04476804316711, 44.322113893176336)
[16:53:18] [Server thread/INFO]: liaoxingkai lost connection: Disconnected
[16:53:18] [Server thread/INFO]: liaoxingkai left the game
[16:53:40] [User Authenticator #10/INFO]: UUID of player liaoxingkai is ffa9d531-f7e2-3b02-a825-628a185aa48b
[16:53:40] [Server thread/INFO]: liaoxingkai[/127.0.0.1:65016] logged in with entity id 37239 at ([3-player Survival_nether]-247.71919119946182, 68.0, 44.322113893176336)
[16:54:27] [Async Chat Thread - #39/INFO]: <Stehsaer> 你倒是上来啊
[16:54:29] [Async Chat Thread - #39/INFO]: <liaoxingkai> 我掉到隧道里了
[16:54:44] [Async Chat Thread - #39/INFO]: <Stehsaer> come out
[16:54:48] [Server thread/INFO]: Stehsaer issued server command: /tp liaoxingkai Stehsaer
[16:54:48] [Server thread/INFO]: [Stehsaer: Teleported liaoxingkai to Stehsaer]
[16:57:46] [Async Chat Thread - #40/INFO]: <liaoxingkai> wo
[16:57:48] [Server thread/INFO]: Stehsaer issued server command: /tp liaoxingkai Stehsaer
[16:57:48] [Server thread/INFO]: [Stehsaer: Teleported liaoxingkai to Stehsaer]
[16:59:20] [Server thread/INFO]: Villager EntityVillager['Villager'/37789, uuid='1377ed53-5769-4442-b3b1-0d165cef98a2', l='3-player Survival', x=-4565.46, y=72.00, z=2976.64, cx=-286, cz=186, tl=16639, v=true, d=false] died, message: 'Villager was slain by Zombie'
[16:59:36] [Async Chat Thread - #41/INFO]: <Stehsaer> fuck
[16:59:43] [Server thread/INFO]: Stehsaer issued server command: /tp liaoxingkai Stehsaer
[16:59:43] [Server thread/INFO]: [Stehsaer: Teleported liaoxingkai to Stehsaer]
[16:59:52] [Async Chat Thread - #41/INFO]: <Stehsaer> 现在这里呆着
[17:00:41] [Server thread/INFO]: Stehsaer issued server command: /effect give @e[type=minecraft:villager] minecraft:glowing 100000
[17:00:41] [Server thread/INFO]: [Stehsaer: Applied effect Glowing to 4 targets]
[17:01:04] [Server thread/INFO]: Stehsaer lost connection: Disconnected
[17:01:04] [Server thread/INFO]: Stehsaer left the game
[17:02:28] [Server thread/INFO]: The time is 20138
[17:04:44] [User Authenticator #11/INFO]: UUID of player Stehsaer is 4ee78221-99b3-33bb-8da3-72c49ff039eb
[17:04:44] [Server thread/INFO]: Stehsaer[/192.168.100.27:65058] logged in with entity id 38350 at ([3-player Survival]-4581.699777789966, 71.0, 2944.256100088546)
[17:05:04] [Server thread/INFO]: Stehsaer lost connection: Disconnected
[17:05:04] [Server thread/INFO]: Stehsaer left the game
[17:05:28] [User Authenticator #11/INFO]: UUID of player Stehsaer is 4ee78221-99b3-33bb-8da3-72c49ff039eb
[17:05:28] [Server thread/INFO]: Stehsaer[/192.168.100.27:65069] logged in with entity id 38392 at ([3-player Survival]-4583.302983210522, 71.0, 2944.489262706735)
[17:06:46] [Async Chat Thread - #42/INFO]: <Stehsaer> 漂亮吗
[17:06:52] [Async Chat Thread - #42/INFO]: <liaoxingkai> yes
[17:09:26] [Async Chat Thread - #43/INFO]: <Stehsaer> 这个屋子漂亮
[17:11:20] [Async Chat Thread - #44/INFO]: <Stehsaer> 回家
[17:12:15] [Async Chat Thread - #44/INFO]: <Stehsaer> ?
[17:12:28] [Async Chat Thread - #44/INFO]: <Stehsaer> here
[17:12:53] [Server thread/INFO]: Stehsaer issued server command: /tp liaoxingkai Stehsaer
[17:12:53] [Server thread/INFO]: [Stehsaer: Teleported liaoxingkai to Stehsaer]
[17:13:43] [Async Chat Thread - #45/INFO]: <Stehsaer> 准备弓
[17:13:50] [Server thread/INFO]: Stehsaer lost connection: Disconnected
[17:13:50] [Server thread/INFO]: Stehsaer left the game
[17:13:58] [User Authenticator #12/INFO]: UUID of player Stehsaer is 4ee78221-99b3-33bb-8da3-72c49ff039eb
[17:13:58] [Server thread/INFO]: Stehsaer[/192.168.100.27:65104] logged in with entity id 39249 at ([3-player Survival_nether]-551.3062791393212, 77.0, 307.4203323448874)
[17:14:20] [Server thread/INFO]: Stehsaer lost connection: Disconnected
[17:14:20] [Server thread/INFO]: Stehsaer left the game
[17:14:46] [User Authenticator #12/INFO]: UUID of player Stehsaer is 4ee78221-99b3-33bb-8da3-72c49ff039eb
[17:14:46] [Server thread/INFO]: Stehsaer[/192.168.100.27:65116] logged in with entity id 39296 at ([3-player Survival_nether]-511.30000001192093, 79.0, 305.9532813358035)
[17:16:30] [Async Chat Thread - #46/INFO]: <Stehsaer> here
[17:18:23] [Async Chat Thread - #47/INFO]: <Stehsaer> ......
[17:19:15] [Async Chat Thread - #47/INFO]: <Stehsaer> 地狱堡垒带你去看看
[17:19:51] [Server thread/INFO]: Stehsaer issued server command: /tp liaoxingkai Stehsaer
[17:19:51] [Server thread/INFO]: [Stehsaer: Teleported liaoxingkai to Stehsaer]
[17:20:45] [Server thread/INFO]: liaoxingkai has made the advancement [A Terrible Fortress]
[17:21:19] [Async Chat Thread - #48/INFO]: <Stehsaer> nice
[17:21:27] [Async Chat Thread - #48/INFO]: <Stehsaer> 找烈焰人
[17:24:30] [Async Chat Thread - #49/INFO]: <Stehsaer> come back
[17:25:01] [Async Chat Thread - #49/INFO]: <Stehsaer> emmmm
[17:28:26] [Async Chat Thread - #50/INFO]: <Stehsaer> 你还有矿车吗
[17:28:35] [Async Chat Thread - #50/INFO]: <liaoxingkai> mei
[17:28:40] [Async Chat Thread - #50/INFO]: <Stehsaer> 蘑菇岛上好像又
[17:28:41] [Async Chat Thread - #50/INFO]: <liaoxingkai> ma de
[17:28:59] [Async Chat Thread - #50/INFO]: <Stehsaer> 蘑菇岛上
[17:29:20] [Async Chat Thread - #50/INFO]: <Stehsaer> fuck
[17:29:28] [Async Chat Thread - #50/INFO]: <Stehsaer> ?
[17:29:53] [Async Chat Thread - #50/INFO]: <Stehsaer> fuck you
[17:30:31] [Server thread/INFO]: Stehsaer issued server command: /tp liaoxingkai ~ ~ ~-1
[17:30:31] [Server thread/INFO]: [Stehsaer: Teleported liaoxingkai to -210.2454089351999, 60.7125, 43.5]
[17:30:37] [Server thread/INFO]: Stehsaer issued server command: /tp liaoxingkai Stehsaer
[17:30:37] [Server thread/INFO]: [Stehsaer: Teleported liaoxingkai to Stehsaer]
[17:30:50] [Async Chat Thread - #50/INFO]: <Stehsaer> 指令打错了
[17:31:26] [Server thread/INFO]: Stehsaer issued server command: /tp liaoxingkai Stehsaer
[17:31:26] [Server thread/INFO]: [Stehsaer: Teleported liaoxingkai to Stehsaer]
[17:31:26] [Server thread/WARN]: liaoxingkai moved too quickly! 244.35695777917616,-51.0,-67.42079924911269
[17:31:50] [Async Chat Thread - #51/INFO]: <Stehsaer> ????
[17:32:08] [Async Chat Thread - #51/INFO]: <Stehsaer> what are you fucking abbbbbbbout
[17:32:49] [Async Chat Thread - #51/INFO]: <Stehsaer> ?????????????????????
[17:33:16] [Async Chat Thread - #51/INFO]: <liaoxingkai> tttt
[17:33:19] [Async Chat Thread - #51/INFO]: <Stehsaer> ????????????
[17:34:07] [Server thread/WARN]: liaoxingkai moved wrongly!
[17:36:20] [Server thread/WARN]: Stehsaer moved wrongly!
[17:37:57] [Async Chat Thread - #52/INFO]: <Stehsaer> 我去恰饭了，我不挂机了，bye
[17:38:09] [Async Chat Thread - #52/INFO]: <liaoxingkai> bye
[17:38:11] [Server thread/INFO]: Stehsaer lost connection: Disconnected
[17:38:11] [Server thread/INFO]: Stehsaer left the game
[17:38:20] [Server thread/INFO]: liaoxingkai lost connection: Disconnected
[17:38:20] [Server thread/INFO]: liaoxingkai left the game
[17:38:21] [User Authenticator #13/INFO]: UUID of player cwXiaoYu is baf8c5c5-45db-3353-b7b9-1fab32f4b0da
[17:38:22] [Server thread/INFO]: cwXiaoYu[/127.0.0.1:65217] logged in with entity id 42270 at ([3-player Survival]809.6999999880791, 23.0, -1547.483384862622)
[17:44:55] [Server thread/INFO]: cwXiaoYu issued server command: /ping
[17:44:55] [Server thread/INFO]: [SpigotPing] Can not play a sound. The specified sound-type is not available in your server version, please ensure to read carefully the config file.
[17:45:15] [Async Chat Thread - #53/INFO]: <cwXiaoYu> is there anyone?
[17:45:21] [Async Chat Thread - #53/INFO]: <cwXiaoYu> tt
[17:55:10] [Server thread/WARN]: Horse (vehicle of cwXiaoYu) moved too quickly! -18.771770669560283,0.0,7.735140187191746
[17:59:45] [Server thread/INFO]: cwXiaoYu lost connection: Disconnected
[17:59:45] [Server thread/INFO]: cwXiaoYu left the game
[19:31:42] [Server thread/WARN]: Can't keep up! Is the server overloaded? Running 5174ms or 103 ticks behind
[19:32:56] [Server thread/WARN]: Can't keep up! Is the server overloaded? Running 44644ms or 892 ticks behind
[19:34:24] [Server thread/WARN]: Can't keep up! Is the server overloaded? Running 57181ms or 1143 ticks behind
[19:35:47] [Server thread/WARN]: Can't keep up! Is the server overloaded? Running 53588ms or 1071 ticks behind
[19:36:33] [Server thread/WARN]: Can't keep up! Is the server overloaded? Running 5203ms or 104 ticks behind
[19:37:10] [Server thread/WARN]: Can't keep up! Is the server overloaded? Running 5153ms or 103 ticks behind
[19:38:37] [Server thread/WARN]: Can't keep up! Is the server overloaded? Running 56492ms or 1129 ticks behind
[19:39:35] [Server thread/WARN]: Can't keep up! Is the server overloaded? Running 28569ms or 571 ticks behind
[19:40:33] [Server thread/WARN]: Can't keep up! Is the server overloaded? Running 5018ms or 100 ticks behind
[19:41:11] [Server thread/WARN]: Can't keep up! Is the server overloaded? Running 7646ms or 152 ticks behind
[19:43:37] [Server thread/WARN]: Can't keep up! Is the server overloaded? Running 5069ms or 101 ticks behind
[20:03:50] [Server thread/WARN]: Can't keep up! Is the server overloaded? Running 5116ms or 102 ticks behind
[20:04:38] [Server thread/WARN]: Can't keep up! Is the server overloaded? Running 17836ms or 356 ticks behind
[20:22:54] [User Authenticator #14/INFO]: UUID of player liaoxingkai is ffa9d531-f7e2-3b02-a825-628a185aa48b
[20:22:56] [Server thread/INFO]: liaoxingkai[/127.0.0.1:51272] logged in with entity id 45286 at ([3-player Survival]-2021.300000011921, 63.0, -248.7232964343077)
[20:23:59] [User Authenticator #15/INFO]: UUID of player cwXiaoYu is baf8c5c5-45db-3353-b7b9-1fab32f4b0da
[20:24:00] [Server thread/INFO]: cwXiaoYu[/127.0.0.1:51288] logged in with entity id 45472 at ([3-player Survival]-107.30555898952555, 63.0, -632.593529742657)
[20:29:41] [Server thread/INFO]: cwXiaoYu was impaled by Drowned
[21:04:00] [Server thread/INFO]: liaoxingkai lost connection: Timed out
[21:04:00] [Server thread/INFO]: liaoxingkai left the game
[21:07:43] [User Authenticator #16/INFO]: UUID of player liaoxingkai is ffa9d531-f7e2-3b02-a825-628a185aa48b
[21:07:43] [Server thread/INFO]: liaoxingkai[/127.0.0.1:51582] logged in with entity id 51309 at ([3-player Survival]-2021.237500011921, 63.0, -248.2205095426837)
[21:08:40] [Server thread/INFO]: cwXiaoYu lost connection: Disconnected
[21:08:40] [Server thread/INFO]: cwXiaoYu left the game
[21:08:47] [User Authenticator #17/INFO]: UUID of player cwXiaoYu is baf8c5c5-45db-3353-b7b9-1fab32f4b0da
[21:08:48] [Server thread/INFO]: cwXiaoYu[/127.0.0.1:51595] logged in with entity id 51422 at ([3-player Survival]-2016.699999988079, 63.0, -247.7070100238064)
[21:18:34] [Async Chat Thread - #54/INFO]: <liaoxingkai> t
[21:19:01] [Server thread/INFO]: cwXiaoYu lost connection: Disconnected
[21:19:01] [Server thread/INFO]: cwXiaoYu left the game
[21:19:13] [User Authenticator #18/INFO]: UUID of player cwXiaoYu is baf8c5c5-45db-3353-b7b9-1fab32f4b0da
[21:19:13] [Server thread/INFO]: cwXiaoYu[/127.0.0.1:51677] logged in with entity id 52423 at ([3-player Survival]-2023.9984991216456, 61.43618683051989, -241.69999998807907)
[21:28:20] [Server thread/INFO]: cwXiaoYu was impaled by Drowned
[21:34:56] [Async Chat Thread - #55/INFO]: <liaoxingkai> t
[21:35:07] [Async Chat Thread - #55/INFO]: <cwXiaoYu> hello
[21:36:46] [Server thread/INFO]: Showing new title for 2 players
[21:36:53] [Server thread/INFO]: Showing new title for 2 players
[21:37:01] [Server thread/INFO]: Showing new title for 2 players
[21:38:19] [Server thread/INFO]: Expected float
[21:38:19] [Server thread/INFO]: ...ion title @a title [{"text":"10:00","color":"aqua"},{"text":"关服 ","color":"yellow"},{"text":"请做好准备","color":"green"<--[HERE]
[21:39:06] [Server thread/INFO]: Expected float
[21:39:06] [Server thread/INFO]: ...ion title @a title [{"text":"10:00","color":"aqua"},{"text":"关服 ","color":"yellow"},{"text":"请做好准备","color":"green"}] 1200s<--[HERE]
[21:39:12] [Server thread/INFO]: Expected float
[21:39:12] [Server thread/INFO]: ...ion title @a title [{"text":"10:00","color":"aqua"},{"text":"关服 ","color":"yellow"},{"text":"请做好准备","color":"green"}] 1200.0s<--[HERE]
[21:39:21] [Server thread/INFO]: Expected float
[21:39:21] [Server thread/INFO]: ...ion title @a title [{"text":"10:00","color":"aqua"},{"text":"关服 ","color":"yellow"},{"text":"请做好准备","color":"green"}]  1200.0s<--[HERE]
[21:39:56] [Server thread/INFO]: Expected float
[21:39:56] [Server thread/INFO]: ...ion title @a title [{"text":"10:00","color":"aqua"},{"text":"关服 ","color":"yellow"},{"text":"请做好准备","color":"green"<--[HERE]
[21:40:20] [Server thread/INFO]: Expected float
[21:40:20] [Server thread/INFO]: ...ion title @a title [{"text":"10:00","color":"aqua"},{"text":"关服 ","color":"yellow"},{"text":"请做好准备","color":"green"}] 1100s<--[HERE]
[21:41:03] [Server thread/INFO]: Expected float
[21:41:03] [Server thread/INFO]: ...ion title @a title [{"text":"10:00","color":"aqua"},{"text":"关服 ","color":"yellow"},{"text":"请做好准备","color":"green"}] 22000<--[HERE]
[21:41:42] [Server thread/INFO]: Showing new title for 2 players
[21:42:33] [Server thread/INFO]: [Server] what is everybody doing
[21:43:38] [Server thread/INFO]: [Server] ...
[21:43:42] [Server thread/INFO]: Unknown command
[21:43:42] [Server thread/INFO]: /tellraw<--[HERE]
[21:44:11] [Server thread/INFO]: Invalid name or UUID
[21:44:11] [Server thread/INFO]: /tellraw [{"text":"what are you doing","color":"yellow"}]<--[HERE]
[21:44:38] [Async Chat Thread - #56/INFO]: <cwXiaoYu> creeper?
[21:45:50] [Server thread/INFO]: liaoxingkai lost connection: Timed out
[21:45:50] [Server thread/INFO]: liaoxingkai left the game
[21:47:56] [Server thread/INFO]: Showing new title for cwXiaoYu
[21:49:48] [User Authenticator #19/INFO]: UUID of player liaoxingkai is ffa9d531-f7e2-3b02-a825-628a185aa48b
[21:49:48] [Server thread/INFO]: liaoxingkai[/127.0.0.1:52172] logged in with entity id 54486 at ([3-player Survival]-2021.237500011921, 63.0, -248.69831303508414)
[21:50:08] [Server thread/INFO]: cwXiaoYu lost connection: Disconnected
[21:50:08] [Server thread/INFO]: cwXiaoYu left the game
[21:50:11] [Server thread/INFO]: liaoxingkai lost connection: Disconnected
[21:50:11] [Server thread/INFO]: liaoxingkai left the game
[21:51:01] [Server thread/INFO]: No player was found
[21:51:09] [Server thread/INFO]: Saving the game (this may take a moment!)
[21:51:09] [Server thread/INFO]: Saved the game
[21:55:04] [Server thread/INFO]: No player was found
[22:08:29] [Server thread/INFO]: Saving the game (this may take a moment!)
[22:08:29] [Server thread/INFO]: Saved the game
[22:08:30] [Server thread/INFO]: Stopping the server
[22:08:30] [Server thread/INFO]: Stopping server
[22:08:30] [Server thread/INFO]: [SpigotPing] Disabling SpigotPing v2.5
[22:08:30] [Server thread/INFO]: [SpigotPing] Cancelling tasks...
[22:08:30] [Server thread/INFO]: Saving players
[22:08:30] [Server thread/INFO]: Saving worlds
[22:08:30] [Server thread/INFO]: Saving chunks for level '3-player Survival'/minecraft:overworld
[22:08:31] [Server thread/INFO]: ThreadedAnvilChunkStorage (3-player Survival): All chunks are saved
[22:08:31] [Server thread/INFO]: Saving chunks for level '3-player Survival_nether'/minecraft:the_nether
[22:08:31] [Server thread/INFO]: ThreadedAnvilChunkStorage (DIM-1): All chunks are saved
[22:08:31] [Server thread/INFO]: Saving chunks for level '3-player Survival_the_end'/minecraft:the_end
[22:08:31] [Server thread/INFO]: ThreadedAnvilChunkStorage (DIM1): All chunks are saved
[22:08:31] [Server thread/INFO]: ThreadedAnvilChunkStorage (3-player Survival): All chunks are saved
[22:08:33] [Server thread/INFO]: ThreadedAnvilChunkStorage (DIM-1): All chunks are saved
[22:08:34] [Server thread/INFO]: ThreadedAnvilChunkStorage (DIM1): All chunks are saved
