[12:52:19] [Server thread/INFO]: Starting minecraft server version 1.15.2
[12:52:19] [Server thread/INFO]: Loading properties
[12:52:20] [Server thread/INFO]: This server is running Paper version git-Paper-98 (MC: 1.15.2) (Implementing API version 1.15.2-R0.1-SNAPSHOT)
[12:52:22] [Server thread/INFO]: Debug logging is disabled
[12:52:22] [Server thread/INFO]: Server Ping Player Sample Count: 12
[12:52:22] [Server thread/INFO]: Using 4 threads for Netty based IO
[12:52:22] [Server thread/INFO]: Default game type: SURVIVAL
[12:52:22] [Server thread/INFO]: Generating keypair
[12:52:23] [Server thread/INFO]: Starting Minecraft server on *:25565
[12:52:23] [Server thread/INFO]: Using default channel type
[12:52:34] [Server thread/WARN]: Initializing Legacy Material Support. Unless you have legacy plugins and/or data this is a bug!
[12:52:43] [Server thread/WARN]: Legacy plugin SpigotPing v2.5 does not specify an api-version.
[12:52:43] [Server thread/INFO]: [SpigotPing] Loading SpigotPing v2.5
[12:52:43] [Server thread/INFO]: Server permissions file permissions.yml is empty, ignoring it
[12:52:43] [Server thread/WARN]: **** SERVER IS RUNNING IN OFFLINE/INSECURE MODE!
[12:52:43] [Server thread/WARN]: The server will make no attempt to authenticate usernames. Beware.
[12:52:43] [Server thread/WARN]: While this makes the game possible to play without internet access, it also opens up the ability for hackers to connect with any username they choose.
[12:52:43] [Server thread/WARN]: To change this, set "online-mode" to "true" in the server.properties file.
[12:52:43] [Server thread/INFO]: Preparing level "3-player Survival"
[12:52:44] [Server thread/INFO]: Reloading ResourceManager: Default, bukkit
[12:52:51] [Server thread/INFO]: Loaded 6 recipes
[12:52:52] [Server thread/INFO]: -------- World Settings For [3-player Survival] --------
[12:52:52] [Server thread/INFO]: View Distance: 6
[12:52:52] [Server thread/INFO]: Allow Zombie Pigmen to spawn from portal blocks: true
[12:52:52] [Server thread/INFO]: Item Merge Radius: 2.5
[12:52:52] [Server thread/INFO]: Item Despawn Rate: 6000
[12:52:52] [Server thread/INFO]: Arrow Despawn Rate: 1200 Trident Respawn Rate:1200
[12:52:52] [Server thread/INFO]: Nerfing mobs spawned from spawners: false
[12:52:52] [Server thread/INFO]: Zombie Aggressive Towards Villager: true
[12:52:52] [Server thread/INFO]: Experience Merge Radius: 3.0
[12:52:52] [Server thread/INFO]: Cactus Growth Modifier: 100%
[12:52:52] [Server thread/INFO]: Cane Growth Modifier: 100%
[12:52:52] [Server thread/INFO]: Melon Growth Modifier: 100%
[12:52:52] [Server thread/INFO]: Mushroom Growth Modifier: 100%
[12:52:52] [Server thread/INFO]: Pumpkin Growth Modifier: 100%
[12:52:52] [Server thread/INFO]: Sapling Growth Modifier: 100%
[12:52:52] [Server thread/INFO]: Beetroot Growth Modifier: 100%
[12:52:52] [Server thread/INFO]: Carrot Growth Modifier: 100%
[12:52:52] [Server thread/INFO]: Potato Growth Modifier: 100%
[12:52:52] [Server thread/INFO]: Wheat Growth Modifier: 100%
[12:52:52] [Server thread/INFO]: NetherWart Growth Modifier: 100%
[12:52:52] [Server thread/INFO]: Vine Growth Modifier: 100%
[12:52:52] [Server thread/INFO]: Cocoa Growth Modifier: 100%
[12:52:52] [Server thread/INFO]: Bamboo Growth Modifier: 100%
[12:52:52] [Server thread/INFO]: SweetBerry Growth Modifier: 100%
[12:52:52] [Server thread/INFO]: Kelp Growth Modifier: 100%
[12:52:52] [Server thread/INFO]: Mob Spawn Range: 8
[12:52:52] [Server thread/INFO]: Max TNT Explosions: 100
[12:52:52] [Server thread/INFO]: Hopper Transfer: 8 Hopper Check: 1 Hopper Amount: 1
[12:52:52] [Server thread/INFO]: Entity Activation Range: An 32 / Mo 32 / Ra 48 / Mi 16 / Tiv true
[12:52:52] [Server thread/INFO]: Entity Tracking Range: Pl 48 / An 48 / Mo 48 / Mi 32 / Other 64
[12:52:52] [Server thread/INFO]: Custom Map Seeds:  Village: 10387312 Desert: 14357617 Igloo: 14357618 Jungle: 14357619 Swamp: 14357620 Monument: 10387313 Ocean: 14357621 Shipwreck: 165745295 Slime: 987234911
[12:52:52] [Server thread/INFO]: Tile Max Tick Time: 50ms Entity max Tick Time: 50ms
[12:52:53] [Server thread/INFO]: -------- World Settings For [3-player Survival_nether] --------
[12:52:53] [Server thread/INFO]: View Distance: 6
[12:52:53] [Server thread/INFO]: Allow Zombie Pigmen to spawn from portal blocks: true
[12:52:53] [Server thread/INFO]: Item Merge Radius: 2.5
[12:52:53] [Server thread/INFO]: Item Despawn Rate: 6000
[12:52:53] [Server thread/INFO]: Arrow Despawn Rate: 1200 Trident Respawn Rate:1200
[12:52:53] [Server thread/INFO]: Nerfing mobs spawned from spawners: false
[12:52:53] [Server thread/INFO]: Zombie Aggressive Towards Villager: true
[12:52:53] [Server thread/INFO]: Experience Merge Radius: 3.0
[12:52:53] [Server thread/INFO]: Cactus Growth Modifier: 100%
[12:52:53] [Server thread/INFO]: Cane Growth Modifier: 100%
[12:52:53] [Server thread/INFO]: Melon Growth Modifier: 100%
[12:52:53] [Server thread/INFO]: Mushroom Growth Modifier: 100%
[12:52:53] [Server thread/INFO]: Pumpkin Growth Modifier: 100%
[12:52:53] [Server thread/INFO]: Sapling Growth Modifier: 100%
[12:52:53] [Server thread/INFO]: Beetroot Growth Modifier: 100%
[12:52:53] [Server thread/INFO]: Carrot Growth Modifier: 100%
[12:52:53] [Server thread/INFO]: Potato Growth Modifier: 100%
[12:52:53] [Server thread/INFO]: Wheat Growth Modifier: 100%
[12:52:53] [Server thread/INFO]: NetherWart Growth Modifier: 100%
[12:52:53] [Server thread/INFO]: Vine Growth Modifier: 100%
[12:52:53] [Server thread/INFO]: Cocoa Growth Modifier: 100%
[12:52:53] [Server thread/INFO]: Bamboo Growth Modifier: 100%
[12:52:53] [Server thread/INFO]: SweetBerry Growth Modifier: 100%
[12:52:53] [Server thread/INFO]: Kelp Growth Modifier: 100%
[12:52:53] [Server thread/INFO]: Mob Spawn Range: 8
[12:52:53] [Server thread/INFO]: Max TNT Explosions: 100
[12:52:53] [Server thread/INFO]: Hopper Transfer: 8 Hopper Check: 1 Hopper Amount: 1
[12:52:53] [Server thread/INFO]: Entity Activation Range: An 32 / Mo 32 / Ra 48 / Mi 16 / Tiv true
[12:52:53] [Server thread/INFO]: Entity Tracking Range: Pl 48 / An 48 / Mo 48 / Mi 32 / Other 64
[12:52:53] [Server thread/INFO]: Custom Map Seeds:  Village: 10387312 Desert: 14357617 Igloo: 14357618 Jungle: 14357619 Swamp: 14357620 Monument: 10387313 Ocean: 14357621 Shipwreck: 165745295 Slime: 987234911
[12:52:53] [Server thread/INFO]: Tile Max Tick Time: 50ms Entity max Tick Time: 50ms
[12:52:53] [Server thread/INFO]: -------- World Settings For [3-player Survival_the_end] --------
[12:52:53] [Server thread/INFO]: View Distance: 6
[12:52:53] [Server thread/INFO]: Allow Zombie Pigmen to spawn from portal blocks: true
[12:52:53] [Server thread/INFO]: Item Merge Radius: 2.5
[12:52:53] [Server thread/INFO]: Item Despawn Rate: 6000
[12:52:53] [Server thread/INFO]: Arrow Despawn Rate: 1200 Trident Respawn Rate:1200
[12:52:53] [Server thread/INFO]: Nerfing mobs spawned from spawners: false
[12:52:53] [Server thread/INFO]: Zombie Aggressive Towards Villager: true
[12:52:53] [Server thread/INFO]: Experience Merge Radius: 3.0
[12:52:53] [Server thread/INFO]: Cactus Growth Modifier: 100%
[12:52:53] [Server thread/INFO]: Cane Growth Modifier: 100%
[12:52:53] [Server thread/INFO]: Melon Growth Modifier: 100%
[12:52:53] [Server thread/INFO]: Mushroom Growth Modifier: 100%
[12:52:53] [Server thread/INFO]: Pumpkin Growth Modifier: 100%
[12:52:53] [Server thread/INFO]: Sapling Growth Modifier: 100%
[12:52:53] [Server thread/INFO]: Beetroot Growth Modifier: 100%
[12:52:53] [Server thread/INFO]: Carrot Growth Modifier: 100%
[12:52:53] [Server thread/INFO]: Potato Growth Modifier: 100%
[12:52:53] [Server thread/INFO]: Wheat Growth Modifier: 100%
[12:52:53] [Server thread/INFO]: NetherWart Growth Modifier: 100%
[12:52:53] [Server thread/INFO]: Vine Growth Modifier: 100%
[12:52:53] [Server thread/INFO]: Cocoa Growth Modifier: 100%
[12:52:53] [Server thread/INFO]: Bamboo Growth Modifier: 100%
[12:52:53] [Server thread/INFO]: SweetBerry Growth Modifier: 100%
[12:52:53] [Server thread/INFO]: Kelp Growth Modifier: 100%
[12:52:53] [Server thread/INFO]: Mob Spawn Range: 8
[12:52:53] [Server thread/INFO]: Max TNT Explosions: 100
[12:52:53] [Server thread/INFO]: Hopper Transfer: 8 Hopper Check: 1 Hopper Amount: 1
[12:52:53] [Server thread/INFO]: Entity Activation Range: An 32 / Mo 32 / Ra 48 / Mi 16 / Tiv true
[12:52:53] [Server thread/INFO]: Entity Tracking Range: Pl 48 / An 48 / Mo 48 / Mi 32 / Other 64
[12:52:53] [Server thread/INFO]: Custom Map Seeds:  Village: 10387312 Desert: 14357617 Igloo: 14357618 Jungle: 14357619 Swamp: 14357620 Monument: 10387313 Ocean: 14357621 Shipwreck: 165745295 Slime: 987234911
[12:52:53] [Server thread/INFO]: Tile Max Tick Time: 50ms Entity max Tick Time: 50ms
[12:52:53] [Server thread/INFO]: Preparing start region for dimension '3-player Survival'/minecraft:overworld
[12:52:55] [Server thread/INFO]: Preparing spawn area: 0%
[12:52:55] [Server thread/INFO]: Preparing spawn area: 0%
[12:52:55] [Server thread/INFO]: Preparing spawn area: 0%
[12:52:55] [Server thread/INFO]: Preparing spawn area: 0%
[12:52:55] [Server thread/INFO]: Preparing spawn area: 1%
[12:52:56] [Server thread/INFO]: Preparing spawn area: 1%
[12:52:56] [Server thread/INFO]: Preparing spawn area: 14%
[12:52:57] [Server thread/INFO]: Preparing spawn area: 30%
[12:52:57] [Server thread/INFO]: Preparing spawn area: 72%
[12:52:58] [Server thread/INFO]: Preparing spawn area: 78%
[12:52:58] [Server thread/INFO]: Preparing spawn area: 84%
[12:52:59] [Server thread/INFO]: Preparing spawn area: 90%
[12:52:59] [Server thread/INFO]: Preparing spawn area: 92%
[12:53:00] [Server thread/INFO]: Preparing spawn area: 98%
[12:53:00] [Server thread/INFO]: Preparing spawn area: 100%
[12:53:01] [Server thread/INFO]: Preparing spawn area: 100%
[12:53:01] [Server thread/INFO]: Loaded 169 spawn chunks for world 3-player Survival
[12:53:01] [Server thread/INFO]: Time elapsed: 7865 ms
[12:53:01] [Server thread/INFO]: Preparing start region for dimension '3-player Survival_nether'/minecraft:the_nether
[12:53:02] [Server thread/INFO]: Preparing spawn area: 0%
[12:53:02] [Server-Worker-2/INFO]: Preparing spawn area: 0%
[12:53:02] [Server thread/INFO]: Preparing spawn area: 14%
[12:53:03] [Server thread/INFO]: Preparing spawn area: 17%
[12:53:03] [Server thread/INFO]: Preparing spawn area: 50%
[12:53:04] [Server thread/INFO]: Preparing spawn area: 85%
[12:53:04] [Server-Worker-1/INFO]: Preparing spawn area: 88%
[12:53:05] [Server-Worker-1/INFO]: Preparing spawn area: 100%
[12:53:05] [Server thread/INFO]: Preparing spawn area: 100%
[12:53:06] [Server thread/INFO]: Preparing spawn area: 100%
[12:53:06] [Server thread/INFO]: Preparing spawn area: 100%
[12:53:07] [Server thread/INFO]: Preparing spawn area: 100%
[12:53:07] [Server-Worker-1/INFO]: Preparing spawn area: 100%
[12:53:08] [Server-Worker-1/INFO]: Preparing spawn area: 100%
[12:53:08] [Server-Worker-2/INFO]: Preparing spawn area: 100%
[12:53:09] [Server-Worker-2/INFO]: Preparing spawn area: 100%
[12:53:09] [Server-Worker-2/INFO]: Preparing spawn area: 100%
[12:53:09] [Server thread/INFO]: Loaded 169 spawn chunks for world 3-player Survival_nether
[12:53:09] [Server thread/INFO]: Time elapsed: 8119 ms
[12:53:09] [Server thread/INFO]: Preparing start region for dimension '3-player Survival_the_end'/minecraft:the_end
[12:53:09] [Server thread/INFO]: Preparing spawn area: 0%
[12:53:10] [Server-Worker-1/INFO]: Preparing spawn area: 100%
[12:53:10] [Server thread/INFO]: Preparing spawn area: 100%
[12:53:11] [Server-Worker-2/INFO]: Preparing spawn area: 100%
[12:53:11] [Server thread/INFO]: Loaded 169 spawn chunks for world 3-player Survival_the_end
[12:53:11] [Server thread/INFO]: Time elapsed: 1590 ms
[12:53:11] [Server thread/INFO]: [SpigotPing] Enabling SpigotPing v2.5*
[12:53:11] [Server thread/INFO]: [SpigotPing] TabList is enabled, task added with a delay of 5 second/s.
[12:53:11] [Server thread/INFO]: Done (27.925s)! For help, type "help"
[12:53:11] [Server thread/INFO]: Timings Reset
[12:54:52] [User Authenticator #1/INFO]: UUID of player Stehsaer is 4ee78221-99b3-33bb-8da3-72c49ff039eb
[12:54:53] [Server thread/INFO]: Stehsaer[/192.168.100.27:60353] logged in with entity id 165 at ([3-player Survival]-124.44640202740939, 63.0, -628.7988707674829)
[12:55:11] [User Authenticator #1/INFO]: UUID of player WANGYU20200214 is 4b5eda16-1e2a-35e4-8310-43dedfa9874c
[12:55:12] [Server thread/INFO]: WANGYU20200214[/127.0.0.1:60356] logged in with entity id 208 at ([3-player Survival]-107.6092074079277, 63.0, -630.3521043123867)
[12:55:35] [Server thread/INFO]: Stehsaer issued server command: /scoreboard objectives add food food
[12:55:35] [Server thread/INFO]: [Stehsaer: Created new objective [food]]
[12:55:45] [Server thread/INFO]: Stehsaer issued server command: /scoreboard objectives setdisplay sidebar food
[12:55:45] [Server thread/INFO]: [Stehsaer: Set display slot sidebar to show objective food]
[12:56:27] [Server thread/INFO]: Stehsaer issued server command: /scoreboard objectives setdisplay sidebar Health
[12:56:27] [Server thread/INFO]: [Stehsaer: Set display slot sidebar to show objective Health]
[13:05:12] [Server thread/INFO]: Stehsaer lost connection: Disconnected
[13:05:12] [Server thread/INFO]: Stehsaer left the game
[13:05:28] [Server thread/INFO]: [Server]  My mom's coming
[13:06:34] [Server thread/INFO]: Unknown command. Type "/help" for help.
[13:06:39] [Server thread/INFO]: Stopping server
[13:06:39] [Server thread/INFO]: [SpigotPing] Disabling SpigotPing v2.5
[13:06:39] [Server thread/INFO]: [SpigotPing] Cancelling tasks...
[13:06:39] [Server thread/INFO]: Saving players
[13:06:39] [Server thread/INFO]: WANGYU20200214 lost connection: Server closed
[13:06:39] [Server thread/INFO]: WANGYU20200214 left the game
[13:06:40] [Server thread/INFO]: Saving worlds
[13:06:40] [Server thread/INFO]: Saving chunks for level '3-player Survival'/minecraft:overworld
[13:06:40] [Server thread/INFO]: ThreadedAnvilChunkStorage (3-player Survival): All chunks are saved
[13:06:40] [Server thread/INFO]: Saving chunks for level '3-player Survival_nether'/minecraft:the_nether
[13:06:40] [Server thread/INFO]: ThreadedAnvilChunkStorage (DIM-1): All chunks are saved
[13:06:40] [Server thread/INFO]: Saving chunks for level '3-player Survival_the_end'/minecraft:the_end
[13:06:40] [Server thread/INFO]: ThreadedAnvilChunkStorage (DIM1): All chunks are saved
[13:06:40] [Server thread/INFO]: ThreadedAnvilChunkStorage (3-player Survival): All chunks are saved
[13:06:41] [Server thread/INFO]: ThreadedAnvilChunkStorage (DIM-1): All chunks are saved
[13:06:41] [Server thread/INFO]: ThreadedAnvilChunkStorage (DIM1): All chunks are saved
