[14:43:15] [Server thread/INFO]: Starting minecraft server version 1.15.2
[14:43:15] [Server thread/INFO]: Loading properties
[14:43:16] [Server thread/INFO]: This server is running Paper version git-Paper-98 (MC: 1.15.2) (Implementing API version 1.15.2-R0.1-SNAPSHOT)
[14:43:18] [Server thread/INFO]: Debug logging is disabled
[14:43:18] [Server thread/INFO]: Server Ping Player Sample Count: 12
[14:43:18] [Server thread/INFO]: Using 4 threads for Netty based IO
[14:43:19] [Server thread/INFO]: Default game type: SURVIVAL
[14:43:19] [Server thread/INFO]: Generating keypair
[14:43:20] [Server thread/INFO]: Starting Minecraft server on *:25565
[14:43:20] [Server thread/INFO]: Using default channel type
[14:43:31] [Server thread/WARN]: Initializing Legacy Material Support. Unless you have legacy plugins and/or data this is a bug!
[14:43:38] [Server thread/WARN]: Legacy plugin SpigotPing v2.5 does not specify an api-version.
[14:43:38] [Server thread/INFO]: [SpigotPing] Loading SpigotPing v2.5
[14:43:38] [Server thread/INFO]: Server permissions file permissions.yml is empty, ignoring it
[14:43:38] [Server thread/WARN]: **** SERVER IS RUNNING IN OFFLINE/INSECURE MODE!
[14:43:38] [Server thread/WARN]: The server will make no attempt to authenticate usernames. Beware.
[14:43:38] [Server thread/WARN]: While this makes the game possible to play without internet access, it also opens up the ability for hackers to connect with any username they choose.
[14:43:38] [Server thread/WARN]: To change this, set "online-mode" to "true" in the server.properties file.
[14:43:38] [Server thread/INFO]: Preparing level "3-player Survival"
[14:43:38] [Server thread/INFO]: Reloading ResourceManager: Default, bukkit
[14:43:39] [Server thread/INFO]: Loaded 6 recipes
[14:43:40] [Server thread/INFO]: -------- World Settings For [3-player Survival] --------
[14:43:40] [Server thread/INFO]: View Distance: 6
[14:43:40] [Server thread/INFO]: Item Merge Radius: 2.5
[14:43:40] [Server thread/INFO]: Item Despawn Rate: 6000
[14:43:40] [Server thread/INFO]: Nerfing mobs spawned from spawners: false
[14:43:40] [Server thread/INFO]: Zombie Aggressive Towards Villager: true
[14:43:40] [Server thread/INFO]: Allow Zombie Pigmen to spawn from portal blocks: true
[14:43:40] [Server thread/INFO]: Arrow Despawn Rate: 1200 Trident Respawn Rate:1200
[14:43:40] [Server thread/INFO]: Entity Tracking Range: Pl 48 / An 48 / Mo 48 / Mi 32 / Other 64
[14:43:40] [Server thread/INFO]: Cactus Growth Modifier: 100%
[14:43:40] [Server thread/INFO]: Cane Growth Modifier: 100%
[14:43:40] [Server thread/INFO]: Melon Growth Modifier: 100%
[14:43:40] [Server thread/INFO]: Mushroom Growth Modifier: 100%
[14:43:40] [Server thread/INFO]: Pumpkin Growth Modifier: 100%
[14:43:40] [Server thread/INFO]: Sapling Growth Modifier: 100%
[14:43:40] [Server thread/INFO]: Beetroot Growth Modifier: 100%
[14:43:40] [Server thread/INFO]: Carrot Growth Modifier: 100%
[14:43:40] [Server thread/INFO]: Potato Growth Modifier: 100%
[14:43:40] [Server thread/INFO]: Wheat Growth Modifier: 100%
[14:43:40] [Server thread/INFO]: NetherWart Growth Modifier: 100%
[14:43:40] [Server thread/INFO]: Vine Growth Modifier: 100%
[14:43:40] [Server thread/INFO]: Cocoa Growth Modifier: 100%
[14:43:40] [Server thread/INFO]: Bamboo Growth Modifier: 100%
[14:43:40] [Server thread/INFO]: SweetBerry Growth Modifier: 100%
[14:43:40] [Server thread/INFO]: Kelp Growth Modifier: 100%
[14:43:40] [Server thread/INFO]: Experience Merge Radius: 3.0
[14:43:40] [Server thread/INFO]: Entity Activation Range: An 32 / Mo 32 / Ra 48 / Mi 16 / Tiv true
[14:43:40] [Server thread/INFO]: Hopper Transfer: 8 Hopper Check: 1 Hopper Amount: 1
[14:43:40] [Server thread/INFO]: Mob Spawn Range: 8
[14:43:40] [Server thread/INFO]: Custom Map Seeds:  Village: 10387312 Desert: 14357617 Igloo: 14357618 Jungle: 14357619 Swamp: 14357620 Monument: 10387313 Ocean: 14357621 Shipwreck: 165745295 Slime: 987234911
[14:43:40] [Server thread/INFO]: Tile Max Tick Time: 50ms Entity max Tick Time: 50ms
[14:43:40] [Server thread/INFO]: Max TNT Explosions: 100
[14:43:40] [Server thread/INFO]: -------- World Settings For [3-player Survival_nether] --------
[14:43:40] [Server thread/INFO]: View Distance: 6
[14:43:40] [Server thread/INFO]: Item Merge Radius: 2.5
[14:43:40] [Server thread/INFO]: Item Despawn Rate: 6000
[14:43:40] [Server thread/INFO]: Nerfing mobs spawned from spawners: false
[14:43:40] [Server thread/INFO]: Zombie Aggressive Towards Villager: true
[14:43:40] [Server thread/INFO]: Allow Zombie Pigmen to spawn from portal blocks: true
[14:43:40] [Server thread/INFO]: Arrow Despawn Rate: 1200 Trident Respawn Rate:1200
[14:43:40] [Server thread/INFO]: Entity Tracking Range: Pl 48 / An 48 / Mo 48 / Mi 32 / Other 64
[14:43:40] [Server thread/INFO]: Cactus Growth Modifier: 100%
[14:43:40] [Server thread/INFO]: Cane Growth Modifier: 100%
[14:43:40] [Server thread/INFO]: Melon Growth Modifier: 100%
[14:43:40] [Server thread/INFO]: Mushroom Growth Modifier: 100%
[14:43:40] [Server thread/INFO]: Pumpkin Growth Modifier: 100%
[14:43:40] [Server thread/INFO]: Sapling Growth Modifier: 100%
[14:43:40] [Server thread/INFO]: Beetroot Growth Modifier: 100%
[14:43:40] [Server thread/INFO]: Carrot Growth Modifier: 100%
[14:43:40] [Server thread/INFO]: Potato Growth Modifier: 100%
[14:43:40] [Server thread/INFO]: Wheat Growth Modifier: 100%
[14:43:40] [Server thread/INFO]: NetherWart Growth Modifier: 100%
[14:43:40] [Server thread/INFO]: Vine Growth Modifier: 100%
[14:43:40] [Server thread/INFO]: Cocoa Growth Modifier: 100%
[14:43:40] [Server thread/INFO]: Bamboo Growth Modifier: 100%
[14:43:40] [Server thread/INFO]: SweetBerry Growth Modifier: 100%
[14:43:40] [Server thread/INFO]: Kelp Growth Modifier: 100%
[14:43:40] [Server thread/INFO]: Experience Merge Radius: 3.0
[14:43:40] [Server thread/INFO]: Entity Activation Range: An 32 / Mo 32 / Ra 48 / Mi 16 / Tiv true
[14:43:40] [Server thread/INFO]: Hopper Transfer: 8 Hopper Check: 1 Hopper Amount: 1
[14:43:40] [Server thread/INFO]: Mob Spawn Range: 8
[14:43:40] [Server thread/INFO]: Custom Map Seeds:  Village: 10387312 Desert: 14357617 Igloo: 14357618 Jungle: 14357619 Swamp: 14357620 Monument: 10387313 Ocean: 14357621 Shipwreck: 165745295 Slime: 987234911
[14:43:40] [Server thread/INFO]: Tile Max Tick Time: 50ms Entity max Tick Time: 50ms
[14:43:40] [Server thread/INFO]: Max TNT Explosions: 100
[14:43:40] [Server thread/INFO]: -------- World Settings For [3-player Survival_the_end] --------
[14:43:40] [Server thread/INFO]: View Distance: 6
[14:43:40] [Server thread/INFO]: Item Merge Radius: 2.5
[14:43:40] [Server thread/INFO]: Item Despawn Rate: 6000
[14:43:40] [Server thread/INFO]: Nerfing mobs spawned from spawners: false
[14:43:40] [Server thread/INFO]: Zombie Aggressive Towards Villager: true
[14:43:40] [Server thread/INFO]: Allow Zombie Pigmen to spawn from portal blocks: true
[14:43:40] [Server thread/INFO]: Arrow Despawn Rate: 1200 Trident Respawn Rate:1200
[14:43:40] [Server thread/INFO]: Entity Tracking Range: Pl 48 / An 48 / Mo 48 / Mi 32 / Other 64
[14:43:40] [Server thread/INFO]: Cactus Growth Modifier: 100%
[14:43:40] [Server thread/INFO]: Cane Growth Modifier: 100%
[14:43:40] [Server thread/INFO]: Melon Growth Modifier: 100%
[14:43:40] [Server thread/INFO]: Mushroom Growth Modifier: 100%
[14:43:40] [Server thread/INFO]: Pumpkin Growth Modifier: 100%
[14:43:40] [Server thread/INFO]: Sapling Growth Modifier: 100%
[14:43:40] [Server thread/INFO]: Beetroot Growth Modifier: 100%
[14:43:40] [Server thread/INFO]: Carrot Growth Modifier: 100%
[14:43:40] [Server thread/INFO]: Potato Growth Modifier: 100%
[14:43:40] [Server thread/INFO]: Wheat Growth Modifier: 100%
[14:43:40] [Server thread/INFO]: NetherWart Growth Modifier: 100%
[14:43:40] [Server thread/INFO]: Vine Growth Modifier: 100%
[14:43:40] [Server thread/INFO]: Cocoa Growth Modifier: 100%
[14:43:40] [Server thread/INFO]: Bamboo Growth Modifier: 100%
[14:43:40] [Server thread/INFO]: SweetBerry Growth Modifier: 100%
[14:43:40] [Server thread/INFO]: Kelp Growth Modifier: 100%
[14:43:40] [Server thread/INFO]: Experience Merge Radius: 3.0
[14:43:40] [Server thread/INFO]: Entity Activation Range: An 32 / Mo 32 / Ra 48 / Mi 16 / Tiv true
[14:43:40] [Server thread/INFO]: Hopper Transfer: 8 Hopper Check: 1 Hopper Amount: 1
[14:43:40] [Server thread/INFO]: Mob Spawn Range: 8
[14:43:40] [Server thread/INFO]: Custom Map Seeds:  Village: 10387312 Desert: 14357617 Igloo: 14357618 Jungle: 14357619 Swamp: 14357620 Monument: 10387313 Ocean: 14357621 Shipwreck: 165745295 Slime: 987234911
[14:43:40] [Server thread/INFO]: Tile Max Tick Time: 50ms Entity max Tick Time: 50ms
[14:43:40] [Server thread/INFO]: Max TNT Explosions: 100
[14:43:40] [Server thread/INFO]: Preparing start region for dimension '3-player Survival'/minecraft:overworld
[14:43:43] [Server thread/INFO]: Preparing spawn area: 0%
[14:43:43] [Server thread/INFO]: Preparing spawn area: 0%
[14:43:43] [Server thread/INFO]: Preparing spawn area: 0%
[14:43:43] [Server thread/INFO]: Preparing spawn area: 0%
[14:43:43] [Server thread/INFO]: Preparing spawn area: 0%
[14:43:43] [Server thread/INFO]: Preparing spawn area: 0%
[14:43:44] [Server thread/INFO]: Preparing spawn area: 1%
[14:43:44] [Server thread/INFO]: Preparing spawn area: 5%
[14:43:44] [Server thread/INFO]: Preparing spawn area: 58%
[14:43:45] [Server thread/INFO]: Preparing spawn area: 94%
[14:43:45] [Server thread/INFO]: Preparing spawn area: 100%
[14:43:46] [Server thread/INFO]: Loaded 169 spawn chunks for world 3-player Survival
[14:43:46] [Server thread/INFO]: Time elapsed: 5292 ms
[14:43:46] [Server thread/INFO]: Preparing start region for dimension '3-player Survival_nether'/minecraft:the_nether
[14:43:46] [Server thread/INFO]: Preparing spawn area: 0%
[14:43:46] [Server thread/INFO]: Preparing spawn area: 46%
[14:43:47] [Server thread/INFO]: Preparing spawn area: 100%
[14:43:47] [Server-Worker-1/INFO]: Preparing spawn area: 100%
[14:43:48] [Server-Worker-2/INFO]: Preparing spawn area: 100%
[14:43:48] [Server-Worker-2/INFO]: Preparing spawn area: 100%
[14:43:49] [Server-Worker-1/INFO]: Preparing spawn area: 100%
[14:43:49] [Server-Worker-1/INFO]: Preparing spawn area: 100%
[14:43:50] [Server-Worker-1/INFO]: Preparing spawn area: 100%
[14:43:50] [Server thread/INFO]: Loaded 169 spawn chunks for world 3-player Survival_nether
[14:43:50] [Server thread/INFO]: Time elapsed: 4095 ms
[14:43:50] [Server thread/INFO]: Preparing start region for dimension '3-player Survival_the_end'/minecraft:the_end
[14:43:50] [Server thread/INFO]: Preparing spawn area: 0%
[14:43:50] [Server-Worker-1/INFO]: Preparing spawn area: 100%
[14:43:51] [Server-Worker-1/INFO]: Preparing spawn area: 100%
[14:43:51] [Server thread/INFO]: Loaded 169 spawn chunks for world 3-player Survival_the_end
[14:43:51] [Server thread/INFO]: Time elapsed: 1380 ms
[14:43:51] [Server thread/INFO]: [SpigotPing] Enabling SpigotPing v2.5*
[14:43:51] [Server thread/INFO]: [SpigotPing] TabList is enabled, task added with a delay of 5 second/s.
[14:43:51] [Server thread/INFO]: Done (13.501s)! For help, type "help"
[14:43:51] [Server thread/INFO]: Timings Reset
[14:50:18] [User Authenticator #1/INFO]: UUID of player Stehsaer is 4ee78221-99b3-33bb-8da3-72c49ff039eb
[14:50:19] [Server thread/INFO]: Stehsaer[/192.168.100.27:49694] logged in with entity id 161 at ([3-player Survival]-112.41313850801222, 63.0, -629.3320935478794)
[14:51:31] [Server thread/INFO]: Stehsaer issued server command: /minecraft:bossbar
[14:51:41] [Server thread/INFO]: Stehsaer issued server command: /bossbar add
[14:53:54] [Server thread/INFO]: Stehsaer lost connection: Disconnected
[14:53:55] [Server thread/INFO]: Stehsaer left the game
[14:54:06] [Server thread/INFO]: No help for motd
[14:54:08] [Server thread/INFO]: Unknown command. Type "/help" for help.
[14:54:11] [Server thread/INFO]: Unknown command. Type "/help" for help.
[14:54:14] [Server thread/INFO]: --------- Help: Index ---------------------------
[14:54:14] [Server thread/INFO]: Use /help [n] to get page n of help.
[14:54:14] [Server thread/INFO]: Aliases: Lists command aliases
[14:54:14] [Server thread/INFO]: Bukkit: All commands for Bukkit
[14:54:14] [Server thread/INFO]: Minecraft: All commands for Minecraft
[14:54:14] [Server thread/INFO]: SpigotPing: All commands for SpigotPing
[14:54:14] [Server thread/INFO]: /advancement: A Mojang provided command.
[14:54:14] [Server thread/INFO]: /ban: A Mojang provided command.
[14:54:14] [Server thread/INFO]: /ban-ip: A Mojang provided command.
[14:54:14] [Server thread/INFO]: /banlist: A Mojang provided command.
[14:54:14] [Server thread/INFO]: /bossbar: A Mojang provided command.
[14:54:14] [Server thread/INFO]: /clear: A Mojang provided command.
[14:54:14] [Server thread/INFO]: /clone: A Mojang provided command.
[14:54:14] [Server thread/INFO]: /data: A Mojang provided command.
[14:54:14] [Server thread/INFO]: /datapack: A Mojang provided command.
[14:54:14] [Server thread/INFO]: /debug: A Mojang provided command.
[14:54:14] [Server thread/INFO]: /defaultgamemode: A Mojang provided command.
[14:54:14] [Server thread/INFO]: /deop: A Mojang provided command.
[14:54:14] [Server thread/INFO]: /difficulty: A Mojang provided command.
[14:54:14] [Server thread/INFO]: /effect: A Mojang provided command.
[14:54:14] [Server thread/INFO]: /enchant: A Mojang provided command.
[14:54:14] [Server thread/INFO]: /execute: A Mojang provided command.
[14:54:14] [Server thread/INFO]: /experience: A Mojang provided command.
[14:54:14] [Server thread/INFO]: /fill: A Mojang provided command.
[14:54:14] [Server thread/INFO]: /forceload: A Mojang provided command.
[14:54:14] [Server thread/INFO]: /function: A Mojang provided command.
[14:54:14] [Server thread/INFO]: /gamemode: A Mojang provided command.
[14:54:14] [Server thread/INFO]: /gamerule: A Mojang provided command.
[14:54:14] [Server thread/INFO]: /give: A Mojang provided command.
[14:54:14] [Server thread/INFO]: /help: Shows the help menu
[14:54:14] [Server thread/INFO]: /kick: A Mojang provided command.
[14:54:14] [Server thread/INFO]: /kill: A Mojang provided command.
[14:54:14] [Server thread/INFO]: /list: A Mojang provided command.
[14:54:14] [Server thread/INFO]: /locate: A Mojang provided command.
[14:54:14] [Server thread/INFO]: /loot: A Mojang provided command.
[14:54:14] [Server thread/INFO]: /me: A Mojang provided command.
[14:54:14] [Server thread/INFO]: /minecraft:help: A Mojang provided command.
[14:54:14] [Server thread/INFO]: /minecraft:reload: A Mojang provided command.
[14:54:14] [Server thread/INFO]: /msg: A Mojang provided command.
[14:54:14] [Server thread/INFO]: /op: A Mojang provided command.
[14:54:14] [Server thread/INFO]: /paper: Paper related commands
[14:54:14] [Server thread/INFO]: /pardon: A Mojang provided command.
[14:54:14] [Server thread/INFO]: /pardon-ip: A Mojang provided command.
[14:54:14] [Server thread/INFO]: /particle: A Mojang provided command.
[14:54:14] [Server thread/INFO]: /ping: The main command for SpigotPing.
[14:54:14] [Server thread/INFO]: /pingreload: Reloads the plugin.
[14:54:14] [Server thread/INFO]: /playsound: A Mojang provided command.
[14:54:14] [Server thread/INFO]: /plugins: Gets a list of plugins running on the server
[14:54:14] [Server thread/INFO]: /publish: A Mojang provided command.
[14:54:14] [Server thread/INFO]: /recipe: A Mojang provided command.
[14:54:14] [Server thread/INFO]: /reload: Reloads the server configuration and plugins
[14:54:14] [Server thread/INFO]: /replaceitem: A Mojang provided command.
[14:54:14] [Server thread/INFO]: /restart: Restarts the server
[14:54:14] [Server thread/INFO]: /save-all: A Mojang provided command.
[14:54:14] [Server thread/INFO]: /save-off: A Mojang provided command.
[14:54:14] [Server thread/INFO]: /save-on: A Mojang provided command.
[14:54:14] [Server thread/INFO]: /say: A Mojang provided command.
[14:54:14] [Server thread/INFO]: /schedule: A Mojang provided command.
[14:54:14] [Server thread/INFO]: /scoreboard: A Mojang provided command.
[14:54:14] [Server thread/INFO]: /seed: A Mojang provided command.
[14:54:14] [Server thread/INFO]: /setblock: A Mojang provided command.
[14:54:14] [Server thread/INFO]: /setidletimeout: A Mojang provided command.
[14:54:14] [Server thread/INFO]: /setworldspawn: A Mojang provided command.
[14:54:14] [Server thread/INFO]: /spawnpoint: A Mojang provided command.
[14:54:14] [Server thread/INFO]: /spectate: A Mojang provided command.
[14:54:14] [Server thread/INFO]: /spigot: Spigot related commands
[14:54:14] [Server thread/INFO]: /spreadplayers: A Mojang provided command.
[14:54:14] [Server thread/INFO]: /stop: A Mojang provided command.
[14:54:14] [Server thread/INFO]: /stopsound: A Mojang provided command.
[14:54:14] [Server thread/INFO]: /summon: A Mojang provided command.
[14:54:14] [Server thread/INFO]: /tag: A Mojang provided command.
[14:54:14] [Server thread/INFO]: /team: A Mojang provided command.
[14:54:14] [Server thread/INFO]: /teammsg: A Mojang provided command.
[14:54:14] [Server thread/INFO]: /teleport: A Mojang provided command.
[14:54:14] [Server thread/INFO]: /tell: A Mojang provided command.
[14:54:14] [Server thread/INFO]: /tellraw: A Mojang provided command.
[14:54:14] [Server thread/INFO]: /time: A Mojang provided command.
[14:54:14] [Server thread/INFO]: /timings: Manages Spigot Timings data to see performance of the server.
[14:54:14] [Server thread/INFO]: /title: A Mojang provided command.
[14:54:14] [Server thread/INFO]: /tm: A Mojang provided command.
[14:54:14] [Server thread/INFO]: /tp: A Mojang provided command.
[14:54:14] [Server thread/INFO]: /tps: Gets the current ticks per second for the server
[14:54:14] [Server thread/INFO]: /trigger: A Mojang provided command.
[14:54:14] [Server thread/INFO]: /version: Gets the version of this server including any plugins in use
[14:54:14] [Server thread/INFO]: /w: A Mojang provided command.
[14:54:14] [Server thread/INFO]: /weather: A Mojang provided command.
[14:54:14] [Server thread/INFO]: /whitelist: A Mojang provided command.
[14:54:14] [Server thread/INFO]: /worldborder: A Mojang provided command.
[14:54:14] [Server thread/INFO]: /xp: A Mojang provided command.
[15:28:17] [Server thread/INFO]: Unknown command. Type "/help" for help.
[15:28:24] [Server thread/INFO]: Usage: /timings <reset|report|on|off|verbon|verboff>
[15:28:30] [Server thread/INFO]: TPS from last 1m, 5m, 15m: *20.0, *20.0, *20.0
[15:31:22] [Server thread/INFO]: [Server] \u00a7e e
[15:33:23] [User Authenticator #2/INFO]: UUID of player Stehsaer is 4ee78221-99b3-33bb-8da3-72c49ff039eb
[15:33:24] [Server thread/INFO]: Stehsaer[/192.168.100.27:50810] logged in with entity id 311 at ([3-player Survival]-110.54533401899286, 63.0, -630.1302705890976)
[15:33:52] [User Authenticator #2/INFO]: UUID of player WANGYU20200214 is 4b5eda16-1e2a-35e4-8310-43dedfa9874c
[15:33:52] [Server thread/INFO]: WANGYU20200214[/127.0.0.1:50825] logged in with entity id 331 at ([3-player Survival]-104.46807652777208, 63.0, -650.3723339428815)
[15:41:51] [Server thread/INFO]: Stehsaer lost connection: Disconnected
[15:41:51] [Server thread/INFO]: Stehsaer left the game
[15:42:30] [User Authenticator #3/INFO]: UUID of player Stehsaer is 4ee78221-99b3-33bb-8da3-72c49ff039eb
[15:42:30] [Server thread/INFO]: Stehsaer[/192.168.100.27:50903] logged in with entity id 1629 at ([3-player Survival]-82.79682714117429, 65.0, -641.1355408120213)
[15:42:39] [Server thread/INFO]: Stehsaer lost connection: Disconnected
[15:42:39] [Server thread/INFO]: Stehsaer left the game
[15:42:40] [User Authenticator #3/INFO]: UUID of player Stehsaer is 4ee78221-99b3-33bb-8da3-72c49ff039eb
[15:42:40] [Server thread/INFO]: Stehsaer[/192.168.100.27:50904] logged in with entity id 1653 at ([3-player Survival]-82.79682714117429, 65.0, -641.1355408120213)
[15:55:07] [Async Chat Thread - #0/INFO]: <Stehsaer> \u00A7
[15:55:34] [Async Chat Thread - #0/INFO]: <Stehsaer> &ee
[16:07:58] [Server thread/INFO]: WANGYU20200214 lost connection: Disconnected
[16:07:58] [Server thread/INFO]: WANGYU20200214 left the game
[16:08:18] [User Authenticator #4/INFO]: UUID of player WANGYU20200214 is 4b5eda16-1e2a-35e4-8310-43dedfa9874c
[16:08:18] [Server thread/INFO]: WANGYU20200214[/127.0.0.1:51012] logged in with entity id 4432 at ([3-player Survival]-129.75746076439572, 66.0, -629.785825337356)
[16:12:56] [Server thread/INFO]: Stehsaer lost connection: Disconnected
[16:12:56] [Server thread/INFO]: Stehsaer left the game
[16:13:15] [User Authenticator #5/INFO]: UUID of player Stehsaer is 4ee78221-99b3-33bb-8da3-72c49ff039eb
[16:13:16] [Server thread/INFO]: Stehsaer[/192.168.100.27:51036] logged in with entity id 5024 at ([3-player Survival]-115.77965257281224, 63.0, -648.4111047936084)
[16:14:10] [Server thread/INFO]: Stehsaer lost connection: Disconnected
[16:14:10] [Server thread/INFO]: Stehsaer left the game
[16:15:25] [Server thread/INFO]: Unknown command
[16:15:25] [Server thread/INFO]: /say<--[HERE]
[16:15:37] [Server thread/INFO]: [Server] hello
[16:16:56] [Paper Watchdog Thread/ERROR]: --- DO NOT REPORT THIS TO PAPER - THIS IS NOT A BUG OR A CRASH  - git-Paper-98 (MC: 1.15.2) ---
[16:16:56] [Paper Watchdog Thread/ERROR]: The server has not responded for 10 seconds! Creating thread dump
[16:16:56] [Paper Watchdog Thread/ERROR]: ------------------------------
[16:16:56] [Paper Watchdog Thread/ERROR]: Server thread dump (Look for plugins here before reporting to Paper!):
[16:16:56] [Paper Watchdog Thread/ERROR]: Chunk wait task info below: 
[16:16:56] [Paper Watchdog Thread/ERROR]: -1,-11 in '3-player Survival_nether:
[16:16:56] [Paper Watchdog Thread/ERROR]: Load Task - Chunk task: class:com.destroystokyo.paper.io.chunk.ChunkLoadTask, for world '3-player Survival_nether', (-1,-11), hashcode:703316139, priority: -1
[16:16:56] [Paper Watchdog Thread/ERROR]: Save Task - none
[16:16:56] [Paper Watchdog Thread/ERROR]: Chunk Holder - non-null
[16:16:56] [Paper Watchdog Thread/ERROR]: Chunk Status - null chunk
[16:16:56] [Paper Watchdog Thread/ERROR]: Chunk Holder Status - null
[16:16:56] [Paper Watchdog Thread/ERROR]: ------------------------------
[16:16:56] [Paper Watchdog Thread/ERROR]: Current Thread: Server thread
[16:16:56] [Paper Watchdog Thread/ERROR]: 	PID: 20 | Suspended: false | Native: false | State: RUNNABLE
[16:16:56] [Paper Watchdog Thread/ERROR]: 	Stack:
[16:16:56] [Paper Watchdog Thread/ERROR]: 		java.base@9-ea/java.lang.Thread.yield(Native Method)
[16:16:56] [Paper Watchdog Thread/ERROR]: 		app//net.minecraft.server.v1_15_R1.IAsyncTaskHandler.bl(IAsyncTaskHandler.java:130)
[16:16:56] [Paper Watchdog Thread/ERROR]: 		app//net.minecraft.server.v1_15_R1.IAsyncTaskHandler.awaitTasks(IAsyncTaskHandler.java:120)
[16:16:56] [Paper Watchdog Thread/ERROR]: 		app//net.minecraft.server.v1_15_R1.ChunkProviderServer.getChunkAt(ChunkProviderServer.java:389)
[16:16:56] [Paper Watchdog Thread/ERROR]: 		app//net.minecraft.server.v1_15_R1.World.getChunkAt(World.java:321)
[16:16:56] [Paper Watchdog Thread/ERROR]: 		app//net.minecraft.server.v1_15_R1.IWorldReader.getChunkAt(IWorldReader.java:87)
[16:16:56] [Paper Watchdog Thread/ERROR]: 		app//net.minecraft.server.v1_15_R1.VillagePlace.lambda$a$19(VillagePlace.java:218)
[16:16:56] [Paper Watchdog Thread/ERROR]: 		app//net.minecraft.server.v1_15_R1.VillagePlace$$Lambda$3681/1529434294.accept(Unknown Source)
[16:16:56] [Paper Watchdog Thread/ERROR]: 		java.base@9-ea/java.util.stream.ForEachOps$ForEachOp$OfRef.accept(Unknown Source)
[16:16:56] [Paper Watchdog Thread/ERROR]: 		java.base@9-ea/java.util.stream.ReferencePipeline$2$1.accept(Unknown Source)
[16:16:56] [Paper Watchdog Thread/ERROR]: 		java.base@9-ea/java.util.stream.ReferencePipeline$3$1.accept(Unknown Source)
[16:16:56] [Paper Watchdog Thread/ERROR]: 		java.base@9-ea/java.util.stream.ReferencePipeline$2$1.accept(Unknown Source)
[16:16:56] [Paper Watchdog Thread/ERROR]: 		java.base@9-ea/java.util.stream.ReferencePipeline$3$1.accept(Unknown Source)
[16:16:56] [Paper Watchdog Thread/ERROR]: 		app//net.minecraft.server.v1_15_R1.SectionPosition$1.tryAdvance(SourceFile:217)
[16:16:56] [Paper Watchdog Thread/ERROR]: 		java.base@9-ea/java.util.Spliterator.forEachRemaining(Unknown Source)
[16:16:56] [Paper Watchdog Thread/ERROR]: 		java.base@9-ea/java.util.stream.AbstractPipeline.copyInto(Unknown Source)
[16:16:56] [Paper Watchdog Thread/ERROR]: 		java.base@9-ea/java.util.stream.AbstractPipeline.wrapAndCopyInto(Unknown Source)
[16:16:56] [Paper Watchdog Thread/ERROR]: 		java.base@9-ea/java.util.stream.ForEachOps$ForEachOp.evaluateSequential(Unknown Source)
[16:16:56] [Paper Watchdog Thread/ERROR]: 		java.base@9-ea/java.util.stream.ForEachOps$ForEachOp$OfRef.evaluateSequential(Unknown Source)
[16:16:56] [Paper Watchdog Thread/ERROR]: 		java.base@9-ea/java.util.stream.AbstractPipeline.evaluate(Unknown Source)
[16:16:56] [Paper Watchdog Thread/ERROR]: 		java.base@9-ea/java.util.stream.ReferencePipeline.forEach(Unknown Source)
[16:16:56] [Paper Watchdog Thread/ERROR]: 		app//net.minecraft.server.v1_15_R1.VillagePlace.a(VillagePlace.java:217)
[16:16:56] [Paper Watchdog Thread/ERROR]: 		app//net.minecraft.server.v1_15_R1.PortalTravelAgent.findPortal(PortalTravelAgent.java:56)
[16:16:56] [Paper Watchdog Thread/ERROR]: 		app//net.minecraft.server.v1_15_R1.PortalTravelAgent.findAndTeleport(PortalTravelAgent.java:29)
[16:16:56] [Paper Watchdog Thread/ERROR]: 		app//net.minecraft.server.v1_15_R1.EntityPlayer.a(EntityPlayer.java:914)
[16:16:56] [Paper Watchdog Thread/ERROR]: 		app//net.minecraft.server.v1_15_R1.Entity.doPortalTick(Entity.java:2200)
[16:16:56] [Paper Watchdog Thread/ERROR]: 		app//net.minecraft.server.v1_15_R1.Entity.entityBaseTick(Entity.java:408)
[16:16:56] [Paper Watchdog Thread/ERROR]: 		app//net.minecraft.server.v1_15_R1.EntityLiving.entityBaseTick(EntityLiving.java:244)
[16:16:56] [Paper Watchdog Thread/ERROR]: 		app//net.minecraft.server.v1_15_R1.Entity.tick(Entity.java:383)
[16:16:56] [Paper Watchdog Thread/ERROR]: 		app//net.minecraft.server.v1_15_R1.EntityLiving.tick(EntityLiving.java:2334)
[16:16:56] [Paper Watchdog Thread/ERROR]: 		app//net.minecraft.server.v1_15_R1.EntityHuman.tick(EntityHuman.java:165)
[16:16:56] [Paper Watchdog Thread/ERROR]: 		app//net.minecraft.server.v1_15_R1.EntityPlayer.playerTick(EntityPlayer.java:430)
[16:16:56] [Paper Watchdog Thread/ERROR]: 		app//net.minecraft.server.v1_15_R1.PlayerConnection.tick(PlayerConnection.java:149)
[16:16:56] [Paper Watchdog Thread/ERROR]: 		app//net.minecraft.server.v1_15_R1.NetworkManager.a(NetworkManager.java:260)
[16:16:56] [Paper Watchdog Thread/ERROR]: 		app//net.minecraft.server.v1_15_R1.ServerConnection.c(ServerConnection.java:139)
[16:16:56] [Paper Watchdog Thread/ERROR]: 		app//net.minecraft.server.v1_15_R1.MinecraftServer.b(MinecraftServer.java:1269)
[16:16:56] [Paper Watchdog Thread/ERROR]: 		app//net.minecraft.server.v1_15_R1.DedicatedServer.b(DedicatedServer.java:430)
[16:16:56] [Paper Watchdog Thread/ERROR]: 		app//net.minecraft.server.v1_15_R1.MinecraftServer.a(MinecraftServer.java:1112)
[16:16:56] [Paper Watchdog Thread/ERROR]: 		app//net.minecraft.server.v1_15_R1.MinecraftServer.run(MinecraftServer.java:934)
[16:16:56] [Paper Watchdog Thread/ERROR]: 		java.base@9-ea/java.lang.Thread.run(Unknown Source)
[16:16:56] [Paper Watchdog Thread/ERROR]: ------------------------------
[16:16:56] [Paper Watchdog Thread/ERROR]: --- DO NOT REPORT THIS TO PAPER - THIS IS NOT A BUG OR A CRASH ---
[16:16:56] [Paper Watchdog Thread/ERROR]: ------------------------------
[16:17:03] [Paper Watchdog Thread/ERROR]: --- DO NOT REPORT THIS TO PAPER - THIS IS NOT A BUG OR A CRASH  - git-Paper-98 (MC: 1.15.2) ---
[16:17:03] [Paper Watchdog Thread/ERROR]: The server has not responded for 15 seconds! Creating thread dump
[16:17:03] [Paper Watchdog Thread/ERROR]: ------------------------------
[16:17:03] [Paper Watchdog Thread/ERROR]: Server thread dump (Look for plugins here before reporting to Paper!):
[16:17:03] [Paper Watchdog Thread/ERROR]: Chunk wait task info below: 
[16:17:03] [Paper Watchdog Thread/ERROR]: 1,-10 in '3-player Survival_nether:
[16:17:03] [Paper Watchdog Thread/ERROR]: Load Task - Chunk task: class:com.destroystokyo.paper.io.chunk.ChunkLoadTask, for world '3-player Survival_nether', (1,-10), hashcode:657210342, priority: -1
[16:17:03] [Paper Watchdog Thread/ERROR]: Save Task - none
[16:17:03] [Paper Watchdog Thread/ERROR]: Chunk Holder - non-null
[16:17:03] [Paper Watchdog Thread/ERROR]: Chunk Status - null chunk
[16:17:03] [Paper Watchdog Thread/ERROR]: Chunk Holder Status - null
[16:17:03] [Paper Watchdog Thread/ERROR]: ------------------------------
[16:17:03] [Paper Watchdog Thread/ERROR]: Current Thread: Server thread
[16:17:03] [Paper Watchdog Thread/ERROR]: 	PID: 20 | Suspended: false | Native: false | State: RUNNABLE
[16:17:03] [Paper Watchdog Thread/ERROR]: 	Stack:
[16:17:03] [Paper Watchdog Thread/ERROR]: 		java.base@9-ea/java.lang.Thread.yield(Native Method)
[16:17:03] [Paper Watchdog Thread/ERROR]: 		app//net.minecraft.server.v1_15_R1.IAsyncTaskHandler.bl(IAsyncTaskHandler.java:130)
[16:17:03] [Paper Watchdog Thread/ERROR]: 		app//net.minecraft.server.v1_15_R1.IAsyncTaskHandler.awaitTasks(IAsyncTaskHandler.java:120)
[16:17:03] [Paper Watchdog Thread/ERROR]: 		app//net.minecraft.server.v1_15_R1.ChunkProviderServer.getChunkAt(ChunkProviderServer.java:389)
[16:17:03] [Paper Watchdog Thread/ERROR]: 		app//net.minecraft.server.v1_15_R1.World.getChunkAt(World.java:321)
[16:17:03] [Paper Watchdog Thread/ERROR]: 		app//net.minecraft.server.v1_15_R1.IWorldReader.getChunkAt(IWorldReader.java:87)
[16:17:03] [Paper Watchdog Thread/ERROR]: 		app//net.minecraft.server.v1_15_R1.VillagePlace.lambda$a$19(VillagePlace.java:218)
[16:17:03] [Paper Watchdog Thread/ERROR]: 		app//net.minecraft.server.v1_15_R1.VillagePlace$$Lambda$3681/1529434294.accept(Unknown Source)
[16:17:03] [Paper Watchdog Thread/ERROR]: 		java.base@9-ea/java.util.stream.ForEachOps$ForEachOp$OfRef.accept(Unknown Source)
[16:17:03] [Paper Watchdog Thread/ERROR]: 		java.base@9-ea/java.util.stream.ReferencePipeline$2$1.accept(Unknown Source)
[16:17:03] [Paper Watchdog Thread/ERROR]: 		java.base@9-ea/java.util.stream.ReferencePipeline$3$1.accept(Unknown Source)
[16:17:03] [Paper Watchdog Thread/ERROR]: 		java.base@9-ea/java.util.stream.ReferencePipeline$2$1.accept(Unknown Source)
[16:17:03] [Paper Watchdog Thread/ERROR]: 		java.base@9-ea/java.util.stream.ReferencePipeline$3$1.accept(Unknown Source)
[16:17:03] [Paper Watchdog Thread/ERROR]: 		app//net.minecraft.server.v1_15_R1.SectionPosition$1.tryAdvance(SourceFile:217)
[16:17:03] [Paper Watchdog Thread/ERROR]: 		java.base@9-ea/java.util.Spliterator.forEachRemaining(Unknown Source)
[16:17:03] [Paper Watchdog Thread/ERROR]: 		java.base@9-ea/java.util.stream.AbstractPipeline.copyInto(Unknown Source)
[16:17:03] [Paper Watchdog Thread/ERROR]: 		java.base@9-ea/java.util.stream.AbstractPipeline.wrapAndCopyInto(Unknown Source)
[16:17:03] [Paper Watchdog Thread/ERROR]: 		java.base@9-ea/java.util.stream.ForEachOps$ForEachOp.evaluateSequential(Unknown Source)
[16:17:03] [Paper Watchdog Thread/ERROR]: 		java.base@9-ea/java.util.stream.ForEachOps$ForEachOp$OfRef.evaluateSequential(Unknown Source)
[16:17:03] [Paper Watchdog Thread/ERROR]: 		java.base@9-ea/java.util.stream.AbstractPipeline.evaluate(Unknown Source)
[16:17:03] [Paper Watchdog Thread/ERROR]: 		java.base@9-ea/java.util.stream.ReferencePipeline.forEach(Unknown Source)
[16:17:03] [Paper Watchdog Thread/ERROR]: 		app//net.minecraft.server.v1_15_R1.VillagePlace.a(VillagePlace.java:217)
[16:17:03] [Paper Watchdog Thread/ERROR]: 		app//net.minecraft.server.v1_15_R1.PortalTravelAgent.findPortal(PortalTravelAgent.java:56)
[16:17:03] [Paper Watchdog Thread/ERROR]: 		app//net.minecraft.server.v1_15_R1.PortalTravelAgent.findAndTeleport(PortalTravelAgent.java:29)
[16:17:03] [Paper Watchdog Thread/ERROR]: 		app//net.minecraft.server.v1_15_R1.EntityPlayer.a(EntityPlayer.java:914)
[16:17:03] [Paper Watchdog Thread/ERROR]: 		app//net.minecraft.server.v1_15_R1.Entity.doPortalTick(Entity.java:2200)
[16:17:03] [Paper Watchdog Thread/ERROR]: 		app//net.minecraft.server.v1_15_R1.Entity.entityBaseTick(Entity.java:408)
[16:17:03] [Paper Watchdog Thread/ERROR]: 		app//net.minecraft.server.v1_15_R1.EntityLiving.entityBaseTick(EntityLiving.java:244)
[16:17:03] [Paper Watchdog Thread/ERROR]: 		app//net.minecraft.server.v1_15_R1.Entity.tick(Entity.java:383)
[16:17:03] [Paper Watchdog Thread/ERROR]: 		app//net.minecraft.server.v1_15_R1.EntityLiving.tick(EntityLiving.java:2334)
[16:17:03] [Paper Watchdog Thread/ERROR]: 		app//net.minecraft.server.v1_15_R1.EntityHuman.tick(EntityHuman.java:165)
[16:17:03] [Paper Watchdog Thread/ERROR]: 		app//net.minecraft.server.v1_15_R1.EntityPlayer.playerTick(EntityPlayer.java:430)
[16:17:03] [Paper Watchdog Thread/ERROR]: 		app//net.minecraft.server.v1_15_R1.PlayerConnection.tick(PlayerConnection.java:149)
[16:17:03] [Paper Watchdog Thread/ERROR]: 		app//net.minecraft.server.v1_15_R1.NetworkManager.a(NetworkManager.java:260)
[16:17:03] [Paper Watchdog Thread/ERROR]: 		app//net.minecraft.server.v1_15_R1.ServerConnection.c(ServerConnection.java:139)
[16:17:03] [Paper Watchdog Thread/ERROR]: 		app//net.minecraft.server.v1_15_R1.MinecraftServer.b(MinecraftServer.java:1269)
[16:17:03] [Paper Watchdog Thread/ERROR]: 		app//net.minecraft.server.v1_15_R1.DedicatedServer.b(DedicatedServer.java:430)
[16:17:03] [Paper Watchdog Thread/ERROR]: 		app//net.minecraft.server.v1_15_R1.MinecraftServer.a(MinecraftServer.java:1112)
[16:17:03] [Paper Watchdog Thread/ERROR]: 		app//net.minecraft.server.v1_15_R1.MinecraftServer.run(MinecraftServer.java:934)
[16:17:03] [Paper Watchdog Thread/ERROR]: 		java.base@9-ea/java.lang.Thread.run(Unknown Source)
[16:17:03] [Paper Watchdog Thread/ERROR]: ------------------------------
[16:17:03] [Paper Watchdog Thread/ERROR]: --- DO NOT REPORT THIS TO PAPER - THIS IS NOT A BUG OR A CRASH ---
[16:17:03] [Paper Watchdog Thread/ERROR]: ------------------------------
[16:17:07] [Paper Watchdog Thread/ERROR]: --- DO NOT REPORT THIS TO PAPER - THIS IS NOT A BUG OR A CRASH  - git-Paper-98 (MC: 1.15.2) ---
[16:17:07] [Paper Watchdog Thread/ERROR]: The server has not responded for 20 seconds! Creating thread dump
[16:17:07] [Paper Watchdog Thread/ERROR]: ------------------------------
[16:17:07] [Paper Watchdog Thread/ERROR]: Server thread dump (Look for plugins here before reporting to Paper!):
[16:17:07] [Paper Watchdog Thread/ERROR]: Chunk wait task info below: 
[16:17:07] [Paper Watchdog Thread/ERROR]: 1,-8 in '3-player Survival_nether:
[16:17:07] [Paper Watchdog Thread/ERROR]: Load Task - Chunk task: class:com.destroystokyo.paper.io.chunk.ChunkLoadTask, for world '3-player Survival_nether', (1,-8), hashcode:588491739, priority: 0
[16:17:07] [Paper Watchdog Thread/ERROR]: Save Task - none
[16:17:07] [Paper Watchdog Thread/ERROR]: Chunk Holder - non-null
[16:17:07] [Paper Watchdog Thread/ERROR]: Chunk Status - null chunk
[16:17:07] [Paper Watchdog Thread/ERROR]: Chunk Holder Status - null
[16:17:07] [Paper Watchdog Thread/ERROR]: ------------------------------
[16:17:07] [Paper Watchdog Thread/ERROR]: Current Thread: Server thread
[16:17:07] [Paper Watchdog Thread/ERROR]: 	PID: 20 | Suspended: false | Native: false | State: TIMED_WAITING
[16:17:07] [Paper Watchdog Thread/ERROR]: 	Stack:
[16:17:07] [Paper Watchdog Thread/ERROR]: 		java.base@9-ea/jdk.internal.misc.Unsafe.park(Native Method)
[16:17:07] [Paper Watchdog Thread/ERROR]: 		java.base@9-ea/java.util.concurrent.locks.LockSupport.parkNanos(Unknown Source)
[16:17:07] [Paper Watchdog Thread/ERROR]: 		app//net.minecraft.server.v1_15_R1.IAsyncTaskHandler.bl(IAsyncTaskHandler.java:131)
[16:17:07] [Paper Watchdog Thread/ERROR]: 		app//net.minecraft.server.v1_15_R1.IAsyncTaskHandler.awaitTasks(IAsyncTaskHandler.java:120)
[16:17:07] [Paper Watchdog Thread/ERROR]: 		app//net.minecraft.server.v1_15_R1.ChunkProviderServer.getChunkAt(ChunkProviderServer.java:389)
[16:17:07] [Paper Watchdog Thread/ERROR]: 		app//net.minecraft.server.v1_15_R1.World.getChunkAt(World.java:321)
[16:17:07] [Paper Watchdog Thread/ERROR]: 		app//net.minecraft.server.v1_15_R1.IWorldReader.getChunkAt(IWorldReader.java:87)
[16:17:07] [Paper Watchdog Thread/ERROR]: 		app//net.minecraft.server.v1_15_R1.VillagePlace.lambda$a$19(VillagePlace.java:218)
[16:17:07] [Paper Watchdog Thread/ERROR]: 		app//net.minecraft.server.v1_15_R1.VillagePlace$$Lambda$3681/1529434294.accept(Unknown Source)
[16:17:07] [Paper Watchdog Thread/ERROR]: 		java.base@9-ea/java.util.stream.ForEachOps$ForEachOp$OfRef.accept(Unknown Source)
[16:17:07] [Paper Watchdog Thread/ERROR]: 		java.base@9-ea/java.util.stream.ReferencePipeline$2$1.accept(Unknown Source)
[16:17:07] [Paper Watchdog Thread/ERROR]: 		java.base@9-ea/java.util.stream.ReferencePipeline$3$1.accept(Unknown Source)
[16:17:07] [Paper Watchdog Thread/ERROR]: 		java.base@9-ea/java.util.stream.ReferencePipeline$2$1.accept(Unknown Source)
[16:17:07] [Paper Watchdog Thread/ERROR]: 		java.base@9-ea/java.util.stream.ReferencePipeline$3$1.accept(Unknown Source)
[16:17:07] [Paper Watchdog Thread/ERROR]: 		app//net.minecraft.server.v1_15_R1.SectionPosition$1.tryAdvance(SourceFile:217)
[16:17:07] [Paper Watchdog Thread/ERROR]: 		java.base@9-ea/java.util.Spliterator.forEachRemaining(Unknown Source)
[16:17:07] [Paper Watchdog Thread/ERROR]: 		java.base@9-ea/java.util.stream.AbstractPipeline.copyInto(Unknown Source)
[16:17:07] [Paper Watchdog Thread/ERROR]: 		java.base@9-ea/java.util.stream.AbstractPipeline.wrapAndCopyInto(Unknown Source)
[16:17:07] [Paper Watchdog Thread/ERROR]: 		java.base@9-ea/java.util.stream.ForEachOps$ForEachOp.evaluateSequential(Unknown Source)
[16:17:07] [Paper Watchdog Thread/ERROR]: 		java.base@9-ea/java.util.stream.ForEachOps$ForEachOp$OfRef.evaluateSequential(Unknown Source)
[16:17:07] [Paper Watchdog Thread/ERROR]: 		java.base@9-ea/java.util.stream.AbstractPipeline.evaluate(Unknown Source)
[16:17:07] [Paper Watchdog Thread/ERROR]: 		java.base@9-ea/java.util.stream.ReferencePipeline.forEach(Unknown Source)
[16:17:07] [Paper Watchdog Thread/ERROR]: 		app//net.minecraft.server.v1_15_R1.VillagePlace.a(VillagePlace.java:217)
[16:17:07] [Paper Watchdog Thread/ERROR]: 		app//net.minecraft.server.v1_15_R1.PortalTravelAgent.findPortal(PortalTravelAgent.java:56)
[16:17:07] [Paper Watchdog Thread/ERROR]: 		app//net.minecraft.server.v1_15_R1.PortalTravelAgent.findAndTeleport(PortalTravelAgent.java:29)
[16:17:07] [Paper Watchdog Thread/ERROR]: 		app//net.minecraft.server.v1_15_R1.EntityPlayer.a(EntityPlayer.java:914)
[16:17:07] [Paper Watchdog Thread/ERROR]: 		app//net.minecraft.server.v1_15_R1.Entity.doPortalTick(Entity.java:2200)
[16:17:07] [Paper Watchdog Thread/ERROR]: 		app//net.minecraft.server.v1_15_R1.Entity.entityBaseTick(Entity.java:408)
[16:17:07] [Paper Watchdog Thread/ERROR]: 		app//net.minecraft.server.v1_15_R1.EntityLiving.entityBaseTick(EntityLiving.java:244)
[16:17:07] [Paper Watchdog Thread/ERROR]: 		app//net.minecraft.server.v1_15_R1.Entity.tick(Entity.java:383)
[16:17:07] [Paper Watchdog Thread/ERROR]: 		app//net.minecraft.server.v1_15_R1.EntityLiving.tick(EntityLiving.java:2334)
[16:17:07] [Paper Watchdog Thread/ERROR]: 		app//net.minecraft.server.v1_15_R1.EntityHuman.tick(EntityHuman.java:165)
[16:17:07] [Paper Watchdog Thread/ERROR]: 		app//net.minecraft.server.v1_15_R1.EntityPlayer.playerTick(EntityPlayer.java:430)
[16:17:07] [Paper Watchdog Thread/ERROR]: 		app//net.minecraft.server.v1_15_R1.PlayerConnection.tick(PlayerConnection.java:149)
[16:17:07] [Paper Watchdog Thread/ERROR]: 		app//net.minecraft.server.v1_15_R1.NetworkManager.a(NetworkManager.java:260)
[16:17:07] [Paper Watchdog Thread/ERROR]: 		app//net.minecraft.server.v1_15_R1.ServerConnection.c(ServerConnection.java:139)
[16:17:07] [Paper Watchdog Thread/ERROR]: 		app//net.minecraft.server.v1_15_R1.MinecraftServer.b(MinecraftServer.java:1269)
[16:17:07] [Paper Watchdog Thread/ERROR]: 		app//net.minecraft.server.v1_15_R1.DedicatedServer.b(DedicatedServer.java:430)
[16:17:07] [Paper Watchdog Thread/ERROR]: 		app//net.minecraft.server.v1_15_R1.MinecraftServer.a(MinecraftServer.java:1112)
[16:17:07] [Paper Watchdog Thread/ERROR]: 		app//net.minecraft.server.v1_15_R1.MinecraftServer.run(MinecraftServer.java:934)
[16:17:07] [Paper Watchdog Thread/ERROR]: 		java.base@9-ea/java.lang.Thread.run(Unknown Source)
[16:17:07] [Paper Watchdog Thread/ERROR]: ------------------------------
[16:17:07] [Paper Watchdog Thread/ERROR]: --- DO NOT REPORT THIS TO PAPER - THIS IS NOT A BUG OR A CRASH ---
[16:17:07] [Paper Watchdog Thread/ERROR]: ------------------------------
[16:17:12] [Server console handler/ERROR]: Caught previously unhandled exception :
java.lang.OutOfMemoryError: Java heap space
	at java.util.Arrays.copyOf(Unknown Source) ~[?:?]
	at org.jline.utils.AttributedStringBuilder.ensureCapacity(AttributedStringBuilder.java:180) ~[Paper-1.15.2-b99.jar:git-Paper-98]
	at org.jline.utils.AttributedStringBuilder.append(AttributedStringBuilder.java:152) ~[Paper-1.15.2-b99.jar:git-Paper-98]
	at org.jline.utils.AttributedStringBuilder.append(AttributedStringBuilder.java:140) ~[Paper-1.15.2-b99.jar:git-Paper-98]
	at org.jline.utils.AttributedStringBuilder.append(AttributedStringBuilder.java:92) ~[Paper-1.15.2-b99.jar:git-Paper-98]
	at org.jline.utils.AttributedStringBuilder.append(AttributedStringBuilder.java:102) ~[Paper-1.15.2-b99.jar:git-Paper-98]
	at org.jline.reader.impl.DefaultHighlighter.highlight(DefaultHighlighter.java:71) ~[Paper-1.15.2-b99.jar:git-Paper-98]
	at org.jline.reader.impl.LineReaderImpl.getHighlightedBuffer(LineReaderImpl.java:3818) ~[Paper-1.15.2-b99.jar:git-Paper-98]
	at org.jline.reader.impl.LineReaderImpl.getDisplayedBufferWithPrompts(LineReaderImpl.java:3800) ~[Paper-1.15.2-b99.jar:git-Paper-98]
	at org.jline.reader.impl.LineReaderImpl.redisplay(LineReaderImpl.java:3700) ~[Paper-1.15.2-b99.jar:git-Paper-98]
	at org.jline.reader.impl.LineReaderImpl.doCleanup(LineReaderImpl.java:2427) ~[Paper-1.15.2-b99.jar:git-Paper-98]
	at org.jline.reader.impl.LineReaderImpl.cleanup(LineReaderImpl.java:2419) ~[Paper-1.15.2-b99.jar:git-Paper-98]
	at org.jline.reader.impl.LineReaderImpl.readLine(LineReaderImpl.java:648) ~[Paper-1.15.2-b99.jar:git-Paper-98]
	at org.jline.reader.impl.LineReaderImpl.readLine(LineReaderImpl.java:418) ~[Paper-1.15.2-b99.jar:git-Paper-98]
	at net.minecrell.terminalconsole.SimpleTerminalConsole.readCommands(SimpleTerminalConsole.java:158) ~[Paper-1.15.2-b99.jar:git-Paper-98]
	at net.minecrell.terminalconsole.SimpleTerminalConsole.start(SimpleTerminalConsole.java:141) ~[Paper-1.15.2-b99.jar:git-Paper-98]
	at net.minecraft.server.v1_15_R1.DedicatedServer$2.run(DedicatedServer.java:90) ~[Paper-1.15.2-b99.jar:git-Paper-98]
[16:17:12] [Paper Watchdog Thread/ERROR]: --- DO NOT REPORT THIS TO PAPER - THIS IS NOT A BUG OR A CRASH  - git-Paper-98 (MC: 1.15.2) ---
[16:17:12] [Paper Watchdog Thread/ERROR]: The server has not responded for 25 seconds! Creating thread dump
[16:17:12] [Paper Watchdog Thread/ERROR]: ------------------------------
[16:17:12] [Paper Watchdog Thread/ERROR]: Server thread dump (Look for plugins here before reporting to Paper!):
[16:17:12] [Paper Watchdog Thread/ERROR]: Chunk wait task info below: 
[16:17:12] [Paper Watchdog Thread/ERROR]: -3,-7 in '3-player Survival_nether:
[16:17:12] [Paper Watchdog Thread/ERROR]: Load Task - none
[16:17:12] [Paper Watchdog Thread/ERROR]: Save Task - none
[16:17:12] [Paper Watchdog Thread/ERROR]: Chunk Holder - non-null
[16:17:12] [Paper Watchdog Thread/ERROR]: Chunk Status - null chunk
[16:17:12] [Paper Watchdog Thread/ERROR]: Chunk Holder Status - null
[16:17:12] [Paper Watchdog Thread/ERROR]: ------------------------------
[16:17:12] [Paper Watchdog Thread/ERROR]: Current Thread: Server thread
[16:17:12] [Paper Watchdog Thread/ERROR]: 	PID: 20 | Suspended: false | Native: false | State: RUNNABLE
[16:17:12] [Paper Watchdog Thread/ERROR]: 	Stack:
[16:17:12] [Paper Watchdog Thread/ERROR]: 		java.base@9-ea/java.lang.Thread.yield(Native Method)
[16:17:12] [Paper Watchdog Thread/ERROR]: 		app//net.minecraft.server.v1_15_R1.IAsyncTaskHandler.bl(IAsyncTaskHandler.java:130)
[16:17:12] [Paper Watchdog Thread/ERROR]: 		app//net.minecraft.server.v1_15_R1.IAsyncTaskHandler.awaitTasks(IAsyncTaskHandler.java:120)
[16:17:12] [Paper Watchdog Thread/ERROR]: 		app//net.minecraft.server.v1_15_R1.ChunkProviderServer.getChunkAt(ChunkProviderServer.java:389)
[16:17:12] [Paper Watchdog Thread/ERROR]: 		app//net.minecraft.server.v1_15_R1.World.getChunkAt(World.java:321)
[16:17:12] [Paper Watchdog Thread/ERROR]: 		app//net.minecraft.server.v1_15_R1.IWorldReader.getChunkAt(IWorldReader.java:87)
[16:17:12] [Paper Watchdog Thread/ERROR]: 		app//net.minecraft.server.v1_15_R1.VillagePlace.lambda$a$19(VillagePlace.java:218)
[16:17:12] [Paper Watchdog Thread/ERROR]: 		app//net.minecraft.server.v1_15_R1.VillagePlace$$Lambda$3681/1529434294.accept(Unknown Source)
[16:17:12] [Paper Watchdog Thread/ERROR]: 		java.base@9-ea/java.util.stream.ForEachOps$ForEachOp$OfRef.accept(Unknown Source)
[16:17:12] [Paper Watchdog Thread/ERROR]: 		java.base@9-ea/java.util.stream.ReferencePipeline$2$1.accept(Unknown Source)
[16:17:12] [Paper Watchdog Thread/ERROR]: 		java.base@9-ea/java.util.stream.ReferencePipeline$3$1.accept(Unknown Source)
[16:17:12] [Paper Watchdog Thread/ERROR]: 		java.base@9-ea/java.util.stream.ReferencePipeline$2$1.accept(Unknown Source)
[16:17:12] [Paper Watchdog Thread/ERROR]: 		java.base@9-ea/java.util.stream.ReferencePipeline$3$1.accept(Unknown Source)
[16:17:12] [Paper Watchdog Thread/ERROR]: 		app//net.minecraft.server.v1_15_R1.SectionPosition$1.tryAdvance(SourceFile:217)
[16:17:12] [Paper Watchdog Thread/ERROR]: 		java.base@9-ea/java.util.Spliterator.forEachRemaining(Unknown Source)
[16:17:12] [Paper Watchdog Thread/ERROR]: 		java.base@9-ea/java.util.stream.AbstractPipeline.copyInto(Unknown Source)
[16:17:12] [Paper Watchdog Thread/ERROR]: 		java.base@9-ea/java.util.stream.AbstractPipeline.wrapAndCopyInto(Unknown Source)
[16:17:12] [Paper Watchdog Thread/ERROR]: 		java.base@9-ea/java.util.stream.ForEachOps$ForEachOp.evaluateSequential(Unknown Source)
[16:17:12] [Paper Watchdog Thread/ERROR]: 		java.base@9-ea/java.util.stream.ForEachOps$ForEachOp$OfRef.evaluateSequential(Unknown Source)
[16:17:12] [Paper Watchdog Thread/ERROR]: 		java.base@9-ea/java.util.stream.AbstractPipeline.evaluate(Unknown Source)
[16:17:12] [Paper Watchdog Thread/ERROR]: 		java.base@9-ea/java.util.stream.ReferencePipeline.forEach(Unknown Source)
[16:17:12] [Paper Watchdog Thread/ERROR]: 		app//net.minecraft.server.v1_15_R1.VillagePlace.a(VillagePlace.java:217)
[16:17:12] [Paper Watchdog Thread/ERROR]: 		app//net.minecraft.server.v1_15_R1.PortalTravelAgent.findPortal(PortalTravelAgent.java:56)
[16:17:12] [Paper Watchdog Thread/ERROR]: 		app//net.minecraft.server.v1_15_R1.PortalTravelAgent.findAndTeleport(PortalTravelAgent.java:29)
[16:17:12] [Paper Watchdog Thread/ERROR]: 		app//net.minecraft.server.v1_15_R1.EntityPlayer.a(EntityPlayer.java:914)
[16:17:12] [Paper Watchdog Thread/ERROR]: 		app//net.minecraft.server.v1_15_R1.Entity.doPortalTick(Entity.java:2200)
[16:17:12] [Paper Watchdog Thread/ERROR]: 		app//net.minecraft.server.v1_15_R1.Entity.entityBaseTick(Entity.java:408)
[16:17:12] [Paper Watchdog Thread/ERROR]: 		app//net.minecraft.server.v1_15_R1.EntityLiving.entityBaseTick(EntityLiving.java:244)
[16:17:12] [Paper Watchdog Thread/ERROR]: 		app//net.minecraft.server.v1_15_R1.Entity.tick(Entity.java:383)
[16:17:12] [Paper Watchdog Thread/ERROR]: 		app//net.minecraft.server.v1_15_R1.EntityLiving.tick(EntityLiving.java:2334)
[16:17:12] [Paper Watchdog Thread/ERROR]: 		app//net.minecraft.server.v1_15_R1.EntityHuman.tick(EntityHuman.java:165)
[16:17:12] [Paper Watchdog Thread/ERROR]: 		app//net.minecraft.server.v1_15_R1.EntityPlayer.playerTick(EntityPlayer.java:430)
[16:17:12] [Paper Watchdog Thread/ERROR]: 		app//net.minecraft.server.v1_15_R1.PlayerConnection.tick(PlayerConnection.java:149)
[16:17:12] [Paper Watchdog Thread/ERROR]: 		app//net.minecraft.server.v1_15_R1.NetworkManager.a(NetworkManager.java:260)
[16:17:12] [Paper Watchdog Thread/ERROR]: 		app//net.minecraft.server.v1_15_R1.ServerConnection.c(ServerConnection.java:139)
[16:17:12] [Paper Watchdog Thread/ERROR]: 		app//net.minecraft.server.v1_15_R1.MinecraftServer.b(MinecraftServer.java:1269)
[16:17:12] [Paper Watchdog Thread/ERROR]: 		app//net.minecraft.server.v1_15_R1.DedicatedServer.b(DedicatedServer.java:430)
[16:17:12] [Paper Watchdog Thread/ERROR]: 		app//net.minecraft.server.v1_15_R1.MinecraftServer.a(MinecraftServer.java:1112)
[16:17:12] [Paper Watchdog Thread/ERROR]: 		app//net.minecraft.server.v1_15_R1.MinecraftServer.run(MinecraftServer.java:934)
[16:17:12] [Paper Watchdog Thread/ERROR]: 		java.base@9-ea/java.lang.Thread.run(Unknown Source)
[16:17:12] [Paper Watchdog Thread/ERROR]: ------------------------------
[16:17:12] [Paper Watchdog Thread/ERROR]: --- DO NOT REPORT THIS TO PAPER - THIS IS NOT A BUG OR A CRASH ---
[16:17:12] [Paper Watchdog Thread/ERROR]: ------------------------------
[16:17:17] [Server thread/WARN]: Can't keep up! Is the server overloaded? Running 30406ms or 608 ticks behind
[16:17:17] [Server thread/INFO]: WANGYU20200214 lost connection: Disconnected
[16:17:17] [Server thread/INFO]: WANGYU20200214 left the game
[16:19:22] [User Authenticator #6/INFO]: UUID of player WANGYU20200214 is 4b5eda16-1e2a-35e4-8310-43dedfa9874c
[16:19:23] [Server thread/INFO]: WANGYU20200214[/127.0.0.1:51075] logged in with entity id 5496 at ([3-player Survival_nether]-17.5, 49.0, -86.05715115306128)
[16:21:36] [Server thread/WARN]: WANGYU20200214 was kicked due to keepalive timeout!
[16:21:36] [Server thread/INFO]: WANGYU20200214 lost connection: Timed out
[16:21:36] [Server thread/INFO]: WANGYU20200214 left the game
[16:21:37] [Server thread/WARN]: handleDisconnection() called twice
[16:42:12] [User Authenticator #7/INFO]: UUID of player Stehsaer is 4ee78221-99b3-33bb-8da3-72c49ff039eb
[16:42:13] [Server thread/INFO]: Stehsaer[/192.168.100.27:51196] logged in with entity id 5720 at ([3-player Survival]-113.26106420662711, 63.0, -647.4140925381829)
[16:42:21] [Server thread/INFO]: Stehsaer issued server command: /save-all
[16:42:21] [Server thread/INFO]: [Stehsaer: Saved the game]
[16:42:23] [Server thread/INFO]: Stehsaer issued server command: /stop
[16:42:23] [Server thread/INFO]: [Stehsaer: Stopping the server]
[16:42:23] [Server thread/INFO]: Stopping server
[16:42:23] [Server thread/INFO]: [SpigotPing] Disabling SpigotPing v2.5
[16:42:23] [Server thread/INFO]: [SpigotPing] Cancelling tasks...
[16:42:23] [Server thread/INFO]: Saving players
[16:42:23] [Server thread/INFO]: Stehsaer lost connection: Server closed
[16:42:23] [Server thread/INFO]: Stehsaer left the game
[16:42:24] [Server thread/INFO]: Saving worlds
[16:42:24] [Server thread/INFO]: Saving chunks for level '3-player Survival'/minecraft:overworld
[16:42:24] [Server thread/INFO]: ThreadedAnvilChunkStorage (3-player Survival): All chunks are saved
[16:42:24] [Server thread/INFO]: Saving chunks for level '3-player Survival_nether'/minecraft:the_nether
[16:42:24] [Server thread/INFO]: ThreadedAnvilChunkStorage (DIM-1): All chunks are saved
[16:42:24] [Server thread/INFO]: Saving chunks for level '3-player Survival_the_end'/minecraft:the_end
[16:42:24] [Server thread/INFO]: ThreadedAnvilChunkStorage (DIM1): All chunks are saved
[16:42:24] [Server thread/INFO]: ThreadedAnvilChunkStorage (3-player Survival): All chunks are saved
[16:42:24] [Server thread/INFO]: ThreadedAnvilChunkStorage (DIM-1): All chunks are saved
[16:42:25] [Server thread/INFO]: ThreadedAnvilChunkStorage (DIM1): All chunks are saved
