[11:40:06] [Server thread/INFO]: Loading properties
[11:40:07] [Server thread/INFO]: This server is running Paper version git-Paper-98 (MC: 1.15.2) (Implementing API version 1.15.2-R0.1-SNAPSHOT)
[11:40:08] [Server thread/INFO]: Debug logging is disabled
[11:40:08] [Server thread/INFO]: Server Ping Player Sample Count: 12
[11:40:08] [Server thread/INFO]: Using 4 threads for Netty based IO
[11:40:09] [Server thread/INFO]: Default game type: SURVIVAL
[11:40:09] [Server thread/INFO]: Generating keypair
[11:40:09] [Server thread/INFO]: Starting Minecraft server on *:25565
[11:40:09] [Server thread/INFO]: Using default channel type
[11:40:13] [Server thread/WARN]: Initializing Legacy Material Support. Unless you have legacy plugins and/or data this is a bug!
[11:40:18] [Server thread/WARN]: Legacy plugin SpigotPing v2.5 does not specify an api-version.
[11:40:19] [Server thread/INFO]: [SpigotPing] Loading SpigotPing v2.5
[11:40:19] [Server thread/INFO]: Server permissions file permissions.yml is empty, ignoring it
[11:40:19] [Server thread/WARN]: **** SERVER IS RUNNING IN OFFLINE/INSECURE MODE!
[11:40:19] [Server thread/WARN]: The server will make no attempt to authenticate usernames. Beware.
[11:40:19] [Server thread/WARN]: While this makes the game possible to play without internet access, it also opens up the ability for hackers to connect with any username they choose.
[11:40:19] [Server thread/WARN]: To change this, set "online-mode" to "true" in the server.properties file.
[11:40:19] [Server thread/INFO]: Preparing level "3-player Survival"
[11:40:19] [Server thread/INFO]: Reloading ResourceManager: Default, bukkit
[11:40:21] [Server thread/INFO]: Loaded 6 recipes
[11:40:22] [Server thread/INFO]: -------- World Settings For [3-player Survival] --------
[11:40:22] [Server thread/INFO]: View Distance: 6
[11:40:22] [Server thread/INFO]: Item Merge Radius: 2.5
[11:40:22] [Server thread/INFO]: Item Despawn Rate: 6000
[11:40:22] [Server thread/INFO]: Nerfing mobs spawned from spawners: false
[11:40:22] [Server thread/INFO]: Arrow Despawn Rate: 1200 Trident Respawn Rate:1200
[11:40:22] [Server thread/INFO]: Allow Zombie Pigmen to spawn from portal blocks: true
[11:40:22] [Server thread/INFO]: Zombie Aggressive Towards Villager: true
[11:40:22] [Server thread/INFO]: Mob Spawn Range: 8
[11:40:22] [Server thread/INFO]: Cactus Growth Modifier: 100%
[11:40:22] [Server thread/INFO]: Cane Growth Modifier: 100%
[11:40:22] [Server thread/INFO]: Melon Growth Modifier: 100%
[11:40:22] [Server thread/INFO]: Mushroom Growth Modifier: 100%
[11:40:22] [Server thread/INFO]: Pumpkin Growth Modifier: 100%
[11:40:22] [Server thread/INFO]: Sapling Growth Modifier: 100%
[11:40:22] [Server thread/INFO]: Beetroot Growth Modifier: 100%
[11:40:22] [Server thread/INFO]: Carrot Growth Modifier: 100%
[11:40:22] [Server thread/INFO]: Potato Growth Modifier: 100%
[11:40:22] [Server thread/INFO]: Wheat Growth Modifier: 100%
[11:40:22] [Server thread/INFO]: NetherWart Growth Modifier: 100%
[11:40:22] [Server thread/INFO]: Vine Growth Modifier: 100%
[11:40:22] [Server thread/INFO]: Cocoa Growth Modifier: 100%
[11:40:22] [Server thread/INFO]: Bamboo Growth Modifier: 100%
[11:40:22] [Server thread/INFO]: SweetBerry Growth Modifier: 100%
[11:40:22] [Server thread/INFO]: Kelp Growth Modifier: 100%
[11:40:22] [Server thread/INFO]: Entity Tracking Range: Pl 48 / An 48 / Mo 48 / Mi 32 / Other 64
[11:40:22] [Server thread/INFO]: Entity Activation Range: An 32 / Mo 32 / Ra 48 / Mi 16 / Tiv true
[11:40:22] [Server thread/INFO]: Custom Map Seeds:  Village: 10387312 Desert: 14357617 Igloo: 14357618 Jungle: 14357619 Swamp: 14357620 Monument: 10387313 Ocean: 14357621 Shipwreck: 165745295 Slime: 987234911
[11:40:22] [Server thread/INFO]: Experience Merge Radius: 3.0
[11:40:22] [Server thread/INFO]: Hopper Transfer: 8 Hopper Check: 1 Hopper Amount: 1
[11:40:22] [Server thread/INFO]: Max TNT Explosions: 100
[11:40:22] [Server thread/INFO]: Tile Max Tick Time: 50ms Entity max Tick Time: 50ms
[11:40:22] [Server thread/INFO]: -------- World Settings For [3-player Survival_nether] --------
[11:40:22] [Server thread/INFO]: View Distance: 6
[11:40:22] [Server thread/INFO]: Item Merge Radius: 2.5
[11:40:22] [Server thread/INFO]: Item Despawn Rate: 6000
[11:40:22] [Server thread/INFO]: Nerfing mobs spawned from spawners: false
[11:40:22] [Server thread/INFO]: Arrow Despawn Rate: 1200 Trident Respawn Rate:1200
[11:40:22] [Server thread/INFO]: Allow Zombie Pigmen to spawn from portal blocks: true
[11:40:22] [Server thread/INFO]: Zombie Aggressive Towards Villager: true
[11:40:22] [Server thread/INFO]: Mob Spawn Range: 8
[11:40:22] [Server thread/INFO]: Cactus Growth Modifier: 100%
[11:40:22] [Server thread/INFO]: Cane Growth Modifier: 100%
[11:40:22] [Server thread/INFO]: Melon Growth Modifier: 100%
[11:40:22] [Server thread/INFO]: Mushroom Growth Modifier: 100%
[11:40:22] [Server thread/INFO]: Pumpkin Growth Modifier: 100%
[11:40:22] [Server thread/INFO]: Sapling Growth Modifier: 100%
[11:40:22] [Server thread/INFO]: Beetroot Growth Modifier: 100%
[11:40:22] [Server thread/INFO]: Carrot Growth Modifier: 100%
[11:40:22] [Server thread/INFO]: Potato Growth Modifier: 100%
[11:40:22] [Server thread/INFO]: Wheat Growth Modifier: 100%
[11:40:22] [Server thread/INFO]: NetherWart Growth Modifier: 100%
[11:40:22] [Server thread/INFO]: Vine Growth Modifier: 100%
[11:40:22] [Server thread/INFO]: Cocoa Growth Modifier: 100%
[11:40:22] [Server thread/INFO]: Bamboo Growth Modifier: 100%
[11:40:22] [Server thread/INFO]: SweetBerry Growth Modifier: 100%
[11:40:22] [Server thread/INFO]: Kelp Growth Modifier: 100%
[11:40:22] [Server thread/INFO]: Entity Tracking Range: Pl 48 / An 48 / Mo 48 / Mi 32 / Other 64
[11:40:22] [Server thread/INFO]: Entity Activation Range: An 32 / Mo 32 / Ra 48 / Mi 16 / Tiv true
[11:40:22] [Server thread/INFO]: Custom Map Seeds:  Village: 10387312 Desert: 14357617 Igloo: 14357618 Jungle: 14357619 Swamp: 14357620 Monument: 10387313 Ocean: 14357621 Shipwreck: 165745295 Slime: 987234911
[11:40:22] [Server thread/INFO]: Experience Merge Radius: 3.0
[11:40:22] [Server thread/INFO]: Hopper Transfer: 8 Hopper Check: 1 Hopper Amount: 1
[11:40:22] [Server thread/INFO]: Max TNT Explosions: 100
[11:40:22] [Server thread/INFO]: Tile Max Tick Time: 50ms Entity max Tick Time: 50ms
[11:40:22] [Server thread/INFO]: -------- World Settings For [3-player Survival_the_end] --------
[11:40:22] [Server thread/INFO]: View Distance: 6
[11:40:22] [Server thread/INFO]: Item Merge Radius: 2.5
[11:40:22] [Server thread/INFO]: Item Despawn Rate: 6000
[11:40:22] [Server thread/INFO]: Nerfing mobs spawned from spawners: false
[11:40:22] [Server thread/INFO]: Arrow Despawn Rate: 1200 Trident Respawn Rate:1200
[11:40:22] [Server thread/INFO]: Allow Zombie Pigmen to spawn from portal blocks: true
[11:40:22] [Server thread/INFO]: Zombie Aggressive Towards Villager: true
[11:40:22] [Server thread/INFO]: Mob Spawn Range: 8
[11:40:22] [Server thread/INFO]: Cactus Growth Modifier: 100%
[11:40:22] [Server thread/INFO]: Cane Growth Modifier: 100%
[11:40:22] [Server thread/INFO]: Melon Growth Modifier: 100%
[11:40:22] [Server thread/INFO]: Mushroom Growth Modifier: 100%
[11:40:22] [Server thread/INFO]: Pumpkin Growth Modifier: 100%
[11:40:22] [Server thread/INFO]: Sapling Growth Modifier: 100%
[11:40:22] [Server thread/INFO]: Beetroot Growth Modifier: 100%
[11:40:22] [Server thread/INFO]: Carrot Growth Modifier: 100%
[11:40:22] [Server thread/INFO]: Potato Growth Modifier: 100%
[11:40:22] [Server thread/INFO]: Wheat Growth Modifier: 100%
[11:40:22] [Server thread/INFO]: NetherWart Growth Modifier: 100%
[11:40:22] [Server thread/INFO]: Vine Growth Modifier: 100%
[11:40:22] [Server thread/INFO]: Cocoa Growth Modifier: 100%
[11:40:22] [Server thread/INFO]: Bamboo Growth Modifier: 100%
[11:40:22] [Server thread/INFO]: SweetBerry Growth Modifier: 100%
[11:40:22] [Server thread/INFO]: Kelp Growth Modifier: 100%
[11:40:22] [Server thread/INFO]: Entity Tracking Range: Pl 48 / An 48 / Mo 48 / Mi 32 / Other 64
[11:40:22] [Server thread/INFO]: Entity Activation Range: An 32 / Mo 32 / Ra 48 / Mi 16 / Tiv true
[11:40:22] [Server thread/INFO]: Custom Map Seeds:  Village: 10387312 Desert: 14357617 Igloo: 14357618 Jungle: 14357619 Swamp: 14357620 Monument: 10387313 Ocean: 14357621 Shipwreck: 165745295 Slime: 987234911
[11:40:22] [Server thread/INFO]: Experience Merge Radius: 3.0
[11:40:22] [Server thread/INFO]: Hopper Transfer: 8 Hopper Check: 1 Hopper Amount: 1
[11:40:22] [Server thread/INFO]: Max TNT Explosions: 100
[11:40:22] [Server thread/INFO]: Tile Max Tick Time: 50ms Entity max Tick Time: 50ms
[11:40:22] [Server thread/INFO]: Preparing start region for dimension '3-player Survival'/minecraft:overworld
[11:40:23] [Server thread/INFO]: Preparing spawn area: 0%
[11:40:23] [Server thread/INFO]: Preparing spawn area: 0%
[11:40:23] [Server thread/INFO]: Preparing spawn area: 0%
[11:40:24] [Server thread/INFO]: Preparing spawn area: 1%
[11:40:24] [Server thread/INFO]: Preparing spawn area: 5%
[11:40:25] [Server thread/INFO]: Preparing spawn area: 15%
[11:40:25] [Server thread/INFO]: Preparing spawn area: 60%
[11:40:26] [Server thread/INFO]: Preparing spawn area: 100%
[11:40:26] [Server thread/INFO]: Preparing spawn area: 100%
[11:40:26] [Server thread/INFO]: Loaded 169 spawn chunks for world 3-player Survival
[11:40:27] [Server thread/INFO]: Time elapsed: 4320 ms
[11:40:27] [Server thread/INFO]: Preparing start region for dimension '3-player Survival_nether'/minecraft:the_nether
[11:40:27] [Server thread/INFO]: Preparing spawn area: 0%
[11:40:27] [Server thread/INFO]: Preparing spawn area: 12%
[11:40:28] [Server thread/INFO]: Preparing spawn area: 62%
[11:40:28] [Server-Worker-2/INFO]: Preparing spawn area: 100%
[11:40:29] [Server-Worker-2/INFO]: Preparing spawn area: 100%
[11:40:29] [Server-Worker-1/INFO]: Preparing spawn area: 100%
[11:40:30] [Server-Worker-2/INFO]: Preparing spawn area: 100%
[11:40:30] [Server thread/INFO]: Preparing spawn area: 100%
[11:40:31] [Server-Worker-2/INFO]: Preparing spawn area: 100%
[11:40:31] [Server-Worker-1/INFO]: Preparing spawn area: 100%
[11:40:32] [Server-Worker-2/INFO]: Preparing spawn area: 100%
[11:40:32] [Server thread/INFO]: Preparing spawn area: 100%
[11:40:32] [Server thread/INFO]: Loaded 169 spawn chunks for world 3-player Survival_nether
[11:40:32] [Server thread/INFO]: Time elapsed: 5847 ms
[11:40:32] [Server thread/INFO]: Preparing start region for dimension '3-player Survival_the_end'/minecraft:the_end
[11:40:32] [Server thread/INFO]: Preparing spawn area: 0%
[11:40:33] [Server thread/INFO]: Preparing spawn area: 55%
[11:40:33] [Server thread/INFO]: Preparing spawn area: 100%
[11:40:34] [Server-Worker-2/INFO]: Preparing spawn area: 100%
[11:40:34] [Server-Worker-1/INFO]: Preparing spawn area: 100%
[11:40:35] [Server-Worker-2/INFO]: Preparing spawn area: 100%
[11:40:35] [Server thread/INFO]: Loaded 169 spawn chunks for world 3-player Survival_the_end
[11:40:35] [Server thread/INFO]: Time elapsed: 2544 ms
[11:40:35] [Server thread/INFO]: [SpigotPing] Enabling SpigotPing v2.5*
[11:40:35] [Server thread/INFO]: [SpigotPing] TabList is enabled, task added with a delay of 3 second/s.
[11:40:35] [Server thread/INFO]: Done (16.436s)! For help, type "help"
[11:40:36] [User Authenticator #1/INFO]: UUID of player Stehsaer is 4ee78221-99b3-33bb-8da3-72c49ff039eb
[11:40:36] [Server thread/INFO]: Timings Reset
[11:40:36] [Server thread/INFO]: com.mojang.authlib.GameProfile@6ac6787a[id=4ee78221-99b3-33bb-8da3-72c49ff039eb,name=Stehsaer,properties={},legacy=false] (/192.168.100.27:60704) lost connection: Disconnected
[11:41:38] [User Authenticator #2/INFO]: UUID of player Stehsaer is 4ee78221-99b3-33bb-8da3-72c49ff039eb
[11:41:40] [Server thread/INFO]: Stehsaer[/192.168.100.27:60724] logged in with entity id 208 at ([3-player Survival]-105.09838503416718, 63.0, -631.9627689150688)
[11:42:04] [Server thread/WARN]: Can't keep up! Is the server overloaded? Running 5204ms or 104 ticks behind
[11:47:24] [Server thread/INFO]: Stehsaer lost connection: Disconnected
[11:47:25] [Server thread/INFO]: Stehsaer left the game
[11:48:34] [User Authenticator #3/INFO]: UUID of player Stehsaer is 4ee78221-99b3-33bb-8da3-72c49ff039eb
[11:48:35] [Server thread/INFO]: Stehsaer[/192.168.100.27:60786] logged in with entity id 761 at ([3-player Survival]-128.06035418092296, 71.5, -703.9863984880674)
[11:51:42] [User Authenticator #4/INFO]: UUID of player cwXiaoYu is baf8c5c5-45db-3353-b7b9-1fab32f4b0da
[11:51:43] [Server thread/INFO]: cwXiaoYu[/127.0.0.1:60810] logged in with entity id 1048 at ([3-player Survival]-126.43962903557856, 69.0, -655.5907131387969)
[11:53:49] [Async Chat Thread - #0/INFO]: <Stehsaer> ???
[11:56:50] [Async Chat Thread - #1/INFO]: <Stehsaer> where are you now
[11:57:04] [Async Chat Thread - #1/INFO]: <cwXiaoYu> 阳台还可行
[11:57:41] [Async Chat Thread - #1/INFO]: <Stehsaer> 好看吗
[11:58:16] [Async Chat Thread - #1/INFO]: <Stehsaer> 走，去下矿
[11:58:50] [Server thread/INFO]: Stehsaer issued server command: /??
[11:58:54] [Async Chat Thread - #1/INFO]: <Stehsaer> ???
[11:59:29] [Async Chat Thread - #1/INFO]: <Stehsaer> sleep
[12:00:01] [Async Chat Thread - #1/INFO]: <cwXiaoYu> 鼠标太鸡肋了
[12:01:38] [Async Chat Thread - #2/INFO]: <Stehsaer> 153fps...
[12:03:20] [Async Chat Thread - #3/INFO]: <Stehsaer> where are you
[12:03:38] [Async Chat Thread - #3/INFO]: <cwXiaoYu> 顺水而上
[12:06:44] [Async Chat Thread - #4/INFO]: <cwXiaoYu> my mouse is not too shape
[12:07:20] [Async Chat Thread - #4/INFO]: <cwXiaoYu> it's really hard to change the direction
[12:10:23] [Server thread/INFO]: Stehsaer issued server command: /effect give @a minecraft:glowing 100000
[12:10:23] [Server thread/INFO]: [Stehsaer: Applied effect Glowing to 2 targets]
[12:10:49] [Server thread/INFO]: Stehsaer issued server command: /effect clear @a
[12:10:49] [Server thread/INFO]: [Stehsaer: Removed every effect from 2 targets]
[12:11:04] [Server thread/INFO]: Stehsaer issued server command: /effect give @a minecraft:glowing 100000 1 true
[12:11:04] [Server thread/INFO]: [Stehsaer: Applied effect Glowing to 2 targets]
[12:11:31] [Server thread/INFO]: Stehsaer issued server command: /tp Stehsaer cwXiaoYu
[12:11:31] [Server thread/INFO]: [Stehsaer: Teleported Stehsaer to cwXiaoYu]
[12:11:31] [Server thread/WARN]: Stehsaer moved too quickly! 5.298751951791203,-13.0,-13.398821920739806
[12:11:47] [Async Chat Thread - #5/INFO]: <cwXiaoYu> have lunch now
[12:11:52] [Async Chat Thread - #5/INFO]: <cwXiaoYu> i quit
[12:11:53] [Async Chat Thread - #5/INFO]: <Stehsaer> bye
[12:11:55] [Server thread/INFO]: cwXiaoYu lost connection: Disconnected
[12:11:55] [Server thread/INFO]: cwXiaoYu left the game
[12:12:37] [Server thread/INFO]: Stehsaer issued server command: /kill
[12:12:37] [Server thread/INFO]: Stehsaer fell out of the world
[12:12:37] [Server thread/INFO]: [Stehsaer: Killed Stehsaer]
[12:16:16] [Server thread/INFO]: Stehsaer lost connection: Disconnected
[12:16:16] [Server thread/INFO]: Stehsaer left the game
[12:18:02] [Server thread/INFO]: Saving the game (this may take a moment!)
[12:18:04] [Server thread/INFO]: Saved the game
[12:18:04] [Server thread/INFO]: Stopping the server
[12:18:04] [Server thread/INFO]: Stopping server
[12:18:04] [Server thread/INFO]: [SpigotPing] Disabling SpigotPing v2.5
[12:18:04] [Server thread/INFO]: [SpigotPing] Cancelling tasks...
[12:18:04] [Server thread/INFO]: Saving players
[12:18:04] [Server thread/INFO]: Saving worlds
[12:18:04] [Server thread/INFO]: Saving chunks for level '3-player Survival'/minecraft:overworld
[12:18:04] [Server thread/INFO]: ThreadedAnvilChunkStorage (3-player Survival): All chunks are saved
[12:18:04] [Server thread/INFO]: Saving chunks for level '3-player Survival_nether'/minecraft:the_nether
[12:18:04] [Server thread/INFO]: ThreadedAnvilChunkStorage (DIM-1): All chunks are saved
[12:18:04] [Server thread/INFO]: Saving chunks for level '3-player Survival_the_end'/minecraft:the_end
[12:18:04] [Server thread/INFO]: ThreadedAnvilChunkStorage (DIM1): All chunks are saved
[12:18:04] [Server thread/INFO]: ThreadedAnvilChunkStorage (3-player Survival): All chunks are saved
[12:18:05] [Server thread/INFO]: ThreadedAnvilChunkStorage (DIM-1): All chunks are saved
[12:18:05] [Server thread/INFO]: ThreadedAnvilChunkStorage (DIM1): All chunks are saved
