[12:11:42] [Server thread/INFO]: Loading properties
[12:11:42] [Server thread/INFO]: This server is running Paper version git-Paper-98 (MC: 1.15.2) (Implementing API version 1.15.2-R0.1-SNAPSHOT)
[12:11:43] [Server thread/INFO]: Debug logging is disabled
[12:11:43] [Server thread/INFO]: Server Ping Player Sample Count: 12
[12:11:43] [Server thread/INFO]: Using 4 threads for Netty based IO
[12:11:43] [Server thread/INFO]: Default game type: SURVIVAL
[12:11:43] [Server thread/INFO]: Generating keypair
[12:11:44] [Server thread/INFO]: Starting Minecraft server on *:25565
[12:11:44] [Server thread/INFO]: Using default channel type
[12:11:53] [Server thread/WARN]: Initializing Legacy Material Support. Unless you have legacy plugins and/or data this is a bug!
[12:11:59] [Server thread/WARN]: Legacy plugin SpigotPing v2.5 does not specify an api-version.
[12:11:59] [Server thread/INFO]: [SpigotPing] Loading SpigotPing v2.5
[12:11:59] [Server thread/INFO]: Server permissions file permissions.yml is empty, ignoring it
[12:11:59] [Server thread/WARN]: **** SERVER IS RUNNING IN OFFLINE/INSECURE MODE!
[12:11:59] [Server thread/WARN]: The server will make no attempt to authenticate usernames. Beware.
[12:11:59] [Server thread/WARN]: While this makes the game possible to play without internet access, it also opens up the ability for hackers to connect with any username they choose.
[12:11:59] [Server thread/WARN]: To change this, set "online-mode" to "true" in the server.properties file.
[12:11:59] [Server thread/INFO]: Preparing level "3-player Survival"
[12:12:00] [Server thread/INFO]: Reloading ResourceManager: Default, bukkit
[12:12:02] [Server thread/INFO]: Loaded 6 recipes
[12:12:04] [Server thread/INFO]: -------- World Settings For [3-player Survival] --------
[12:12:04] [Server thread/INFO]: View Distance: 6
[12:12:04] [Server thread/INFO]: Allow Zombie Pigmen to spawn from portal blocks: true
[12:12:04] [Server thread/INFO]: Item Merge Radius: 2.5
[12:12:04] [Server thread/INFO]: Item Despawn Rate: 6000
[12:12:04] [Server thread/INFO]: Arrow Despawn Rate: 1200 Trident Respawn Rate:1200
[12:12:04] [Server thread/INFO]: Nerfing mobs spawned from spawners: false
[12:12:04] [Server thread/INFO]: Zombie Aggressive Towards Villager: true
[12:12:04] [Server thread/INFO]: Entity Activation Range: An 32 / Mo 32 / Ra 48 / Mi 16 / Tiv true
[12:12:04] [Server thread/INFO]: Experience Merge Radius: 3.0
[12:12:04] [Server thread/INFO]: Entity Tracking Range: Pl 48 / An 48 / Mo 48 / Mi 32 / Other 64
[12:12:04] [Server thread/INFO]: Hopper Transfer: 8 Hopper Check: 1 Hopper Amount: 1
[12:12:04] [Server thread/INFO]: Cactus Growth Modifier: 100%
[12:12:04] [Server thread/INFO]: Cane Growth Modifier: 100%
[12:12:04] [Server thread/INFO]: Melon Growth Modifier: 100%
[12:12:04] [Server thread/INFO]: Mushroom Growth Modifier: 100%
[12:12:04] [Server thread/INFO]: Pumpkin Growth Modifier: 100%
[12:12:04] [Server thread/INFO]: Sapling Growth Modifier: 100%
[12:12:04] [Server thread/INFO]: Beetroot Growth Modifier: 100%
[12:12:04] [Server thread/INFO]: Carrot Growth Modifier: 100%
[12:12:04] [Server thread/INFO]: Potato Growth Modifier: 100%
[12:12:04] [Server thread/INFO]: Wheat Growth Modifier: 100%
[12:12:04] [Server thread/INFO]: NetherWart Growth Modifier: 100%
[12:12:04] [Server thread/INFO]: Vine Growth Modifier: 100%
[12:12:04] [Server thread/INFO]: Cocoa Growth Modifier: 100%
[12:12:04] [Server thread/INFO]: Bamboo Growth Modifier: 100%
[12:12:04] [Server thread/INFO]: SweetBerry Growth Modifier: 100%
[12:12:04] [Server thread/INFO]: Kelp Growth Modifier: 100%
[12:12:04] [Server thread/INFO]: Mob Spawn Range: 8
[12:12:04] [Server thread/INFO]: Custom Map Seeds:  Village: 10387312 Desert: 14357617 Igloo: 14357618 Jungle: 14357619 Swamp: 14357620 Monument: 10387313 Ocean: 14357621 Shipwreck: 165745295 Slime: 987234911
[12:12:04] [Server thread/INFO]: Tile Max Tick Time: 50ms Entity max Tick Time: 50ms
[12:12:04] [Server thread/INFO]: Max TNT Explosions: 100
[12:12:04] [Server thread/INFO]: -------- World Settings For [3-player Survival_nether] --------
[12:12:04] [Server thread/INFO]: View Distance: 6
[12:12:04] [Server thread/INFO]: Allow Zombie Pigmen to spawn from portal blocks: true
[12:12:04] [Server thread/INFO]: Item Merge Radius: 2.5
[12:12:04] [Server thread/INFO]: Item Despawn Rate: 6000
[12:12:04] [Server thread/INFO]: Arrow Despawn Rate: 1200 Trident Respawn Rate:1200
[12:12:04] [Server thread/INFO]: Nerfing mobs spawned from spawners: false
[12:12:04] [Server thread/INFO]: Zombie Aggressive Towards Villager: true
[12:12:04] [Server thread/INFO]: Entity Activation Range: An 32 / Mo 32 / Ra 48 / Mi 16 / Tiv true
[12:12:04] [Server thread/INFO]: Experience Merge Radius: 3.0
[12:12:04] [Server thread/INFO]: Entity Tracking Range: Pl 48 / An 48 / Mo 48 / Mi 32 / Other 64
[12:12:04] [Server thread/INFO]: Hopper Transfer: 8 Hopper Check: 1 Hopper Amount: 1
[12:12:04] [Server thread/INFO]: Cactus Growth Modifier: 100%
[12:12:04] [Server thread/INFO]: Cane Growth Modifier: 100%
[12:12:04] [Server thread/INFO]: Melon Growth Modifier: 100%
[12:12:04] [Server thread/INFO]: Mushroom Growth Modifier: 100%
[12:12:04] [Server thread/INFO]: Pumpkin Growth Modifier: 100%
[12:12:04] [Server thread/INFO]: Sapling Growth Modifier: 100%
[12:12:04] [Server thread/INFO]: Beetroot Growth Modifier: 100%
[12:12:04] [Server thread/INFO]: Carrot Growth Modifier: 100%
[12:12:04] [Server thread/INFO]: Potato Growth Modifier: 100%
[12:12:04] [Server thread/INFO]: Wheat Growth Modifier: 100%
[12:12:04] [Server thread/INFO]: NetherWart Growth Modifier: 100%
[12:12:04] [Server thread/INFO]: Vine Growth Modifier: 100%
[12:12:04] [Server thread/INFO]: Cocoa Growth Modifier: 100%
[12:12:04] [Server thread/INFO]: Bamboo Growth Modifier: 100%
[12:12:04] [Server thread/INFO]: SweetBerry Growth Modifier: 100%
[12:12:04] [Server thread/INFO]: Kelp Growth Modifier: 100%
[12:12:04] [Server thread/INFO]: Mob Spawn Range: 8
[12:12:04] [Server thread/INFO]: Custom Map Seeds:  Village: 10387312 Desert: 14357617 Igloo: 14357618 Jungle: 14357619 Swamp: 14357620 Monument: 10387313 Ocean: 14357621 Shipwreck: 165745295 Slime: 987234911
[12:12:04] [Server thread/INFO]: Tile Max Tick Time: 50ms Entity max Tick Time: 50ms
[12:12:04] [Server thread/INFO]: Max TNT Explosions: 100
[12:12:04] [Server thread/INFO]: -------- World Settings For [3-player Survival_the_end] --------
[12:12:04] [Server thread/INFO]: View Distance: 6
[12:12:04] [Server thread/INFO]: Allow Zombie Pigmen to spawn from portal blocks: true
[12:12:04] [Server thread/INFO]: Item Merge Radius: 2.5
[12:12:04] [Server thread/INFO]: Item Despawn Rate: 6000
[12:12:04] [Server thread/INFO]: Arrow Despawn Rate: 1200 Trident Respawn Rate:1200
[12:12:04] [Server thread/INFO]: Nerfing mobs spawned from spawners: false
[12:12:04] [Server thread/INFO]: Zombie Aggressive Towards Villager: true
[12:12:04] [Server thread/INFO]: Entity Activation Range: An 32 / Mo 32 / Ra 48 / Mi 16 / Tiv true
[12:12:04] [Server thread/INFO]: Experience Merge Radius: 3.0
[12:12:04] [Server thread/INFO]: Entity Tracking Range: Pl 48 / An 48 / Mo 48 / Mi 32 / Other 64
[12:12:04] [Server thread/INFO]: Hopper Transfer: 8 Hopper Check: 1 Hopper Amount: 1
[12:12:04] [Server thread/INFO]: Cactus Growth Modifier: 100%
[12:12:04] [Server thread/INFO]: Cane Growth Modifier: 100%
[12:12:04] [Server thread/INFO]: Melon Growth Modifier: 100%
[12:12:04] [Server thread/INFO]: Mushroom Growth Modifier: 100%
[12:12:04] [Server thread/INFO]: Pumpkin Growth Modifier: 100%
[12:12:04] [Server thread/INFO]: Sapling Growth Modifier: 100%
[12:12:04] [Server thread/INFO]: Beetroot Growth Modifier: 100%
[12:12:04] [Server thread/INFO]: Carrot Growth Modifier: 100%
[12:12:04] [Server thread/INFO]: Potato Growth Modifier: 100%
[12:12:04] [Server thread/INFO]: Wheat Growth Modifier: 100%
[12:12:04] [Server thread/INFO]: NetherWart Growth Modifier: 100%
[12:12:04] [Server thread/INFO]: Vine Growth Modifier: 100%
[12:12:04] [Server thread/INFO]: Cocoa Growth Modifier: 100%
[12:12:04] [Server thread/INFO]: Bamboo Growth Modifier: 100%
[12:12:04] [Server thread/INFO]: SweetBerry Growth Modifier: 100%
[12:12:04] [Server thread/INFO]: Kelp Growth Modifier: 100%
[12:12:04] [Server thread/INFO]: Mob Spawn Range: 8
[12:12:04] [Server thread/INFO]: Custom Map Seeds:  Village: 10387312 Desert: 14357617 Igloo: 14357618 Jungle: 14357619 Swamp: 14357620 Monument: 10387313 Ocean: 14357621 Shipwreck: 165745295 Slime: 987234911
[12:12:04] [Server thread/INFO]: Tile Max Tick Time: 50ms Entity max Tick Time: 50ms
[12:12:04] [Server thread/INFO]: Max TNT Explosions: 100
[12:12:04] [Server thread/INFO]: Preparing start region for dimension '3-player Survival'/minecraft:overworld
[12:12:07] [Server thread/INFO]: Preparing spawn area: 0%
[12:12:07] [Server thread/INFO]: Preparing spawn area: 0%
[12:12:07] [Server thread/INFO]: Preparing spawn area: 0%
[12:12:07] [Server thread/INFO]: Preparing spawn area: 0%
[12:12:07] [Server thread/INFO]: Preparing spawn area: 0%
[12:12:07] [Server thread/INFO]: Preparing spawn area: 0%
[12:12:07] [Server thread/INFO]: Preparing spawn area: 0%
[12:12:08] [Server thread/INFO]: Preparing spawn area: 1%
[12:12:09] [Server thread/INFO]: Preparing spawn area: 1%
[12:12:09] [Server thread/INFO]: Preparing spawn area: 1%
[12:12:09] [Server thread/INFO]: Preparing spawn area: 7%
[12:12:10] [Server thread/INFO]: Preparing spawn area: 11%
[12:12:10] [Server thread/INFO]: Preparing spawn area: 17%
[12:12:11] [Server thread/INFO]: Preparing spawn area: 41%
[12:12:11] [Server thread/INFO]: Preparing spawn area: 66%
[12:12:12] [Server thread/INFO]: Preparing spawn area: 75%
[12:12:12] [Server thread/INFO]: Preparing spawn area: 91%
[12:12:13] [Server thread/INFO]: Preparing spawn area: 100%
[12:12:13] [Server thread/INFO]: Preparing spawn area: 100%
[12:12:14] [Server thread/INFO]: Preparing spawn area: 100%
[12:12:14] [Server thread/INFO]: Loaded 169 spawn chunks for world 3-player Survival
[12:12:14] [Server thread/INFO]: Time elapsed: 9704 ms
[12:12:14] [Server thread/INFO]: Preparing start region for dimension '3-player Survival_nether'/minecraft:the_nether
[12:12:15] [Server thread/INFO]: Preparing spawn area: 0%
[12:12:15] [Server thread/INFO]: Preparing spawn area: 0%
[12:12:15] [Server thread/INFO]: Preparing spawn area: 0%
[12:12:16] [Server thread/INFO]: Preparing spawn area: 26%
[12:12:16] [Server thread/INFO]: Preparing spawn area: 92%
[12:12:17] [Server-Worker-1/INFO]: Preparing spawn area: 100%
[12:12:17] [Server-Worker-2/INFO]: Preparing spawn area: 100%
[12:12:18] [Server thread/INFO]: Preparing spawn area: 100%
[12:12:18] [Server thread/INFO]: Preparing spawn area: 100%
[12:12:19] [Server thread/INFO]: Preparing spawn area: 100%
[12:12:19] [Server thread/INFO]: Preparing spawn area: 100%
[12:12:20] [Server thread/INFO]: Preparing spawn area: 100%
[12:12:20] [Server-Worker-1/INFO]: Preparing spawn area: 100%
[12:12:21] [Server-Worker-1/INFO]: Preparing spawn area: 100%
[12:12:21] [Server-Worker-1/INFO]: Preparing spawn area: 100%
[12:12:22] [Server thread/INFO]: Preparing spawn area: 100%
[12:12:22] [Server thread/INFO]: Preparing spawn area: 100%
[12:12:23] [Server thread/INFO]: Preparing spawn area: 100%
[12:12:23] [Server-Worker-2/INFO]: Preparing spawn area: 100%
[12:12:24] [Server-Worker-2/INFO]: Preparing spawn area: 100%
[12:12:24] [Server-Worker-1/INFO]: Preparing spawn area: 100%
[12:12:24] [Server thread/INFO]: Loaded 169 spawn chunks for world 3-player Survival_nether
[12:12:24] [Server thread/INFO]: Time elapsed: 10112 ms
[12:12:24] [Server thread/INFO]: Preparing start region for dimension '3-player Survival_the_end'/minecraft:the_end
[12:12:24] [Server thread/INFO]: Preparing spawn area: 0%
[12:12:25] [Server thread/INFO]: Preparing spawn area: 7%
[12:12:25] [Server thread/INFO]: Preparing spawn area: 31%
[12:12:26] [Server thread/INFO]: Preparing spawn area: 42%
[12:12:26] [Server thread/INFO]: Preparing spawn area: 85%
[12:12:27] [Server-Worker-2/INFO]: Preparing spawn area: 100%
[12:12:27] [Server thread/INFO]: Preparing spawn area: 100%
[12:12:28] [Server-Worker-2/INFO]: Preparing spawn area: 100%
[12:12:28] [Server-Worker-1/INFO]: Preparing spawn area: 100%
[12:12:29] [Server-Worker-1/INFO]: Preparing spawn area: 100%
[12:12:29] [Server thread/INFO]: Loaded 169 spawn chunks for world 3-player Survival_the_end
[12:12:29] [Server thread/INFO]: Time elapsed: 5005 ms
[12:12:29] [Server thread/INFO]: [SpigotPing] Enabling SpigotPing v2.5*
[12:12:29] [Server thread/INFO]: [SpigotPing] TabList is enabled, task added with a delay of 3 second/s.
[12:12:29] [Server thread/INFO]: Done (30.245s)! For help, type "help"
[12:12:29] [Server thread/INFO]: Timings Reset
[12:13:28] [User Authenticator #1/INFO]: UUID of player Stehsaer is 4ee78221-99b3-33bb-8da3-72c49ff039eb
[12:13:29] [Server thread/INFO]: Stehsaer[/192.168.100.27:52946] logged in with entity id 185 at ([3-player Survival]-104.5, 63.0000002, -630.5)
[12:13:33] [Server thread/INFO]: Stehsaer lost connection: Disconnected
[12:13:34] [Server thread/INFO]: Stehsaer left the game
[12:13:34] [User Authenticator #1/INFO]: UUID of player Stehsaer is 4ee78221-99b3-33bb-8da3-72c49ff039eb
[12:13:35] [Server thread/INFO]: Stehsaer[/192.168.100.27:52948] logged in with entity id 210 at ([3-player Survival]-104.5, 63.0000002, -630.5)
[12:13:39] [Server thread/WARN]: Can't keep up! Is the server overloaded? Running 5092ms or 101 ticks behind
[12:14:05] [Server thread/INFO]: Stehsaer lost connection: Disconnected
[12:14:05] [Server thread/INFO]: Stehsaer left the game
[12:14:06] [User Authenticator #1/INFO]: UUID of player Stehsaer is 4ee78221-99b3-33bb-8da3-72c49ff039eb
[12:14:10] [Server thread/INFO]: Stehsaer lost connection: Disconnected
[12:14:10] [Server thread/INFO]: Stehsaer left the game
[12:14:10] [User Authenticator #1/INFO]: UUID of player Stehsaer is 4ee78221-99b3-33bb-8da3-72c49ff039eb
[12:14:14] [Server thread/INFO]: Stehsaer[/192.168.100.27:52953] logged in with entity id 217 at ([3-player Survival]-100.46446022904796, 63.00763375261698, -631.2448660848211)
[12:14:30] [Server thread/WARN]: Can't keep up! Is the server overloaded? Running 20451ms or 409 ticks behind
[12:14:49] [Server thread/INFO]: Stehsaer issued server command: /save-all
[12:14:53] [Server thread/INFO]: [Stehsaer: Saved the game]
[12:15:15] [Server thread/INFO]: Stehsaer lost connection: Disconnected
[12:15:15] [Server thread/INFO]: Stehsaer left the game
[12:15:24] [Server thread/INFO]: Stopping the server
[12:15:24] [Server thread/INFO]: Stopping server
[12:15:24] [Server thread/INFO]: [SpigotPing] Disabling SpigotPing v2.5
[12:15:24] [Server thread/INFO]: [SpigotPing] Cancelling tasks...
[12:15:24] [Server thread/INFO]: Saving players
[12:15:24] [Server thread/INFO]: Saving worlds
[12:15:24] [Server thread/INFO]: Saving chunks for level '3-player Survival'/minecraft:overworld
[12:15:25] [Server thread/INFO]: ThreadedAnvilChunkStorage (3-player Survival): All chunks are saved
[12:15:25] [Server thread/INFO]: Saving chunks for level '3-player Survival_nether'/minecraft:the_nether
[12:15:25] [Server thread/INFO]: ThreadedAnvilChunkStorage (DIM-1): All chunks are saved
[12:15:25] [Server thread/INFO]: Saving chunks for level '3-player Survival_the_end'/minecraft:the_end
[12:15:25] [Server thread/INFO]: ThreadedAnvilChunkStorage (DIM1): All chunks are saved
[12:15:25] [Server thread/INFO]: ThreadedAnvilChunkStorage (3-player Survival): All chunks are saved
[12:15:25] [Server thread/INFO]: ThreadedAnvilChunkStorage (DIM-1): All chunks are saved
[12:15:26] [Server thread/INFO]: ThreadedAnvilChunkStorage (DIM1): All chunks are saved
