[12:30:00] [Server thread/INFO]: Loading properties
[12:30:01] [Server thread/INFO]: This server is running Paper version git-Paper-98 (MC: 1.15.2) (Implementing API version 1.15.2-R0.1-SNAPSHOT)
[12:30:02] [Server thread/INFO]: Debug logging is disabled
[12:30:02] [Server thread/INFO]: Server Ping Player Sample Count: 12
[12:30:02] [Server thread/INFO]: Using 4 threads for Netty based IO
[12:30:03] [Server thread/INFO]: Default game type: SURVIVAL
[12:30:03] [Server thread/INFO]: Generating keypair
[12:30:03] [Server thread/INFO]: Starting Minecraft server on *:25565
[12:30:03] [Server thread/INFO]: Using default channel type
[12:30:12] [Server thread/WARN]: Initializing Legacy Material Support. Unless you have legacy plugins and/or data this is a bug!
[12:30:15] [Server thread/WARN]: Legacy plugin SpigotPing v2.5 does not specify an api-version.
[12:30:15] [Server thread/INFO]: [SpigotPing] Loading SpigotPing v2.5
[12:30:15] [Server thread/INFO]: Server permissions file permissions.yml is empty, ignoring it
[12:30:15] [Server thread/WARN]: **** SERVER IS RUNNING IN OFFLINE/INSECURE MODE!
[12:30:15] [Server thread/WARN]: The server will make no attempt to authenticate usernames. Beware.
[12:30:15] [Server thread/WARN]: While this makes the game possible to play without internet access, it also opens up the ability for hackers to connect with any username they choose.
[12:30:15] [Server thread/WARN]: To change this, set "online-mode" to "true" in the server.properties file.
[12:30:15] [Server thread/INFO]: Preparing level "3-player Survival"
[12:30:15] [Server thread/INFO]: Reloading ResourceManager: Default, bukkit
[12:30:16] [Server thread/INFO]: Loaded 6 recipes
[12:30:17] [Server thread/INFO]: -------- World Settings For [3-player Survival] --------
[12:30:17] [Server thread/INFO]: View Distance: 6
[12:30:17] [Server thread/INFO]: Arrow Despawn Rate: 1200 Trident Respawn Rate:1200
[12:30:17] [Server thread/INFO]: Item Merge Radius: 2.5
[12:30:17] [Server thread/INFO]: Item Despawn Rate: 6000
[12:30:17] [Server thread/INFO]: Allow Zombie Pigmen to spawn from portal blocks: true
[12:30:17] [Server thread/INFO]: Nerfing mobs spawned from spawners: false
[12:30:17] [Server thread/INFO]: Zombie Aggressive Towards Villager: true
[12:30:17] [Server thread/INFO]: Entity Tracking Range: Pl 48 / An 48 / Mo 48 / Mi 32 / Other 64
[12:30:17] [Server thread/INFO]: Experience Merge Radius: 3.0
[12:30:17] [Server thread/INFO]: Entity Activation Range: An 32 / Mo 32 / Ra 48 / Mi 16 / Tiv true
[12:30:17] [Server thread/INFO]: Cactus Growth Modifier: 100%
[12:30:17] [Server thread/INFO]: Cane Growth Modifier: 100%
[12:30:17] [Server thread/INFO]: Melon Growth Modifier: 100%
[12:30:17] [Server thread/INFO]: Mushroom Growth Modifier: 100%
[12:30:17] [Server thread/INFO]: Pumpkin Growth Modifier: 100%
[12:30:17] [Server thread/INFO]: Sapling Growth Modifier: 100%
[12:30:17] [Server thread/INFO]: Beetroot Growth Modifier: 100%
[12:30:17] [Server thread/INFO]: Carrot Growth Modifier: 100%
[12:30:17] [Server thread/INFO]: Potato Growth Modifier: 100%
[12:30:17] [Server thread/INFO]: Wheat Growth Modifier: 100%
[12:30:17] [Server thread/INFO]: NetherWart Growth Modifier: 100%
[12:30:17] [Server thread/INFO]: Vine Growth Modifier: 100%
[12:30:17] [Server thread/INFO]: Cocoa Growth Modifier: 100%
[12:30:17] [Server thread/INFO]: Bamboo Growth Modifier: 100%
[12:30:17] [Server thread/INFO]: SweetBerry Growth Modifier: 100%
[12:30:17] [Server thread/INFO]: Kelp Growth Modifier: 100%
[12:30:17] [Server thread/INFO]: Custom Map Seeds:  Village: 10387312 Desert: 14357617 Igloo: 14357618 Jungle: 14357619 Swamp: 14357620 Monument: 10387313 Ocean: 14357621 Shipwreck: 165745295 Slime: 987234911
[12:30:17] [Server thread/INFO]: Hopper Transfer: 8 Hopper Check: 1 Hopper Amount: 1
[12:30:17] [Server thread/INFO]: Mob Spawn Range: 8
[12:30:17] [Server thread/INFO]: Max TNT Explosions: 100
[12:30:17] [Server thread/INFO]: Tile Max Tick Time: 50ms Entity max Tick Time: 50ms
[12:30:17] [Server thread/INFO]: -------- World Settings For [3-player Survival_nether] --------
[12:30:17] [Server thread/INFO]: View Distance: 6
[12:30:17] [Server thread/INFO]: Arrow Despawn Rate: 1200 Trident Respawn Rate:1200
[12:30:17] [Server thread/INFO]: Item Merge Radius: 2.5
[12:30:17] [Server thread/INFO]: Item Despawn Rate: 6000
[12:30:17] [Server thread/INFO]: Allow Zombie Pigmen to spawn from portal blocks: true
[12:30:17] [Server thread/INFO]: Nerfing mobs spawned from spawners: false
[12:30:17] [Server thread/INFO]: Zombie Aggressive Towards Villager: true
[12:30:17] [Server thread/INFO]: Entity Tracking Range: Pl 48 / An 48 / Mo 48 / Mi 32 / Other 64
[12:30:17] [Server thread/INFO]: Experience Merge Radius: 3.0
[12:30:17] [Server thread/INFO]: Entity Activation Range: An 32 / Mo 32 / Ra 48 / Mi 16 / Tiv true
[12:30:17] [Server thread/INFO]: Cactus Growth Modifier: 100%
[12:30:17] [Server thread/INFO]: Cane Growth Modifier: 100%
[12:30:17] [Server thread/INFO]: Melon Growth Modifier: 100%
[12:30:17] [Server thread/INFO]: Mushroom Growth Modifier: 100%
[12:30:17] [Server thread/INFO]: Pumpkin Growth Modifier: 100%
[12:30:17] [Server thread/INFO]: Sapling Growth Modifier: 100%
[12:30:17] [Server thread/INFO]: Beetroot Growth Modifier: 100%
[12:30:17] [Server thread/INFO]: Carrot Growth Modifier: 100%
[12:30:17] [Server thread/INFO]: Potato Growth Modifier: 100%
[12:30:17] [Server thread/INFO]: Wheat Growth Modifier: 100%
[12:30:17] [Server thread/INFO]: NetherWart Growth Modifier: 100%
[12:30:17] [Server thread/INFO]: Vine Growth Modifier: 100%
[12:30:17] [Server thread/INFO]: Cocoa Growth Modifier: 100%
[12:30:17] [Server thread/INFO]: Bamboo Growth Modifier: 100%
[12:30:17] [Server thread/INFO]: SweetBerry Growth Modifier: 100%
[12:30:17] [Server thread/INFO]: Kelp Growth Modifier: 100%
[12:30:17] [Server thread/INFO]: Custom Map Seeds:  Village: 10387312 Desert: 14357617 Igloo: 14357618 Jungle: 14357619 Swamp: 14357620 Monument: 10387313 Ocean: 14357621 Shipwreck: 165745295 Slime: 987234911
[12:30:17] [Server thread/INFO]: Hopper Transfer: 8 Hopper Check: 1 Hopper Amount: 1
[12:30:17] [Server thread/INFO]: Mob Spawn Range: 8
[12:30:17] [Server thread/INFO]: Max TNT Explosions: 100
[12:30:17] [Server thread/INFO]: Tile Max Tick Time: 50ms Entity max Tick Time: 50ms
[12:30:17] [Server thread/INFO]: -------- World Settings For [3-player Survival_the_end] --------
[12:30:17] [Server thread/INFO]: View Distance: 6
[12:30:17] [Server thread/INFO]: Arrow Despawn Rate: 1200 Trident Respawn Rate:1200
[12:30:17] [Server thread/INFO]: Item Merge Radius: 2.5
[12:30:17] [Server thread/INFO]: Item Despawn Rate: 6000
[12:30:17] [Server thread/INFO]: Allow Zombie Pigmen to spawn from portal blocks: true
[12:30:17] [Server thread/INFO]: Nerfing mobs spawned from spawners: false
[12:30:17] [Server thread/INFO]: Zombie Aggressive Towards Villager: true
[12:30:17] [Server thread/INFO]: Entity Tracking Range: Pl 48 / An 48 / Mo 48 / Mi 32 / Other 64
[12:30:17] [Server thread/INFO]: Experience Merge Radius: 3.0
[12:30:17] [Server thread/INFO]: Entity Activation Range: An 32 / Mo 32 / Ra 48 / Mi 16 / Tiv true
[12:30:17] [Server thread/INFO]: Cactus Growth Modifier: 100%
[12:30:17] [Server thread/INFO]: Cane Growth Modifier: 100%
[12:30:17] [Server thread/INFO]: Melon Growth Modifier: 100%
[12:30:17] [Server thread/INFO]: Mushroom Growth Modifier: 100%
[12:30:17] [Server thread/INFO]: Pumpkin Growth Modifier: 100%
[12:30:17] [Server thread/INFO]: Sapling Growth Modifier: 100%
[12:30:17] [Server thread/INFO]: Beetroot Growth Modifier: 100%
[12:30:17] [Server thread/INFO]: Carrot Growth Modifier: 100%
[12:30:17] [Server thread/INFO]: Potato Growth Modifier: 100%
[12:30:17] [Server thread/INFO]: Wheat Growth Modifier: 100%
[12:30:17] [Server thread/INFO]: NetherWart Growth Modifier: 100%
[12:30:17] [Server thread/INFO]: Vine Growth Modifier: 100%
[12:30:17] [Server thread/INFO]: Cocoa Growth Modifier: 100%
[12:30:17] [Server thread/INFO]: Bamboo Growth Modifier: 100%
[12:30:17] [Server thread/INFO]: SweetBerry Growth Modifier: 100%
[12:30:17] [Server thread/INFO]: Kelp Growth Modifier: 100%
[12:30:17] [Server thread/INFO]: Custom Map Seeds:  Village: 10387312 Desert: 14357617 Igloo: 14357618 Jungle: 14357619 Swamp: 14357620 Monument: 10387313 Ocean: 14357621 Shipwreck: 165745295 Slime: 987234911
[12:30:17] [Server thread/INFO]: Hopper Transfer: 8 Hopper Check: 1 Hopper Amount: 1
[12:30:17] [Server thread/INFO]: Mob Spawn Range: 8
[12:30:17] [Server thread/INFO]: Max TNT Explosions: 100
[12:30:17] [Server thread/INFO]: Tile Max Tick Time: 50ms Entity max Tick Time: 50ms
[12:30:17] [Server thread/INFO]: Preparing start region for dimension '3-player Survival'/minecraft:overworld
[12:30:19] [Server thread/INFO]: Preparing spawn area: 0%
[12:30:19] [Server thread/INFO]: Preparing spawn area: 0%
[12:30:19] [Server thread/INFO]: Preparing spawn area: 0%
[12:30:19] [Server thread/INFO]: Preparing spawn area: 0%
[12:30:20] [Server thread/INFO]: Preparing spawn area: 1%
[12:30:20] [Server-Worker-2/INFO]: Preparing spawn area: 18%
[12:30:20] [Server thread/INFO]: Preparing spawn area: 61%
[12:30:21] [Server thread/INFO]: Preparing spawn area: 100%
[12:30:22] [Server thread/INFO]: Preparing spawn area: 100%
[12:30:22] [Server thread/INFO]: Loaded 169 spawn chunks for world 3-player Survival
[12:30:22] [Server thread/INFO]: Time elapsed: 4511 ms
[12:30:22] [Server thread/INFO]: Preparing start region for dimension '3-player Survival_nether'/minecraft:the_nether
[12:30:22] [Server thread/INFO]: Preparing spawn area: 0%
[12:30:23] [Server thread/INFO]: Preparing spawn area: 26%
[12:30:23] [Server thread/INFO]: Preparing spawn area: 98%
[12:30:24] [Server-Worker-2/INFO]: Preparing spawn area: 100%
[12:30:24] [Server thread/INFO]: Preparing spawn area: 100%
[12:30:25] [Server-Worker-2/INFO]: Preparing spawn area: 100%
[12:30:25] [Server-Worker-1/INFO]: Preparing spawn area: 100%
[12:30:26] [Server-Worker-1/INFO]: Preparing spawn area: 100%
[12:30:26] [Server-Worker-1/INFO]: Preparing spawn area: 100%
[12:30:27] [Server-Worker-1/INFO]: Preparing spawn area: 100%
[12:30:27] [Server thread/INFO]: Loaded 169 spawn chunks for world 3-player Survival_nether
[12:30:27] [Server thread/INFO]: Time elapsed: 4967 ms
[12:30:27] [Server thread/INFO]: Preparing start region for dimension '3-player Survival_the_end'/minecraft:the_end
[12:30:27] [Server thread/INFO]: Preparing spawn area: 0%
[12:30:27] [Server thread/INFO]: Preparing spawn area: 100%
[12:30:28] [Server-Worker-1/INFO]: Preparing spawn area: 100%
[12:30:28] [Server thread/INFO]: Loaded 169 spawn chunks for world 3-player Survival_the_end
[12:30:28] [Server thread/INFO]: Time elapsed: 1266 ms
[12:30:28] [Server thread/INFO]: [SpigotPing] Enabling SpigotPing v2.5*
[12:30:28] [Server thread/INFO]: [SpigotPing] TabList is enabled, task added with a delay of 3 second/s.
[12:30:28] [Server thread/INFO]: Done (13.245s)! For help, type "help"
[12:30:29] [Server thread/INFO]: Timings Reset
[12:30:40] [User Authenticator #1/INFO]: UUID of player Stehsaer is 4ee78221-99b3-33bb-8da3-72c49ff039eb
[12:30:41] [Server thread/INFO]: Stehsaer[/127.0.0.1:65156] logged in with entity id 213 at ([3-player Survival]-124.01947420198056, 63.0, -651.801670178878)
[12:43:35] [Server thread/INFO]: Stehsaer lost connection: Disconnected
[12:43:35] [Server thread/INFO]: Stehsaer left the game
[12:43:36] [User Authenticator #2/INFO]: UUID of player Stehsaer is 4ee78221-99b3-33bb-8da3-72c49ff039eb
[12:43:37] [Server thread/INFO]: Stehsaer[/192.168.100.27:65184] logged in with entity id 926 at ([3-player Survival]-160.3645818101924, 72.0, -655.0017590419649)
[12:50:43] [Server thread/INFO]: Stehsaer lost connection: Disconnected
[12:50:43] [Server thread/INFO]: Stehsaer left the game
[13:29:14] [User Authenticator #3/INFO]: UUID of player Stehsaer is 4ee78221-99b3-33bb-8da3-72c49ff039eb
[13:29:14] [Server thread/INFO]: Stehsaer[/192.168.100.27:65268] logged in with entity id 1484 at ([3-player Survival]-105.71392301330502, 50.0, -630.0639119256921)
[14:08:44] [Server thread/INFO]: Stehsaer issued server command: /kill
[14:08:44] [Server thread/INFO]: Stehsaer fell out of the world
[14:08:44] [Server thread/INFO]: [Stehsaer: Killed Stehsaer]
[14:29:05] [Server thread/INFO]: Stehsaer issued server command: /kill
[14:29:05] [Server thread/INFO]: Stehsaer fell out of the world
[14:29:05] [Server thread/INFO]: [Stehsaer: Killed Stehsaer]
[14:35:28] [Server thread/INFO]: Stehsaer issued server command: /kill
[14:35:28] [Server thread/INFO]: Stehsaer fell out of the world
[14:35:28] [Server thread/INFO]: [Stehsaer: Killed Stehsaer]
[14:42:12] [Server thread/INFO]: Stehsaer lost connection: Disconnected
[14:42:12] [Server thread/INFO]: Stehsaer left the game
[14:42:31] [Server thread/INFO]: Saving the game (this may take a moment!)
[14:42:31] [Server thread/INFO]: Saved the game
[15:07:30] [User Authenticator #4/INFO]: UUID of player Stehsaer is 4ee78221-99b3-33bb-8da3-72c49ff039eb
[15:07:30] [Server thread/INFO]: Stehsaer[/192.168.100.27:49256] logged in with entity id 8106 at ([3-player Survival]-108.69999998807907, 63.0, -635.6999999880791)
[15:28:14] [Server thread/INFO]: Stehsaer lost connection: Disconnected
[15:28:14] [Server thread/INFO]: Stehsaer left the game
[15:28:28] [User Authenticator #5/INFO]: UUID of player Stehsaer is 4ee78221-99b3-33bb-8da3-72c49ff039eb
[15:28:28] [Server thread/INFO]: Stehsaer[/192.168.100.27:49313] logged in with entity id 9542 at ([3-player Survival]-104.21662350536832, 63.0, -632.1243613006341)
[15:38:09] [Server thread/INFO]: Stehsaer lost connection: Disconnected
[15:38:09] [Server thread/INFO]: Stehsaer left the game
[15:38:40] [User Authenticator #6/INFO]: UUID of player Stehsaer is 4ee78221-99b3-33bb-8da3-72c49ff039eb
[15:38:41] [Server thread/INFO]: Stehsaer[/192.168.100.27:49351] logged in with entity id 10157 at ([3-player Survival]-100.26009327347019, 63.0, -632.4302394636768)
[16:28:13] [Server thread/INFO]: Stehsaer lost connection: Disconnected
[16:28:13] [Server thread/INFO]: Stehsaer left the game
[16:28:58] [User Authenticator #7/INFO]: UUID of player Stehsaer is 4ee78221-99b3-33bb-8da3-72c49ff039eb
[16:28:59] [Server thread/INFO]: Stehsaer[/192.168.100.27:49663] logged in with entity id 14003 at ([3-player Survival]-103.8296227208454, 63.0, -631.6503540164248)
[16:31:53] [Server thread/INFO]: Stehsaer issued server command: /tps
[16:32:09] [Server thread/INFO]: Stehsaer issued server command: /help timings
[16:32:23] [Server thread/INFO]: Stehsaer issued server command: /timings on
[16:32:23] [Server thread/INFO]: Timings Reset
[16:32:34] [Server thread/INFO]: Stehsaer issued server command: /timings report
[16:32:34] [Server thread/INFO]: Please wait at least 3 minutes before generating a Timings report. Unlike Timings v1, v2 benefits from longer timings and is not as useful with short timings. (168 seconds)
[16:32:41] [Server thread/INFO]: Stehsaer lost connection: Disconnected
[16:32:41] [Server thread/INFO]: Stehsaer left the game
[16:35:06] [User Authenticator #8/INFO]: UUID of player Stehsaer is 4ee78221-99b3-33bb-8da3-72c49ff039eb
[16:35:06] [Server thread/INFO]: Stehsaer[/192.168.100.27:49718] logged in with entity id 14255 at ([3-player Survival]-105.93629161291683, 63.0, -631.6040753484361)
[16:46:29] [Server thread/INFO]: Stehsaer lost connection: Disconnected
[16:46:29] [Server thread/INFO]: Stehsaer left the game
[17:01:33] [User Authenticator #9/INFO]: UUID of player Stehsaer is 4ee78221-99b3-33bb-8da3-72c49ff039eb
[17:01:33] [Server thread/INFO]: Stehsaer[/192.168.100.27:49871] logged in with entity id 15473 at ([3-player Survival]-113.80244018562352, 62.9375, -645.3402799930193)
[17:03:22] [Server thread/INFO]: Stehsaer issued server command: /whitelist list
[17:03:27] [Server thread/INFO]: Stehsaer issued server command: /whitelist add Stehsaer
[17:03:27] [Server thread/INFO]: [Stehsaer: Added Stehsaer to the whitelist]
[17:03:38] [Server thread/INFO]: Stehsaer issued server command: /whitelist add PdAlphaBet
[17:03:38] [Server thread/INFO]: [Stehsaer: Added PdAlphabet to the whitelist]
[17:03:53] [Server thread/INFO]: Stehsaer issued server command: /whitelist add cwxiaoyu
[17:03:53] [Server thread/INFO]: [Stehsaer: Added cwXiaoYu to the whitelist]
[17:35:35] [User Authenticator #10/INFO]: UUID of player PdAlphabet is f9f73a24-4e1a-36fa-ac74-a2f80f2cb457
[17:35:36] [Server thread/INFO]: PdAlphabet[/127.0.0.1:52965] logged in with entity id 18557 at ([3-player Survival]-119.20100018009268, 63.0, -635.8016019564228)
[17:36:39] [Async Chat Thread - #0/INFO]: <Stehsaer> 好看吗？
[17:36:51] [Async Chat Thread - #0/INFO]: <PdAlphabet> Fantastic!
[17:36:54] [Async Chat Thread - #0/INFO]: <Stehsaer> 我可是生存建筑党
[17:37:06] [Async Chat Thread - #0/INFO]: <Stehsaer> come here
[17:37:17] [Async Chat Thread - #0/INFO]: <PdAlphabet> 跟我堂哥有一比。
[17:37:43] [Async Chat Thread - #0/INFO]: <Stehsaer> 而且耐久三的钻石镐够我用很久了
[17:38:03] [Async Chat Thread - #0/INFO]: <Stehsaer> 给你看看地狱交通
[17:38:43] [Server thread/INFO]: PdAlphabet has made the advancement [We Need to Go Deeper]
[17:39:38] [Server thread/INFO]: Stehsaer issued server command: /kill
[17:39:38] [Server thread/INFO]: Stehsaer fell out of the world
[17:39:38] [Server thread/INFO]: [Stehsaer: Killed Stehsaer]
[17:39:43] [Server thread/INFO]: Stehsaer issued server command: /tp Stehsaer pd
[17:39:51] [Server thread/INFO]: Stehsaer issued server command: /tp Stehsaer PdAlphabet
[17:39:51] [Server thread/INFO]: [Stehsaer: Teleported Stehsaer to PdAlphabet]
[17:40:05] [Async Chat Thread - #1/INFO]: <Stehsaer> I'm back
[17:40:14] [Server thread/INFO]: Stehsaer issued server command: /tp PdAlphabet Stehsaer
[17:40:14] [Server thread/INFO]: [Stehsaer: Teleported PdAlphabet to Stehsaer]
[17:41:37] [Async Chat Thread - #2/INFO]: <Stehsaer> 从这里左边走是地狱堡垒
[17:41:44] [Async Chat Thread - #2/INFO]: <Stehsaer> 右边是蘑菇岛
[17:42:43] [Async Chat Thread - #2/INFO]: <Stehsaer> 这里离家2300格
[17:43:35] [Async Chat Thread - #2/INFO]: <Stehsaer> 你现在这里，我回家拿一下精准采集
[17:43:40] [Server thread/INFO]: Stehsaer issued server command: /kill
[17:43:40] [Server thread/INFO]: Stehsaer fell out of the world
[17:43:40] [Server thread/INFO]: [Stehsaer: Killed Stehsaer]
[17:43:45] [Server thread/INFO]: PdAlphabet lost connection: Disconnected
[17:43:45] [Server thread/INFO]: PdAlphabet left the game
[17:44:14] [Server thread/INFO]: Stehsaer issued server command: /about
[17:44:21] [Server thread/INFO]: Stehsaer issued server command: /advancement
[17:45:16] [Server thread/INFO]: Stehsaer issued server command: /save-all
[17:45:17] [Server thread/INFO]: [Stehsaer: Saved the game]
[17:46:01] [User Authenticator #11/INFO]: UUID of player cwXiaoYu is baf8c5c5-45db-3353-b7b9-1fab32f4b0da
[17:46:01] [Server thread/INFO]: cwXiaoYu[/127.0.0.1:52996] logged in with entity id 19857 at ([3-player Survival]-218.14878360092519, 8.0, -678.9831603176888)
[17:46:02] [User Authenticator #11/INFO]: UUID of player cwXiaoYu is baf8c5c5-45db-3353-b7b9-1fab32f4b0da
[17:46:02] [Server thread/INFO]: cwXiaoYu lost connection: You logged in from another location
[17:46:02] [Server thread/INFO]: cwXiaoYu left the game
[17:46:02] [Server thread/INFO]: cwXiaoYu[/127.0.0.1:52997] logged in with entity id 19892 at ([3-player Survival]-218.14878360092519, 8.0, -678.9831603176888)
[17:46:02] [Server thread/WARN]: handleDisconnection() called twice
[17:46:05] [Async Chat Thread - #3/INFO]: <Stehsaer> ???
[17:46:40] [Async Chat Thread - #3/INFO]: <Stehsaer> where are yo
[17:47:35] [Server thread/INFO]: Stehsaer issued server command: /tp Stehsaer cwXiaoYu
[17:47:35] [Server thread/INFO]: [Stehsaer: Teleported Stehsaer to cwXiaoYu]
[17:47:39] [Server thread/INFO]: cwXiaoYu lost connection: Disconnected
[17:47:39] [Server thread/INFO]: cwXiaoYu left the game
[17:47:42] [Server thread/INFO]: Stehsaer issued server command: /kill
[17:47:42] [Server thread/INFO]: Stehsaer fell out of the world
[17:47:42] [Server thread/INFO]: [Stehsaer: Killed Stehsaer]
[17:55:24] [Server thread/INFO]: Stehsaer issued server command: /locate Desert_Pyramid
[17:55:29] [Server thread/INFO]: Stehsaer lost connection: Disconnected
[17:55:29] [Server thread/INFO]: Stehsaer left the game
[17:55:50] [User Authenticator #12/INFO]: UUID of player Stehsaer is 4ee78221-99b3-33bb-8da3-72c49ff039eb
[17:55:50] [Server thread/INFO]: Stehsaer[/192.168.100.27:53078] logged in with entity id 20843 at ([3-player Survival]-256.94078704837347, 64.0, -689.6999999880791)
[17:56:39] [Server thread/INFO]: Stehsaer lost connection: Disconnected
[17:56:39] [Server thread/INFO]: Stehsaer left the game
[17:57:21] [User Authenticator #13/INFO]: UUID of player Stehsaer is 4ee78221-99b3-33bb-8da3-72c49ff039eb
[17:57:22] [Server thread/INFO]: Stehsaer[/192.168.100.27:53114] logged in with entity id 20921 at ([3-player Survival]-280.2427696687917, 89.0, -696.5669872253039)
[17:57:57] [Server thread/INFO]: Stehsaer issued server command: /locate Desert_Pyramid
[17:58:28] [Server thread/INFO]: Stehsaer issued server command: /locate Desert_Pyramid
[17:58:34] [Server thread/INFO]: Stehsaer issued server command: /kill
[17:58:34] [Server thread/INFO]: Stehsaer fell out of the world
[17:58:34] [Server thread/INFO]: [Stehsaer: Killed Stehsaer]
[17:58:44] [Server thread/INFO]: Stehsaer lost connection: Disconnected
[17:58:44] [Server thread/INFO]: Stehsaer left the game
[18:00:57] [User Authenticator #14/INFO]: UUID of player Stehsaer is 4ee78221-99b3-33bb-8da3-72c49ff039eb
[18:00:57] [Server thread/INFO]: Stehsaer[/192.168.100.27:53137] logged in with entity id 21104 at ([3-player Survival]-105.60026477176338, 63.0, -630.9528508918957)
[18:01:27] [Server thread/INFO]: Stehsaer lost connection: Disconnected
[18:01:27] [Server thread/INFO]: Stehsaer left the game
[18:49:57] [User Authenticator #15/INFO]: UUID of player Stehsaer is 4ee78221-99b3-33bb-8da3-72c49ff039eb
[18:49:57] [Server thread/INFO]: Stehsaer[/192.168.100.27:53205] logged in with entity id 21175 at ([3-player Survival]-99.43497715115257, 63.0, -632.9452922411132)
[18:52:57] [Server thread/INFO]: Stehsaer lost connection: Disconnected
[18:52:57] [Server thread/INFO]: Stehsaer left the game
[19:04:56] [User Authenticator #16/INFO]: UUID of player Stehsaer is 4ee78221-99b3-33bb-8da3-72c49ff039eb
[19:04:56] [Server thread/INFO]: Stehsaer[/192.168.100.27:53235] logged in with entity id 21442 at ([3-player Survival]-105.05834495297175, 68.0, -632.6798871114984)
[19:05:22] [Server thread/INFO]: Stehsaer lost connection: Disconnected
[19:05:22] [Server thread/INFO]: Stehsaer left the game
[19:07:49] [Server thread/WARN]: Can't keep up! Is the server overloaded? Running 7284ms or 145 ticks behind
[19:34:29] [Server thread/INFO]: Saving the game (this may take a moment!)
[19:34:29] [Server thread/INFO]: Saved the game
[19:34:36] [Server thread/INFO]: Stopping the server
[19:34:36] [Server thread/INFO]: Stopping server
[19:34:36] [Server thread/INFO]: [SpigotPing] Disabling SpigotPing v2.5
[19:34:36] [Server thread/INFO]: [SpigotPing] Cancelling tasks...
[19:34:36] [Server thread/INFO]: Saving players
[19:34:36] [Server thread/INFO]: Saving worlds
[19:34:36] [Server thread/INFO]: Saving chunks for level '3-player Survival'/minecraft:overworld
[19:34:36] [Server thread/INFO]: ThreadedAnvilChunkStorage (3-player Survival): All chunks are saved
[19:34:36] [Server thread/INFO]: Saving chunks for level '3-player Survival_nether'/minecraft:the_nether
[19:34:36] [Server thread/INFO]: ThreadedAnvilChunkStorage (DIM-1): All chunks are saved
[19:34:36] [Server thread/INFO]: Saving chunks for level '3-player Survival_the_end'/minecraft:the_end
[19:34:36] [Server thread/INFO]: ThreadedAnvilChunkStorage (DIM1): All chunks are saved
[19:34:36] [Server thread/INFO]: ThreadedAnvilChunkStorage (3-player Survival): All chunks are saved
[19:34:37] [Server thread/INFO]: ThreadedAnvilChunkStorage (DIM-1): All chunks are saved
[19:34:37] [Server thread/INFO]: ThreadedAnvilChunkStorage (DIM1): All chunks are saved
