[15:50:04] [Server thread/INFO]: Loading properties
[15:50:05] [Server thread/INFO]: This server is running Paper version git-Paper-98 (MC: 1.15.2) (Implementing API version 1.15.2-R0.1-SNAPSHOT)
[15:50:05] [Server thread/INFO]: Debug logging is disabled
[15:50:05] [Server thread/INFO]: Server Ping Player Sample Count: 12
[15:50:05] [Server thread/INFO]: Using 4 threads for Netty based IO
[15:50:05] [Server thread/INFO]: Default game type: SURVIVAL
[15:50:05] [Server thread/INFO]: Generating keypair
[15:50:06] [Server thread/INFO]: Starting Minecraft server on *:25565
[15:50:06] [Server thread/INFO]: Using default channel type
[15:50:11] [Server thread/WARN]: Initializing Legacy Material Support. Unless you have legacy plugins and/or data this is a bug!
[15:50:16] [Server thread/WARN]: Legacy plugin SpigotPing v2.5 does not specify an api-version.
[15:50:16] [Server thread/INFO]: [SpigotPing] Loading SpigotPing v2.5
[15:50:16] [Server thread/INFO]: Server permissions file permissions.yml is empty, ignoring it
[15:50:16] [Server thread/WARN]: **** SERVER IS RUNNING IN OFFLINE/INSECURE MODE!
[15:50:16] [Server thread/WARN]: The server will make no attempt to authenticate usernames. Beware.
[15:50:16] [Server thread/WARN]: While this makes the game possible to play without internet access, it also opens up the ability for hackers to connect with any username they choose.
[15:50:16] [Server thread/WARN]: To change this, set "online-mode" to "true" in the server.properties file.
[15:50:16] [Server thread/INFO]: Preparing level "3-player Survival"
[15:50:16] [Server thread/INFO]: Reloading ResourceManager: Default, bukkit
[15:50:18] [Server thread/INFO]: Loaded 6 recipes
[15:50:18] [Server thread/INFO]: -------- World Settings For [3-player Survival] --------
[15:50:18] [Server thread/INFO]: View Distance: 6
[15:50:18] [Server thread/INFO]: Arrow Despawn Rate: 1200 Trident Respawn Rate:1200
[15:50:18] [Server thread/INFO]: Item Merge Radius: 2.5
[15:50:18] [Server thread/INFO]: Item Despawn Rate: 6000
[15:50:18] [Server thread/INFO]: Allow Zombie Pigmen to spawn from portal blocks: true
[15:50:18] [Server thread/INFO]: Zombie Aggressive Towards Villager: true
[15:50:18] [Server thread/INFO]: Nerfing mobs spawned from spawners: false
[15:50:18] [Server thread/INFO]: Entity Activation Range: An 32 / Mo 32 / Ra 48 / Mi 16 / Tiv true
[15:50:18] [Server thread/INFO]: Experience Merge Radius: 3.0
[15:50:18] [Server thread/INFO]: Custom Map Seeds:  Village: 10387312 Desert: 14357617 Igloo: 14357618 Jungle: 14357619 Swamp: 14357620 Monument: 10387313 Ocean: 14357621 Shipwreck: 165745295 Slime: 987234911
[15:50:18] [Server thread/INFO]: Entity Tracking Range: Pl 48 / An 48 / Mo 48 / Mi 32 / Other 64
[15:50:18] [Server thread/INFO]: Mob Spawn Range: 8
[15:50:18] [Server thread/INFO]: Cactus Growth Modifier: 100%
[15:50:18] [Server thread/INFO]: Cane Growth Modifier: 100%
[15:50:18] [Server thread/INFO]: Melon Growth Modifier: 100%
[15:50:18] [Server thread/INFO]: Mushroom Growth Modifier: 100%
[15:50:18] [Server thread/INFO]: Pumpkin Growth Modifier: 100%
[15:50:18] [Server thread/INFO]: Sapling Growth Modifier: 100%
[15:50:18] [Server thread/INFO]: Beetroot Growth Modifier: 100%
[15:50:18] [Server thread/INFO]: Carrot Growth Modifier: 100%
[15:50:18] [Server thread/INFO]: Potato Growth Modifier: 100%
[15:50:18] [Server thread/INFO]: Wheat Growth Modifier: 100%
[15:50:18] [Server thread/INFO]: NetherWart Growth Modifier: 100%
[15:50:18] [Server thread/INFO]: Vine Growth Modifier: 100%
[15:50:18] [Server thread/INFO]: Cocoa Growth Modifier: 100%
[15:50:18] [Server thread/INFO]: Bamboo Growth Modifier: 100%
[15:50:18] [Server thread/INFO]: SweetBerry Growth Modifier: 100%
[15:50:18] [Server thread/INFO]: Kelp Growth Modifier: 100%
[15:50:18] [Server thread/INFO]: Hopper Transfer: 8 Hopper Check: 1 Hopper Amount: 1
[15:50:18] [Server thread/INFO]: Tile Max Tick Time: 50ms Entity max Tick Time: 50ms
[15:50:18] [Server thread/INFO]: Max TNT Explosions: 100
[15:50:19] [Server thread/INFO]: -------- World Settings For [3-player Survival_nether] --------
[15:50:19] [Server thread/INFO]: View Distance: 6
[15:50:19] [Server thread/INFO]: Arrow Despawn Rate: 1200 Trident Respawn Rate:1200
[15:50:19] [Server thread/INFO]: Item Merge Radius: 2.5
[15:50:19] [Server thread/INFO]: Item Despawn Rate: 6000
[15:50:19] [Server thread/INFO]: Allow Zombie Pigmen to spawn from portal blocks: true
[15:50:19] [Server thread/INFO]: Zombie Aggressive Towards Villager: true
[15:50:19] [Server thread/INFO]: Nerfing mobs spawned from spawners: false
[15:50:19] [Server thread/INFO]: Entity Activation Range: An 32 / Mo 32 / Ra 48 / Mi 16 / Tiv true
[15:50:19] [Server thread/INFO]: Experience Merge Radius: 3.0
[15:50:19] [Server thread/INFO]: Custom Map Seeds:  Village: 10387312 Desert: 14357617 Igloo: 14357618 Jungle: 14357619 Swamp: 14357620 Monument: 10387313 Ocean: 14357621 Shipwreck: 165745295 Slime: 987234911
[15:50:19] [Server thread/INFO]: Entity Tracking Range: Pl 48 / An 48 / Mo 48 / Mi 32 / Other 64
[15:50:19] [Server thread/INFO]: Mob Spawn Range: 8
[15:50:19] [Server thread/INFO]: Cactus Growth Modifier: 100%
[15:50:19] [Server thread/INFO]: Cane Growth Modifier: 100%
[15:50:19] [Server thread/INFO]: Melon Growth Modifier: 100%
[15:50:19] [Server thread/INFO]: Mushroom Growth Modifier: 100%
[15:50:19] [Server thread/INFO]: Pumpkin Growth Modifier: 100%
[15:50:19] [Server thread/INFO]: Sapling Growth Modifier: 100%
[15:50:19] [Server thread/INFO]: Beetroot Growth Modifier: 100%
[15:50:19] [Server thread/INFO]: Carrot Growth Modifier: 100%
[15:50:19] [Server thread/INFO]: Potato Growth Modifier: 100%
[15:50:19] [Server thread/INFO]: Wheat Growth Modifier: 100%
[15:50:19] [Server thread/INFO]: NetherWart Growth Modifier: 100%
[15:50:19] [Server thread/INFO]: Vine Growth Modifier: 100%
[15:50:19] [Server thread/INFO]: Cocoa Growth Modifier: 100%
[15:50:19] [Server thread/INFO]: Bamboo Growth Modifier: 100%
[15:50:19] [Server thread/INFO]: SweetBerry Growth Modifier: 100%
[15:50:19] [Server thread/INFO]: Kelp Growth Modifier: 100%
[15:50:19] [Server thread/INFO]: Hopper Transfer: 8 Hopper Check: 1 Hopper Amount: 1
[15:50:19] [Server thread/INFO]: Tile Max Tick Time: 50ms Entity max Tick Time: 50ms
[15:50:19] [Server thread/INFO]: Max TNT Explosions: 100
[15:50:19] [Server thread/INFO]: -------- World Settings For [3-player Survival_the_end] --------
[15:50:19] [Server thread/INFO]: View Distance: 6
[15:50:19] [Server thread/INFO]: Arrow Despawn Rate: 1200 Trident Respawn Rate:1200
[15:50:19] [Server thread/INFO]: Item Merge Radius: 2.5
[15:50:19] [Server thread/INFO]: Item Despawn Rate: 6000
[15:50:19] [Server thread/INFO]: Allow Zombie Pigmen to spawn from portal blocks: true
[15:50:19] [Server thread/INFO]: Zombie Aggressive Towards Villager: true
[15:50:19] [Server thread/INFO]: Nerfing mobs spawned from spawners: false
[15:50:19] [Server thread/INFO]: Entity Activation Range: An 32 / Mo 32 / Ra 48 / Mi 16 / Tiv true
[15:50:19] [Server thread/INFO]: Experience Merge Radius: 3.0
[15:50:19] [Server thread/INFO]: Custom Map Seeds:  Village: 10387312 Desert: 14357617 Igloo: 14357618 Jungle: 14357619 Swamp: 14357620 Monument: 10387313 Ocean: 14357621 Shipwreck: 165745295 Slime: 987234911
[15:50:19] [Server thread/INFO]: Entity Tracking Range: Pl 48 / An 48 / Mo 48 / Mi 32 / Other 64
[15:50:19] [Server thread/INFO]: Mob Spawn Range: 8
[15:50:19] [Server thread/INFO]: Cactus Growth Modifier: 100%
[15:50:19] [Server thread/INFO]: Cane Growth Modifier: 100%
[15:50:19] [Server thread/INFO]: Melon Growth Modifier: 100%
[15:50:19] [Server thread/INFO]: Mushroom Growth Modifier: 100%
[15:50:19] [Server thread/INFO]: Pumpkin Growth Modifier: 100%
[15:50:19] [Server thread/INFO]: Sapling Growth Modifier: 100%
[15:50:19] [Server thread/INFO]: Beetroot Growth Modifier: 100%
[15:50:19] [Server thread/INFO]: Carrot Growth Modifier: 100%
[15:50:19] [Server thread/INFO]: Potato Growth Modifier: 100%
[15:50:19] [Server thread/INFO]: Wheat Growth Modifier: 100%
[15:50:19] [Server thread/INFO]: NetherWart Growth Modifier: 100%
[15:50:19] [Server thread/INFO]: Vine Growth Modifier: 100%
[15:50:19] [Server thread/INFO]: Cocoa Growth Modifier: 100%
[15:50:19] [Server thread/INFO]: Bamboo Growth Modifier: 100%
[15:50:19] [Server thread/INFO]: SweetBerry Growth Modifier: 100%
[15:50:19] [Server thread/INFO]: Kelp Growth Modifier: 100%
[15:50:19] [Server thread/INFO]: Hopper Transfer: 8 Hopper Check: 1 Hopper Amount: 1
[15:50:19] [Server thread/INFO]: Tile Max Tick Time: 50ms Entity max Tick Time: 50ms
[15:50:19] [Server thread/INFO]: Max TNT Explosions: 100
[15:50:19] [Server thread/INFO]: Preparing start region for dimension '3-player Survival'/minecraft:overworld
[15:50:20] [Server thread/INFO]: Preparing spawn area: 0%
[15:50:20] [Server thread/INFO]: Preparing spawn area: 0%
[15:50:20] [Server thread/INFO]: Preparing spawn area: 0%
[15:50:20] [Server thread/INFO]: Preparing spawn area: 0%
[15:50:21] [Server thread/INFO]: Preparing spawn area: 1%
[15:50:21] [Server thread/INFO]: Preparing spawn area: 7%
[15:50:22] [Server thread/INFO]: Preparing spawn area: 37%
[15:50:22] [Server thread/INFO]: Preparing spawn area: 79%
[15:50:23] [Server thread/INFO]: Preparing spawn area: 100%
[15:50:23] [Server thread/INFO]: Preparing spawn area: 100%
[15:50:24] [Server thread/INFO]: Loaded 169 spawn chunks for world 3-player Survival
[15:50:24] [Server thread/INFO]: Time elapsed: 4790 ms
[15:50:24] [Server thread/INFO]: Preparing start region for dimension '3-player Survival_nether'/minecraft:the_nether
[15:50:24] [Server thread/INFO]: Preparing spawn area: 0%
[15:50:24] [Server thread/INFO]: Preparing spawn area: 20%
[15:50:25] [Server thread/INFO]: Preparing spawn area: 73%
[15:50:25] [Server-Worker-1/INFO]: Preparing spawn area: 100%
[15:50:26] [Server-Worker-2/INFO]: Preparing spawn area: 100%
[15:50:26] [Server-Worker-1/INFO]: Preparing spawn area: 100%
[15:50:27] [Server-Worker-1/INFO]: Preparing spawn area: 100%
[15:50:27] [Server thread/INFO]: Preparing spawn area: 100%
[15:50:28] [Server-Worker-2/INFO]: Preparing spawn area: 100%
[15:50:28] [Server thread/INFO]: Loaded 169 spawn chunks for world 3-player Survival_nether
[15:50:28] [Server thread/INFO]: Time elapsed: 4334 ms
[15:50:28] [Server thread/INFO]: Preparing start region for dimension '3-player Survival_the_end'/minecraft:the_end
[15:50:28] [Server thread/INFO]: Preparing spawn area: 0%
[15:50:28] [Server-Worker-2/INFO]: Preparing spawn area: 100%
[15:50:29] [Server thread/INFO]: Preparing spawn area: 100%
[15:50:29] [Server thread/INFO]: Loaded 169 spawn chunks for world 3-player Survival_the_end
[15:50:29] [Server thread/INFO]: Time elapsed: 1471 ms
[15:50:29] [Server thread/INFO]: [SpigotPing] Enabling SpigotPing v2.5*
[15:50:30] [Server thread/INFO]: [SpigotPing] TabList is enabled, task added with a delay of 3 second/s.
[15:50:30] [Server thread/INFO]: Done (13.472s)! For help, type "help"
[15:50:30] [Server thread/INFO]: Timings Reset
[16:13:18] [User Authenticator #1/INFO]: UUID of player Stehsaer is 4ee78221-99b3-33bb-8da3-72c49ff039eb
[16:13:20] [Server thread/INFO]: Stehsaer[/192.168.100.27:55976] logged in with entity id 211 at ([3-player Survival]-121.31685002576005, 96.0, -722.4739047720918)
[17:28:07] [Server thread/INFO]: Stehsaer lost connection: Disconnected
[17:28:07] [Server thread/INFO]: Stehsaer left the game
[17:47:37] [Server thread/INFO]: Saving the game (this may take a moment!)
[17:47:37] [Server thread/INFO]: Saved the game
[17:47:38] [Server thread/INFO]: Stopping the server
[17:47:38] [Server thread/INFO]: Stopping server
[17:47:38] [Server thread/INFO]: [SpigotPing] Disabling SpigotPing v2.5
[17:47:38] [Server thread/INFO]: [SpigotPing] Cancelling tasks...
[17:47:38] [Server thread/INFO]: Saving players
[17:47:39] [Server thread/INFO]: Saving worlds
[17:47:39] [Server thread/INFO]: Saving chunks for level '3-player Survival'/minecraft:overworld
[17:47:39] [Server thread/INFO]: ThreadedAnvilChunkStorage (3-player Survival): All chunks are saved
[17:47:39] [Server thread/INFO]: Saving chunks for level '3-player Survival_nether'/minecraft:the_nether
[17:47:39] [Server thread/INFO]: ThreadedAnvilChunkStorage (DIM-1): All chunks are saved
[17:47:39] [Server thread/INFO]: Saving chunks for level '3-player Survival_the_end'/minecraft:the_end
[17:47:39] [Server thread/INFO]: ThreadedAnvilChunkStorage (DIM1): All chunks are saved
[17:47:39] [Server thread/INFO]: ThreadedAnvilChunkStorage (3-player Survival): All chunks are saved
[17:47:39] [Server thread/INFO]: ThreadedAnvilChunkStorage (DIM-1): All chunks are saved
[17:47:39] [Server thread/INFO]: ThreadedAnvilChunkStorage (DIM1): All chunks are saved
