[12:07:59] [Server thread/INFO]: Loading properties
[12:08:00] [Server thread/INFO]: This server is running Paper version git-Paper-98 (MC: 1.15.2) (Implementing API version 1.15.2-R0.1-SNAPSHOT)
[12:08:01] [Server thread/INFO]: Debug logging is disabled
[12:08:01] [Server thread/INFO]: Server Ping Player Sample Count: 12
[12:08:01] [Server thread/INFO]: Using 4 threads for Netty based IO
[12:08:02] [Server thread/INFO]: Default game type: SURVIVAL
[12:08:02] [Server thread/INFO]: Generating keypair
[12:08:02] [Server thread/INFO]: Starting Minecraft server on *:25565
[12:08:02] [Server thread/INFO]: Using default channel type
[12:08:11] [Server thread/WARN]: Initializing Legacy Material Support. Unless you have legacy plugins and/or data this is a bug!
[12:08:14] [Server thread/WARN]: Legacy plugin SpigotPing v2.5 does not specify an api-version.
[12:08:14] [Server thread/INFO]: [SpigotPing] Loading SpigotPing v2.5
[12:08:14] [Server thread/INFO]: Server permissions file permissions.yml is empty, ignoring it
[12:08:14] [Server thread/WARN]: **** SERVER IS RUNNING IN OFFLINE/INSECURE MODE!
[12:08:14] [Server thread/WARN]: The server will make no attempt to authenticate usernames. Beware.
[12:08:14] [Server thread/WARN]: While this makes the game possible to play without internet access, it also opens up the ability for hackers to connect with any username they choose.
[12:08:14] [Server thread/WARN]: To change this, set "online-mode" to "true" in the server.properties file.
[12:08:14] [Server thread/INFO]: Preparing level "3-player Survival"
[12:08:14] [Server thread/INFO]: Reloading ResourceManager: Default, bukkit
[12:08:15] [Server thread/INFO]: Loaded 6 recipes
[12:08:16] [Server thread/INFO]: -------- World Settings For [3-player Survival] --------
[12:08:16] [Server thread/INFO]: View Distance: 6
[12:08:16] [Server thread/INFO]: Item Merge Radius: 2.5
[12:08:16] [Server thread/INFO]: Item Despawn Rate: 6000
[12:08:16] [Server thread/INFO]: Allow Zombie Pigmen to spawn from portal blocks: true
[12:08:16] [Server thread/INFO]: Arrow Despawn Rate: 1200 Trident Respawn Rate:1200
[12:08:16] [Server thread/INFO]: Nerfing mobs spawned from spawners: false
[12:08:16] [Server thread/INFO]: Zombie Aggressive Towards Villager: true
[12:08:16] [Server thread/INFO]: Custom Map Seeds:  Village: 10387312 Desert: 14357617 Igloo: 14357618 Jungle: 14357619 Swamp: 14357620 Monument: 10387313 Ocean: 14357621 Shipwreck: 165745295 Slime: 987234911
[12:08:16] [Server thread/INFO]: Experience Merge Radius: 3.0
[12:08:16] [Server thread/INFO]: Mob Spawn Range: 8
[12:08:16] [Server thread/INFO]: Entity Tracking Range: Pl 48 / An 48 / Mo 48 / Mi 32 / Other 64
[12:08:16] [Server thread/INFO]: Entity Activation Range: An 32 / Mo 32 / Ra 48 / Mi 16 / Tiv true
[12:08:16] [Server thread/INFO]: Hopper Transfer: 8 Hopper Check: 1 Hopper Amount: 1
[12:08:16] [Server thread/INFO]: Cactus Growth Modifier: 100%
[12:08:16] [Server thread/INFO]: Cane Growth Modifier: 100%
[12:08:16] [Server thread/INFO]: Melon Growth Modifier: 100%
[12:08:16] [Server thread/INFO]: Mushroom Growth Modifier: 100%
[12:08:16] [Server thread/INFO]: Pumpkin Growth Modifier: 100%
[12:08:16] [Server thread/INFO]: Sapling Growth Modifier: 100%
[12:08:16] [Server thread/INFO]: Beetroot Growth Modifier: 100%
[12:08:16] [Server thread/INFO]: Carrot Growth Modifier: 100%
[12:08:16] [Server thread/INFO]: Potato Growth Modifier: 100%
[12:08:16] [Server thread/INFO]: Wheat Growth Modifier: 100%
[12:08:16] [Server thread/INFO]: NetherWart Growth Modifier: 100%
[12:08:16] [Server thread/INFO]: Vine Growth Modifier: 100%
[12:08:16] [Server thread/INFO]: Cocoa Growth Modifier: 100%
[12:08:16] [Server thread/INFO]: Bamboo Growth Modifier: 100%
[12:08:16] [Server thread/INFO]: SweetBerry Growth Modifier: 100%
[12:08:16] [Server thread/INFO]: Kelp Growth Modifier: 100%
[12:08:16] [Server thread/INFO]: Tile Max Tick Time: 50ms Entity max Tick Time: 50ms
[12:08:16] [Server thread/INFO]: Max TNT Explosions: 100
[12:08:16] [Server thread/INFO]: -------- World Settings For [3-player Survival_nether] --------
[12:08:16] [Server thread/INFO]: View Distance: 6
[12:08:16] [Server thread/INFO]: Item Merge Radius: 2.5
[12:08:16] [Server thread/INFO]: Item Despawn Rate: 6000
[12:08:16] [Server thread/INFO]: Allow Zombie Pigmen to spawn from portal blocks: true
[12:08:16] [Server thread/INFO]: Arrow Despawn Rate: 1200 Trident Respawn Rate:1200
[12:08:16] [Server thread/INFO]: Nerfing mobs spawned from spawners: false
[12:08:16] [Server thread/INFO]: Zombie Aggressive Towards Villager: true
[12:08:16] [Server thread/INFO]: Custom Map Seeds:  Village: 10387312 Desert: 14357617 Igloo: 14357618 Jungle: 14357619 Swamp: 14357620 Monument: 10387313 Ocean: 14357621 Shipwreck: 165745295 Slime: 987234911
[12:08:16] [Server thread/INFO]: Experience Merge Radius: 3.0
[12:08:16] [Server thread/INFO]: Mob Spawn Range: 8
[12:08:16] [Server thread/INFO]: Entity Tracking Range: Pl 48 / An 48 / Mo 48 / Mi 32 / Other 64
[12:08:16] [Server thread/INFO]: Entity Activation Range: An 32 / Mo 32 / Ra 48 / Mi 16 / Tiv true
[12:08:17] [Server thread/INFO]: Hopper Transfer: 8 Hopper Check: 1 Hopper Amount: 1
[12:08:17] [Server thread/INFO]: Cactus Growth Modifier: 100%
[12:08:17] [Server thread/INFO]: Cane Growth Modifier: 100%
[12:08:17] [Server thread/INFO]: Melon Growth Modifier: 100%
[12:08:17] [Server thread/INFO]: Mushroom Growth Modifier: 100%
[12:08:17] [Server thread/INFO]: Pumpkin Growth Modifier: 100%
[12:08:17] [Server thread/INFO]: Sapling Growth Modifier: 100%
[12:08:17] [Server thread/INFO]: Beetroot Growth Modifier: 100%
[12:08:17] [Server thread/INFO]: Carrot Growth Modifier: 100%
[12:08:17] [Server thread/INFO]: Potato Growth Modifier: 100%
[12:08:17] [Server thread/INFO]: Wheat Growth Modifier: 100%
[12:08:17] [Server thread/INFO]: NetherWart Growth Modifier: 100%
[12:08:17] [Server thread/INFO]: Vine Growth Modifier: 100%
[12:08:17] [Server thread/INFO]: Cocoa Growth Modifier: 100%
[12:08:17] [Server thread/INFO]: Bamboo Growth Modifier: 100%
[12:08:17] [Server thread/INFO]: SweetBerry Growth Modifier: 100%
[12:08:17] [Server thread/INFO]: Kelp Growth Modifier: 100%
[12:08:17] [Server thread/INFO]: Tile Max Tick Time: 50ms Entity max Tick Time: 50ms
[12:08:17] [Server thread/INFO]: Max TNT Explosions: 100
[12:08:17] [Server thread/INFO]: -------- World Settings For [3-player Survival_the_end] --------
[12:08:17] [Server thread/INFO]: View Distance: 6
[12:08:17] [Server thread/INFO]: Item Merge Radius: 2.5
[12:08:17] [Server thread/INFO]: Item Despawn Rate: 6000
[12:08:17] [Server thread/INFO]: Allow Zombie Pigmen to spawn from portal blocks: true
[12:08:17] [Server thread/INFO]: Arrow Despawn Rate: 1200 Trident Respawn Rate:1200
[12:08:17] [Server thread/INFO]: Nerfing mobs spawned from spawners: false
[12:08:17] [Server thread/INFO]: Zombie Aggressive Towards Villager: true
[12:08:17] [Server thread/INFO]: Custom Map Seeds:  Village: 10387312 Desert: 14357617 Igloo: 14357618 Jungle: 14357619 Swamp: 14357620 Monument: 10387313 Ocean: 14357621 Shipwreck: 165745295 Slime: 987234911
[12:08:17] [Server thread/INFO]: Experience Merge Radius: 3.0
[12:08:17] [Server thread/INFO]: Mob Spawn Range: 8
[12:08:17] [Server thread/INFO]: Entity Tracking Range: Pl 48 / An 48 / Mo 48 / Mi 32 / Other 64
[12:08:17] [Server thread/INFO]: Entity Activation Range: An 32 / Mo 32 / Ra 48 / Mi 16 / Tiv true
[12:08:17] [Server thread/INFO]: Hopper Transfer: 8 Hopper Check: 1 Hopper Amount: 1
[12:08:17] [Server thread/INFO]: Cactus Growth Modifier: 100%
[12:08:17] [Server thread/INFO]: Cane Growth Modifier: 100%
[12:08:17] [Server thread/INFO]: Melon Growth Modifier: 100%
[12:08:17] [Server thread/INFO]: Mushroom Growth Modifier: 100%
[12:08:17] [Server thread/INFO]: Pumpkin Growth Modifier: 100%
[12:08:17] [Server thread/INFO]: Sapling Growth Modifier: 100%
[12:08:17] [Server thread/INFO]: Beetroot Growth Modifier: 100%
[12:08:17] [Server thread/INFO]: Carrot Growth Modifier: 100%
[12:08:17] [Server thread/INFO]: Potato Growth Modifier: 100%
[12:08:17] [Server thread/INFO]: Wheat Growth Modifier: 100%
[12:08:17] [Server thread/INFO]: NetherWart Growth Modifier: 100%
[12:08:17] [Server thread/INFO]: Vine Growth Modifier: 100%
[12:08:17] [Server thread/INFO]: Cocoa Growth Modifier: 100%
[12:08:17] [Server thread/INFO]: Bamboo Growth Modifier: 100%
[12:08:17] [Server thread/INFO]: SweetBerry Growth Modifier: 100%
[12:08:17] [Server thread/INFO]: Kelp Growth Modifier: 100%
[12:08:17] [Server thread/INFO]: Tile Max Tick Time: 50ms Entity max Tick Time: 50ms
[12:08:17] [Server thread/INFO]: Max TNT Explosions: 100
[12:08:17] [Server thread/INFO]: Preparing start region for dimension '3-player Survival'/minecraft:overworld
[12:08:18] [Server thread/INFO]: Preparing spawn area: 0%
[12:08:18] [Server thread/INFO]: Preparing spawn area: 0%
[12:08:18] [Server thread/INFO]: Preparing spawn area: 0%
[12:08:19] [Server thread/INFO]: Preparing spawn area: 1%
[12:08:19] [Server thread/INFO]: Preparing spawn area: 56%
[12:08:20] [Server thread/INFO]: Preparing spawn area: 100%
[12:08:20] [Server thread/INFO]: Loaded 169 spawn chunks for world 3-player Survival
[12:08:20] [Server thread/INFO]: Time elapsed: 2870 ms
[12:08:20] [Server thread/INFO]: Preparing start region for dimension '3-player Survival_nether'/minecraft:the_nether
[12:08:20] [Server thread/INFO]: Preparing spawn area: 0%
[12:08:21] [Server thread/INFO]: Preparing spawn area: 0%
[12:08:21] [Server-Worker-1/INFO]: Preparing spawn area: 100%
[12:08:22] [Server thread/INFO]: Preparing spawn area: 100%
[12:08:22] [Server thread/INFO]: Preparing spawn area: 100%
[12:08:23] [Server thread/INFO]: Preparing spawn area: 100%
[12:08:23] [Server-Worker-2/INFO]: Preparing spawn area: 100%
[12:08:24] [Server-Worker-1/INFO]: Preparing spawn area: 100%
[12:08:24] [Server-Worker-1/INFO]: Preparing spawn area: 100%
[12:08:24] [Server thread/INFO]: Loaded 169 spawn chunks for world 3-player Survival_nether
[12:08:24] [Server thread/INFO]: Time elapsed: 4376 ms
[12:08:24] [Server thread/INFO]: Preparing start region for dimension '3-player Survival_the_end'/minecraft:the_end
[12:08:25] [Server thread/INFO]: Preparing spawn area: 0%
[12:08:25] [Server thread/INFO]: Preparing spawn area: 31%
[12:08:25] [Server-Worker-1/INFO]: Preparing spawn area: 100%
[12:08:26] [Server-Worker-1/INFO]: Preparing spawn area: 100%
[12:08:26] [Server thread/INFO]: Loaded 169 spawn chunks for world 3-player Survival_the_end
[12:08:26] [Server thread/INFO]: Time elapsed: 1624 ms
[12:08:26] [Server thread/INFO]: [SpigotPing] Enabling SpigotPing v2.5*
[12:08:26] [Server thread/INFO]: [SpigotPing] TabList is enabled, task added with a delay of 3 second/s.
[12:08:26] [Server thread/INFO]: Done (12.146s)! For help, type "help"
[12:08:26] [Server thread/INFO]: Timings Reset
[12:11:17] [User Authenticator #1/INFO]: UUID of player Stehsaer is 4ee78221-99b3-33bb-8da3-72c49ff039eb
[12:11:19] [Server thread/INFO]: Stehsaer[/192.168.100.27:51274] logged in with entity id 218 at ([3-player Survival]-112.1078417589044, 63.0, -639.5435655216849)
[12:11:26] [Server thread/WARN]: Can't keep up! Is the server overloaded? Running 5233ms or 104 ticks behind
[12:42:06] [Server thread/INFO]: Stehsaer issued server command: /kill
[12:42:06] [Server thread/INFO]: Stehsaer fell out of the world
[12:42:06] [Server thread/INFO]: [Stehsaer: Killed Stehsaer]
[12:42:41] [Server thread/INFO]: Stehsaer issued server command: /seed
[12:42:59] [Server thread/INFO]: Stehsaer lost connection: Disconnected
[12:42:59] [Server thread/INFO]: Stehsaer left the game
[12:44:36] [User Authenticator #2/INFO]: UUID of player Stehsaer is 4ee78221-99b3-33bb-8da3-72c49ff039eb
[12:44:36] [Server thread/INFO]: Stehsaer[/192.168.100.27:51456] logged in with entity id 3128 at ([3-player Survival]-114.97558894137914, 62.9375, -651.2026710799388)
[12:44:47] [Server thread/INFO]: Stehsaer lost connection: Disconnected
[12:44:47] [Server thread/INFO]: Stehsaer left the game
[12:48:16] [User Authenticator #3/INFO]: UUID of player Stehsaer is 4ee78221-99b3-33bb-8da3-72c49ff039eb
[12:48:16] [Server thread/INFO]: Stehsaer[/192.168.100.27:52081] logged in with entity id 3157 at ([3-player Survival]-113.03955242292653, 62.9375, -651.1539888779605)
[12:59:24] [Server thread/INFO]: Stehsaer lost connection: Disconnected
[12:59:24] [Server thread/INFO]: Stehsaer left the game
[13:07:03] [User Authenticator #4/INFO]: UUID of player Stehsaer is 4ee78221-99b3-33bb-8da3-72c49ff039eb
[13:07:04] [Server thread/INFO]: Stehsaer[/192.168.100.27:52470] logged in with entity id 4046 at ([3-player Survival]-105.08908265334487, 50.0, -629.5420592598831)
[13:09:31] [Server thread/INFO]: Stehsaer lost connection: Disconnected
[13:09:31] [Server thread/INFO]: Stehsaer left the game
[13:10:39] [User Authenticator #5/INFO]: UUID of player Stehsaer is 4ee78221-99b3-33bb-8da3-72c49ff039eb
[13:10:39] [Server thread/INFO]: Stehsaer[/192.168.100.27:52490] logged in with entity id 4221 at ([3-player Survival]-105.08908265334487, 50.0, -629.5420592598831)
[13:12:29] [Server thread/INFO]: Stehsaer lost connection: Disconnected
[13:12:29] [Server thread/INFO]: Stehsaer left the game
[14:10:25] [Server thread/WARN]: Can't keep up! Is the server overloaded? Running 5017ms or 100 ticks behind
[14:11:19] [User Authenticator #6/INFO]: UUID of player cwXiaoYu is baf8c5c5-45db-3353-b7b9-1fab32f4b0da
[14:11:19] [Server thread/INFO]: cwXiaoYu[/127.0.0.1:53040] logged in with entity id 4359 at ([3-player Survival]-154.0232301824789, 62.0, -744.7703738761567)
[14:13:36] [User Authenticator #7/INFO]: UUID of player Stehsaer is 4ee78221-99b3-33bb-8da3-72c49ff039eb
[14:13:37] [Server thread/INFO]: Stehsaer[/192.168.100.27:53062] logged in with entity id 4652 at ([3-player Survival]-112.03347663894368, 62.9375, -633.5131892817138)
[14:14:42] [Async Chat Thread - #0/INFO]: <Stehsaer> come and look at my diyu jiaotong
[14:15:19] [Server thread/INFO]: cwXiaoYu has made the advancement [We Need to Go Deeper]
[14:17:53] [Async Chat Thread - #1/INFO]: <Stehsaer> nice
[14:18:04] [Async Chat Thread - #1/INFO]: <Stehsaer> dont kill them
[14:18:36] [Async Chat Thread - #1/INFO]: <Stehsaer> 精准采集放家里了
[14:18:58] [Async Chat Thread - #1/INFO]: <cwXiaoYu> home
[14:22:04] [Async Chat Thread - #2/INFO]: <cwXiaoYu> i have to pee
[14:22:07] [Async Chat Thread - #2/INFO]: <Stehsaer> ok
[14:22:18] [Async Chat Thread - #2/INFO]: <Stehsaer> 等一下我给你看看这个精准采集的稿子
[14:23:48] [Async Chat Thread - #3/INFO]: <Stehsaer> here
[14:24:42] [Async Chat Thread - #3/INFO]: <Stehsaer> qu wa kuang
[14:24:54] [Async Chat Thread - #3/INFO]: <Stehsaer> come here
[14:24:57] [Async Chat Thread - #3/INFO]: <Stehsaer> here is the kuang keng
[14:26:12] [User Authenticator #8/INFO]: UUID of player PdAlphabet is f9f73a24-4e1a-36fa-ac74-a2f80f2cb457
[14:26:13] [Server thread/INFO]: PdAlphabet[/127.0.0.1:53102] logged in with entity id 6238 at ([3-player Survival]-128.07499998807907, 69.0, -627.4244736558228)
[14:26:17] [Async Chat Thread - #4/INFO]: <Stehsaer> !!!
[14:26:49] [Async Chat Thread - #4/INFO]: <cwXiaoYu> wait
[14:27:04] [Async Chat Thread - #4/INFO]: <cwXiaoYu> ni xian wa kuang
[14:28:30] [Async Chat Thread - #5/INFO]: <PdAlphabet> Well, I have something important to do. After that, I am going to show off my cape.
[14:28:32] [Server thread/INFO]: PdAlphabet lost connection: Disconnected
[14:28:32] [Server thread/INFO]: PdAlphabet left the game
[14:28:36] [Async Chat Thread - #5/INFO]: <Stehsaer> ok
[14:32:22] [Async Chat Thread - #6/INFO]: <cwXiaoYu> my bag have no place
[14:32:32] [Async Chat Thread - #6/INFO]: <Stehsaer> give me some
[14:33:58] [Async Chat Thread - #7/INFO]: <cwXiaoYu> many red stone
[14:35:10] [Async Chat Thread - #8/INFO]: <Stehsaer> 我们有强大的后勤系统blyat
[14:35:17] [Async Chat Thread - #8/INFO]: <cwXiaoYu> i have to quit
[14:35:20] [Async Chat Thread - #8/INFO]: <Stehsaer> ok
[14:35:28] [Async Chat Thread - #8/INFO]: <Stehsaer> when can you come back
[14:35:50] [Async Chat Thread - #8/INFO]: <cwXiaoYu> i dont know
[14:35:53] [Server thread/INFO]: cwXiaoYu lost connection: Disconnected
[14:35:53] [Server thread/INFO]: cwXiaoYu left the game
[14:37:57] [Server thread/INFO]: Stehsaer issued server command: /locate Mineshaft
[15:44:15] [Server thread/INFO]: Stehsaer lost connection: Disconnected
[15:44:15] [Server thread/INFO]: Stehsaer left the game
[15:55:07] [User Authenticator #9/INFO]: UUID of player Stehsaer is 4ee78221-99b3-33bb-8da3-72c49ff039eb
[15:55:07] [Server thread/INFO]: Stehsaer[/192.168.100.27:53552] logged in with entity id 13209 at ([3-player Survival]-99.7087942365808, 63.0, -629.4732662227698)
[15:58:05] [Server thread/INFO]: Stehsaer lost connection: Disconnected
[15:58:05] [Server thread/INFO]: Stehsaer left the game
[15:58:06] [User Authenticator #10/INFO]: UUID of player Stehsaer is 4ee78221-99b3-33bb-8da3-72c49ff039eb
[15:58:06] [Server thread/INFO]: Stehsaer[/192.168.100.27:53563] logged in with entity id 13426 at ([3-player Survival]-117.57871901814804, 63.0, -636.2096463433402)
[16:08:03] [Server thread/INFO]: Stehsaer lost connection: Disconnected
[16:08:03] [Server thread/INFO]: Stehsaer left the game
[16:08:30] [User Authenticator #11/INFO]: UUID of player Stehsaer is 4ee78221-99b3-33bb-8da3-72c49ff039eb
[16:08:31] [Server thread/INFO]: Stehsaer[/192.168.100.27:53676] logged in with entity id 14284 at ([3-player Survival]-136.61529483066408, 72.0, -656.3215087280379)
[16:09:25] [Server thread/INFO]: Stehsaer issued server command: /save-all
[16:09:26] [Server thread/INFO]: [Stehsaer: Saved the game]
[16:13:47] [Server thread/INFO]: Stehsaer lost connection: Disconnected
[16:13:47] [Server thread/INFO]: Stehsaer left the game
[16:40:02] [User Authenticator #12/INFO]: UUID of player Stehsaer is 4ee78221-99b3-33bb-8da3-72c49ff039eb
[16:40:03] [Server thread/INFO]: Stehsaer[/192.168.100.27:54745] logged in with entity id 14731 at ([3-player Survival]-112.34968039167526, 62.9375, -649.2150344518984)
[16:46:43] [Server thread/INFO]: Stehsaer lost connection: Disconnected
[16:46:43] [Server thread/INFO]: Stehsaer left the game
[16:47:03] [Server thread/INFO]: Saving the game (this may take a moment!)
[16:47:04] [Server thread/INFO]: Saved the game
[16:47:11] [Server thread/INFO]: Stopping the server
[16:47:12] [Server thread/INFO]: Stopping server
[16:47:12] [Server thread/INFO]: [SpigotPing] Disabling SpigotPing v2.5
[16:47:12] [Server thread/INFO]: [SpigotPing] Cancelling tasks...
[16:47:12] [Server thread/INFO]: Saving players
[16:47:12] [Server thread/INFO]: Saving worlds
[16:47:12] [Server thread/INFO]: Saving chunks for level '3-player Survival'/minecraft:overworld
[16:47:12] [Server thread/INFO]: ThreadedAnvilChunkStorage (3-player Survival): All chunks are saved
[16:47:12] [Server thread/INFO]: Saving chunks for level '3-player Survival_nether'/minecraft:the_nether
[16:47:12] [Server thread/INFO]: ThreadedAnvilChunkStorage (DIM-1): All chunks are saved
[16:47:12] [Server thread/INFO]: Saving chunks for level '3-player Survival_the_end'/minecraft:the_end
[16:47:12] [Server thread/INFO]: ThreadedAnvilChunkStorage (DIM1): All chunks are saved
[16:47:12] [Server thread/INFO]: ThreadedAnvilChunkStorage (3-player Survival): All chunks are saved
[16:47:13] [Server thread/INFO]: ThreadedAnvilChunkStorage (DIM-1): All chunks are saved
[16:47:14] [Server thread/INFO]: ThreadedAnvilChunkStorage (DIM1): All chunks are saved
