[11:53:32] [Server thread/INFO]: Loading properties
[11:53:33] [Server thread/INFO]: This server is running Paper version git-Paper-98 (MC: 1.15.2) (Implementing API version 1.15.2-R0.1-SNAPSHOT)
[11:53:34] [Server thread/INFO]: Debug logging is disabled
[11:53:34] [Server thread/INFO]: Server Ping Player Sample Count: 12
[11:53:34] [Server thread/INFO]: Using 4 threads for Netty based IO
[11:53:34] [Server thread/INFO]: Default game type: SURVIVAL
[11:53:34] [Server thread/INFO]: Generating keypair
[11:53:34] [Server thread/INFO]: Starting Minecraft server on *:25565
[11:53:34] [Server thread/INFO]: Using default channel type
[11:53:40] [Server thread/WARN]: Initializing Legacy Material Support. Unless you have legacy plugins and/or data this is a bug!
[11:53:50] [Server thread/WARN]: Legacy plugin SpigotPing v2.5 does not specify an api-version.
[11:53:50] [Server thread/INFO]: [SpigotPing] Loading SpigotPing v2.5
[11:53:50] [Server thread/INFO]: Server permissions file permissions.yml is empty, ignoring it
[11:53:50] [Server thread/WARN]: **** SERVER IS RUNNING IN OFFLINE/INSECURE MODE!
[11:53:50] [Server thread/WARN]: The server will make no attempt to authenticate usernames. Beware.
[11:53:50] [Server thread/WARN]: While this makes the game possible to play without internet access, it also opens up the ability for hackers to connect with any username they choose.
[11:53:50] [Server thread/WARN]: To change this, set "online-mode" to "true" in the server.properties file.
[11:53:50] [Server thread/INFO]: Preparing level "3-player Survival"
[11:53:51] [Server thread/INFO]: Reloading ResourceManager: Default, bukkit
[11:53:56] [Server thread/INFO]: Loaded 6 recipes
[11:53:57] [Server thread/INFO]: -------- World Settings For [3-player Survival] --------
[11:53:57] [Server thread/INFO]: View Distance: 6
[11:53:57] [Server thread/INFO]: Nerfing mobs spawned from spawners: false
[11:53:57] [Server thread/INFO]: Allow Zombie Pigmen to spawn from portal blocks: true
[11:53:57] [Server thread/INFO]: Arrow Despawn Rate: 1200 Trident Respawn Rate:1200
[11:53:57] [Server thread/INFO]: Item Merge Radius: 2.5
[11:53:57] [Server thread/INFO]: Item Despawn Rate: 6000
[11:53:57] [Server thread/INFO]: Zombie Aggressive Towards Villager: true
[11:53:57] [Server thread/INFO]: Experience Merge Radius: 3.0
[11:53:57] [Server thread/INFO]: Mob Spawn Range: 8
[11:53:57] [Server thread/INFO]: Entity Tracking Range: Pl 48 / An 48 / Mo 48 / Mi 32 / Other 64
[11:53:57] [Server thread/INFO]: Hopper Transfer: 8 Hopper Check: 1 Hopper Amount: 1
[11:53:57] [Server thread/INFO]: Cactus Growth Modifier: 100%
[11:53:57] [Server thread/INFO]: Cane Growth Modifier: 100%
[11:53:57] [Server thread/INFO]: Melon Growth Modifier: 100%
[11:53:57] [Server thread/INFO]: Mushroom Growth Modifier: 100%
[11:53:57] [Server thread/INFO]: Pumpkin Growth Modifier: 100%
[11:53:57] [Server thread/INFO]: Sapling Growth Modifier: 100%
[11:53:57] [Server thread/INFO]: Beetroot Growth Modifier: 100%
[11:53:57] [Server thread/INFO]: Carrot Growth Modifier: 100%
[11:53:57] [Server thread/INFO]: Potato Growth Modifier: 100%
[11:53:57] [Server thread/INFO]: Wheat Growth Modifier: 100%
[11:53:57] [Server thread/INFO]: NetherWart Growth Modifier: 100%
[11:53:57] [Server thread/INFO]: Vine Growth Modifier: 100%
[11:53:57] [Server thread/INFO]: Cocoa Growth Modifier: 100%
[11:53:57] [Server thread/INFO]: Bamboo Growth Modifier: 100%
[11:53:57] [Server thread/INFO]: SweetBerry Growth Modifier: 100%
[11:53:57] [Server thread/INFO]: Kelp Growth Modifier: 100%
[11:53:57] [Server thread/INFO]: Entity Activation Range: An 32 / Mo 32 / Ra 48 / Mi 16 / Tiv true
[11:53:57] [Server thread/INFO]: Custom Map Seeds:  Village: 10387312 Desert: 14357617 Igloo: 14357618 Jungle: 14357619 Swamp: 14357620 Monument: 10387313 Ocean: 14357621 Shipwreck: 165745295 Slime: 987234911
[11:53:57] [Server thread/INFO]: Max TNT Explosions: 100
[11:53:57] [Server thread/INFO]: Tile Max Tick Time: 50ms Entity max Tick Time: 50ms
[11:53:58] [Server thread/INFO]: -------- World Settings For [3-player Survival_nether] --------
[11:53:58] [Server thread/INFO]: View Distance: 6
[11:53:58] [Server thread/INFO]: Nerfing mobs spawned from spawners: false
[11:53:58] [Server thread/INFO]: Allow Zombie Pigmen to spawn from portal blocks: true
[11:53:58] [Server thread/INFO]: Arrow Despawn Rate: 1200 Trident Respawn Rate:1200
[11:53:58] [Server thread/INFO]: Item Merge Radius: 2.5
[11:53:58] [Server thread/INFO]: Item Despawn Rate: 6000
[11:53:58] [Server thread/INFO]: Zombie Aggressive Towards Villager: true
[11:53:58] [Server thread/INFO]: Experience Merge Radius: 3.0
[11:53:58] [Server thread/INFO]: Mob Spawn Range: 8
[11:53:58] [Server thread/INFO]: Entity Tracking Range: Pl 48 / An 48 / Mo 48 / Mi 32 / Other 64
[11:53:58] [Server thread/INFO]: Hopper Transfer: 8 Hopper Check: 1 Hopper Amount: 1
[11:53:58] [Server thread/INFO]: Cactus Growth Modifier: 100%
[11:53:58] [Server thread/INFO]: Cane Growth Modifier: 100%
[11:53:58] [Server thread/INFO]: Melon Growth Modifier: 100%
[11:53:58] [Server thread/INFO]: Mushroom Growth Modifier: 100%
[11:53:58] [Server thread/INFO]: Pumpkin Growth Modifier: 100%
[11:53:58] [Server thread/INFO]: Sapling Growth Modifier: 100%
[11:53:58] [Server thread/INFO]: Beetroot Growth Modifier: 100%
[11:53:58] [Server thread/INFO]: Carrot Growth Modifier: 100%
[11:53:58] [Server thread/INFO]: Potato Growth Modifier: 100%
[11:53:58] [Server thread/INFO]: Wheat Growth Modifier: 100%
[11:53:58] [Server thread/INFO]: NetherWart Growth Modifier: 100%
[11:53:58] [Server thread/INFO]: Vine Growth Modifier: 100%
[11:53:58] [Server thread/INFO]: Cocoa Growth Modifier: 100%
[11:53:58] [Server thread/INFO]: Bamboo Growth Modifier: 100%
[11:53:58] [Server thread/INFO]: SweetBerry Growth Modifier: 100%
[11:53:58] [Server thread/INFO]: Kelp Growth Modifier: 100%
[11:53:58] [Server thread/INFO]: Entity Activation Range: An 32 / Mo 32 / Ra 48 / Mi 16 / Tiv true
[11:53:58] [Server thread/INFO]: Custom Map Seeds:  Village: 10387312 Desert: 14357617 Igloo: 14357618 Jungle: 14357619 Swamp: 14357620 Monument: 10387313 Ocean: 14357621 Shipwreck: 165745295 Slime: 987234911
[11:53:58] [Server thread/INFO]: Max TNT Explosions: 100
[11:53:58] [Server thread/INFO]: Tile Max Tick Time: 50ms Entity max Tick Time: 50ms
[11:53:58] [Server thread/INFO]: -------- World Settings For [3-player Survival_the_end] --------
[11:53:58] [Server thread/INFO]: View Distance: 6
[11:53:58] [Server thread/INFO]: Nerfing mobs spawned from spawners: false
[11:53:58] [Server thread/INFO]: Allow Zombie Pigmen to spawn from portal blocks: true
[11:53:58] [Server thread/INFO]: Arrow Despawn Rate: 1200 Trident Respawn Rate:1200
[11:53:58] [Server thread/INFO]: Item Merge Radius: 2.5
[11:53:58] [Server thread/INFO]: Item Despawn Rate: 6000
[11:53:58] [Server thread/INFO]: Zombie Aggressive Towards Villager: true
[11:53:58] [Server thread/INFO]: Experience Merge Radius: 3.0
[11:53:58] [Server thread/INFO]: Mob Spawn Range: 8
[11:53:58] [Server thread/INFO]: Entity Tracking Range: Pl 48 / An 48 / Mo 48 / Mi 32 / Other 64
[11:53:58] [Server thread/INFO]: Hopper Transfer: 8 Hopper Check: 1 Hopper Amount: 1
[11:53:58] [Server thread/INFO]: Cactus Growth Modifier: 100%
[11:53:58] [Server thread/INFO]: Cane Growth Modifier: 100%
[11:53:58] [Server thread/INFO]: Melon Growth Modifier: 100%
[11:53:58] [Server thread/INFO]: Mushroom Growth Modifier: 100%
[11:53:58] [Server thread/INFO]: Pumpkin Growth Modifier: 100%
[11:53:58] [Server thread/INFO]: Sapling Growth Modifier: 100%
[11:53:58] [Server thread/INFO]: Beetroot Growth Modifier: 100%
[11:53:58] [Server thread/INFO]: Carrot Growth Modifier: 100%
[11:53:58] [Server thread/INFO]: Potato Growth Modifier: 100%
[11:53:58] [Server thread/INFO]: Wheat Growth Modifier: 100%
[11:53:58] [Server thread/INFO]: NetherWart Growth Modifier: 100%
[11:53:58] [Server thread/INFO]: Vine Growth Modifier: 100%
[11:53:58] [Server thread/INFO]: Cocoa Growth Modifier: 100%
[11:53:58] [Server thread/INFO]: Bamboo Growth Modifier: 100%
[11:53:58] [Server thread/INFO]: SweetBerry Growth Modifier: 100%
[11:53:58] [Server thread/INFO]: Kelp Growth Modifier: 100%
[11:53:58] [Server thread/INFO]: Entity Activation Range: An 32 / Mo 32 / Ra 48 / Mi 16 / Tiv true
[11:53:58] [Server thread/INFO]: Custom Map Seeds:  Village: 10387312 Desert: 14357617 Igloo: 14357618 Jungle: 14357619 Swamp: 14357620 Monument: 10387313 Ocean: 14357621 Shipwreck: 165745295 Slime: 987234911
[11:53:58] [Server thread/INFO]: Max TNT Explosions: 100
[11:53:58] [Server thread/INFO]: Tile Max Tick Time: 50ms Entity max Tick Time: 50ms
[11:53:58] [Server thread/INFO]: Preparing start region for dimension '3-player Survival'/minecraft:overworld
[11:54:01] [Server thread/INFO]: Preparing spawn area: 0%
[11:54:01] [Server thread/INFO]: Preparing spawn area: 0%
[11:54:01] [Server thread/INFO]: Preparing spawn area: 0%
[11:54:01] [Server thread/INFO]: Preparing spawn area: 0%
[11:54:01] [Server thread/INFO]: Preparing spawn area: 0%
[11:54:01] [Server thread/INFO]: Preparing spawn area: 0%
[11:54:01] [Server thread/INFO]: Preparing spawn area: 0%
[11:54:02] [Server thread/INFO]: Preparing spawn area: 0%
[11:54:02] [Server thread/INFO]: Preparing spawn area: 1%
[11:54:03] [Server thread/INFO]: Preparing spawn area: 9%
[11:54:03] [Server thread/INFO]: Preparing spawn area: 22%
[11:54:04] [Server thread/INFO]: Preparing spawn area: 55%
[11:54:04] [Server thread/INFO]: Preparing spawn area: 84%
[11:54:05] [Server thread/INFO]: Preparing spawn area: 92%
[11:54:05] [Server thread/INFO]: Preparing spawn area: 100%
[11:54:06] [Server thread/INFO]: Preparing spawn area: 100%
[11:54:06] [Server thread/INFO]: Loaded 169 spawn chunks for world 3-player Survival
[11:54:06] [Server thread/INFO]: Time elapsed: 7724 ms
[11:54:06] [Server thread/INFO]: Preparing start region for dimension '3-player Survival_nether'/minecraft:the_nether
[11:54:06] [Server thread/INFO]: Preparing spawn area: 0%
[11:54:06] [Server thread/INFO]: Preparing spawn area: 13%
[11:54:07] [Server thread/INFO]: Preparing spawn area: 83%
[11:54:07] [Server-Worker-1/INFO]: Preparing spawn area: 100%
[11:54:08] [Server thread/INFO]: Preparing spawn area: 100%
[11:54:08] [Server-Worker-2/INFO]: Preparing spawn area: 100%
[11:54:09] [Server-Worker-2/INFO]: Preparing spawn area: 100%
[11:54:09] [Server-Worker-1/INFO]: Preparing spawn area: 100%
[11:54:10] [Server-Worker-2/INFO]: Preparing spawn area: 100%
[11:54:10] [Server-Worker-1/INFO]: Preparing spawn area: 100%
[11:54:11] [Server thread/INFO]: Loaded 169 spawn chunks for world 3-player Survival_nether
[11:54:11] [Server thread/INFO]: Time elapsed: 4776 ms
[11:54:11] [Server thread/INFO]: Preparing start region for dimension '3-player Survival_the_end'/minecraft:the_end
[11:54:11] [Server thread/INFO]: Preparing spawn area: 0%
[11:54:11] [Server-Worker-2/INFO]: Preparing spawn area: 100%
[11:54:12] [Server-Worker-2/INFO]: Preparing spawn area: 100%
[11:54:12] [Server thread/INFO]: Loaded 169 spawn chunks for world 3-player Survival_the_end
[11:54:12] [Server thread/INFO]: Time elapsed: 1240 ms
[11:54:12] [Server thread/INFO]: [SpigotPing] Enabling SpigotPing v2.5*
[11:54:12] [Server thread/INFO]: [SpigotPing] TabList is enabled, task added with a delay of 5 second/s.
[11:54:12] [Server thread/INFO]: Done (21.921s)! For help, type "help"
[11:54:12] [Server thread/INFO]: Timings Reset
[11:56:01] [User Authenticator #1/INFO]: UUID of player Stehsaer is 4ee78221-99b3-33bb-8da3-72c49ff039eb
[11:56:02] [Server thread/INFO]: Stehsaer lost connection: Disconnected
[11:56:02] [Server thread/INFO]: Stehsaer left the game
[11:56:20] [User Authenticator #1/INFO]: UUID of player Stehsaer is 4ee78221-99b3-33bb-8da3-72c49ff039eb
[11:56:21] [Server thread/INFO]: Stehsaer[/192.168.100.27:59312] logged in with entity id 171 at ([3-player Survival]-106.18264024443535, 63.0, -630.9436816165895)
[11:56:32] [Server thread/WARN]: Can't keep up! Is the server overloaded? Running 5034ms or 100 ticks behind
[11:57:16] [Server thread/INFO]: Stehsaer issued server command: /locate Pillager_Outpost
[12:15:03] [Server thread/INFO]: Stehsaer lost connection: Disconnected
[12:15:03] [Server thread/INFO]: Stehsaer left the game
[12:15:16] [User Authenticator #2/INFO]: UUID of player Stehsaer is 4ee78221-99b3-33bb-8da3-72c49ff039eb
[12:15:17] [Server thread/INFO]: Stehsaer[/192.168.100.27:50446] logged in with entity id 2243 at ([3-player Survival]-107.0835562987503, 58.0, -626.5632076744416)
[12:30:05] [Server thread/INFO]: Stehsaer has made the advancement [Ol' Betsy]
[12:32:32] [Server thread/INFO]: Stehsaer lost connection: Disconnected
[12:32:32] [Server thread/INFO]: Stehsaer left the game
[12:33:29] [User Authenticator #3/INFO]: UUID of player Stehsaer is 4ee78221-99b3-33bb-8da3-72c49ff039eb
[12:33:30] [Server thread/INFO]: Stehsaer[/192.168.100.27:50560] logged in with entity id 3384 at ([3-player Survival]-104.30000001192093, 50.0, -632.3149197448595)
[12:39:09] [Server thread/INFO]: Stehsaer lost connection: Disconnected
[12:39:09] [Server thread/INFO]: Stehsaer left the game
[13:07:41] [User Authenticator #4/INFO]: UUID of player Stehsaer is 4ee78221-99b3-33bb-8da3-72c49ff039eb
[13:07:41] [Server thread/INFO]: Stehsaer[/192.168.100.27:50731] logged in with entity id 3860 at ([3-player Survival]-107.58012960074049, 50.0, -633.0602372448543)
[13:10:40] [User Authenticator #5/INFO]: UUID of player WANGYU20200214 is 4b5eda16-1e2a-35e4-8310-43dedfa9874c
[13:10:40] [Server thread/INFO]: WANGYU20200214[/127.0.0.1:50742] logged in with entity id 4090 at ([3-player Survival]-105.30000001192093, 50.0, -633.905145562755)
[13:14:32] [Server thread/INFO]: Stehsaer lost connection: Disconnected
[13:14:32] [Server thread/INFO]: Stehsaer left the game
[13:14:38] [User Authenticator #6/INFO]: UUID of player Stehsaer is 4ee78221-99b3-33bb-8da3-72c49ff039eb
[13:14:39] [Server thread/INFO]: Stehsaer[/127.0.0.1:50767] logged in with entity id 4365 at ([3-player Survival]-106.51421727278108, 50.0, -634.0627703086791)
[13:15:08] [Server thread/INFO]: Stehsaer lost connection: Disconnected
[13:15:08] [Server thread/INFO]: Stehsaer left the game
[13:15:09] [User Authenticator #6/INFO]: UUID of player Stehsaer is 4ee78221-99b3-33bb-8da3-72c49ff039eb
[13:15:09] [Server thread/INFO]: Stehsaer[/192.168.100.27:50771] logged in with entity id 4414 at ([3-player Survival]-102.58475695013159, 50.0, -631.965897944877)
[13:21:58] [Server thread/INFO]: Villager EntityVillager['Villager'/160, uuid='e3e4adbe-4528-4470-b323-b1a8c3ec11c8', l='3-player Survival', x=-140.22, y=71.00, z=-772.58, cx=-9, cz=-49, tl=21368, v=true, d=false] died, message: 'Villager was slain by Zombie'
[13:31:20] [Server thread/INFO]: WANGYU20200214 lost connection: Disconnected
[13:31:20] [Server thread/INFO]: WANGYU20200214 left the game
[13:36:15] [Server thread/INFO]: Stehsaer lost connection: Disconnected
[13:36:16] [Server thread/INFO]: Stehsaer left the game
[13:37:56] [User Authenticator #7/INFO]: UUID of player Stehsaer is 4ee78221-99b3-33bb-8da3-72c49ff039eb
[13:37:56] [Server thread/INFO]: Stehsaer[/192.168.100.27:50896] logged in with entity id 6453 at ([3-player Survival]-81.77494353609852, 47.0, -705.6278056990086)
[13:46:55] [Server thread/INFO]: Stehsaer lost connection: Disconnected
[13:46:55] [Server thread/INFO]: Stehsaer left the game
[14:04:52] [User Authenticator #8/INFO]: UUID of player Stehsaer is 4ee78221-99b3-33bb-8da3-72c49ff039eb
[14:04:52] [Server thread/INFO]: Stehsaer[/192.168.100.27:53756] logged in with entity id 7214 at ([3-player Survival]-106.52760996737923, 63.0, -630.7221040704512)
[14:24:16] [User Authenticator #9/INFO]: UUID of player WANGYU20200214 is 4b5eda16-1e2a-35e4-8310-43dedfa9874c
[14:24:17] [Server thread/INFO]: WANGYU20200214[/127.0.0.1:53864] logged in with entity id 9010 at ([3-player Survival]-111.88507651478719, 62.9375, -631.5982899519756)
[14:34:33] [Server thread/INFO]: WANGYU20200214 was shot by Pillager
[14:35:16] [Server thread/INFO]: Stehsaer issued server command: /tp WANGYU20200214 s
[14:35:23] [Server thread/INFO]: Stehsaer issued server command: /tp WANGYU20200214 Stehsaer
[14:35:23] [Server thread/INFO]: [Stehsaer: Teleported WANGYU20200214 to Stehsaer]
[14:46:11] [Server thread/INFO]: Stehsaer issued server command: /locate Pillager_Outpost
[14:46:20] [Async Chat Thread - #0/INFO]: <Stehsaer> -864 -1008
[14:46:57] [Async Chat Thread - #0/INFO]: <Stehsaer> -167 50 -655
[14:47:19] [Async Chat Thread - #0/INFO]: <Stehsaer> -16 49 -85
[14:49:10] [Async Chat Thread - #1/INFO]: <Stehsaer> -103 -129
[14:54:21] [Server thread/INFO]: Stehsaer has made the advancement [Fishy Business]
[14:54:36] [Server thread/INFO]: WANGYU20200214 lost connection: Disconnected
[14:54:36] [Server thread/INFO]: WANGYU20200214 left the game
[15:00:02] [Server thread/INFO]: Stehsaer lost connection: Disconnected
[15:00:02] [Server thread/INFO]: Stehsaer left the game
[15:01:10] [User Authenticator #10/INFO]: UUID of player Stehsaer is 4ee78221-99b3-33bb-8da3-72c49ff039eb
[15:01:11] [Server thread/INFO]: Stehsaer[/192.168.100.27:54081] logged in with entity id 14496 at ([3-player Survival]-129.52400298710995, 69.0, -653.8753563178357)
[15:19:37] [Server thread/INFO]: Stehsaer lost connection: Disconnected
[15:19:37] [Server thread/INFO]: Stehsaer left the game
[15:19:50] [Server thread/INFO]: Saving the game (this may take a moment!)
[15:19:50] [Server thread/INFO]: Saved the game
[15:19:52] [Server thread/INFO]: Stopping the server
[15:19:52] [Server thread/INFO]: Stopping server
[15:19:52] [Server thread/INFO]: [SpigotPing] Disabling SpigotPing v2.5
[15:19:52] [Server thread/INFO]: [SpigotPing] Cancelling tasks...
[15:19:52] [Server thread/INFO]: Saving players
[15:19:52] [Server thread/INFO]: Saving worlds
[15:19:52] [Server thread/INFO]: Saving chunks for level '3-player Survival'/minecraft:overworld
[15:19:52] [Server thread/INFO]: ThreadedAnvilChunkStorage (3-player Survival): All chunks are saved
[15:19:52] [Server thread/INFO]: Saving chunks for level '3-player Survival_nether'/minecraft:the_nether
[15:19:52] [Server thread/INFO]: ThreadedAnvilChunkStorage (DIM-1): All chunks are saved
[15:19:52] [Server thread/INFO]: Saving chunks for level '3-player Survival_the_end'/minecraft:the_end
[15:19:52] [Server thread/INFO]: ThreadedAnvilChunkStorage (DIM1): All chunks are saved
[15:19:52] [Server thread/INFO]: ThreadedAnvilChunkStorage (3-player Survival): All chunks are saved
[15:19:53] [Server thread/INFO]: ThreadedAnvilChunkStorage (DIM-1): All chunks are saved
[15:19:54] [Server thread/INFO]: ThreadedAnvilChunkStorage (DIM1): All chunks are saved
